#
# A fatal error has been detected by the Java Runtime Environment:
#
#  EXCEPTION_ACCESS_VIOLATION (0xc0000005) at pc=0x00007fff84b6f8b6, pid=13136, tid=9252
#
# JRE version: Java(TM) SE Runtime Environment 18.9 (11.0.7+8) (build 11.0.7+8-LTS)
# Java VM: Java HotSpot(TM) 64-Bit Server VM 18.9 (11.0.7+8-LTS, mixed mode, tiered, compressed oops, g1 gc, windows-amd64)
# Problematic frame:
# C  [msvcrt.dll+0x4f8b6]
#
# No core dump will be written. Minidumps are not enabled by default on client versions of Windows
#
# If you would like to submit a bug report, please visit:
#   https://bugreport.java.com/bugreport/crash.jsp
# The crash happened outside the Java Virtual Machine in native code.
# See problematic frame for where to report the bug.
#

---------------  S U M M A R Y ------------

Command Line: -Dcom.aparapi.enableShowGeneratedOpenCL=true -Dfile.encoding=Cp1252 main.main

Host: Intel(R) Core(TM) i5-7200U CPU @ 2.50GHz, 4 cores, 15G,  Windows 10 , 64 bit Build 19041 (10.0.19041.1806)
Time: Sat Jul 23 11:32:54 2022 W. Europe Summer Time elapsed time: 3 seconds (0d 0h 0m 3s)

---------------  T H R E A D  ---------------

Current thread (0x0000019463c0a800):  JavaThread "Thread-0" [_thread_in_native, id=9252, stack(0x0000006c6c700000,0x0000006c6c800000)]

Stack: [0x0000006c6c700000,0x0000006c6c800000],  sp=0x0000006c6c7fe6f0,  free space=1017k
Native frames: (J=compiled Java code, j=interpreted, Vv=VM code, C=native code)
C  [msvcrt.dll+0x4f8b6]
C  [msvcrt.dll+0x475cb]
C  [libaparapi.dll+0x7cf9]

Java frames: (J=compiled Java code, j=interpreted, Vv=VM code)
j  com.aparapi.internal.jni.KernelRunnerJNI.runKernelJNI(JLcom/aparapi/Range;ZILjava/nio/ByteBuffer;Ljava/nio/ByteBuffer;)I+0
j  com.aparapi.internal.kernel.KernelRunner.executeOpenCL(Lcom/aparapi/device/Device;Lcom/aparapi/internal/kernel/KernelRunner$ExecutionSettings;)Lcom/aparapi/Kernel;+96
j  com.aparapi.internal.kernel.KernelRunner.executeInternalInner(Lcom/aparapi/internal/kernel/KernelRunner$ExecutionSettings;Lcom/aparapi/device/Device;Z)Lcom/aparapi/Kernel;+3592
j  com.aparapi.internal.kernel.KernelRunner.executeInternalOuter(Lcom/aparapi/internal/kernel/KernelRunner$ExecutionSettings;)Lcom/aparapi/Kernel;+4
j  com.aparapi.internal.kernel.KernelRunner.execute(Ljava/lang/String;Lcom/aparapi/Range;I)Lcom/aparapi/Kernel;+78
j  com.aparapi.Kernel.execute(Ljava/lang/String;Lcom/aparapi/Range;I)Lcom/aparapi/Kernel;+7
j  com.aparapi.Kernel.execute(Lcom/aparapi/Range;I)Lcom/aparapi/Kernel;+5
j  com.aparapi.Kernel.execute(Lcom/aparapi/Range;)Lcom/aparapi/Kernel;+3
j  kernel.FractalKernel.executeAll()V+126
j  fractal.FractalFrame.calculateAll()V+4
j  gui.FractalNavigator$MyThreadPool$MyThread.workAndUpdate(Lfractal/FractalFrame;)V+1
j  gui.FractalNavigator$MyThreadPool$MyThread.run()V+5
v  ~StubRoutines::call_stub

siginfo: EXCEPTION_ACCESS_VIOLATION (0xc0000005), reading address 0x0000000000000001


Register to memory mapping:

RIP=0x00007fff84b6f8b6 msvcrt.dll
RAX=0x0000000000000001 is an unknown value
RBX=0x0000000000000001 is an unknown value
RCX=0x000000007ffffffe is an unknown value
RDX=0x0000000000000073 is an unknown value
RSP=0x0000006c6c7fe6f0 is pointing into the stack for thread: 0x0000019463c0a800
RBP=0x0000006c6c7fe7f0 is pointing into the stack for thread: 0x0000019463c0a800
RSI=0x000000006451f1b7 libaparapi.dll
RDI=0x0000000000000073 is an unknown value
R8 =0xffffffffffffffff is an unknown value
R9 =0x0000000000000007 is an unknown value
R10=0x0 is NULL
R11=0x0000000000000200 is an unknown value
R12=0x00000000ffffffff is an unknown value
R13=0x0000006c6c7fea70 is pointing into the stack for thread: 0x0000019463c0a800
R14=0x0000000000000061 is an unknown value
R15=0x0 is NULL


Registers:
RAX=0x0000000000000001, RBX=0x0000000000000001, RCX=0x000000007ffffffe, RDX=0x0000000000000073
RSP=0x0000006c6c7fe6f0, RBP=0x0000006c6c7fe7f0, RSI=0x000000006451f1b7, RDI=0x0000000000000073
R8 =0xffffffffffffffff, R9 =0x0000000000000007, R10=0x0000000000000000, R11=0x0000000000000200
R12=0x00000000ffffffff, R13=0x0000006c6c7fea70, R14=0x0000000000000061, R15=0x0000000000000000
RIP=0x00007fff84b6f8b6, EFLAGS=0x0000000000010202

Top of Stack: (sp=0x0000006c6c7fe6f0)
0x0000006c6c7fe6f0:   00000194669a94a0 00000000ffffffaf
0x0000006c6c7fe700:   0000000000000051 0000000000000004
0x0000006c6c7fe710:   000001943d920000 0000006c6c7fe7d9
0x0000006c6c7fe720:   0000000000000002 00007fff860bb3c7
0x0000006c6c7fe730:   0000019400000061 0000005100000000
0x0000006c6c7fe740:   0000000000000000 0000000700000000
0x0000006c6c7fe750:   0000000000000000 00007fff84bafa60
0x0000006c6c7fe760:   00005e8dfa57828d 0000000000000000
0x0000006c6c7fe770:   000000006451f1b7 0000006c6c7fe9c0
0x0000006c6c7fe780:   00007fff84baf0a0 000001943d924970
0x0000006c6c7fe790:   00000194669a0f30 00000194669c6d01
0x0000006c6c7fe7a0:   0000000064521fe0 00007fff860b5ba1
0x0000006c6c7fe7b0:   00000022c0000027 0000000000000000
0x0000006c6c7fe7c0:   00007fff83af4fd9 0000019400000004
0x0000006c6c7fe7d0:   00000194669c6d00 0000006c6c7fea50
0x0000006c6c7fe7e0:   0000000064507c42 0000000000000002 

Instructions: (pc=0x00007fff84b6f8b6)
0x00007fff84b6f896:   c9 75 f0 48 2b c3 48 d1 f8 eb 23 48 85 db 48 8d
0x00007fff84b6f8a6:   05 71 c7 02 00 48 0f 45 c3 48 8b d8 eb 0a ff c9
0x00007fff84b6f8b6:   44 38 10 74 07 48 ff c0 85 c9 75 f2 2b c3 89 44
0x00007fff84b6f8c6:   24 4c e9 8c 02 00 00 41 bc 10 00 00 00 41 0f ba 


Stack slot to memory mapping:
stack at sp + 0 slots: 0x00000194669a94a0 points into unknown readable memory: 4b 65 72 6e 65 6c 20 6f
stack at sp + 1 slots: 0x00000000ffffffaf is an unknown value
stack at sp + 2 slots: 0x0000000000000051 is an unknown value
stack at sp + 3 slots: 0x0000000000000004 is an unknown value
stack at sp + 4 slots: 0x000001943d920000 points into unknown readable memory: 00 00 00 00 00 00 00 00
stack at sp + 5 slots: 0x0000006c6c7fe7d9 is pointing into the stack for thread: 0x0000019463c0a800
stack at sp + 6 slots: 0x0000000000000002 is an unknown value
stack at sp + 7 slots: 0x00007fff860bb3c7 ntdll.dll


---------------  P R O C E S S  ---------------

Threads class SMR info:
_java_thread_list=0x000001946395b360, length=16, elements={
0x0000019463287800, 0x00000194632b4800, 0x00000194632cd000, 0x00000194632d0000,
0x00000194632d2000, 0x0000019463387800, 0x000001946338c800, 0x000001946347a800,
0x0000019463485800, 0x00000194638e7800, 0x00000194638e8000, 0x00000194638e9000,
0x0000019463937800, 0x0000019463ab5800, 0x000001943f278000, 0x0000019463c0a800
}

Java Threads: ( => current thread )
  0x0000019463287800 JavaThread "Reference Handler" daemon [_thread_blocked, id=12344, stack(0x0000006c6b200000,0x0000006c6b300000)]
  0x00000194632b4800 JavaThread "Finalizer" daemon [_thread_blocked, id=9544, stack(0x0000006c6b300000,0x0000006c6b400000)]
  0x00000194632cd000 JavaThread "Signal Dispatcher" daemon [_thread_blocked, id=15612, stack(0x0000006c6b400000,0x0000006c6b500000)]
  0x00000194632d0000 JavaThread "Attach Listener" daemon [_thread_blocked, id=1588, stack(0x0000006c6b500000,0x0000006c6b600000)]
  0x00000194632d2000 JavaThread "C2 CompilerThread0" daemon [_thread_blocked, id=220, stack(0x0000006c6b600000,0x0000006c6b700000)]
  0x0000019463387800 JavaThread "C1 CompilerThread0" daemon [_thread_blocked, id=13408, stack(0x0000006c6b700000,0x0000006c6b800000)]
  0x000001946338c800 JavaThread "Sweeper thread" daemon [_thread_blocked, id=15640, stack(0x0000006c6b800000,0x0000006c6b900000)]
  0x000001946347a800 JavaThread "Service Thread" daemon [_thread_blocked, id=13972, stack(0x0000006c6b900000,0x0000006c6ba00000)]
  0x0000019463485800 JavaThread "Common-Cleaner" daemon [_thread_blocked, id=6348, stack(0x0000006c6bb00000,0x0000006c6bc00000)]
  0x00000194638e7800 JavaThread "Java2D Disposer" daemon [_thread_blocked, id=9408, stack(0x0000006c6bc00000,0x0000006c6bd00000)]
  0x00000194638e8000 JavaThread "AWT-Shutdown" [_thread_blocked, id=15120, stack(0x0000006c6bd00000,0x0000006c6be00000)]
  0x00000194638e9000 JavaThread "AWT-Windows" daemon [_thread_in_native, id=4440, stack(0x0000006c6be00000,0x0000006c6bf00000)]
  0x0000019463937800 JavaThread "AWT-EventQueue-0" [_thread_blocked, id=912, stack(0x0000006c6c000000,0x0000006c6c100000)]
  0x0000019463ab5800 JavaThread "Image Fetcher 0" daemon [_thread_blocked, id=4584, stack(0x0000006c6c100000,0x0000006c6c200000)]
  0x000001943f278000 JavaThread "DestroyJavaVM" [_thread_blocked, id=11900, stack(0x0000006c6ab00000,0x0000006c6ac00000)]
=>0x0000019463c0a800 JavaThread "Thread-0" [_thread_in_native, id=9252, stack(0x0000006c6c700000,0x0000006c6c800000)]

Other Threads:
  0x0000019463285000 VMThread "VM Thread" [stack: 0x0000006c6b100000,0x0000006c6b200000] [id=11796]
  0x0000019463485000 WatcherThread [stack: 0x0000006c6ba00000,0x0000006c6bb00000] [id=1188]
  0x000001943f28f000 GCTaskThread "GC Thread#0" [stack: 0x0000006c6ac00000,0x0000006c6ad00000] [id=8332]
  0x0000019463ab6800 GCTaskThread "GC Thread#1" [stack: 0x0000006c6c200000,0x0000006c6c300000] [id=11672]
  0x000001946396d000 GCTaskThread "GC Thread#2" [stack: 0x0000006c6c300000,0x0000006c6c400000] [id=11764]
  0x000001946396d800 GCTaskThread "GC Thread#3" [stack: 0x0000006c6c400000,0x0000006c6c500000] [id=13040]
  0x000001943f2eb800 ConcurrentGCThread "G1 Main Marker" [stack: 0x0000006c6ad00000,0x0000006c6ae00000] [id=8516]
  0x000001943f2ed000 ConcurrentGCThread "G1 Conc#0" [stack: 0x0000006c6ae00000,0x0000006c6af00000] [id=12744]
  0x000001943f35e000 ConcurrentGCThread "G1 Refine#0" [stack: 0x0000006c6af00000,0x0000006c6b000000] [id=10664]
  0x0000019463649000 ConcurrentGCThread "G1 Refine#1" [stack: 0x0000006c6c500000,0x0000006c6c600000] [id=7496]
  0x00000194638a4000 ConcurrentGCThread "G1 Refine#2" [stack: 0x0000006c6c600000,0x0000006c6c700000] [id=2044]
  0x00000194628ed800 ConcurrentGCThread "G1 Young RemSet Sampling" [stack: 0x0000006c6b000000,0x0000006c6b100000] [id=12048]

Threads with active compile tasks:

VM state:not at safepoint (normal execution)

VM Mutex/Monitor currently owned by a thread: None

Heap address: 0x0000000702000000, size: 4064 MB, Compressed Oops mode: Zero based, Oop shift amount: 3
Narrow klass base: 0x0000000800000000, Narrow klass shift: 0
Compressed class space size: 1073741824 Address: 0x0000000800000000

Heap:
 garbage-first heap   total 260096K, used 19996K [0x0000000702000000, 0x0000000800000000)
  region size 1024K, 7 young (7168K), 3 survivors (3072K)
 Metaspace       used 21024K, capacity 21531K, committed 21884K, reserved 1069056K
  class space    used 2471K, capacity 2691K, committed 2764K, reserved 1048576K
Heap Regions: E=young(eden), S=young(survivor), O=old, HS=humongous(starts), HC=humongous(continues), CS=collection set, F=free, A=archive, TAMS=top-at-mark-start (previous, next)
|   0|0x0000000702000000, 0x0000000702100000, 0x0000000702100000|100%| O|  |TAMS 0x0000000702100000, 0x0000000702000000| Untracked 
|   1|0x0000000702100000, 0x0000000702200000, 0x0000000702200000|100%| O|  |TAMS 0x0000000702200000, 0x0000000702100000| Untracked 
|   2|0x0000000702200000, 0x0000000702300000, 0x0000000702300000|100%|HS|  |TAMS 0x0000000702300000, 0x0000000702200000| Complete 
|   3|0x0000000702300000, 0x0000000702400000, 0x0000000702400000|100%|HC|  |TAMS 0x0000000702400000, 0x0000000702300000| Complete 
|   4|0x0000000702400000, 0x0000000702500000, 0x0000000702500000|100%|HC|  |TAMS 0x0000000702500000, 0x0000000702400000| Complete 
|   5|0x0000000702500000, 0x0000000702600000, 0x0000000702600000|100%|HS|  |TAMS 0x0000000702600000, 0x0000000702500000| Complete 
|   6|0x0000000702600000, 0x0000000702700000, 0x0000000702700000|100%|HC|  |TAMS 0x0000000702700000, 0x0000000702600000| Complete 
|   7|0x0000000702700000, 0x0000000702800000, 0x0000000702800000|100%|HS|  |TAMS 0x0000000702800000, 0x0000000702700000| Complete 
|   8|0x0000000702800000, 0x0000000702900000, 0x0000000702900000|100%|HC|  |TAMS 0x0000000702900000, 0x0000000702800000| Complete 
|   9|0x0000000702900000, 0x0000000702a00000, 0x0000000702a00000|100%|HS|  |TAMS 0x0000000702a00000, 0x0000000702900000| Complete 
|  10|0x0000000702a00000, 0x0000000702b00000, 0x0000000702b00000|100%|HS|  |TAMS 0x0000000702b00000, 0x0000000702a00000| Complete 
|  11|0x0000000702b00000, 0x0000000702c00000, 0x0000000702c00000|100%| O|  |TAMS 0x0000000702c00000, 0x0000000702b00000| Untracked 
|  12|0x0000000702c00000, 0x0000000702d00000, 0x0000000702d00000|100%| O|  |TAMS 0x0000000702d00000, 0x0000000702c00000| Untracked 
|  13|0x0000000702d00000, 0x0000000702db0600, 0x0000000702e00000| 68%| O|  |TAMS 0x0000000702db0600, 0x0000000702d00000| Untracked 
|  14|0x0000000702e00000, 0x0000000702e00000, 0x0000000702f00000|  0%| F|  |TAMS 0x0000000702e00000, 0x0000000702e00000| Untracked 
|  15|0x0000000702f00000, 0x0000000702f00000, 0x0000000703000000|  0%| F|  |TAMS 0x0000000702f00000, 0x0000000702f00000| Untracked 
|  16|0x0000000703000000, 0x0000000703000000, 0x0000000703100000|  0%| F|  |TAMS 0x0000000703000000, 0x0000000703000000| Untracked 
|  17|0x0000000703100000, 0x0000000703100000, 0x0000000703200000|  0%| F|  |TAMS 0x0000000703100000, 0x0000000703100000| Untracked 
|  18|0x0000000703200000, 0x0000000703200000, 0x0000000703300000|  0%| F|  |TAMS 0x0000000703200000, 0x0000000703200000| Untracked 
|  19|0x0000000703300000, 0x0000000703300000, 0x0000000703400000|  0%| F|  |TAMS 0x0000000703300000, 0x0000000703300000| Untracked 
|  20|0x0000000703400000, 0x0000000703400000, 0x0000000703500000|  0%| F|  |TAMS 0x0000000703400000, 0x0000000703400000| Untracked 
|  21|0x0000000703500000, 0x0000000703500000, 0x0000000703600000|  0%| F|  |TAMS 0x0000000703500000, 0x0000000703500000| Untracked 
|  22|0x0000000703600000, 0x0000000703600000, 0x0000000703700000|  0%| F|  |TAMS 0x0000000703600000, 0x0000000703600000| Untracked 
|  23|0x0000000703700000, 0x0000000703700000, 0x0000000703800000|  0%| F|  |TAMS 0x0000000703700000, 0x0000000703700000| Untracked 
|  24|0x0000000703800000, 0x0000000703800000, 0x0000000703900000|  0%| F|  |TAMS 0x0000000703800000, 0x0000000703800000| Untracked 
|  25|0x0000000703900000, 0x0000000703900000, 0x0000000703a00000|  0%| F|  |TAMS 0x0000000703900000, 0x0000000703900000| Untracked 
|  26|0x0000000703a00000, 0x0000000703a00000, 0x0000000703b00000|  0%| F|  |TAMS 0x0000000703a00000, 0x0000000703a00000| Untracked 
|  27|0x0000000703b00000, 0x0000000703b00000, 0x0000000703c00000|  0%| F|  |TAMS 0x0000000703b00000, 0x0000000703b00000| Untracked 
|  28|0x0000000703c00000, 0x0000000703c00000, 0x0000000703d00000|  0%| F|  |TAMS 0x0000000703c00000, 0x0000000703c00000| Untracked 
|  29|0x0000000703d00000, 0x0000000703d00000, 0x0000000703e00000|  0%| F|  |TAMS 0x0000000703d00000, 0x0000000703d00000| Untracked 
|  30|0x0000000703e00000, 0x0000000703e00000, 0x0000000703f00000|  0%| F|  |TAMS 0x0000000703e00000, 0x0000000703e00000| Untracked 
|  31|0x0000000703f00000, 0x0000000703f00000, 0x0000000704000000|  0%| F|  |TAMS 0x0000000703f00000, 0x0000000703f00000| Untracked 
|  32|0x0000000704000000, 0x0000000704000000, 0x0000000704100000|  0%| F|  |TAMS 0x0000000704000000, 0x0000000704000000| Untracked 
|  33|0x0000000704100000, 0x0000000704100000, 0x0000000704200000|  0%| F|  |TAMS 0x0000000704100000, 0x0000000704100000| Untracked 
|  34|0x0000000704200000, 0x0000000704200000, 0x0000000704300000|  0%| F|  |TAMS 0x0000000704200000, 0x0000000704200000| Untracked 
|  35|0x0000000704300000, 0x0000000704300000, 0x0000000704400000|  0%| F|  |TAMS 0x0000000704300000, 0x0000000704300000| Untracked 
|  36|0x0000000704400000, 0x0000000704400000, 0x0000000704500000|  0%| F|  |TAMS 0x0000000704400000, 0x0000000704400000| Untracked 
|  37|0x0000000704500000, 0x0000000704500000, 0x0000000704600000|  0%| F|  |TAMS 0x0000000704500000, 0x0000000704500000| Untracked 
|  38|0x0000000704600000, 0x0000000704600000, 0x0000000704700000|  0%| F|  |TAMS 0x0000000704600000, 0x0000000704600000| Untracked 
|  39|0x0000000704700000, 0x0000000704700000, 0x0000000704800000|  0%| F|  |TAMS 0x0000000704700000, 0x0000000704700000| Untracked 
|  40|0x0000000704800000, 0x0000000704800000, 0x0000000704900000|  0%| F|  |TAMS 0x0000000704800000, 0x0000000704800000| Untracked 
|  41|0x0000000704900000, 0x0000000704900000, 0x0000000704a00000|  0%| F|  |TAMS 0x0000000704900000, 0x0000000704900000| Untracked 
|  42|0x0000000704a00000, 0x0000000704a00000, 0x0000000704b00000|  0%| F|  |TAMS 0x0000000704a00000, 0x0000000704a00000| Untracked 
|  43|0x0000000704b00000, 0x0000000704b00000, 0x0000000704c00000|  0%| F|  |TAMS 0x0000000704b00000, 0x0000000704b00000| Untracked 
|  44|0x0000000704c00000, 0x0000000704c00000, 0x0000000704d00000|  0%| F|  |TAMS 0x0000000704c00000, 0x0000000704c00000| Untracked 
|  45|0x0000000704d00000, 0x0000000704d00000, 0x0000000704e00000|  0%| F|  |TAMS 0x0000000704d00000, 0x0000000704d00000| Untracked 
|  46|0x0000000704e00000, 0x0000000704e00000, 0x0000000704f00000|  0%| F|  |TAMS 0x0000000704e00000, 0x0000000704e00000| Untracked 
|  47|0x0000000704f00000, 0x0000000704f00000, 0x0000000705000000|  0%| F|  |TAMS 0x0000000704f00000, 0x0000000704f00000| Untracked 
|  48|0x0000000705000000, 0x0000000705000000, 0x0000000705100000|  0%| F|  |TAMS 0x0000000705000000, 0x0000000705000000| Untracked 
|  49|0x0000000705100000, 0x0000000705100000, 0x0000000705200000|  0%| F|  |TAMS 0x0000000705100000, 0x0000000705100000| Untracked 
|  50|0x0000000705200000, 0x0000000705200000, 0x0000000705300000|  0%| F|  |TAMS 0x0000000705200000, 0x0000000705200000| Untracked 
|  51|0x0000000705300000, 0x0000000705300000, 0x0000000705400000|  0%| F|  |TAMS 0x0000000705300000, 0x0000000705300000| Untracked 
|  52|0x0000000705400000, 0x0000000705400000, 0x0000000705500000|  0%| F|  |TAMS 0x0000000705400000, 0x0000000705400000| Untracked 
|  53|0x0000000705500000, 0x0000000705500000, 0x0000000705600000|  0%| F|  |TAMS 0x0000000705500000, 0x0000000705500000| Untracked 
|  54|0x0000000705600000, 0x0000000705600000, 0x0000000705700000|  0%| F|  |TAMS 0x0000000705600000, 0x0000000705600000| Untracked 
|  55|0x0000000705700000, 0x0000000705700000, 0x0000000705800000|  0%| F|  |TAMS 0x0000000705700000, 0x0000000705700000| Untracked 
|  56|0x0000000705800000, 0x0000000705800000, 0x0000000705900000|  0%| F|  |TAMS 0x0000000705800000, 0x0000000705800000| Untracked 
|  57|0x0000000705900000, 0x0000000705900000, 0x0000000705a00000|  0%| F|  |TAMS 0x0000000705900000, 0x0000000705900000| Untracked 
|  58|0x0000000705a00000, 0x0000000705a00000, 0x0000000705b00000|  0%| F|  |TAMS 0x0000000705a00000, 0x0000000705a00000| Untracked 
|  59|0x0000000705b00000, 0x0000000705b00000, 0x0000000705c00000|  0%| F|  |TAMS 0x0000000705b00000, 0x0000000705b00000| Untracked 
|  60|0x0000000705c00000, 0x0000000705c00000, 0x0000000705d00000|  0%| F|  |TAMS 0x0000000705c00000, 0x0000000705c00000| Untracked 
|  61|0x0000000705d00000, 0x0000000705d00000, 0x0000000705e00000|  0%| F|  |TAMS 0x0000000705d00000, 0x0000000705d00000| Untracked 
|  62|0x0000000705e00000, 0x0000000705e00000, 0x0000000705f00000|  0%| F|  |TAMS 0x0000000705e00000, 0x0000000705e00000| Untracked 
|  63|0x0000000705f00000, 0x0000000705f00000, 0x0000000706000000|  0%| F|  |TAMS 0x0000000705f00000, 0x0000000705f00000| Untracked 
|  64|0x0000000706000000, 0x0000000706000000, 0x0000000706100000|  0%| F|  |TAMS 0x0000000706000000, 0x0000000706000000| Untracked 
|  65|0x0000000706100000, 0x0000000706100000, 0x0000000706200000|  0%| F|  |TAMS 0x0000000706100000, 0x0000000706100000| Untracked 
|  66|0x0000000706200000, 0x0000000706200000, 0x0000000706300000|  0%| F|  |TAMS 0x0000000706200000, 0x0000000706200000| Untracked 
|  67|0x0000000706300000, 0x0000000706300000, 0x0000000706400000|  0%| F|  |TAMS 0x0000000706300000, 0x0000000706300000| Untracked 
|  68|0x0000000706400000, 0x0000000706400000, 0x0000000706500000|  0%| F|  |TAMS 0x0000000706400000, 0x0000000706400000| Untracked 
|  69|0x0000000706500000, 0x0000000706500000, 0x0000000706600000|  0%| F|  |TAMS 0x0000000706500000, 0x0000000706500000| Untracked 
|  70|0x0000000706600000, 0x0000000706600000, 0x0000000706700000|  0%| F|  |TAMS 0x0000000706600000, 0x0000000706600000| Untracked 
|  71|0x0000000706700000, 0x0000000706700000, 0x0000000706800000|  0%| F|  |TAMS 0x0000000706700000, 0x0000000706700000| Untracked 
|  72|0x0000000706800000, 0x0000000706800000, 0x0000000706900000|  0%| F|  |TAMS 0x0000000706800000, 0x0000000706800000| Untracked 
|  73|0x0000000706900000, 0x0000000706900000, 0x0000000706a00000|  0%| F|  |TAMS 0x0000000706900000, 0x0000000706900000| Untracked 
|  74|0x0000000706a00000, 0x0000000706a00000, 0x0000000706b00000|  0%| F|  |TAMS 0x0000000706a00000, 0x0000000706a00000| Untracked 
|  75|0x0000000706b00000, 0x0000000706b00000, 0x0000000706c00000|  0%| F|  |TAMS 0x0000000706b00000, 0x0000000706b00000| Untracked 
|  76|0x0000000706c00000, 0x0000000706c00000, 0x0000000706d00000|  0%| F|  |TAMS 0x0000000706c00000, 0x0000000706c00000| Untracked 
|  77|0x0000000706d00000, 0x0000000706d00000, 0x0000000706e00000|  0%| F|  |TAMS 0x0000000706d00000, 0x0000000706d00000| Untracked 
|  78|0x0000000706e00000, 0x0000000706e00000, 0x0000000706f00000|  0%| F|  |TAMS 0x0000000706e00000, 0x0000000706e00000| Untracked 
|  79|0x0000000706f00000, 0x0000000706f00000, 0x0000000707000000|  0%| F|  |TAMS 0x0000000706f00000, 0x0000000706f00000| Untracked 
|  80|0x0000000707000000, 0x0000000707000000, 0x0000000707100000|  0%| F|  |TAMS 0x0000000707000000, 0x0000000707000000| Untracked 
|  81|0x0000000707100000, 0x0000000707100000, 0x0000000707200000|  0%| F|  |TAMS 0x0000000707100000, 0x0000000707100000| Untracked 
|  82|0x0000000707200000, 0x0000000707200000, 0x0000000707300000|  0%| F|  |TAMS 0x0000000707200000, 0x0000000707200000| Untracked 
|  83|0x0000000707300000, 0x0000000707300000, 0x0000000707400000|  0%| F|  |TAMS 0x0000000707300000, 0x0000000707300000| Untracked 
|  84|0x0000000707400000, 0x0000000707400000, 0x0000000707500000|  0%| F|  |TAMS 0x0000000707400000, 0x0000000707400000| Untracked 
|  85|0x0000000707500000, 0x0000000707500000, 0x0000000707600000|  0%| F|  |TAMS 0x0000000707500000, 0x0000000707500000| Untracked 
|  86|0x0000000707600000, 0x0000000707600000, 0x0000000707700000|  0%| F|  |TAMS 0x0000000707600000, 0x0000000707600000| Untracked 
|  87|0x0000000707700000, 0x0000000707700000, 0x0000000707800000|  0%| F|  |TAMS 0x0000000707700000, 0x0000000707700000| Untracked 
|  88|0x0000000707800000, 0x0000000707800000, 0x0000000707900000|  0%| F|  |TAMS 0x0000000707800000, 0x0000000707800000| Untracked 
|  89|0x0000000707900000, 0x0000000707900000, 0x0000000707a00000|  0%| F|  |TAMS 0x0000000707900000, 0x0000000707900000| Untracked 
|  90|0x0000000707a00000, 0x0000000707a00000, 0x0000000707b00000|  0%| F|  |TAMS 0x0000000707a00000, 0x0000000707a00000| Untracked 
|  91|0x0000000707b00000, 0x0000000707b00000, 0x0000000707c00000|  0%| F|  |TAMS 0x0000000707b00000, 0x0000000707b00000| Untracked 
|  92|0x0000000707c00000, 0x0000000707c00000, 0x0000000707d00000|  0%| F|  |TAMS 0x0000000707c00000, 0x0000000707c00000| Untracked 
|  93|0x0000000707d00000, 0x0000000707d00000, 0x0000000707e00000|  0%| F|  |TAMS 0x0000000707d00000, 0x0000000707d00000| Untracked 
|  94|0x0000000707e00000, 0x0000000707e00000, 0x0000000707f00000|  0%| F|  |TAMS 0x0000000707e00000, 0x0000000707e00000| Untracked 
|  95|0x0000000707f00000, 0x0000000707f00000, 0x0000000708000000|  0%| F|  |TAMS 0x0000000707f00000, 0x0000000707f00000| Untracked 
|  96|0x0000000708000000, 0x0000000708000000, 0x0000000708100000|  0%| F|  |TAMS 0x0000000708000000, 0x0000000708000000| Untracked 
|  97|0x0000000708100000, 0x0000000708100000, 0x0000000708200000|  0%| F|  |TAMS 0x0000000708100000, 0x0000000708100000| Untracked 
|  98|0x0000000708200000, 0x0000000708200000, 0x0000000708300000|  0%| F|  |TAMS 0x0000000708200000, 0x0000000708200000| Untracked 
|  99|0x0000000708300000, 0x0000000708300000, 0x0000000708400000|  0%| F|  |TAMS 0x0000000708300000, 0x0000000708300000| Untracked 
| 100|0x0000000708400000, 0x0000000708400000, 0x0000000708500000|  0%| F|  |TAMS 0x0000000708400000, 0x0000000708400000| Untracked 
| 101|0x0000000708500000, 0x0000000708500000, 0x0000000708600000|  0%| F|  |TAMS 0x0000000708500000, 0x0000000708500000| Untracked 
| 102|0x0000000708600000, 0x0000000708600000, 0x0000000708700000|  0%| F|  |TAMS 0x0000000708600000, 0x0000000708600000| Untracked 
| 103|0x0000000708700000, 0x0000000708700000, 0x0000000708800000|  0%| F|  |TAMS 0x0000000708700000, 0x0000000708700000| Untracked 
| 104|0x0000000708800000, 0x0000000708800000, 0x0000000708900000|  0%| F|  |TAMS 0x0000000708800000, 0x0000000708800000| Untracked 
| 105|0x0000000708900000, 0x0000000708900000, 0x0000000708a00000|  0%| F|  |TAMS 0x0000000708900000, 0x0000000708900000| Untracked 
| 106|0x0000000708a00000, 0x0000000708a00000, 0x0000000708b00000|  0%| F|  |TAMS 0x0000000708a00000, 0x0000000708a00000| Untracked 
| 107|0x0000000708b00000, 0x0000000708b00000, 0x0000000708c00000|  0%| F|  |TAMS 0x0000000708b00000, 0x0000000708b00000| Untracked 
| 108|0x0000000708c00000, 0x0000000708c00000, 0x0000000708d00000|  0%| F|  |TAMS 0x0000000708c00000, 0x0000000708c00000| Untracked 
| 109|0x0000000708d00000, 0x0000000708d00000, 0x0000000708e00000|  0%| F|  |TAMS 0x0000000708d00000, 0x0000000708d00000| Untracked 
| 110|0x0000000708e00000, 0x0000000708e00000, 0x0000000708f00000|  0%| F|  |TAMS 0x0000000708e00000, 0x0000000708e00000| Untracked 
| 111|0x0000000708f00000, 0x0000000708f00000, 0x0000000709000000|  0%| F|  |TAMS 0x0000000708f00000, 0x0000000708f00000| Untracked 
| 112|0x0000000709000000, 0x0000000709000000, 0x0000000709100000|  0%| F|  |TAMS 0x0000000709000000, 0x0000000709000000| Untracked 
| 113|0x0000000709100000, 0x0000000709100000, 0x0000000709200000|  0%| F|  |TAMS 0x0000000709100000, 0x0000000709100000| Untracked 
| 114|0x0000000709200000, 0x0000000709200000, 0x0000000709300000|  0%| F|  |TAMS 0x0000000709200000, 0x0000000709200000| Untracked 
| 115|0x0000000709300000, 0x0000000709300000, 0x0000000709400000|  0%| F|  |TAMS 0x0000000709300000, 0x0000000709300000| Untracked 
| 116|0x0000000709400000, 0x0000000709400000, 0x0000000709500000|  0%| F|  |TAMS 0x0000000709400000, 0x0000000709400000| Untracked 
| 117|0x0000000709500000, 0x0000000709500000, 0x0000000709600000|  0%| F|  |TAMS 0x0000000709500000, 0x0000000709500000| Untracked 
| 118|0x0000000709600000, 0x0000000709600000, 0x0000000709700000|  0%| F|  |TAMS 0x0000000709600000, 0x0000000709600000| Untracked 
| 119|0x0000000709700000, 0x0000000709700000, 0x0000000709800000|  0%| F|  |TAMS 0x0000000709700000, 0x0000000709700000| Untracked 
| 120|0x0000000709800000, 0x0000000709800000, 0x0000000709900000|  0%| F|  |TAMS 0x0000000709800000, 0x0000000709800000| Untracked 
| 121|0x0000000709900000, 0x0000000709900000, 0x0000000709a00000|  0%| F|  |TAMS 0x0000000709900000, 0x0000000709900000| Untracked 
| 122|0x0000000709a00000, 0x0000000709a00000, 0x0000000709b00000|  0%| F|  |TAMS 0x0000000709a00000, 0x0000000709a00000| Untracked 
| 123|0x0000000709b00000, 0x0000000709b00000, 0x0000000709c00000|  0%| F|  |TAMS 0x0000000709b00000, 0x0000000709b00000| Untracked 
| 124|0x0000000709c00000, 0x0000000709c00000, 0x0000000709d00000|  0%| F|  |TAMS 0x0000000709c00000, 0x0000000709c00000| Untracked 
| 125|0x0000000709d00000, 0x0000000709d00000, 0x0000000709e00000|  0%| F|  |TAMS 0x0000000709d00000, 0x0000000709d00000| Untracked 
| 126|0x0000000709e00000, 0x0000000709e00000, 0x0000000709f00000|  0%| F|  |TAMS 0x0000000709e00000, 0x0000000709e00000| Untracked 
| 127|0x0000000709f00000, 0x0000000709f00000, 0x000000070a000000|  0%| F|  |TAMS 0x0000000709f00000, 0x0000000709f00000| Untracked 
| 128|0x000000070a000000, 0x000000070a000000, 0x000000070a100000|  0%| F|  |TAMS 0x000000070a000000, 0x000000070a000000| Untracked 
| 129|0x000000070a100000, 0x000000070a100000, 0x000000070a200000|  0%| F|  |TAMS 0x000000070a100000, 0x000000070a100000| Untracked 
| 130|0x000000070a200000, 0x000000070a200000, 0x000000070a300000|  0%| F|  |TAMS 0x000000070a200000, 0x000000070a200000| Untracked 
| 131|0x000000070a300000, 0x000000070a300000, 0x000000070a400000|  0%| F|  |TAMS 0x000000070a300000, 0x000000070a300000| Untracked 
| 132|0x000000070a400000, 0x000000070a400000, 0x000000070a500000|  0%| F|  |TAMS 0x000000070a400000, 0x000000070a400000| Untracked 
| 133|0x000000070a500000, 0x000000070a500000, 0x000000070a600000|  0%| F|  |TAMS 0x000000070a500000, 0x000000070a500000| Untracked 
| 134|0x000000070a600000, 0x000000070a600000, 0x000000070a700000|  0%| F|  |TAMS 0x000000070a600000, 0x000000070a600000| Untracked 
| 135|0x000000070a700000, 0x000000070a700000, 0x000000070a800000|  0%| F|  |TAMS 0x000000070a700000, 0x000000070a700000| Untracked 
| 136|0x000000070a800000, 0x000000070a800000, 0x000000070a900000|  0%| F|  |TAMS 0x000000070a800000, 0x000000070a800000| Untracked 
| 137|0x000000070a900000, 0x000000070a900000, 0x000000070aa00000|  0%| F|  |TAMS 0x000000070a900000, 0x000000070a900000| Untracked 
| 138|0x000000070aa00000, 0x000000070aa00000, 0x000000070ab00000|  0%| F|  |TAMS 0x000000070aa00000, 0x000000070aa00000| Untracked 
| 139|0x000000070ab00000, 0x000000070ab00000, 0x000000070ac00000|  0%| F|  |TAMS 0x000000070ab00000, 0x000000070ab00000| Untracked 
| 140|0x000000070ac00000, 0x000000070ac00000, 0x000000070ad00000|  0%| F|  |TAMS 0x000000070ac00000, 0x000000070ac00000| Untracked 
| 141|0x000000070ad00000, 0x000000070ad00000, 0x000000070ae00000|  0%| F|  |TAMS 0x000000070ad00000, 0x000000070ad00000| Untracked 
| 142|0x000000070ae00000, 0x000000070ae00000, 0x000000070af00000|  0%| F|  |TAMS 0x000000070ae00000, 0x000000070ae00000| Untracked 
| 143|0x000000070af00000, 0x000000070af00000, 0x000000070b000000|  0%| F|  |TAMS 0x000000070af00000, 0x000000070af00000| Untracked 
| 144|0x000000070b000000, 0x000000070b000000, 0x000000070b100000|  0%| F|  |TAMS 0x000000070b000000, 0x000000070b000000| Untracked 
| 145|0x000000070b100000, 0x000000070b100000, 0x000000070b200000|  0%| F|  |TAMS 0x000000070b100000, 0x000000070b100000| Untracked 
| 146|0x000000070b200000, 0x000000070b200000, 0x000000070b300000|  0%| F|  |TAMS 0x000000070b200000, 0x000000070b200000| Untracked 
| 147|0x000000070b300000, 0x000000070b300000, 0x000000070b400000|  0%| F|  |TAMS 0x000000070b300000, 0x000000070b300000| Untracked 
| 148|0x000000070b400000, 0x000000070b400000, 0x000000070b500000|  0%| F|  |TAMS 0x000000070b400000, 0x000000070b400000| Untracked 
| 149|0x000000070b500000, 0x000000070b500000, 0x000000070b600000|  0%| F|  |TAMS 0x000000070b500000, 0x000000070b500000| Untracked 
| 150|0x000000070b600000, 0x000000070b600000, 0x000000070b700000|  0%| F|  |TAMS 0x000000070b600000, 0x000000070b600000| Untracked 
| 151|0x000000070b700000, 0x000000070b700000, 0x000000070b800000|  0%| F|  |TAMS 0x000000070b700000, 0x000000070b700000| Untracked 
| 152|0x000000070b800000, 0x000000070b800000, 0x000000070b900000|  0%| F|  |TAMS 0x000000070b800000, 0x000000070b800000| Untracked 
| 153|0x000000070b900000, 0x000000070b900000, 0x000000070ba00000|  0%| F|  |TAMS 0x000000070b900000, 0x000000070b900000| Untracked 
| 154|0x000000070ba00000, 0x000000070ba00000, 0x000000070bb00000|  0%| F|  |TAMS 0x000000070ba00000, 0x000000070ba00000| Untracked 
| 155|0x000000070bb00000, 0x000000070bb00000, 0x000000070bc00000|  0%| F|  |TAMS 0x000000070bb00000, 0x000000070bb00000| Untracked 
| 156|0x000000070bc00000, 0x000000070bc00000, 0x000000070bd00000|  0%| F|  |TAMS 0x000000070bc00000, 0x000000070bc00000| Untracked 
| 157|0x000000070bd00000, 0x000000070bd00000, 0x000000070be00000|  0%| F|  |TAMS 0x000000070bd00000, 0x000000070bd00000| Untracked 
| 158|0x000000070be00000, 0x000000070be00000, 0x000000070bf00000|  0%| F|  |TAMS 0x000000070be00000, 0x000000070be00000| Untracked 
| 159|0x000000070bf00000, 0x000000070bf00000, 0x000000070c000000|  0%| F|  |TAMS 0x000000070bf00000, 0x000000070bf00000| Untracked 
| 160|0x000000070c000000, 0x000000070c000000, 0x000000070c100000|  0%| F|  |TAMS 0x000000070c000000, 0x000000070c000000| Untracked 
| 161|0x000000070c100000, 0x000000070c100000, 0x000000070c200000|  0%| F|  |TAMS 0x000000070c100000, 0x000000070c100000| Untracked 
| 162|0x000000070c200000, 0x000000070c200000, 0x000000070c300000|  0%| F|  |TAMS 0x000000070c200000, 0x000000070c200000| Untracked 
| 163|0x000000070c300000, 0x000000070c300000, 0x000000070c400000|  0%| F|  |TAMS 0x000000070c300000, 0x000000070c300000| Untracked 
| 164|0x000000070c400000, 0x000000070c400000, 0x000000070c500000|  0%| F|  |TAMS 0x000000070c400000, 0x000000070c400000| Untracked 
| 165|0x000000070c500000, 0x000000070c500000, 0x000000070c600000|  0%| F|  |TAMS 0x000000070c500000, 0x000000070c500000| Untracked 
| 166|0x000000070c600000, 0x000000070c600000, 0x000000070c700000|  0%| F|  |TAMS 0x000000070c600000, 0x000000070c600000| Untracked 
| 167|0x000000070c700000, 0x000000070c700000, 0x000000070c800000|  0%| F|  |TAMS 0x000000070c700000, 0x000000070c700000| Untracked 
| 168|0x000000070c800000, 0x000000070c800000, 0x000000070c900000|  0%| F|  |TAMS 0x000000070c800000, 0x000000070c800000| Untracked 
| 169|0x000000070c900000, 0x000000070c900000, 0x000000070ca00000|  0%| F|  |TAMS 0x000000070c900000, 0x000000070c900000| Untracked 
| 170|0x000000070ca00000, 0x000000070ca00000, 0x000000070cb00000|  0%| F|  |TAMS 0x000000070ca00000, 0x000000070ca00000| Untracked 
| 171|0x000000070cb00000, 0x000000070cb00000, 0x000000070cc00000|  0%| F|  |TAMS 0x000000070cb00000, 0x000000070cb00000| Untracked 
| 172|0x000000070cc00000, 0x000000070cc00000, 0x000000070cd00000|  0%| F|  |TAMS 0x000000070cc00000, 0x000000070cc00000| Untracked 
| 173|0x000000070cd00000, 0x000000070cd00000, 0x000000070ce00000|  0%| F|  |TAMS 0x000000070cd00000, 0x000000070cd00000| Untracked 
| 174|0x000000070ce00000, 0x000000070ce00000, 0x000000070cf00000|  0%| F|  |TAMS 0x000000070ce00000, 0x000000070ce00000| Untracked 
| 175|0x000000070cf00000, 0x000000070cf00000, 0x000000070d000000|  0%| F|  |TAMS 0x000000070cf00000, 0x000000070cf00000| Untracked 
| 176|0x000000070d000000, 0x000000070d000000, 0x000000070d100000|  0%| F|  |TAMS 0x000000070d000000, 0x000000070d000000| Untracked 
| 177|0x000000070d100000, 0x000000070d100000, 0x000000070d200000|  0%| F|  |TAMS 0x000000070d100000, 0x000000070d100000| Untracked 
| 178|0x000000070d200000, 0x000000070d200000, 0x000000070d300000|  0%| F|  |TAMS 0x000000070d200000, 0x000000070d200000| Untracked 
| 179|0x000000070d300000, 0x000000070d300000, 0x000000070d400000|  0%| F|  |TAMS 0x000000070d300000, 0x000000070d300000| Untracked 
| 180|0x000000070d400000, 0x000000070d400000, 0x000000070d500000|  0%| F|  |TAMS 0x000000070d400000, 0x000000070d400000| Untracked 
| 181|0x000000070d500000, 0x000000070d500000, 0x000000070d600000|  0%| F|  |TAMS 0x000000070d500000, 0x000000070d500000| Untracked 
| 182|0x000000070d600000, 0x000000070d600000, 0x000000070d700000|  0%| F|  |TAMS 0x000000070d600000, 0x000000070d600000| Untracked 
| 183|0x000000070d700000, 0x000000070d700000, 0x000000070d800000|  0%| F|  |TAMS 0x000000070d700000, 0x000000070d700000| Untracked 
| 184|0x000000070d800000, 0x000000070d800000, 0x000000070d900000|  0%| F|  |TAMS 0x000000070d800000, 0x000000070d800000| Untracked 
| 185|0x000000070d900000, 0x000000070d900000, 0x000000070da00000|  0%| F|  |TAMS 0x000000070d900000, 0x000000070d900000| Untracked 
| 186|0x000000070da00000, 0x000000070da00000, 0x000000070db00000|  0%| F|  |TAMS 0x000000070da00000, 0x000000070da00000| Untracked 
| 187|0x000000070db00000, 0x000000070db00000, 0x000000070dc00000|  0%| F|  |TAMS 0x000000070db00000, 0x000000070db00000| Untracked 
| 188|0x000000070dc00000, 0x000000070dc00000, 0x000000070dd00000|  0%| F|  |TAMS 0x000000070dc00000, 0x000000070dc00000| Untracked 
| 189|0x000000070dd00000, 0x000000070dd00000, 0x000000070de00000|  0%| F|  |TAMS 0x000000070dd00000, 0x000000070dd00000| Untracked 
| 190|0x000000070de00000, 0x000000070de00000, 0x000000070df00000|  0%| F|  |TAMS 0x000000070de00000, 0x000000070de00000| Untracked 
| 191|0x000000070df00000, 0x000000070df00000, 0x000000070e000000|  0%| F|  |TAMS 0x000000070df00000, 0x000000070df00000| Untracked 
| 192|0x000000070e000000, 0x000000070e000000, 0x000000070e100000|  0%| F|  |TAMS 0x000000070e000000, 0x000000070e000000| Untracked 
| 193|0x000000070e100000, 0x000000070e100000, 0x000000070e200000|  0%| F|  |TAMS 0x000000070e100000, 0x000000070e100000| Untracked 
| 194|0x000000070e200000, 0x000000070e200000, 0x000000070e300000|  0%| F|  |TAMS 0x000000070e200000, 0x000000070e200000| Untracked 
| 195|0x000000070e300000, 0x000000070e300000, 0x000000070e400000|  0%| F|  |TAMS 0x000000070e300000, 0x000000070e300000| Untracked 
| 196|0x000000070e400000, 0x000000070e400000, 0x000000070e500000|  0%| F|  |TAMS 0x000000070e400000, 0x000000070e400000| Untracked 
| 197|0x000000070e500000, 0x000000070e500000, 0x000000070e600000|  0%| F|  |TAMS 0x000000070e500000, 0x000000070e500000| Untracked 
| 198|0x000000070e600000, 0x000000070e600000, 0x000000070e700000|  0%| F|  |TAMS 0x000000070e600000, 0x000000070e600000| Untracked 
| 199|0x000000070e700000, 0x000000070e700000, 0x000000070e800000|  0%| F|  |TAMS 0x000000070e700000, 0x000000070e700000| Untracked 
| 200|0x000000070e800000, 0x000000070e800000, 0x000000070e900000|  0%| F|  |TAMS 0x000000070e800000, 0x000000070e800000| Untracked 
| 201|0x000000070e900000, 0x000000070e900000, 0x000000070ea00000|  0%| F|  |TAMS 0x000000070e900000, 0x000000070e900000| Untracked 
| 202|0x000000070ea00000, 0x000000070ea00000, 0x000000070eb00000|  0%| F|  |TAMS 0x000000070ea00000, 0x000000070ea00000| Untracked 
| 203|0x000000070eb00000, 0x000000070eb00000, 0x000000070ec00000|  0%| F|  |TAMS 0x000000070eb00000, 0x000000070eb00000| Untracked 
| 204|0x000000070ec00000, 0x000000070ec00000, 0x000000070ed00000|  0%| F|  |TAMS 0x000000070ec00000, 0x000000070ec00000| Untracked 
| 205|0x000000070ed00000, 0x000000070ed00000, 0x000000070ee00000|  0%| F|  |TAMS 0x000000070ed00000, 0x000000070ed00000| Untracked 
| 206|0x000000070ee00000, 0x000000070ee00000, 0x000000070ef00000|  0%| F|  |TAMS 0x000000070ee00000, 0x000000070ee00000| Untracked 
| 207|0x000000070ef00000, 0x000000070ef00000, 0x000000070f000000|  0%| F|  |TAMS 0x000000070ef00000, 0x000000070ef00000| Untracked 
| 208|0x000000070f000000, 0x000000070f000000, 0x000000070f100000|  0%| F|  |TAMS 0x000000070f000000, 0x000000070f000000| Untracked 
| 209|0x000000070f100000, 0x000000070f100000, 0x000000070f200000|  0%| F|  |TAMS 0x000000070f100000, 0x000000070f100000| Untracked 
| 210|0x000000070f200000, 0x000000070f200000, 0x000000070f300000|  0%| F|  |TAMS 0x000000070f200000, 0x000000070f200000| Untracked 
| 211|0x000000070f300000, 0x000000070f300000, 0x000000070f400000|  0%| F|  |TAMS 0x000000070f300000, 0x000000070f300000| Untracked 
| 212|0x000000070f400000, 0x000000070f400000, 0x000000070f500000|  0%| F|  |TAMS 0x000000070f400000, 0x000000070f400000| Untracked 
| 213|0x000000070f500000, 0x000000070f500000, 0x000000070f600000|  0%| F|  |TAMS 0x000000070f500000, 0x000000070f500000| Untracked 
| 214|0x000000070f600000, 0x000000070f600000, 0x000000070f700000|  0%| F|  |TAMS 0x000000070f600000, 0x000000070f600000| Untracked 
| 215|0x000000070f700000, 0x000000070f700000, 0x000000070f800000|  0%| F|  |TAMS 0x000000070f700000, 0x000000070f700000| Untracked 
| 216|0x000000070f800000, 0x000000070f800000, 0x000000070f900000|  0%| F|  |TAMS 0x000000070f800000, 0x000000070f800000| Untracked 
| 217|0x000000070f900000, 0x000000070f900000, 0x000000070fa00000|  0%| F|  |TAMS 0x000000070f900000, 0x000000070f900000| Untracked 
| 218|0x000000070fa00000, 0x000000070fa00000, 0x000000070fb00000|  0%| F|  |TAMS 0x000000070fa00000, 0x000000070fa00000| Untracked 
| 219|0x000000070fb00000, 0x000000070fb00000, 0x000000070fc00000|  0%| F|  |TAMS 0x000000070fb00000, 0x000000070fb00000| Untracked 
| 220|0x000000070fc00000, 0x000000070fc00000, 0x000000070fd00000|  0%| F|  |TAMS 0x000000070fc00000, 0x000000070fc00000| Untracked 
| 221|0x000000070fd00000, 0x000000070fd00000, 0x000000070fe00000|  0%| F|  |TAMS 0x000000070fd00000, 0x000000070fd00000| Untracked 
| 222|0x000000070fe00000, 0x000000070fe00000, 0x000000070ff00000|  0%| F|  |TAMS 0x000000070fe00000, 0x000000070fe00000| Untracked 
| 223|0x000000070ff00000, 0x000000070ff00000, 0x0000000710000000|  0%| F|  |TAMS 0x000000070ff00000, 0x000000070ff00000| Untracked 
| 224|0x0000000710000000, 0x0000000710000000, 0x0000000710100000|  0%| F|  |TAMS 0x0000000710000000, 0x0000000710000000| Untracked 
| 225|0x0000000710100000, 0x0000000710100000, 0x0000000710200000|  0%| F|  |TAMS 0x0000000710100000, 0x0000000710100000| Untracked 
| 226|0x0000000710200000, 0x0000000710200000, 0x0000000710300000|  0%| F|  |TAMS 0x0000000710200000, 0x0000000710200000| Untracked 
| 227|0x0000000710300000, 0x0000000710300000, 0x0000000710400000|  0%| F|  |TAMS 0x0000000710300000, 0x0000000710300000| Untracked 
| 228|0x0000000710400000, 0x0000000710400000, 0x0000000710500000|  0%| F|  |TAMS 0x0000000710400000, 0x0000000710400000| Untracked 
| 229|0x0000000710500000, 0x0000000710500000, 0x0000000710600000|  0%| F|  |TAMS 0x0000000710500000, 0x0000000710500000| Untracked 
| 230|0x0000000710600000, 0x0000000710600000, 0x0000000710700000|  0%| F|  |TAMS 0x0000000710600000, 0x0000000710600000| Untracked 
| 231|0x0000000710700000, 0x0000000710700000, 0x0000000710800000|  0%| F|  |TAMS 0x0000000710700000, 0x0000000710700000| Untracked 
| 232|0x0000000710800000, 0x0000000710800000, 0x0000000710900000|  0%| F|  |TAMS 0x0000000710800000, 0x0000000710800000| Untracked 
| 233|0x0000000710900000, 0x0000000710900000, 0x0000000710a00000|  0%| F|  |TAMS 0x0000000710900000, 0x0000000710900000| Untracked 
| 234|0x0000000710a00000, 0x0000000710a00000, 0x0000000710b00000|  0%| F|  |TAMS 0x0000000710a00000, 0x0000000710a00000| Untracked 
| 235|0x0000000710b00000, 0x0000000710b00000, 0x0000000710c00000|  0%| F|  |TAMS 0x0000000710b00000, 0x0000000710b00000| Untracked 
| 236|0x0000000710c00000, 0x0000000710c00000, 0x0000000710d00000|  0%| F|  |TAMS 0x0000000710c00000, 0x0000000710c00000| Untracked 
| 237|0x0000000710d00000, 0x0000000710d00000, 0x0000000710e00000|  0%| F|  |TAMS 0x0000000710d00000, 0x0000000710d00000| Untracked 
| 238|0x0000000710e00000, 0x0000000710e00000, 0x0000000710f00000|  0%| F|  |TAMS 0x0000000710e00000, 0x0000000710e00000| Untracked 
| 239|0x0000000710f00000, 0x0000000710f00000, 0x0000000711000000|  0%| F|  |TAMS 0x0000000710f00000, 0x0000000710f00000| Untracked 
| 240|0x0000000711000000, 0x0000000711000000, 0x0000000711100000|  0%| F|  |TAMS 0x0000000711000000, 0x0000000711000000| Untracked 
| 241|0x0000000711100000, 0x00000007111d6b98, 0x0000000711200000| 83%| S|CS|TAMS 0x0000000711100000, 0x0000000711100000| Complete 
| 242|0x0000000711200000, 0x0000000711200000, 0x0000000711300000|  0%| F|  |TAMS 0x0000000711200000, 0x0000000711200000| Untracked 
| 243|0x0000000711300000, 0x0000000711300000, 0x0000000711400000|  0%| F|  |TAMS 0x0000000711300000, 0x0000000711300000| Untracked 
| 244|0x0000000711400000, 0x0000000711500000, 0x0000000711500000|100%| S|CS|TAMS 0x0000000711400000, 0x0000000711400000| Complete 
| 245|0x0000000711500000, 0x0000000711600000, 0x0000000711600000|100%| S|CS|TAMS 0x0000000711500000, 0x0000000711500000| Complete 
| 246|0x0000000711600000, 0x0000000711600000, 0x0000000711700000|  0%| F|  |TAMS 0x0000000711600000, 0x0000000711600000| Untracked 
| 247|0x0000000711700000, 0x0000000711700000, 0x0000000711800000|  0%| F|  |TAMS 0x0000000711700000, 0x0000000711700000| Untracked 
| 248|0x0000000711800000, 0x0000000711800000, 0x0000000711900000|  0%| F|  |TAMS 0x0000000711800000, 0x0000000711800000| Untracked 
| 249|0x0000000711900000, 0x0000000711900000, 0x0000000711a00000|  0%| F|  |TAMS 0x0000000711900000, 0x0000000711900000| Untracked 
| 250|0x0000000711a00000, 0x0000000711a82920, 0x0000000711b00000| 51%| E|  |TAMS 0x0000000711a00000, 0x0000000711a00000| Complete 
| 251|0x0000000711b00000, 0x0000000711c00000, 0x0000000711c00000|100%| E|CS|TAMS 0x0000000711b00000, 0x0000000711b00000| Complete 
| 252|0x0000000711c00000, 0x0000000711d00000, 0x0000000711d00000|100%| E|CS|TAMS 0x0000000711c00000, 0x0000000711c00000| Complete 
| 253|0x0000000711d00000, 0x0000000711e00000, 0x0000000711e00000|100%| E|CS|TAMS 0x0000000711d00000, 0x0000000711d00000| Complete 

Card table byte_map: [0x00000194574a0000,0x0000019457c90000] _byte_map_base: 0x0000019453c90000

Marking Bits (Prev, Next): (CMBitMap*) 0x000001943f2daff0, (CMBitMap*) 0x000001943f2dafb8
 Prev Bits: [0x000001945c400000, 0x0000019460380000)
 Next Bits: [0x0000019458480000, 0x000001945c400000)

Polling page: 0x000001943d980000

Metaspace:

Usage:
  Non-class:     18.40 MB capacity,    18.12 MB ( 98%) used,   229.61 KB (  1%) free+waste,    57.19 KB ( <1%) overhead. 
      Class:      2.63 MB capacity,     2.41 MB ( 92%) used,   190.81 KB (  7%) free+waste,    29.13 KB (  1%) overhead. 
       Both:     21.03 MB capacity,    20.53 MB ( 98%) used,   420.42 KB (  2%) free+waste,    86.31 KB ( <1%) overhead. 

Virtual space:
  Non-class space:       20.00 MB reserved,      18.67 MB ( 93%) committed 
      Class space:        1.00 GB reserved,       2.70 MB ( <1%) committed 
             Both:        1.02 GB reserved,      21.37 MB (  2%) committed 

Chunk freelists:
   Non-Class:  5.00 KB
       Class:  0 bytes
        Both:  5.00 KB

CodeHeap 'non-profiled nmethods': size=120064Kb used=608Kb max_used=608Kb free=119455Kb
 bounds [0x000001944f150000, 0x000001944f3c0000, 0x0000019456690000]
CodeHeap 'profiled nmethods': size=120000Kb used=3532Kb max_used=3532Kb free=116467Kb
 bounds [0x0000019447c20000, 0x0000019447fa0000, 0x000001944f150000]
CodeHeap 'non-nmethods': size=5696Kb used=1260Kb max_used=1279Kb free=4436Kb
 bounds [0x0000019447690000, 0x0000019447900000, 0x0000019447c20000]
 total_blobs=2721 nmethods=1704 adapters=559
 compilation: enabled
              stopped_count=0, restarted_count=0
 full_count=0

Compilation events (10 events):
Event: 3.205 Thread 0x0000019463387800 1690       1       com.aparapi.internal.instruction.Instruction::getLength (5 bytes)
Event: 3.205 Thread 0x0000019463387800 nmethod 1690 0x000001944f1e5010 code [0x000001944f1e51a0, 0x000001944f1e52b8]
Event: 3.205 Thread 0x0000019463387800 1692       1       com.aparapi.internal.instruction.Instruction::getParentExpr (5 bytes)
Event: 3.205 Thread 0x0000019463387800 nmethod 1692 0x000001944f1e5310 code [0x000001944f1e54a0, 0x000001944f1e55b8]
Event: 3.205 Thread 0x0000019463387800 1693       1       com.aparapi.internal.instruction.InstructionSet$LocalVariableIndex08Accessor::getLocalVariableTableIndex (5 bytes)
Event: 3.206 Thread 0x0000019463387800 nmethod 1693 0x000001944f1e5610 code [0x000001944f1e57a0, 0x000001944f1e58b8]
Event: 3.206 Thread 0x0000019463387800 1697       3       com.aparapi.internal.writer.BlockWriter::writeInstruction (2343 bytes)
Event: 3.213 Thread 0x00000194632d2000 nmethod 1679 0x000001944f1e5910 code [0x000001944f1e5b00, 0x000001944f1e65a0]
Event: 3.213 Thread 0x00000194632d2000 1704       4       java.lang.reflect.Method::getRoot (5 bytes)
Event: 3.214 Thread 0x00000194632d2000 nmethod 1704 0x000001944f1e6b10 code [0x000001944f1e6ca0, 0x000001944f1e6d18]

GC Heap History (6 events):
Event: 1.483 GC heap before
{Heap before GC invocations=0 (full 0):
 garbage-first heap   total 260096K, used 13312K [0x0000000702000000, 0x0000000800000000)
  region size 1024K, 14 young (14336K), 0 survivors (0K)
 Metaspace       used 16167K, capacity 16565K, committed 16896K, reserved 1064960K
  class space    used 1763K, capacity 1949K, committed 2048K, reserved 1048576K
}
Event: 1.488 GC heap after
{Heap after GC invocations=1 (full 0):
 garbage-first heap   total 260096K, used 3242K [0x0000000702000000, 0x0000000800000000)
  region size 1024K, 2 young (2048K), 2 survivors (2048K)
 Metaspace       used 16167K, capacity 16565K, committed 16896K, reserved 1064960K
  class space    used 1763K, capacity 1949K, committed 2048K, reserved 1048576K
}
Event: 2.763 GC heap before
{Heap before GC invocations=1 (full 0):
 garbage-first heap   total 260096K, used 22698K [0x0000000702000000, 0x0000000800000000)
  region size 1024K, 12 young (12288K), 2 survivors (2048K)
 Metaspace       used 19207K, capacity 19696K, committed 19840K, reserved 1067008K
  class space    used 2090K, capacity 2313K, committed 2432K, reserved 1048576K
}
Event: 2.768 GC heap after
{Heap after GC invocations=2 (full 0):
 garbage-first heap   total 260096K, used 16065K [0x0000000702000000, 0x0000000800000000)
  region size 1024K, 2 young (2048K), 2 survivors (2048K)
 Metaspace       used 19207K, capacity 19696K, committed 19840K, reserved 1067008K
  class space    used 2090K, capacity 2313K, committed 2432K, reserved 1048576K
}
Event: 2.895 GC heap before
{Heap before GC invocations=2 (full 0):
 garbage-first heap   total 260096K, used 23233K [0x0000000702000000, 0x0000000800000000)
  region size 1024K, 10 young (10240K), 2 survivors (2048K)
 Metaspace       used 20716K, capacity 21178K, committed 21296K, reserved 1069056K
  class space    used 2450K, capacity 2675K, committed 2688K, reserved 1048576K
}
Event: 2.898 GC heap after
{Heap after GC invocations=3 (full 0):
 garbage-first heap   total 260096K, used 16924K [0x0000000702000000, 0x0000000800000000)
  region size 1024K, 3 young (3072K), 3 survivors (3072K)
 Metaspace       used 20716K, capacity 21178K, committed 21296K, reserved 1069056K
  class space    used 2450K, capacity 2675K, committed 2688K, reserved 1048576K
}

Deoptimization events (10 events):
Event: 1.424 Thread 0x00000194638e9000 Uncommon trap: reason=class_check action=maybe_recompile pc=0x000001944f1a9144 method=java.util.HashMap.putVal(ILjava/lang/Object;Ljava/lang/Object;ZZ)Ljava/lang/Object; @ 91 c2
Event: 1.425 Thread 0x00000194638e9000 Uncommon trap: reason=class_check action=maybe_recompile pc=0x000001944f1a9144 method=java.util.HashMap.putVal(ILjava/lang/Object;Ljava/lang/Object;ZZ)Ljava/lang/Object; @ 91 c2
Event: 1.491 Thread 0x0000019463ab5800 Uncommon trap: reason=unstable_if action=reinterpret pc=0x000001944f1a5ca8 method=java.lang.ref.ReferenceQueue.poll()Ljava/lang/ref/Reference; @ 4 c2
Event: 2.632 Thread 0x0000019463c0a800 Uncommon trap: reason=unstable_if action=reinterpret pc=0x000001944f179a14 method=jdk.internal.org.objectweb.asm.Frame.execute(IILjdk/internal/org/objectweb/asm/ClassWriter;Ljdk/internal/org/objectweb/asm/Item;)V @ 1 c2
Event: 2.787 Thread 0x0000019463c0a800 Uncommon trap: reason=bimorphic_or_optimized_type_check action=maybe_recompile pc=0x000001944f1b64f4 method=java.util.HashMap.getNode(ILjava/lang/Object;)Ljava/util/HashMap$Node; @ 126 c2
Event: 2.790 Thread 0x0000019463c0a800 Uncommon trap: reason=unstable_if action=reinterpret pc=0x000001944f1a0a8c method=java.lang.ref.ReferenceQueue.poll()Ljava/lang/ref/Reference; @ 4 c2
Event: 2.793 Thread 0x0000019463c0a800 Uncommon trap: reason=bimorphic_or_optimized_type_check action=maybe_recompile pc=0x000001944f1b64f4 method=java.util.HashMap.getNode(ILjava/lang/Object;)Ljava/util/HashMap$Node; @ 126 c2
Event: 2.793 Thread 0x0000019463c0a800 Uncommon trap: reason=unstable_if action=reinterpret pc=0x000001944f1b640c method=java.util.HashMap.getNode(ILjava/lang/Object;)Ljava/util/HashMap$Node; @ 62 c2
Event: 2.793 Thread 0x0000019463c0a800 Uncommon trap: reason=class_check action=maybe_recompile pc=0x000001944f1aa630 method=java.util.HashMap.putVal(ILjava/lang/Object;Ljava/lang/Object;ZZ)Ljava/lang/Object; @ 91 c2
Event: 2.798 Thread 0x0000019463c0a800 Uncommon trap: reason=unstable_if action=reinterpret pc=0x000001944f18c2e4 method=java.util.concurrent.ConcurrentHashMap.get(Ljava/lang/Object;)Ljava/lang/Object; @ 76 c2

Classes redefined (0 events):
No events

Internal exceptions (10 events):
Event: 1.040 Thread 0x000001943f278000 Exception <a 'java/lang/NoSuchMethodError'{0x000000071122d060}: java.lang.invoke.DirectMethodHandle$Holder.invokeStatic(Ljava/lang/Object;Ljava/lang/Object;D)Ljava/lang/Object;> (0x000000071122d060) thrown at [./open/src/hotspot/share/interpreter/linkReso
Event: 1.073 Thread 0x000001943f278000 Exception <a 'sun/nio/fs/WindowsException'{0x00000007112a46f8}> (0x00000007112a46f8) thrown at [./open/src/hotspot/share/prims/jni.cpp, line 611]
Event: 1.083 Thread 0x000001943f278000 Exception <a 'java/lang/NoSuchMethodError'{0x00000007112c9620}: java.lang.invoke.DirectMethodHandle$Holder.invokeStatic(Ljava/lang/Object;IIII)Ljava/lang/Object;> (0x00000007112c9620) thrown at [./open/src/hotspot/share/interpreter/linkResolver.cpp, line 
Event: 1.084 Thread 0x000001943f278000 Exception <a 'java/lang/NoSuchMethodError'{0x00000007112cc738}: java.lang.invoke.DirectMethodHandle$Holder.invokeStaticInit(Ljava/lang/Object;IIII)Ljava/lang/Object;> (0x00000007112cc738) thrown at [./open/src/hotspot/share/interpreter/linkResolver.cpp, l
Event: 1.409 Thread 0x000001943f278000 Exception <a 'java/lang/NoSuchMethodError'{0x000000071118de30}: java.lang.invoke.DirectMethodHandle$Holder.invokeStatic(Ljava/lang/Object;Ljava/lang/Object;IIII)Ljava/lang/Object;> (0x000000071118de30) thrown at [./open/src/hotspot/share/interpreter/linkR
Event: 1.409 Thread 0x000001943f278000 Exception <a 'java/lang/NoSuchMethodError'{0x00000007111913e0}: java.lang.invoke.DirectMethodHandle$Holder.invokeStaticInit(Ljava/lang/Object;Ljava/lang/Object;IIII)Ljava/lang/Object;> (0x00000007111913e0) thrown at [./open/src/hotspot/share/interpreter/l
Event: 1.441 Thread 0x000001943f278000 Exception <a 'java/lang/NoSuchMethodError'{0x00000007111c5340}: java.lang.invoke.DirectMethodHandle$Holder.invokeStaticInit(Ljava/lang/Object;)V> (0x00000007111c5340) thrown at [./open/src/hotspot/share/interpreter/linkResolver.cpp, line 772]
Event: 1.447 Thread 0x000001943f278000 Exception <a 'java/lang/NoSuchMethodError'{0x000000071103c760}: java.lang.invoke.Invokers$Holder.linkToTargetMethod(Ljava/lang/Object;ILjava/lang/Object;)Ljava/lang/Object;> (0x000000071103c760) thrown at [./open/src/hotspot/share/interpreter/linkResolver
Event: 1.567 Thread 0x0000019463937800 Exception <a 'java/lang/NoSuchMethodError'{0x0000000711b10070}: java.lang.invoke.DirectMethodHandle$Holder.invokeSpecial(Ljava/lang/Object;Ljava/lang/Object;Ljava/lang/Object;IIIID)V> (0x0000000711b10070) thrown at [./open/src/hotspot/share/interpreter/li
Event: 2.632 Thread 0x0000019463c0a800 Exception <a 'java/lang/NoSuchMethodError'{0x0000000711adac68}: java.lang.invoke.DirectMethodHandle$Holder.invokeStaticInit(Ljava/lang/Object;Ljava/lang/Object;Ljava/lang/Object;)I> (0x0000000711adac68) thrown at [./open/src/hotspot/share/interpreter/link

Events (10 events):
Event: 3.200 loading class java/util/Vector$Itr
Event: 3.200 loading class java/util/Vector$Itr done
Event: 3.200 loading class com/aparapi/internal/model/ClassModel$Access
Event: 3.200 loading class com/aparapi/internal/model/ClassModel$Access done
Event: 3.201 loading class com/aparapi/internal/writer/BlockWriter$1
Event: 3.201 loading class com/aparapi/internal/writer/BlockWriter$1 done
Event: 3.202 loading class jdk/internal/math/FDBigInteger
Event: 3.202 loading class jdk/internal/math/FDBigInteger done
Event: 3.220 loading class jdk/internal/reflect/UnsafeObjectFieldAccessorImpl
Event: 3.220 loading class jdk/internal/reflect/UnsafeObjectFieldAccessorImpl done


Dynamic libraries:
0x00007ff72b250000 - 0x00007ff72b297000 	C:\Program Files\Java\jdk-11.0.7\bin\javaw.exe
0x00007fff86090000 - 0x00007fff86288000 	C:\WINDOWS\SYSTEM32\ntdll.dll
0x00007fff84630000 - 0x00007fff846ed000 	C:\WINDOWS\System32\KERNEL32.DLL
0x00007fff83ac0000 - 0x00007fff83d8e000 	C:\WINDOWS\System32\KERNELBASE.dll
0x00007fff85e80000 - 0x00007fff85f2e000 	C:\WINDOWS\System32\ADVAPI32.dll
0x00007fff84b20000 - 0x00007fff84bbe000 	C:\WINDOWS\System32\msvcrt.dll
0x00007fff84320000 - 0x00007fff843bc000 	C:\WINDOWS\System32\sechost.dll
0x00007fff846f0000 - 0x00007fff84815000 	C:\WINDOWS\System32\RPCRT4.dll
0x00007fff84820000 - 0x00007fff849c0000 	C:\WINDOWS\System32\USER32.dll
0x00007fff83d90000 - 0x00007fff83db2000 	C:\WINDOWS\System32\win32u.dll
0x00007fff840f0000 - 0x00007fff8411a000 	C:\WINDOWS\System32\GDI32.dll
0x00007fff83e60000 - 0x00007fff83f6b000 	C:\WINDOWS\System32\gdi32full.dll
0x00007fff83dc0000 - 0x00007fff83e5d000 	C:\WINDOWS\System32\msvcp_win.dll
0x00007fff837b0000 - 0x00007fff838b0000 	C:\WINDOWS\System32\ucrtbase.dll
0x00007fff70c40000 - 0x00007fff70eda000 	C:\WINDOWS\WinSxS\amd64_microsoft.windows.common-controls_6595b64144ccf1df_6.0.19041.1110_none_60b5254171f9507e\COMCTL32.dll
0x00007fff7b6b0000 - 0x00007fff7b6ba000 	C:\WINDOWS\SYSTEM32\VERSION.dll
0x00007fff842f0000 - 0x00007fff84320000 	C:\WINDOWS\System32\IMM32.DLL
0x00007fff7f6e0000 - 0x00007fff7f6f6000 	C:\Program Files\Java\jdk-11.0.7\bin\vcruntime140.dll
0x00007fff7bf70000 - 0x00007fff7c01a000 	C:\Program Files\Java\jdk-11.0.7\bin\msvcp140.dll
0x00007fff35f00000 - 0x00007fff36a61000 	C:\Program Files\Java\jdk-11.0.7\bin\server\jvm.dll
0x00007fff84130000 - 0x00007fff84138000 	C:\WINDOWS\System32\PSAPI.DLL
0x00007fff68e30000 - 0x00007fff68e39000 	C:\WINDOWS\SYSTEM32\WSOCK32.dll
0x00007fff85310000 - 0x00007fff8537b000 	C:\WINDOWS\System32\WS2_32.dll
0x00007fff73790000 - 0x00007fff737b7000 	C:\WINDOWS\SYSTEM32\WINMM.dll
0x00007fff816b0000 - 0x00007fff816c2000 	C:\WINDOWS\SYSTEM32\kernel.appcore.dll
0x00007fff7d5e0000 - 0x00007fff7d5f1000 	C:\Program Files\Java\jdk-11.0.7\bin\verify.dll
0x00007fff717f0000 - 0x00007fff719d4000 	C:\WINDOWS\SYSTEM32\DBGHELP.DLL
0x00007fff65be0000 - 0x00007fff65c0c000 	C:\WINDOWS\SYSTEM32\dbgcore.DLL
0x00007fff84030000 - 0x00007fff840b2000 	C:\WINDOWS\System32\bcryptPrimitives.dll
0x00007fff7c8a0000 - 0x00007fff7c8c9000 	C:\Program Files\Java\jdk-11.0.7\bin\java.dll
0x00007fff7f690000 - 0x00007fff7f69a000 	C:\Program Files\Java\jdk-11.0.7\bin\jimage.dll
0x00007fff7bc00000 - 0x00007fff7bc16000 	C:\Program Files\Java\jdk-11.0.7\bin\zip.dll
0x00007fff84bc0000 - 0x00007fff85304000 	C:\WINDOWS\System32\SHELL32.dll
0x00007fff818b0000 - 0x00007fff82044000 	C:\WINDOWS\SYSTEM32\windows.storage.dll
0x00007fff85380000 - 0x00007fff856d4000 	C:\WINDOWS\System32\combase.dll
0x00007fff83210000 - 0x00007fff83240000 	C:\WINDOWS\SYSTEM32\Wldp.dll
0x00007fff85b50000 - 0x00007fff85bfd000 	C:\WINDOWS\System32\SHCORE.dll
0x00007fff84490000 - 0x00007fff844e5000 	C:\WINDOWS\System32\shlwapi.dll
0x00007fff836f0000 - 0x00007fff8370f000 	C:\WINDOWS\SYSTEM32\profapi.dll
0x00007fff7b930000 - 0x00007fff7b949000 	C:\Program Files\Java\jdk-11.0.7\bin\net.dll
0x00007fff75a60000 - 0x00007fff75b6a000 	C:\WINDOWS\SYSTEM32\WINHTTP.dll
0x00007fff82f70000 - 0x00007fff82fda000 	C:\WINDOWS\system32\mswsock.dll
0x00007fff7b910000 - 0x00007fff7b923000 	C:\Program Files\Java\jdk-11.0.7\bin\nio.dll
0x00007fff36ba0000 - 0x00007fff36d3f000 	C:\Program Files\Java\jdk-11.0.7\bin\awt.dll
0x00007fff843c0000 - 0x00007fff8448d000 	C:\WINDOWS\System32\OLEAUT32.dll
0x00007fff80ff0000 - 0x00007fff81080000 	C:\WINDOWS\SYSTEM32\apphelp.dll
0x00007fff81130000 - 0x00007fff811ce000 	C:\WINDOWS\system32\uxtheme.dll
0x00007fff85f30000 - 0x00007fff86045000 	C:\WINDOWS\System32\MSCTF.dll
0x00007fff849c0000 - 0x00007fff84aea000 	C:\WINDOWS\System32\ole32.dll
0x00007fff587a0000 - 0x00007fff58824000 	C:\Program Files\Java\jdk-11.0.7\bin\freetype.dll
0x00007fff51c30000 - 0x00007fff51cdb000 	C:\Program Files\Java\jdk-11.0.7\bin\fontmanager.dll
0x00007fff814d0000 - 0x00007fff814ff000 	C:\WINDOWS\system32\DWMAPI.DLL
0x00007fff59b10000 - 0x00007fff59c37000 	C:\WINDOWS\system32\opengl32.dll
0x00007fff7c920000 - 0x00007fff7c94c000 	C:\WINDOWS\SYSTEM32\GLU32.dll
0x00007fff83160000 - 0x00007fff83178000 	C:\WINDOWS\SYSTEM32\CRYPTSP.dll
0x00007fff82880000 - 0x00007fff828b4000 	C:\WINDOWS\system32\rsaenh.dll
0x00007fff840c0000 - 0x00007fff840e7000 	C:\WINDOWS\System32\bcrypt.dll
0x00007fff836b0000 - 0x00007fff836de000 	C:\WINDOWS\SYSTEM32\USERENV.dll
0x00007fff83180000 - 0x00007fff8318c000 	C:\WINDOWS\SYSTEM32\CRYPTBASE.dll
0x00007fff82c10000 - 0x00007fff82c4b000 	C:\WINDOWS\SYSTEM32\IPHLPAPI.DLL
0x00007fff84120000 - 0x00007fff84128000 	C:\WINDOWS\System32\NSI.dll
0x00007fff7a2b0000 - 0x00007fff7a2c7000 	C:\WINDOWS\SYSTEM32\dhcpcsvc6.DLL
0x00007fff79b20000 - 0x00007fff79b3d000 	C:\WINDOWS\SYSTEM32\dhcpcsvc.DLL
0x00007fff82c50000 - 0x00007fff82d1b000 	C:\WINDOWS\SYSTEM32\DNSAPI.dll
0x00007fff7f680000 - 0x00007fff7f686000 	C:\Users\pedro\AppData\Local\Temp\flatlaf.temp\flatlaf-windows-x86_64-4779487366050354704.dll
0x00007fff7f670000 - 0x00007fff7f677000 	C:\Program Files\Java\jdk-11.0.7\bin\jawt.dll
0x00007fff58380000 - 0x00007fff58479000 	C:\WINDOWS\SYSTEM32\textinputframework.dll
0x00007fff80a40000 - 0x00007fff80b32000 	C:\WINDOWS\System32\CoreMessaging.dll
0x00007fff806e0000 - 0x00007fff80a3e000 	C:\WINDOWS\System32\CoreUIComponents.dll
0x00007fff824b0000 - 0x00007fff824e3000 	C:\WINDOWS\SYSTEM32\ntmarta.dll
0x00007fff7f700000 - 0x00007fff7f854000 	C:\WINDOWS\SYSTEM32\wintypes.dll
0x0000000061440000 - 0x000000006156b000 	C:\Users\pedro\AppData\Local\Temp\Aparapi302662184770744587\libgcc_s_seh-1.dll
0x000000006fc40000 - 0x00000000714f5000 	C:\Users\pedro\AppData\Local\Temp\Aparapi16566032685956670158\libstdc++-6.dll
0x0000000064500000 - 0x0000000064945000 	C:\Users\pedro\AppData\Local\Temp\Aparapi15809639887654912228\libaparapi.dll
0x00007fff2b670000 - 0x00007fff2b7d8000 	C:\WINDOWS\SYSTEM32\OpenCL.dll
0x00007fff83fe0000 - 0x00007fff8402e000 	C:\WINDOWS\System32\CFGMGR32.dll
0x00007fff85dd0000 - 0x00007fff85e79000 	C:\WINDOWS\System32\clbcatq.dll
0x00007fff7b9c0000 - 0x00007fff7bab7000 	C:\Windows\System32\AppXDeploymentClient.dll
0x00007fff820b0000 - 0x00007fff821a3000 	C:\WINDOWS\SYSTEM32\dxgi.dll
0x00007fff2a1c0000 - 0x00007fff2b282000 	C:\WINDOWS\System32\DriverStore\FileRepository\nvaci.inf_amd64_a309342b77560612\nvopencl64.dll
0x00007fff833a0000 - 0x00007fff833b2000 	C:\WINDOWS\SYSTEM32\msasn1.dll
0x00007fff7b670000 - 0x00007fff7b6a1000 	C:\WINDOWS\SYSTEM32\cryptnet.dll
0x00007fff83960000 - 0x00007fff83ab6000 	C:\WINDOWS\System32\CRYPT32.dll
0x00007fff7a4a0000 - 0x00007fff7a5e8000 	C:\WINDOWS\SYSTEM32\drvstore.dll
0x00007fff83560000 - 0x00007fff8358c000 	C:\WINDOWS\SYSTEM32\devobj.dll
0x00007fff74dd0000 - 0x00007fff75517000 	C:\WINDOWS\SYSTEM32\nvapi64.dll
0x00007fff856e0000 - 0x00007fff85b4f000 	C:\WINDOWS\System32\SETUPAPI.dll
0x00007fff2a030000 - 0x00007fff2a1b3000 	C:\WINDOWS\System32\DriverStore\FileRepository\igdlh64.inf_amd64_ceddadac8a2b489e\IntelOpenCL64.dll
0x00007fff29e50000 - 0x00007fff2a02e000 	C:\Program Files (x86)\Common Files\Intel\OpenCL\bin\x64\intelocl64.dll
0x00007fff449e0000 - 0x00007fff44a8c000 	C:\Program Files (x86)\Common Files\Intel\OpenCL\bin\x64\task_executor64.dll
0x00007fff44360000 - 0x00007fff4444a000 	C:\Program Files (x86)\Common Files\Intel\OpenCL\bin\x64\cpu_device64.dll
0x00007fff799e0000 - 0x00007fff79a1b000 	C:\WINDOWS\SYSTEM32\dxcore.dll
0x00007fff29990000 - 0x00007fff29e4d000 	C:\WINDOWS\System32\DriverStore\FileRepository\igdlh64.inf_amd64_ceddadac8a2b489e\igdrcl64.dll
0x00007fff44700000 - 0x00007fff447c1000 	C:\WINDOWS\System32\DriverStore\FileRepository\igdlh64.inf_amd64_ceddadac8a2b489e\igdfcl64.dll
0x00007fff765f0000 - 0x00007fff783d0000 	C:\WINDOWS\System32\DriverStore\FileRepository\igdlh64.inf_amd64_ceddadac8a2b489e\igc64.dll
0x00007fff26d50000 - 0x00007fff29988000 	C:\WINDOWS\system32\DriverStore\FileRepository\nvaci.inf_amd64_a309342b77560612\nvcompiler64.dll

dbghelp: loaded successfully - version: 4.0.5 - missing functions: none
symbol engine: initialized successfully - sym options: 0x614 - pdb path: .;C:\Program Files\Java\jdk-11.0.7\bin;C:\WINDOWS\SYSTEM32;C:\WINDOWS\WinSxS\amd64_microsoft.windows.common-controls_6595b64144ccf1df_6.0.19041.1110_none_60b5254171f9507e;C:\Program Files\Java\jdk-11.0.7\bin\server;C:\Users\pedro\AppData\Local\Temp\flatlaf.temp;C:\Users\pedro\AppData\Local\Temp\Aparapi302662184770744587;C:\Users\pedro\AppData\Local\Temp\Aparapi16566032685956670158;C:\Users\pedro\AppData\Local\Temp\Aparapi15809639887654912228;C:\WINDOWS\System32\DriverStore\FileRepository\nvaci.inf_amd64_a309342b77560612;C:\WINDOWS\System32\DriverStore\FileRepository\igdlh64.inf_amd64_ceddadac8a2b489e;C:\Program Files (x86)\Common Files\Intel\OpenCL\bin\x64

VM Arguments:
jvm_args: -Dcom.aparapi.enableShowGeneratedOpenCL=true -Dfile.encoding=Cp1252 
java_command: main.main
java_class_path (initial): C:\Users\pedro\git\Mandelbrot\MandelbrotZoomVideo\target\classes;C:\Users\pedro\.m2\repository\org\jcodec\jcodec\0.2.5\jcodec-0.2.5.jar;C:\Users\pedro\.m2\repository\org\jcodec\jcodec-javase\0.2.5\jcodec-javase-0.2.5.jar;C:\Users\pedro\.m2\repository\com\formdev\flatlaf\1.1.2\flatlaf-1.1.2.jar;C:\Users\pedro\.m2\repository\com\aparapi\aparapi\3.0.0\aparapi-3.0.0.jar;C:\Users\pedro\.m2\repository\com\aparapi\aparapi-jni\1.4.3\aparapi-jni-1.4.3.jar;C:\Users\pedro\.m2\repository\org\apache\bcel\bcel\6.5.0\bcel-6.5.0.jar;C:\Users\pedro\.m2\repository\org\scala-lang\scala-library\2.13.6\scala-library-2.13.6.jar
Launcher Type: SUN_STANDARD

[Global flags]
     intx CICompilerCount                          = 3                                         {product} {ergonomic}
     uint ConcGCThreads                            = 1                                         {product} {ergonomic}
     uint G1ConcRefinementThreads                  = 4                                         {product} {ergonomic}
   size_t G1HeapRegionSize                         = 1048576                                   {product} {ergonomic}
    uintx GCDrainStackTargetSize                   = 64                                        {product} {ergonomic}
   size_t InitialHeapSize                          = 266338304                                 {product} {ergonomic}
   size_t MarkStackSize                            = 4194304                                   {product} {ergonomic}
   size_t MaxHeapSize                              = 4261412864                                {product} {ergonomic}
   size_t MaxNewSize                               = 2556428288                                {product} {ergonomic}
   size_t MinHeapDeltaBytes                        = 1048576                                   {product} {ergonomic}
    uintx NonNMethodCodeHeapSize                   = 5830732                                {pd product} {ergonomic}
    uintx NonProfiledCodeHeapSize                  = 122913754                              {pd product} {ergonomic}
    uintx ProfiledCodeHeapSize                     = 122913754                              {pd product} {ergonomic}
    uintx ReservedCodeCacheSize                    = 251658240                              {pd product} {ergonomic}
     bool SegmentedCodeCache                       = true                                      {product} {ergonomic}
     bool UseCompressedClassPointers               = true                                 {lp64_product} {ergonomic}
     bool UseCompressedOops                        = true                                 {lp64_product} {ergonomic}
     bool UseG1GC                                  = true                                      {product} {ergonomic}
     bool UseLargePagesIndividualAllocation        = false                                  {pd product} {ergonomic}

Logging:
Log output configuration:
 #0: stdout all=warning uptime,level,tags
 #1: stderr all=off uptime,level,tags

Environment Variables:
JAVA_HOME=C:\Program Files\Java\jdk1.8.0_152
CLASSPATH=C:\Program Files\JADE-all-4.5.0\JADE-bin-4.5.0\jade\lib\jade.jar;C:\Program Files\swipl\lib\jpl.jar;C:\Users\pedro\Software\InaptAgency\inapts.jar;
PATH=C:/Program Files/Java/jdk-11.0.7/bin/server;C:/Program Files/Java/jdk-11.0.7/bin;C:\Program Files\NVIDIA GPU Computing Toolkit\CUDA\v11.7\bin;C:\Program Files\NVIDIA GPU Computing Toolkit\CUDA\v11.7\libnvvp;;;;;C:\Python38\Scripts\;C:\Python38\;C:\Program Files (x86)\Common Files\Oracle\Java\javapath;C:\Program Files (x86)\Common Files\Intel\Shared Libraries\redist\intel64\compiler;C:\Program Files (x86)\Intel\iCLS Client\;C:\Program Files\Intel\iCLS Client\;C:\Windows\system32;C:\Windows;C:\Windows\System32\Wbem;C:\Windows\System32\WindowsPowerShell\v1.0\;C:\Program Files (x86)\Intel\Intel(R) Management Engine Components\DAL;C:\Program Files\Intel\Intel(R) Management Engine Components\DAL;C:\Program Files (x86)\Intel\Intel(R) Management Engine Components\IPT;C:\Program Files\Intel\Intel(R) Management Engine Components\IPT;C:\WINDOWS\system32;C:\WINDOWS;C:\WINDOWS\System32\Wbem;C:\WINDOWS\System32\WindowsPowerShell\v1.0\;C:\Program Files\Java\jdk1.8.0_271\bin;C:\Program Files\Java\jre1.8.0_271\bin;C:\WINDOWS\System32\OpenSSH\;C:\Program Files\Java\jdk-11.0.5\bin;C:\Users\pedro\Desktop\use-5.2.0\use-5.2.0\bin;C:\Program Files\nodejs\;C:\ProgramData\chocolatey\bin;D:\scala\bin;C:\Users\pedro\AppData\Local\Programs\Git\cmd;C:\Program Files\Docker\Docker\resources\bin;C:\ProgramData\DockerDesktop\version-bin;C:\Program Files\MATLAB\R2022a\bin;C:\Program Files\NVIDIA Corporation\NVIDIA NvDLISR;C:\Program Files (x86)\NVIDIA Corporation\PhysX\Common;C:\Program Files\NVIDIA Corporation\Nsight Compute 2022.2.0\;C:\Users\pedro\AppData\Local\Programs\Python\Python37\Scripts\;C:\Users\pedro\AppData\Local\Programs\Python\Python37\;C:\Users\pedro\AppData\Roaming\Dashlane\4.6.5.21982\bin\Firefox_Extension\{442718d9-475e-452a-b3e1-fb1ee16b8e9f}\components;C:\Users\pedro\AppData\Roaming\Dashlane\4.6.6.23032\bin\Firefox_Extension\{442718d9-475e-452a-b3e1-fb1ee16b8e9f}\components;C:\Users\pedro\AppData\Local\Microsoft\WindowsApps;C:\Users\pedro\AppData\Roaming\Dashlane\5.0.0.10636\b
USERNAME=pedro
OS=Windows_NT
PROCESSOR_IDENTIFIER=Intel64 Family 6 Model 142 Stepping 9, GenuineIntel



---------------  S Y S T E M  ---------------

OS: Windows 10 , 64 bit Build 19041 (10.0.19041.1806)

CPU:total 4 (initial active 4) (2 cores per cpu, 2 threads per core) family 6 model 142 stepping 9, cmov, cx8, fxsr, mmx, sse, sse2, sse3, ssse3, sse4.1, sse4.2, popcnt, avx, avx2, aes, clmul, erms, 3dnowpref, lzcnt, ht, tsc, tscinvbit, bmi1, bmi2, adx, fma

Memory: 4k page, system-wide physical 16252M (10750M free)
TotalPageFile size 18684M (AvailPageFile size 11385M)
current process WorkingSet (physical memory assigned to process): 200M, peak: 200M
current process commit charge ("private bytes"): 492M, peak: 492M

vm_info: Java HotSpot(TM) 64-Bit Server VM (11.0.7+8-LTS) for windows-amd64 JRE (11.0.7+8-LTS), built on Mar 12 2020 02:04:32 by "mach5one" with MS VC++ 15.5 (VS2017)

END.
