#
# A fatal error has been detected by the Java Runtime Environment:
#
#  EXCEPTION_ACCESS_VIOLATION (0xc0000005) at pc=0x00007ffd1f3fda93, pid=4528, tid=9088
#
# JRE version: Java(TM) SE Runtime Environment 18.9 (11.0.7+8) (build 11.0.7+8-LTS)
# Java VM: Java HotSpot(TM) 64-Bit Server VM 18.9 (11.0.7+8-LTS, mixed mode, tiered, compressed oops, g1 gc, windows-amd64)
# Problematic frame:
# C  [nvopencl.dll+0x1eda93]
#
# No core dump will be written. Minidumps are not enabled by default on client versions of Windows
#
# If you would like to submit a bug report, please visit:
#   https://bugreport.java.com/bugreport/crash.jsp
# The crash happened outside the Java Virtual Machine in native code.
# See problematic frame for where to report the bug.
#

---------------  S U M M A R Y ------------

Command Line: -Dcom.aparapi.enableShowGeneratedOpenCL=true -Dfile.encoding=Cp1252 logic.main

Host: Intel(R) Core(TM) i5-7200U CPU @ 2.50GHz, 4 cores, 15G,  Windows 10 , 64 bit Build 19041 (10.0.19041.1466)
Time: Tue Feb  8 21:00:40 2022 GMT Standard Time elapsed time: 6 seconds (0d 0h 0m 6s)

---------------  T H R E A D  ---------------

Current thread (0x00000211bc99e800):  JavaThread "Thread-18" [_thread_in_native, id=9088, stack(0x000000ce98900000,0x000000ce98a00000)]

Stack: [0x000000ce98900000,0x000000ce98a00000],  sp=0x000000ce989fe9a8,  free space=1018k
Native frames: (J=compiled Java code, j=interpreted, Vv=VM code, C=native code)
C  [nvopencl.dll+0x1eda93]

Java frames: (J=compiled Java code, j=interpreted, Vv=VM code)
j  com.aparapi.internal.jni.KernelRunnerJNI.runKernelJNI(JLcom/aparapi/Range;ZILjava/nio/ByteBuffer;Ljava/nio/ByteBuffer;)I+0
j  com.aparapi.internal.kernel.KernelRunner.executeOpenCL(Lcom/aparapi/device/Device;Lcom/aparapi/internal/kernel/KernelRunner$ExecutionSettings;)Lcom/aparapi/Kernel;+96
j  com.aparapi.internal.kernel.KernelRunner.executeInternalInner(Lcom/aparapi/internal/kernel/KernelRunner$ExecutionSettings;)Lcom/aparapi/Kernel;+3272
j  com.aparapi.internal.kernel.KernelRunner.executeInternalOuter(Lcom/aparapi/internal/kernel/KernelRunner$ExecutionSettings;)Lcom/aparapi/Kernel;+2
j  com.aparapi.internal.kernel.KernelRunner.execute(Ljava/lang/String;Lcom/aparapi/Range;I)Lcom/aparapi/Kernel;+78
j  com.aparapi.Kernel.execute(Ljava/lang/String;Lcom/aparapi/Range;I)Lcom/aparapi/Kernel;+7
j  com.aparapi.Kernel.execute(Lcom/aparapi/Range;I)Lcom/aparapi/Kernel;+5
j  com.aparapi.Kernel.execute(I)Lcom/aparapi/Kernel;+7
j  optimizations.FractalKernel.executeAll()V+20
j  gui.FractalNavigator$MyThreadPool$MyThread.workAndUpdate(Llogic/FractalFrame;)V+12
j  gui.FractalNavigator$MyThreadPool$MyThread.run()V+5
v  ~StubRoutines::call_stub

siginfo: EXCEPTION_ACCESS_VIOLATION (0xc0000005), reading address 0x0000000000000008


Register to memory mapping:

RIP=0x00007ffd1f3fda93 nvopencl.dll
RAX=0x00000211c4f8f2c0 points into unknown readable memory: 00 00 00 00 00 00 00 00
RBX=0x00000211c4f8ed70 points into unknown readable memory: b0 4f df b8 11 02 00 00
RCX=0x0 is NULL
RDX=0x00000211bd3e1160 points into unknown readable memory: 70 c6 2f bd 11 02 00 00
RSP=0x000000ce989fe9a8 is pointing into the stack for thread: 0x00000211bc99e800
RBP=0x00000211bd3e13e0 points into unknown readable memory: b0 4f df b8 11 02 00 00
RSI=0x0 is NULL
RDI=0x0 is NULL
R8 =0x0 is NULL
R9 =0x000000000000003f is an unknown value
R10=0x0 is NULL
R11=0x00000211bd3e1160 points into unknown readable memory: 70 c6 2f bd 11 02 00 00
R12=0x00000211ba3227e8 points into unknown readable memory: ff ff ff ff ff ff ff ff
R13=0x0000000000000001 is an unknown value
R14=0x00000211c4bae700 points into unknown readable memory: c0 f2 f8 c4 11 02 00 00
R15=0x0 is NULL


Registers:
RAX=0x00000211c4f8f2c0, RBX=0x00000211c4f8ed70, RCX=0x0000000000000000, RDX=0x00000211bd3e1160
RSP=0x000000ce989fe9a8, RBP=0x00000211bd3e13e0, RSI=0x0000000000000000, RDI=0x0000000000000000
R8 =0x0000000000000000, R9 =0x000000000000003f, R10=0x0000000000000000, R11=0x00000211bd3e1160
R12=0x00000211ba3227e8, R13=0x0000000000000001, R14=0x00000211c4bae700, R15=0x0000000000000000
RIP=0x00007ffd1f3fda93, EFLAGS=0x0000000000010246

Top of Stack: (sp=0x000000ce989fe9a8)
0x000000ce989fe9a8:   00007ffd1f245f4d 0000000000000000
0x000000ce989fe9b8:   00000211c4f8ed70 0000000000000000
0x000000ce989fe9c8:   00007ffd1f241537 0000000000000001
0x000000ce989fe9d8:   00000211c4bae700 0000000000000000
0x000000ce989fe9e8:   00000211c4f8ed70 00000211ba3226e0
0x000000ce989fe9f8:   00007ffd1f2404e0 0000000000000000
0x000000ce989fea08:   0000000000000000 00000211c4e154c0
0x000000ce989fea18:   00007ffd1f23e319 000000ce989fea68
0x000000ce989fea28:   000000ce989fea90 0000000000000000
0x000000ce989fea38:   0000000000000000 0000000000000000
0x000000ce989fea48:   0000000000000018 00000211bd3e13e0
0x000000ce989fea58:   00007ffd1f23504c 00000211c4e154c0
0x000000ce989fea68:   00000211c4e15400 00000000001fa23b
0x000000ce989fea78:   0000000706500010 0000000000000000
0x000000ce989fea88:   00000211bcf2de70 00000211c4f8ed70
0x000000ce989fea98:   000000ce989feae0 00000211c4e154c0 

Instructions: (pc=0x00007ffd1f3fda93)
0x00007ffd1f3fda73:   cc cc cc cc cc cc cc cc cc cc cc cc cc e9 ab 8a
0x00007ffd1f3fda83:   16 00 cc cc cc cc cc cc cc cc cc cc cc 45 33 d2
0x00007ffd1f3fda93:   83 79 08 02 4c 8b c9 0f 84 81 00 00 00 44 39 52
0x00007ffd1f3fdaa3:   0c 75 78 4c 8b 02 49 39 50 18 75 08 48 8b 42 10 


Stack slot to memory mapping:
stack at sp + 0 slots: 0x00007ffd1f245f4d nvopencl.dll
stack at sp + 1 slots: 0x0 is NULL
stack at sp + 2 slots: 0x00000211c4f8ed70 points into unknown readable memory: b0 4f df b8 11 02 00 00
stack at sp + 3 slots: 0x0 is NULL
stack at sp + 4 slots: 0x00007ffd1f241537 nvopencl.dll
stack at sp + 5 slots: 0x0000000000000001 is an unknown value
stack at sp + 6 slots: 0x00000211c4bae700 points into unknown readable memory: c0 f2 f8 c4 11 02 00 00
stack at sp + 7 slots: 0x0 is NULL


---------------  P R O C E S S  ---------------

Threads class SMR info:
_java_thread_list=0x00000211b9eb5da0, length=16, elements={
0x00000211b97b8000, 0x00000211b97c3800, 0x00000211b982f800, 0x00000211b9834000,
0x00000211b9837000, 0x00000211b97e4800, 0x00000211b9841000, 0x00000211b99aa000,
0x00000211b99b3800, 0x00000211b9dce000, 0x00000211b9db6800, 0x00000211b9db7800,
0x00000211bc4e8800, 0x00000211ba014800, 0x0000021195f4a800, 0x00000211bc99e800
}

Java Threads: ( => current thread )
  0x00000211b97b8000 JavaThread "Reference Handler" daemon [_thread_blocked, id=1960, stack(0x000000ce96c00000,0x000000ce96d00000)]
  0x00000211b97c3800 JavaThread "Finalizer" daemon [_thread_blocked, id=6024, stack(0x000000ce96d00000,0x000000ce96e00000)]
  0x00000211b982f800 JavaThread "Signal Dispatcher" daemon [_thread_blocked, id=3728, stack(0x000000ce96e00000,0x000000ce96f00000)]
  0x00000211b9834000 JavaThread "Attach Listener" daemon [_thread_blocked, id=16476, stack(0x000000ce96f00000,0x000000ce97000000)]
  0x00000211b9837000 JavaThread "C2 CompilerThread0" daemon [_thread_blocked, id=8620, stack(0x000000ce97000000,0x000000ce97100000)]
  0x00000211b97e4800 JavaThread "C1 CompilerThread0" daemon [_thread_blocked, id=17492, stack(0x000000ce97100000,0x000000ce97200000)]
  0x00000211b9841000 JavaThread "Sweeper thread" daemon [_thread_blocked, id=9512, stack(0x000000ce97200000,0x000000ce97300000)]
  0x00000211b99aa000 JavaThread "Service Thread" daemon [_thread_blocked, id=15540, stack(0x000000ce97300000,0x000000ce97400000)]
  0x00000211b99b3800 JavaThread "Common-Cleaner" daemon [_thread_blocked, id=13584, stack(0x000000ce97500000,0x000000ce97600000)]
  0x00000211b9dce000 JavaThread "Java2D Disposer" daemon [_thread_blocked, id=10332, stack(0x000000ce97600000,0x000000ce97700000)]
  0x00000211b9db6800 JavaThread "AWT-Shutdown" [_thread_blocked, id=13748, stack(0x000000ce97700000,0x000000ce97800000)]
  0x00000211b9db7800 JavaThread "AWT-Windows" daemon [_thread_in_native, id=15780, stack(0x000000ce97800000,0x000000ce97900000)]
  0x00000211bc4e8800 JavaThread "AWT-EventQueue-0" [_thread_blocked, id=11984, stack(0x000000ce97900000,0x000000ce97a00000)]
  0x00000211ba014800 JavaThread "Image Fetcher 0" daemon [_thread_blocked, id=17348, stack(0x000000ce97b00000,0x000000ce97c00000)]
  0x0000021195f4a800 JavaThread "DestroyJavaVM" [_thread_blocked, id=18348, stack(0x000000ce96500000,0x000000ce96600000)]
=>0x00000211bc99e800 JavaThread "Thread-18" [_thread_in_native, id=9088, stack(0x000000ce98900000,0x000000ce98a00000)]

Other Threads:
  0x00000211b9794000 VMThread "VM Thread" [stack: 0x000000ce96b00000,0x000000ce96c00000] [id=2556]
  0x00000211b99b1800 WatcherThread [stack: 0x000000ce97400000,0x000000ce97500000] [id=9008]
  0x0000021195f61800 GCTaskThread "GC Thread#0" [stack: 0x000000ce96600000,0x000000ce96700000] [id=16304]
  0x00000211b9ffc000 GCTaskThread "GC Thread#1" [stack: 0x000000ce97c00000,0x000000ce97d00000] [id=17172]
  0x00000211ba060000 GCTaskThread "GC Thread#2" [stack: 0x000000ce97d00000,0x000000ce97e00000] [id=18368]
  0x00000211ba00d000 GCTaskThread "GC Thread#3" [stack: 0x000000ce97e00000,0x000000ce97f00000] [id=16748]
  0x0000021195fba800 ConcurrentGCThread "G1 Main Marker" [stack: 0x000000ce96700000,0x000000ce96800000] [id=9268]
  0x0000021195fbb800 ConcurrentGCThread "G1 Conc#0" [stack: 0x000000ce96800000,0x000000ce96900000] [id=1136]
  0x000002119602e000 ConcurrentGCThread "G1 Refine#0" [stack: 0x000000ce96900000,0x000000ce96a00000] [id=15772]
  0x00000211b9da0000 ConcurrentGCThread "G1 Refine#1" [stack: 0x000000ce97f00000,0x000000ce98000000] [id=15048]
  0x00000211b8dfb800 ConcurrentGCThread "G1 Young RemSet Sampling" [stack: 0x000000ce96a00000,0x000000ce96b00000] [id=16740]

Threads with active compile tasks:

VM state:not at safepoint (normal execution)

VM Mutex/Monitor currently owned by a thread: None

Heap address: 0x0000000702000000, size: 4064 MB, Compressed Oops mode: Zero based, Oop shift amount: 3
Narrow klass base: 0x0000000800000000, Narrow klass shift: 0
Compressed class space size: 1073741824 Address: 0x0000000800000000

Heap:
 garbage-first heap   total 260096K, used 86223K [0x0000000702000000, 0x0000000800000000)
  region size 1024K, 7 young (7168K), 1 survivors (1024K)
 Metaspace       used 20198K, capacity 20704K, committed 20736K, reserved 1067008K
  class space    used 2353K, capacity 2541K, committed 2560K, reserved 1048576K
Heap Regions: E=young(eden), S=young(survivor), O=old, HS=humongous(starts), HC=humongous(continues), CS=collection set, F=free, A=archive, TAMS=top-at-mark-start (previous, next)
|   0|0x0000000702000000, 0x0000000702100000, 0x0000000702100000|100%|HS|  |TAMS 0x0000000702000000, 0x0000000702000000| Complete 
|   1|0x0000000702100000, 0x0000000702200000, 0x0000000702200000|100%|HC|  |TAMS 0x0000000702100000, 0x0000000702100000| Complete 
|   2|0x0000000702200000, 0x0000000702300000, 0x0000000702300000|100%|HC|  |TAMS 0x0000000702200000, 0x0000000702200000| Complete 
|   3|0x0000000702300000, 0x0000000702400000, 0x0000000702400000|100%| O|  |TAMS 0x0000000702300000, 0x0000000702300000| Untracked 
|   4|0x0000000702400000, 0x0000000702500000, 0x0000000702500000|100%| O|  |TAMS 0x0000000702400000, 0x0000000702400000| Untracked 
|   5|0x0000000702500000, 0x0000000702600000, 0x0000000702600000|100%|HS|  |TAMS 0x0000000702500000, 0x0000000702500000| Complete 
|   6|0x0000000702600000, 0x0000000702700000, 0x0000000702700000|100%|HC|  |TAMS 0x0000000702600000, 0x0000000702600000| Complete 
|   7|0x0000000702700000, 0x0000000702800000, 0x0000000702800000|100%|HS|  |TAMS 0x0000000702700000, 0x0000000702700000| Complete 
|   8|0x0000000702800000, 0x0000000702900000, 0x0000000702900000|100%|HC|  |TAMS 0x0000000702800000, 0x0000000702800000| Complete 
|   9|0x0000000702900000, 0x0000000702a00000, 0x0000000702a00000|100%| O|  |TAMS 0x0000000702900000, 0x0000000702900000| Untracked 
|  10|0x0000000702a00000, 0x0000000702a33c00, 0x0000000702b00000| 20%| O|  |TAMS 0x0000000702a00000, 0x0000000702a00000| Untracked 
|  11|0x0000000702b00000, 0x0000000702c00000, 0x0000000702c00000|100%|HS|  |TAMS 0x0000000702b00000, 0x0000000702b00000| Complete 
|  12|0x0000000702c00000, 0x0000000702d00000, 0x0000000702d00000|100%|HC|  |TAMS 0x0000000702c00000, 0x0000000702c00000| Complete 
|  13|0x0000000702d00000, 0x0000000702e00000, 0x0000000702e00000|100%|HS|  |TAMS 0x0000000702d00000, 0x0000000702d00000| Complete 
|  14|0x0000000702e00000, 0x0000000702f00000, 0x0000000702f00000|100%|HC|  |TAMS 0x0000000702e00000, 0x0000000702e00000| Complete 
|  15|0x0000000702f00000, 0x0000000703000000, 0x0000000703000000|100%|HS|  |TAMS 0x0000000702f00000, 0x0000000702f00000| Complete 
|  16|0x0000000703000000, 0x0000000703100000, 0x0000000703100000|100%|HC|  |TAMS 0x0000000703000000, 0x0000000703000000| Complete 
|  17|0x0000000703100000, 0x0000000703200000, 0x0000000703200000|100%|HS|  |TAMS 0x0000000703100000, 0x0000000703100000| Complete 
|  18|0x0000000703200000, 0x0000000703300000, 0x0000000703300000|100%|HC|  |TAMS 0x0000000703200000, 0x0000000703200000| Complete 
|  19|0x0000000703300000, 0x0000000703400000, 0x0000000703400000|100%|HS|  |TAMS 0x0000000703300000, 0x0000000703300000| Complete 
|  20|0x0000000703400000, 0x0000000703500000, 0x0000000703500000|100%|HC|  |TAMS 0x0000000703400000, 0x0000000703400000| Complete 
|  21|0x0000000703500000, 0x0000000703600000, 0x0000000703600000|100%|HS|  |TAMS 0x0000000703500000, 0x0000000703500000| Complete 
|  22|0x0000000703600000, 0x0000000703700000, 0x0000000703700000|100%|HC|  |TAMS 0x0000000703600000, 0x0000000703600000| Complete 
|  23|0x0000000703700000, 0x0000000703800000, 0x0000000703800000|100%|HS|  |TAMS 0x0000000703700000, 0x0000000703700000| Complete 
|  24|0x0000000703800000, 0x0000000703900000, 0x0000000703900000|100%|HC|  |TAMS 0x0000000703800000, 0x0000000703800000| Complete 
|  25|0x0000000703900000, 0x0000000703a00000, 0x0000000703a00000|100%|HS|  |TAMS 0x0000000703900000, 0x0000000703900000| Complete 
|  26|0x0000000703a00000, 0x0000000703b00000, 0x0000000703b00000|100%|HC|  |TAMS 0x0000000703a00000, 0x0000000703a00000| Complete 
|  27|0x0000000703b00000, 0x0000000703c00000, 0x0000000703c00000|100%|HS|  |TAMS 0x0000000703b00000, 0x0000000703b00000| Complete 
|  28|0x0000000703c00000, 0x0000000703d00000, 0x0000000703d00000|100%|HC|  |TAMS 0x0000000703c00000, 0x0000000703c00000| Complete 
|  29|0x0000000703d00000, 0x0000000703e00000, 0x0000000703e00000|100%|HS|  |TAMS 0x0000000703d00000, 0x0000000703d00000| Complete 
|  30|0x0000000703e00000, 0x0000000703f00000, 0x0000000703f00000|100%|HC|  |TAMS 0x0000000703e00000, 0x0000000703e00000| Complete 
|  31|0x0000000703f00000, 0x0000000704000000, 0x0000000704000000|100%|HS|  |TAMS 0x0000000703f00000, 0x0000000703f00000| Complete 
|  32|0x0000000704000000, 0x0000000704100000, 0x0000000704100000|100%|HC|  |TAMS 0x0000000704000000, 0x0000000704000000| Complete 
|  33|0x0000000704100000, 0x0000000704200000, 0x0000000704200000|100%|HS|  |TAMS 0x0000000704100000, 0x0000000704100000| Complete 
|  34|0x0000000704200000, 0x0000000704300000, 0x0000000704300000|100%|HC|  |TAMS 0x0000000704200000, 0x0000000704200000| Complete 
|  35|0x0000000704300000, 0x0000000704400000, 0x0000000704400000|100%|HS|  |TAMS 0x0000000704300000, 0x0000000704300000| Complete 
|  36|0x0000000704400000, 0x0000000704500000, 0x0000000704500000|100%|HC|  |TAMS 0x0000000704400000, 0x0000000704400000| Complete 
|  37|0x0000000704500000, 0x0000000704600000, 0x0000000704600000|100%|HS|  |TAMS 0x0000000704500000, 0x0000000704500000| Complete 
|  38|0x0000000704600000, 0x0000000704700000, 0x0000000704700000|100%|HC|  |TAMS 0x0000000704600000, 0x0000000704600000| Complete 
|  39|0x0000000704700000, 0x0000000704800000, 0x0000000704800000|100%|HS|  |TAMS 0x0000000704700000, 0x0000000704700000| Complete 
|  40|0x0000000704800000, 0x0000000704900000, 0x0000000704900000|100%|HC|  |TAMS 0x0000000704800000, 0x0000000704800000| Complete 
|  41|0x0000000704900000, 0x0000000704a00000, 0x0000000704a00000|100%|HS|  |TAMS 0x0000000704900000, 0x0000000704900000| Complete 
|  42|0x0000000704a00000, 0x0000000704b00000, 0x0000000704b00000|100%|HC|  |TAMS 0x0000000704a00000, 0x0000000704a00000| Complete 
|  43|0x0000000704b00000, 0x0000000704c00000, 0x0000000704c00000|100%|HS|  |TAMS 0x0000000704b00000, 0x0000000704b00000| Complete 
|  44|0x0000000704c00000, 0x0000000704d00000, 0x0000000704d00000|100%|HC|  |TAMS 0x0000000704c00000, 0x0000000704c00000| Complete 
|  45|0x0000000704d00000, 0x0000000704e00000, 0x0000000704e00000|100%|HS|  |TAMS 0x0000000704d00000, 0x0000000704d00000| Complete 
|  46|0x0000000704e00000, 0x0000000704f00000, 0x0000000704f00000|100%|HC|  |TAMS 0x0000000704e00000, 0x0000000704e00000| Complete 
|  47|0x0000000704f00000, 0x0000000705000000, 0x0000000705000000|100%|HS|  |TAMS 0x0000000704f00000, 0x0000000704f00000| Complete 
|  48|0x0000000705000000, 0x0000000705100000, 0x0000000705100000|100%|HC|  |TAMS 0x0000000705000000, 0x0000000705000000| Complete 
|  49|0x0000000705100000, 0x0000000705200000, 0x0000000705200000|100%|HS|  |TAMS 0x0000000705100000, 0x0000000705100000| Complete 
|  50|0x0000000705200000, 0x0000000705300000, 0x0000000705300000|100%|HC|  |TAMS 0x0000000705200000, 0x0000000705200000| Complete 
|  51|0x0000000705300000, 0x0000000705400000, 0x0000000705400000|100%|HS|  |TAMS 0x0000000705300000, 0x0000000705300000| Complete 
|  52|0x0000000705400000, 0x0000000705500000, 0x0000000705500000|100%|HC|  |TAMS 0x0000000705400000, 0x0000000705400000| Complete 
|  53|0x0000000705500000, 0x0000000705600000, 0x0000000705600000|100%|HS|  |TAMS 0x0000000705500000, 0x0000000705500000| Complete 
|  54|0x0000000705600000, 0x0000000705700000, 0x0000000705700000|100%|HC|  |TAMS 0x0000000705600000, 0x0000000705600000| Complete 
|  55|0x0000000705700000, 0x0000000705800000, 0x0000000705800000|100%|HS|  |TAMS 0x0000000705700000, 0x0000000705700000| Complete 
|  56|0x0000000705800000, 0x0000000705900000, 0x0000000705900000|100%|HC|  |TAMS 0x0000000705800000, 0x0000000705800000| Complete 
|  57|0x0000000705900000, 0x0000000705a00000, 0x0000000705a00000|100%|HS|  |TAMS 0x0000000705900000, 0x0000000705900000| Complete 
|  58|0x0000000705a00000, 0x0000000705b00000, 0x0000000705b00000|100%|HC|  |TAMS 0x0000000705a00000, 0x0000000705a00000| Complete 
|  59|0x0000000705b00000, 0x0000000705c00000, 0x0000000705c00000|100%|HS|  |TAMS 0x0000000705b00000, 0x0000000705b00000| Complete 
|  60|0x0000000705c00000, 0x0000000705d00000, 0x0000000705d00000|100%|HC|  |TAMS 0x0000000705c00000, 0x0000000705c00000| Complete 
|  61|0x0000000705d00000, 0x0000000705e00000, 0x0000000705e00000|100%|HS|  |TAMS 0x0000000705d00000, 0x0000000705d00000| Complete 
|  62|0x0000000705e00000, 0x0000000705f00000, 0x0000000705f00000|100%|HC|  |TAMS 0x0000000705e00000, 0x0000000705e00000| Complete 
|  63|0x0000000705f00000, 0x0000000706000000, 0x0000000706000000|100%|HS|  |TAMS 0x0000000705f00000, 0x0000000705f00000| Complete 
|  64|0x0000000706000000, 0x0000000706100000, 0x0000000706100000|100%|HC|  |TAMS 0x0000000706000000, 0x0000000706000000| Complete 
|  65|0x0000000706100000, 0x0000000706200000, 0x0000000706200000|100%|HS|  |TAMS 0x0000000706100000, 0x0000000706100000| Complete 
|  66|0x0000000706200000, 0x0000000706300000, 0x0000000706300000|100%|HC|  |TAMS 0x0000000706200000, 0x0000000706200000| Complete 
|  67|0x0000000706300000, 0x0000000706400000, 0x0000000706400000|100%|HS|  |TAMS 0x0000000706300000, 0x0000000706300000| Complete 
|  68|0x0000000706400000, 0x0000000706500000, 0x0000000706500000|100%|HC|  |TAMS 0x0000000706400000, 0x0000000706400000| Complete 
|  69|0x0000000706500000, 0x0000000706600000, 0x0000000706600000|100%|HS|  |TAMS 0x0000000706500000, 0x0000000706500000| Complete 
|  70|0x0000000706600000, 0x0000000706700000, 0x0000000706700000|100%|HC|  |TAMS 0x0000000706600000, 0x0000000706600000| Complete 
|  71|0x0000000706700000, 0x0000000706800000, 0x0000000706800000|100%|HS|  |TAMS 0x0000000706700000, 0x0000000706700000| Complete 
|  72|0x0000000706800000, 0x0000000706900000, 0x0000000706900000|100%|HC|  |TAMS 0x0000000706800000, 0x0000000706800000| Complete 
|  73|0x0000000706900000, 0x0000000706a00000, 0x0000000706a00000|100%|HS|  |TAMS 0x0000000706900000, 0x0000000706900000| Complete 
|  74|0x0000000706a00000, 0x0000000706b00000, 0x0000000706b00000|100%|HC|  |TAMS 0x0000000706a00000, 0x0000000706a00000| Complete 
|  75|0x0000000706b00000, 0x0000000706c00000, 0x0000000706c00000|100%|HS|  |TAMS 0x0000000706b00000, 0x0000000706b00000| Complete 
|  76|0x0000000706c00000, 0x0000000706d00000, 0x0000000706d00000|100%|HC|  |TAMS 0x0000000706c00000, 0x0000000706c00000| Complete 
|  77|0x0000000706d00000, 0x0000000706e00000, 0x0000000706e00000|100%|HS|  |TAMS 0x0000000706d00000, 0x0000000706d00000| Complete 
|  78|0x0000000706e00000, 0x0000000706f00000, 0x0000000706f00000|100%|HC|  |TAMS 0x0000000706e00000, 0x0000000706e00000| Complete 
|  79|0x0000000706f00000, 0x0000000706f00000, 0x0000000707000000|  0%| F|  |TAMS 0x0000000706f00000, 0x0000000706f00000| Untracked 
|  80|0x0000000707000000, 0x0000000707000000, 0x0000000707100000|  0%| F|  |TAMS 0x0000000707000000, 0x0000000707000000| Untracked 
|  81|0x0000000707100000, 0x0000000707100000, 0x0000000707200000|  0%| F|  |TAMS 0x0000000707100000, 0x0000000707100000| Untracked 
|  82|0x0000000707200000, 0x0000000707200000, 0x0000000707300000|  0%| F|  |TAMS 0x0000000707200000, 0x0000000707200000| Untracked 
|  83|0x0000000707300000, 0x0000000707300000, 0x0000000707400000|  0%| F|  |TAMS 0x0000000707300000, 0x0000000707300000| Untracked 
|  84|0x0000000707400000, 0x0000000707400000, 0x0000000707500000|  0%| F|  |TAMS 0x0000000707400000, 0x0000000707400000| Untracked 
|  85|0x0000000707500000, 0x0000000707500000, 0x0000000707600000|  0%| F|  |TAMS 0x0000000707500000, 0x0000000707500000| Untracked 
|  86|0x0000000707600000, 0x0000000707600000, 0x0000000707700000|  0%| F|  |TAMS 0x0000000707600000, 0x0000000707600000| Untracked 
|  87|0x0000000707700000, 0x0000000707700000, 0x0000000707800000|  0%| F|  |TAMS 0x0000000707700000, 0x0000000707700000| Untracked 
|  88|0x0000000707800000, 0x0000000707800000, 0x0000000707900000|  0%| F|  |TAMS 0x0000000707800000, 0x0000000707800000| Untracked 
|  89|0x0000000707900000, 0x0000000707900000, 0x0000000707a00000|  0%| F|  |TAMS 0x0000000707900000, 0x0000000707900000| Untracked 
|  90|0x0000000707a00000, 0x0000000707a00000, 0x0000000707b00000|  0%| F|  |TAMS 0x0000000707a00000, 0x0000000707a00000| Untracked 
|  91|0x0000000707b00000, 0x0000000707b00000, 0x0000000707c00000|  0%| F|  |TAMS 0x0000000707b00000, 0x0000000707b00000| Untracked 
|  92|0x0000000707c00000, 0x0000000707c00000, 0x0000000707d00000|  0%| F|  |TAMS 0x0000000707c00000, 0x0000000707c00000| Untracked 
|  93|0x0000000707d00000, 0x0000000707d00000, 0x0000000707e00000|  0%| F|  |TAMS 0x0000000707d00000, 0x0000000707d00000| Untracked 
|  94|0x0000000707e00000, 0x0000000707e00000, 0x0000000707f00000|  0%| F|  |TAMS 0x0000000707e00000, 0x0000000707e00000| Untracked 
|  95|0x0000000707f00000, 0x0000000707f00000, 0x0000000708000000|  0%| F|  |TAMS 0x0000000707f00000, 0x0000000707f00000| Untracked 
|  96|0x0000000708000000, 0x0000000708000000, 0x0000000708100000|  0%| F|  |TAMS 0x0000000708000000, 0x0000000708000000| Untracked 
|  97|0x0000000708100000, 0x0000000708100000, 0x0000000708200000|  0%| F|  |TAMS 0x0000000708100000, 0x0000000708100000| Untracked 
|  98|0x0000000708200000, 0x0000000708200000, 0x0000000708300000|  0%| F|  |TAMS 0x0000000708200000, 0x0000000708200000| Untracked 
|  99|0x0000000708300000, 0x0000000708300000, 0x0000000708400000|  0%| F|  |TAMS 0x0000000708300000, 0x0000000708300000| Untracked 
| 100|0x0000000708400000, 0x0000000708400000, 0x0000000708500000|  0%| F|  |TAMS 0x0000000708400000, 0x0000000708400000| Untracked 
| 101|0x0000000708500000, 0x0000000708500000, 0x0000000708600000|  0%| F|  |TAMS 0x0000000708500000, 0x0000000708500000| Untracked 
| 102|0x0000000708600000, 0x0000000708600000, 0x0000000708700000|  0%| F|  |TAMS 0x0000000708600000, 0x0000000708600000| Untracked 
| 103|0x0000000708700000, 0x0000000708700000, 0x0000000708800000|  0%| F|  |TAMS 0x0000000708700000, 0x0000000708700000| Untracked 
| 104|0x0000000708800000, 0x0000000708800000, 0x0000000708900000|  0%| F|  |TAMS 0x0000000708800000, 0x0000000708800000| Untracked 
| 105|0x0000000708900000, 0x0000000708900000, 0x0000000708a00000|  0%| F|  |TAMS 0x0000000708900000, 0x0000000708900000| Untracked 
| 106|0x0000000708a00000, 0x0000000708a00000, 0x0000000708b00000|  0%| F|  |TAMS 0x0000000708a00000, 0x0000000708a00000| Untracked 
| 107|0x0000000708b00000, 0x0000000708b00000, 0x0000000708c00000|  0%| F|  |TAMS 0x0000000708b00000, 0x0000000708b00000| Untracked 
| 108|0x0000000708c00000, 0x0000000708c00000, 0x0000000708d00000|  0%| F|  |TAMS 0x0000000708c00000, 0x0000000708c00000| Untracked 
| 109|0x0000000708d00000, 0x0000000708d00000, 0x0000000708e00000|  0%| F|  |TAMS 0x0000000708d00000, 0x0000000708d00000| Untracked 
| 110|0x0000000708e00000, 0x0000000708e00000, 0x0000000708f00000|  0%| F|  |TAMS 0x0000000708e00000, 0x0000000708e00000| Untracked 
| 111|0x0000000708f00000, 0x0000000708f00000, 0x0000000709000000|  0%| F|  |TAMS 0x0000000708f00000, 0x0000000708f00000| Untracked 
| 112|0x0000000709000000, 0x0000000709000000, 0x0000000709100000|  0%| F|  |TAMS 0x0000000709000000, 0x0000000709000000| Untracked 
| 113|0x0000000709100000, 0x0000000709100000, 0x0000000709200000|  0%| F|  |TAMS 0x0000000709100000, 0x0000000709100000| Untracked 
| 114|0x0000000709200000, 0x0000000709200000, 0x0000000709300000|  0%| F|  |TAMS 0x0000000709200000, 0x0000000709200000| Untracked 
| 115|0x0000000709300000, 0x0000000709300000, 0x0000000709400000|  0%| F|  |TAMS 0x0000000709300000, 0x0000000709300000| Untracked 
| 116|0x0000000709400000, 0x0000000709400000, 0x0000000709500000|  0%| F|  |TAMS 0x0000000709400000, 0x0000000709400000| Untracked 
| 117|0x0000000709500000, 0x0000000709500000, 0x0000000709600000|  0%| F|  |TAMS 0x0000000709500000, 0x0000000709500000| Untracked 
| 118|0x0000000709600000, 0x0000000709600000, 0x0000000709700000|  0%| F|  |TAMS 0x0000000709600000, 0x0000000709600000| Untracked 
| 119|0x0000000709700000, 0x0000000709700000, 0x0000000709800000|  0%| F|  |TAMS 0x0000000709700000, 0x0000000709700000| Untracked 
| 120|0x0000000709800000, 0x0000000709800000, 0x0000000709900000|  0%| F|  |TAMS 0x0000000709800000, 0x0000000709800000| Untracked 
| 121|0x0000000709900000, 0x0000000709900000, 0x0000000709a00000|  0%| F|  |TAMS 0x0000000709900000, 0x0000000709900000| Untracked 
| 122|0x0000000709a00000, 0x0000000709a00000, 0x0000000709b00000|  0%| F|  |TAMS 0x0000000709a00000, 0x0000000709a00000| Untracked 
| 123|0x0000000709b00000, 0x0000000709b00000, 0x0000000709c00000|  0%| F|  |TAMS 0x0000000709b00000, 0x0000000709b00000| Untracked 
| 124|0x0000000709c00000, 0x0000000709c00000, 0x0000000709d00000|  0%| F|  |TAMS 0x0000000709c00000, 0x0000000709c00000| Untracked 
| 125|0x0000000709d00000, 0x0000000709d00000, 0x0000000709e00000|  0%| F|  |TAMS 0x0000000709d00000, 0x0000000709d00000| Untracked 
| 126|0x0000000709e00000, 0x0000000709e00000, 0x0000000709f00000|  0%| F|  |TAMS 0x0000000709e00000, 0x0000000709e00000| Untracked 
| 127|0x0000000709f00000, 0x0000000709f00000, 0x000000070a000000|  0%| F|  |TAMS 0x0000000709f00000, 0x0000000709f00000| Untracked 
| 128|0x000000070a000000, 0x000000070a000000, 0x000000070a100000|  0%| F|  |TAMS 0x000000070a000000, 0x000000070a000000| Untracked 
| 129|0x000000070a100000, 0x000000070a100000, 0x000000070a200000|  0%| F|  |TAMS 0x000000070a100000, 0x000000070a100000| Untracked 
| 130|0x000000070a200000, 0x000000070a200000, 0x000000070a300000|  0%| F|  |TAMS 0x000000070a200000, 0x000000070a200000| Untracked 
| 131|0x000000070a300000, 0x000000070a300000, 0x000000070a400000|  0%| F|  |TAMS 0x000000070a300000, 0x000000070a300000| Untracked 
| 132|0x000000070a400000, 0x000000070a400000, 0x000000070a500000|  0%| F|  |TAMS 0x000000070a400000, 0x000000070a400000| Untracked 
| 133|0x000000070a500000, 0x000000070a500000, 0x000000070a600000|  0%| F|  |TAMS 0x000000070a500000, 0x000000070a500000| Untracked 
| 134|0x000000070a600000, 0x000000070a600000, 0x000000070a700000|  0%| F|  |TAMS 0x000000070a600000, 0x000000070a600000| Untracked 
| 135|0x000000070a700000, 0x000000070a700000, 0x000000070a800000|  0%| F|  |TAMS 0x000000070a700000, 0x000000070a700000| Untracked 
| 136|0x000000070a800000, 0x000000070a800000, 0x000000070a900000|  0%| F|  |TAMS 0x000000070a800000, 0x000000070a800000| Untracked 
| 137|0x000000070a900000, 0x000000070a900000, 0x000000070aa00000|  0%| F|  |TAMS 0x000000070a900000, 0x000000070a900000| Untracked 
| 138|0x000000070aa00000, 0x000000070aa00000, 0x000000070ab00000|  0%| F|  |TAMS 0x000000070aa00000, 0x000000070aa00000| Untracked 
| 139|0x000000070ab00000, 0x000000070ab00000, 0x000000070ac00000|  0%| F|  |TAMS 0x000000070ab00000, 0x000000070ab00000| Untracked 
| 140|0x000000070ac00000, 0x000000070ac00000, 0x000000070ad00000|  0%| F|  |TAMS 0x000000070ac00000, 0x000000070ac00000| Untracked 
| 141|0x000000070ad00000, 0x000000070ad00000, 0x000000070ae00000|  0%| F|  |TAMS 0x000000070ad00000, 0x000000070ad00000| Untracked 
| 142|0x000000070ae00000, 0x000000070ae00000, 0x000000070af00000|  0%| F|  |TAMS 0x000000070ae00000, 0x000000070ae00000| Untracked 
| 143|0x000000070af00000, 0x000000070af00000, 0x000000070b000000|  0%| F|  |TAMS 0x000000070af00000, 0x000000070af00000| Untracked 
| 144|0x000000070b000000, 0x000000070b000000, 0x000000070b100000|  0%| F|  |TAMS 0x000000070b000000, 0x000000070b000000| Untracked 
| 145|0x000000070b100000, 0x000000070b100000, 0x000000070b200000|  0%| F|  |TAMS 0x000000070b100000, 0x000000070b100000| Untracked 
| 146|0x000000070b200000, 0x000000070b200000, 0x000000070b300000|  0%| F|  |TAMS 0x000000070b200000, 0x000000070b200000| Untracked 
| 147|0x000000070b300000, 0x000000070b300000, 0x000000070b400000|  0%| F|  |TAMS 0x000000070b300000, 0x000000070b300000| Untracked 
| 148|0x000000070b400000, 0x000000070b400000, 0x000000070b500000|  0%| F|  |TAMS 0x000000070b400000, 0x000000070b400000| Untracked 
| 149|0x000000070b500000, 0x000000070b500000, 0x000000070b600000|  0%| F|  |TAMS 0x000000070b500000, 0x000000070b500000| Untracked 
| 150|0x000000070b600000, 0x000000070b600000, 0x000000070b700000|  0%| F|  |TAMS 0x000000070b600000, 0x000000070b600000| Untracked 
| 151|0x000000070b700000, 0x000000070b700000, 0x000000070b800000|  0%| F|  |TAMS 0x000000070b700000, 0x000000070b700000| Untracked 
| 152|0x000000070b800000, 0x000000070b800000, 0x000000070b900000|  0%| F|  |TAMS 0x000000070b800000, 0x000000070b800000| Untracked 
| 153|0x000000070b900000, 0x000000070b900000, 0x000000070ba00000|  0%| F|  |TAMS 0x000000070b900000, 0x000000070b900000| Untracked 
| 154|0x000000070ba00000, 0x000000070ba00000, 0x000000070bb00000|  0%| F|  |TAMS 0x000000070ba00000, 0x000000070ba00000| Untracked 
| 155|0x000000070bb00000, 0x000000070bb00000, 0x000000070bc00000|  0%| F|  |TAMS 0x000000070bb00000, 0x000000070bb00000| Untracked 
| 156|0x000000070bc00000, 0x000000070bc00000, 0x000000070bd00000|  0%| F|  |TAMS 0x000000070bc00000, 0x000000070bc00000| Untracked 
| 157|0x000000070bd00000, 0x000000070bd00000, 0x000000070be00000|  0%| F|  |TAMS 0x000000070bd00000, 0x000000070bd00000| Untracked 
| 158|0x000000070be00000, 0x000000070be00000, 0x000000070bf00000|  0%| F|  |TAMS 0x000000070be00000, 0x000000070be00000| Untracked 
| 159|0x000000070bf00000, 0x000000070bf00000, 0x000000070c000000|  0%| F|  |TAMS 0x000000070bf00000, 0x000000070bf00000| Untracked 
| 160|0x000000070c000000, 0x000000070c000000, 0x000000070c100000|  0%| F|  |TAMS 0x000000070c000000, 0x000000070c000000| Untracked 
| 161|0x000000070c100000, 0x000000070c100000, 0x000000070c200000|  0%| F|  |TAMS 0x000000070c100000, 0x000000070c100000| Untracked 
| 162|0x000000070c200000, 0x000000070c200000, 0x000000070c300000|  0%| F|  |TAMS 0x000000070c200000, 0x000000070c200000| Untracked 
| 163|0x000000070c300000, 0x000000070c300000, 0x000000070c400000|  0%| F|  |TAMS 0x000000070c300000, 0x000000070c300000| Untracked 
| 164|0x000000070c400000, 0x000000070c400000, 0x000000070c500000|  0%| F|  |TAMS 0x000000070c400000, 0x000000070c400000| Untracked 
| 165|0x000000070c500000, 0x000000070c500000, 0x000000070c600000|  0%| F|  |TAMS 0x000000070c500000, 0x000000070c500000| Untracked 
| 166|0x000000070c600000, 0x000000070c600000, 0x000000070c700000|  0%| F|  |TAMS 0x000000070c600000, 0x000000070c600000| Untracked 
| 167|0x000000070c700000, 0x000000070c700000, 0x000000070c800000|  0%| F|  |TAMS 0x000000070c700000, 0x000000070c700000| Untracked 
| 168|0x000000070c800000, 0x000000070c800000, 0x000000070c900000|  0%| F|  |TAMS 0x000000070c800000, 0x000000070c800000| Untracked 
| 169|0x000000070c900000, 0x000000070c900000, 0x000000070ca00000|  0%| F|  |TAMS 0x000000070c900000, 0x000000070c900000| Untracked 
| 170|0x000000070ca00000, 0x000000070ca00000, 0x000000070cb00000|  0%| F|  |TAMS 0x000000070ca00000, 0x000000070ca00000| Untracked 
| 171|0x000000070cb00000, 0x000000070cb00000, 0x000000070cc00000|  0%| F|  |TAMS 0x000000070cb00000, 0x000000070cb00000| Untracked 
| 172|0x000000070cc00000, 0x000000070cc00000, 0x000000070cd00000|  0%| F|  |TAMS 0x000000070cc00000, 0x000000070cc00000| Untracked 
| 173|0x000000070cd00000, 0x000000070cd00000, 0x000000070ce00000|  0%| F|  |TAMS 0x000000070cd00000, 0x000000070cd00000| Untracked 
| 174|0x000000070ce00000, 0x000000070ce00000, 0x000000070cf00000|  0%| F|  |TAMS 0x000000070ce00000, 0x000000070ce00000| Untracked 
| 175|0x000000070cf00000, 0x000000070cf00000, 0x000000070d000000|  0%| F|  |TAMS 0x000000070cf00000, 0x000000070cf00000| Untracked 
| 176|0x000000070d000000, 0x000000070d000000, 0x000000070d100000|  0%| F|  |TAMS 0x000000070d000000, 0x000000070d000000| Untracked 
| 177|0x000000070d100000, 0x000000070d100000, 0x000000070d200000|  0%| F|  |TAMS 0x000000070d100000, 0x000000070d100000| Untracked 
| 178|0x000000070d200000, 0x000000070d200000, 0x000000070d300000|  0%| F|  |TAMS 0x000000070d200000, 0x000000070d200000| Untracked 
| 179|0x000000070d300000, 0x000000070d300000, 0x000000070d400000|  0%| F|  |TAMS 0x000000070d300000, 0x000000070d300000| Untracked 
| 180|0x000000070d400000, 0x000000070d400000, 0x000000070d500000|  0%| F|  |TAMS 0x000000070d400000, 0x000000070d400000| Untracked 
| 181|0x000000070d500000, 0x000000070d500000, 0x000000070d600000|  0%| F|  |TAMS 0x000000070d500000, 0x000000070d500000| Untracked 
| 182|0x000000070d600000, 0x000000070d600000, 0x000000070d700000|  0%| F|  |TAMS 0x000000070d600000, 0x000000070d600000| Untracked 
| 183|0x000000070d700000, 0x000000070d700000, 0x000000070d800000|  0%| F|  |TAMS 0x000000070d700000, 0x000000070d700000| Untracked 
| 184|0x000000070d800000, 0x000000070d800000, 0x000000070d900000|  0%| F|  |TAMS 0x000000070d800000, 0x000000070d800000| Untracked 
| 185|0x000000070d900000, 0x000000070d900000, 0x000000070da00000|  0%| F|  |TAMS 0x000000070d900000, 0x000000070d900000| Untracked 
| 186|0x000000070da00000, 0x000000070da00000, 0x000000070db00000|  0%| F|  |TAMS 0x000000070da00000, 0x000000070da00000| Untracked 
| 187|0x000000070db00000, 0x000000070db00000, 0x000000070dc00000|  0%| F|  |TAMS 0x000000070db00000, 0x000000070db00000| Untracked 
| 188|0x000000070dc00000, 0x000000070dc00000, 0x000000070dd00000|  0%| F|  |TAMS 0x000000070dc00000, 0x000000070dc00000| Untracked 
| 189|0x000000070dd00000, 0x000000070dd00000, 0x000000070de00000|  0%| F|  |TAMS 0x000000070dd00000, 0x000000070dd00000| Untracked 
| 190|0x000000070de00000, 0x000000070de00000, 0x000000070df00000|  0%| F|  |TAMS 0x000000070de00000, 0x000000070de00000| Untracked 
| 191|0x000000070df00000, 0x000000070df00000, 0x000000070e000000|  0%| F|  |TAMS 0x000000070df00000, 0x000000070df00000| Untracked 
| 192|0x000000070e000000, 0x000000070e000000, 0x000000070e100000|  0%| F|  |TAMS 0x000000070e000000, 0x000000070e000000| Untracked 
| 193|0x000000070e100000, 0x000000070e100000, 0x000000070e200000|  0%| F|  |TAMS 0x000000070e100000, 0x000000070e100000| Untracked 
| 194|0x000000070e200000, 0x000000070e200000, 0x000000070e300000|  0%| F|  |TAMS 0x000000070e200000, 0x000000070e200000| Untracked 
| 195|0x000000070e300000, 0x000000070e300000, 0x000000070e400000|  0%| F|  |TAMS 0x000000070e300000, 0x000000070e300000| Untracked 
| 196|0x000000070e400000, 0x000000070e400000, 0x000000070e500000|  0%| F|  |TAMS 0x000000070e400000, 0x000000070e400000| Untracked 
| 197|0x000000070e500000, 0x000000070e500000, 0x000000070e600000|  0%| F|  |TAMS 0x000000070e500000, 0x000000070e500000| Untracked 
| 198|0x000000070e600000, 0x000000070e600000, 0x000000070e700000|  0%| F|  |TAMS 0x000000070e600000, 0x000000070e600000| Untracked 
| 199|0x000000070e700000, 0x000000070e700000, 0x000000070e800000|  0%| F|  |TAMS 0x000000070e700000, 0x000000070e700000| Untracked 
| 200|0x000000070e800000, 0x000000070e800000, 0x000000070e900000|  0%| F|  |TAMS 0x000000070e800000, 0x000000070e800000| Untracked 
| 201|0x000000070e900000, 0x000000070e900000, 0x000000070ea00000|  0%| F|  |TAMS 0x000000070e900000, 0x000000070e900000| Untracked 
| 202|0x000000070ea00000, 0x000000070ea00000, 0x000000070eb00000|  0%| F|  |TAMS 0x000000070ea00000, 0x000000070ea00000| Untracked 
| 203|0x000000070eb00000, 0x000000070eb00000, 0x000000070ec00000|  0%| F|  |TAMS 0x000000070eb00000, 0x000000070eb00000| Untracked 
| 204|0x000000070ec00000, 0x000000070ec00000, 0x000000070ed00000|  0%| F|  |TAMS 0x000000070ec00000, 0x000000070ec00000| Untracked 
| 205|0x000000070ed00000, 0x000000070ed00000, 0x000000070ee00000|  0%| F|  |TAMS 0x000000070ed00000, 0x000000070ed00000| Untracked 
| 206|0x000000070ee00000, 0x000000070ee00000, 0x000000070ef00000|  0%| F|  |TAMS 0x000000070ee00000, 0x000000070ee00000| Untracked 
| 207|0x000000070ef00000, 0x000000070ef00000, 0x000000070f000000|  0%| F|  |TAMS 0x000000070ef00000, 0x000000070ef00000| Untracked 
| 208|0x000000070f000000, 0x000000070f000000, 0x000000070f100000|  0%| F|  |TAMS 0x000000070f000000, 0x000000070f000000| Untracked 
| 209|0x000000070f100000, 0x000000070f100000, 0x000000070f200000|  0%| F|  |TAMS 0x000000070f100000, 0x000000070f100000| Untracked 
| 210|0x000000070f200000, 0x000000070f200000, 0x000000070f300000|  0%| F|  |TAMS 0x000000070f200000, 0x000000070f200000| Untracked 
| 211|0x000000070f300000, 0x000000070f300000, 0x000000070f400000|  0%| F|  |TAMS 0x000000070f300000, 0x000000070f300000| Untracked 
| 212|0x000000070f400000, 0x000000070f400000, 0x000000070f500000|  0%| F|  |TAMS 0x000000070f400000, 0x000000070f400000| Untracked 
| 213|0x000000070f500000, 0x000000070f500000, 0x000000070f600000|  0%| F|  |TAMS 0x000000070f500000, 0x000000070f500000| Untracked 
| 214|0x000000070f600000, 0x000000070f600000, 0x000000070f700000|  0%| F|  |TAMS 0x000000070f600000, 0x000000070f600000| Untracked 
| 215|0x000000070f700000, 0x000000070f700000, 0x000000070f800000|  0%| F|  |TAMS 0x000000070f700000, 0x000000070f700000| Untracked 
| 216|0x000000070f800000, 0x000000070f800000, 0x000000070f900000|  0%| F|  |TAMS 0x000000070f800000, 0x000000070f800000| Untracked 
| 217|0x000000070f900000, 0x000000070f900000, 0x000000070fa00000|  0%| F|  |TAMS 0x000000070f900000, 0x000000070f900000| Untracked 
| 218|0x000000070fa00000, 0x000000070fa00000, 0x000000070fb00000|  0%| F|  |TAMS 0x000000070fa00000, 0x000000070fa00000| Untracked 
| 219|0x000000070fb00000, 0x000000070fb00000, 0x000000070fc00000|  0%| F|  |TAMS 0x000000070fb00000, 0x000000070fb00000| Untracked 
| 220|0x000000070fc00000, 0x000000070fc00000, 0x000000070fd00000|  0%| F|  |TAMS 0x000000070fc00000, 0x000000070fc00000| Untracked 
| 221|0x000000070fd00000, 0x000000070fd00000, 0x000000070fe00000|  0%| F|  |TAMS 0x000000070fd00000, 0x000000070fd00000| Untracked 
| 222|0x000000070fe00000, 0x000000070fe00000, 0x000000070ff00000|  0%| F|  |TAMS 0x000000070fe00000, 0x000000070fe00000| Untracked 
| 223|0x000000070ff00000, 0x000000070ff00000, 0x0000000710000000|  0%| F|  |TAMS 0x000000070ff00000, 0x000000070ff00000| Untracked 
| 224|0x0000000710000000, 0x0000000710000000, 0x0000000710100000|  0%| F|  |TAMS 0x0000000710000000, 0x0000000710000000| Untracked 
| 225|0x0000000710100000, 0x0000000710100000, 0x0000000710200000|  0%| F|  |TAMS 0x0000000710100000, 0x0000000710100000| Untracked 
| 226|0x0000000710200000, 0x0000000710200000, 0x0000000710300000|  0%| F|  |TAMS 0x0000000710200000, 0x0000000710200000| Untracked 
| 227|0x0000000710300000, 0x0000000710300000, 0x0000000710400000|  0%| F|  |TAMS 0x0000000710300000, 0x0000000710300000| Untracked 
| 228|0x0000000710400000, 0x0000000710400000, 0x0000000710500000|  0%| F|  |TAMS 0x0000000710400000, 0x0000000710400000| Untracked 
| 229|0x0000000710500000, 0x0000000710500000, 0x0000000710600000|  0%| F|  |TAMS 0x0000000710500000, 0x0000000710500000| Untracked 
| 230|0x0000000710600000, 0x0000000710600000, 0x0000000710700000|  0%| F|  |TAMS 0x0000000710600000, 0x0000000710600000| Untracked 
| 231|0x0000000710700000, 0x0000000710700000, 0x0000000710800000|  0%| F|  |TAMS 0x0000000710700000, 0x0000000710700000| Untracked 
| 232|0x0000000710800000, 0x0000000710800000, 0x0000000710900000|  0%| F|  |TAMS 0x0000000710800000, 0x0000000710800000| Untracked 
| 233|0x0000000710900000, 0x0000000710900000, 0x0000000710a00000|  0%| F|  |TAMS 0x0000000710900000, 0x0000000710900000| Untracked 
| 234|0x0000000710a00000, 0x0000000710a00000, 0x0000000710b00000|  0%| F|  |TAMS 0x0000000710a00000, 0x0000000710a00000| Untracked 
| 235|0x0000000710b00000, 0x0000000710b00000, 0x0000000710c00000|  0%| F|  |TAMS 0x0000000710b00000, 0x0000000710b00000| Untracked 
| 236|0x0000000710c00000, 0x0000000710c00000, 0x0000000710d00000|  0%| F|  |TAMS 0x0000000710c00000, 0x0000000710c00000| Untracked 
| 237|0x0000000710d00000, 0x0000000710d00000, 0x0000000710e00000|  0%| F|  |TAMS 0x0000000710d00000, 0x0000000710d00000| Untracked 
| 238|0x0000000710e00000, 0x0000000710e00000, 0x0000000710f00000|  0%| F|  |TAMS 0x0000000710e00000, 0x0000000710e00000| Untracked 
| 239|0x0000000710f00000, 0x0000000710f00000, 0x0000000711000000|  0%| F|  |TAMS 0x0000000710f00000, 0x0000000710f00000| Untracked 
| 240|0x0000000711000000, 0x0000000711000000, 0x0000000711100000|  0%| F|  |TAMS 0x0000000711000000, 0x0000000711000000| Untracked 
| 241|0x0000000711100000, 0x0000000711100000, 0x0000000711200000|  0%| F|  |TAMS 0x0000000711100000, 0x0000000711100000| Untracked 
| 242|0x0000000711200000, 0x0000000711200000, 0x0000000711300000|  0%| F|  |TAMS 0x0000000711200000, 0x0000000711200000| Untracked 
| 243|0x0000000711300000, 0x0000000711400000, 0x0000000711400000|100%| S|CS|TAMS 0x0000000711300000, 0x0000000711300000| Complete 
| 244|0x0000000711400000, 0x0000000711400000, 0x0000000711500000|  0%| F|  |TAMS 0x0000000711400000, 0x0000000711400000| Untracked 
| 245|0x0000000711500000, 0x0000000711500000, 0x0000000711600000|  0%| F|  |TAMS 0x0000000711500000, 0x0000000711500000| Untracked 
| 246|0x0000000711600000, 0x0000000711600000, 0x0000000711700000|  0%| F|  |TAMS 0x0000000711600000, 0x0000000711600000| Untracked 
| 247|0x0000000711700000, 0x0000000711700000, 0x0000000711800000|  0%| F|  |TAMS 0x0000000711700000, 0x0000000711700000| Untracked 
| 248|0x0000000711800000, 0x00000007118d0f90, 0x0000000711900000| 81%| E|  |TAMS 0x0000000711800000, 0x0000000711800000| Complete 
| 249|0x0000000711900000, 0x0000000711a00000, 0x0000000711a00000|100%| E|CS|TAMS 0x0000000711900000, 0x0000000711900000| Complete 
| 250|0x0000000711a00000, 0x0000000711b00000, 0x0000000711b00000|100%| E|CS|TAMS 0x0000000711a00000, 0x0000000711a00000| Complete 
| 251|0x0000000711b00000, 0x0000000711c00000, 0x0000000711c00000|100%| E|CS|TAMS 0x0000000711b00000, 0x0000000711b00000| Complete 
| 252|0x0000000711c00000, 0x0000000711d00000, 0x0000000711d00000|100%| E|CS|TAMS 0x0000000711c00000, 0x0000000711c00000| Complete 
| 253|0x0000000711d00000, 0x0000000711e00000, 0x0000000711e00000|100%| E|CS|TAMS 0x0000000711d00000, 0x0000000711d00000| Complete 

Card table byte_map: [0x00000211adb50000,0x00000211ae340000] _byte_map_base: 0x00000211aa340000

Marking Bits (Prev, Next): (CMBitMap*) 0x0000021195fa9e58, (CMBitMap*) 0x0000021195fa9e90
 Prev Bits: [0x00000211aeb30000, 0x00000211b2ab0000)
 Next Bits: [0x00000211b2ab0000, 0x00000211b6a30000)

Polling page: 0x0000021193f70000

Metaspace:

Usage:
  Non-class:     17.74 MB capacity,    17.43 MB ( 98%) used,   263.72 KB (  1%) free+waste,    54.44 KB ( <1%) overhead. 
      Class:      2.48 MB capacity,     2.30 MB ( 93%) used,   159.92 KB (  6%) free+waste,    27.63 KB (  1%) overhead. 
       Both:     20.22 MB capacity,    19.72 MB ( 98%) used,   423.64 KB (  2%) free+waste,    82.06 KB ( <1%) overhead. 

Virtual space:
  Non-class space:       18.00 MB reserved,      17.75 MB ( 99%) committed 
      Class space:        1.00 GB reserved,       2.50 MB ( <1%) committed 
             Both:        1.02 GB reserved,      20.25 MB (  2%) committed 

Chunk freelists:
   Non-Class:  1.63 KB
       Class:  0 bytes
        Both:  1.63 KB

CodeHeap 'non-profiled nmethods': size=120064Kb used=577Kb max_used=577Kb free=119486Kb
 bounds [0x00000211a5e20000, 0x00000211a6090000, 0x00000211ad360000]
CodeHeap 'profiled nmethods': size=120000Kb used=3595Kb max_used=3595Kb free=116405Kb
 bounds [0x000002119e8f0000, 0x000002119ec80000, 0x00000211a5e20000]
CodeHeap 'non-nmethods': size=5696Kb used=1255Kb max_used=1267Kb free=4440Kb
 bounds [0x000002119e360000, 0x000002119e5d0000, 0x000002119e8f0000]
 total_blobs=2759 nmethods=1782 adapters=552
 compilation: enabled
              stopped_count=0, restarted_count=0
 full_count=0

Compilation events (10 events):
Event: 6.214 Thread 0x00000211b97e4800 1776       1       com.aparapi.internal.kernel.KernelArg::setNumElements (6 bytes)
Event: 6.214 Thread 0x00000211b97e4800 nmethod 1776 0x00000211a5eaf610 code [0x00000211a5eaf7a0, 0x00000211a5eaf8b8]
Event: 6.214 Thread 0x00000211b97e4800 1777       1       com.aparapi.internal.kernel.KernelArg::getNumElements (5 bytes)
Event: 6.215 Thread 0x00000211b97e4800 nmethod 1777 0x00000211a5eaf910 code [0x00000211a5eafaa0, 0x00000211a5eafbb8]
Event: 6.215 Thread 0x00000211b97e4800 1778       1       com.aparapi.internal.kernel.KernelArg::getPrimitiveSize (5 bytes)
Event: 6.215 Thread 0x00000211b97e4800 nmethod 1778 0x00000211a5eafc10 code [0x00000211a5eafda0, 0x00000211a5eafeb8]
Event: 6.215 Thread 0x00000211b97e4800 1779       1       com.aparapi.internal.kernel.KernelArg::setSizeInBytes (6 bytes)
Event: 6.215 Thread 0x00000211b97e4800 nmethod 1779 0x00000211a5eaff10 code [0x00000211a5eb00a0, 0x00000211a5eb01b8]
Event: 6.215 Thread 0x00000211b97e4800 1780       1       com.aparapi.internal.kernel.KernelArg::getArray (5 bytes)
Event: 6.215 Thread 0x00000211b97e4800 nmethod 1780 0x00000211a5eb0210 code [0x00000211a5eb03a0, 0x00000211a5eb04b8]

GC Heap History (4 events):
Event: 1.512 GC heap before
{Heap before GC invocations=0 (full 0):
 garbage-first heap   total 260096K, used 17408K [0x0000000702000000, 0x0000000800000000)
  region size 1024K, 14 young (14336K), 0 survivors (0K)
 Metaspace       used 16962K, capacity 17409K, committed 17536K, reserved 1064960K
  class space    used 1844K, capacity 2061K, committed 2176K, reserved 1048576K
}
Event: 1.519 GC heap after
{Heap after GC invocations=1 (full 0):
 garbage-first heap   total 260096K, used 6291K [0x0000000702000000, 0x0000000800000000)
  region size 1024K, 2 young (2048K), 2 survivors (2048K)
 Metaspace       used 16962K, capacity 17409K, committed 17536K, reserved 1064960K
  class space    used 1844K, capacity 2061K, committed 2176K, reserved 1048576K
}
Event: 2.318 GC heap before
{Heap before GC invocations=1 (full 0):
 garbage-first heap   total 260096K, used 20627K [0x0000000702000000, 0x0000000800000000)
  region size 1024K, 12 young (12288K), 2 survivors (2048K)
 Metaspace       used 19649K, capacity 20104K, committed 20224K, reserved 1067008K
  class space    used 2320K, capacity 2526K, committed 2560K, reserved 1048576K
}
Event: 2.324 GC heap after
{Heap after GC invocations=2 (full 0):
 garbage-first heap   total 260096K, used 11471K [0x0000000702000000, 0x0000000800000000)
  region size 1024K, 1 young (1024K), 1 survivors (1024K)
 Metaspace       used 19649K, capacity 20104K, committed 20224K, reserved 1067008K
  class space    used 2320K, capacity 2526K, committed 2560K, reserved 1048576K
}

Deoptimization events (10 events):
Event: 1.428 Thread 0x0000021195f4a800 Uncommon trap: reason=unstable_if action=reinterpret pc=0x00000211a5e73ef8 method=java.util.Objects.equals(Ljava/lang/Object;Ljava/lang/Object;)Z @ 6 c2
Event: 1.526 Thread 0x00000211bc4e8800 Uncommon trap: reason=unstable_if action=reinterpret pc=0x00000211a5e78bc4 method=java.lang.ref.ReferenceQueue.poll()Ljava/lang/ref/Reference; @ 4 c2
Event: 2.193 Thread 0x00000211b9daf800 Uncommon trap: reason=bimorphic_or_optimized_type_check action=maybe_recompile pc=0x00000211a5e85cd4 method=java.util.HashMap.getNode(ILjava/lang/Object;)Ljava/util/HashMap$Node; @ 126 c2
Event: 2.193 Thread 0x00000211b9daf800 Uncommon trap: reason=unstable_if action=reinterpret pc=0x00000211a5e85c48 method=java.util.HashMap.getNode(ILjava/lang/Object;)Ljava/util/HashMap$Node; @ 62 c2
Event: 2.193 Thread 0x00000211b9daf800 Uncommon trap: reason=bimorphic_or_optimized_type_check action=maybe_recompile pc=0x00000211a5e7d1cc method=java.util.HashMap.putVal(ILjava/lang/Object;Ljava/lang/Object;ZZ)Ljava/lang/Object; @ 91 c2
Event: 2.194 Thread 0x00000211b9daf800 Uncommon trap: reason=bimorphic_or_optimized_type_check action=maybe_recompile pc=0x00000211a5e7d1cc method=java.util.HashMap.putVal(ILjava/lang/Object;Ljava/lang/Object;ZZ)Ljava/lang/Object; @ 91 c2
Event: 2.194 Thread 0x00000211b9daf800 Uncommon trap: reason=bimorphic_or_optimized_type_check action=maybe_recompile pc=0x00000211a5e7d1cc method=java.util.HashMap.putVal(ILjava/lang/Object;Ljava/lang/Object;ZZ)Ljava/lang/Object; @ 91 c2
Event: 2.194 Thread 0x00000211b9daf800 Uncommon trap: reason=bimorphic_or_optimized_type_check action=maybe_recompile pc=0x00000211a5e7d1cc method=java.util.HashMap.putVal(ILjava/lang/Object;Ljava/lang/Object;ZZ)Ljava/lang/Object; @ 91 c2
Event: 2.200 Thread 0x00000211b9daf800 Uncommon trap: reason=unstable_if action=reinterpret pc=0x00000211a5e57b88 method=java.util.concurrent.ConcurrentHashMap.get(Ljava/lang/Object;)Ljava/lang/Object; @ 76 c2
Event: 4.471 Thread 0x00000211b9daf800 Uncommon trap: reason=unstable_if action=reinterpret pc=0x00000211a5ea4d20 method=java.awt.image.ComponentSampleModel.getPixels(IIII[ILjava/awt/image/DataBuffer;)[I @ 91 c2

Classes redefined (0 events):
No events

Internal exceptions (10 events):
Event: 0.982 Thread 0x0000021195f4a800 Exception <a 'java/lang/NoSuchMethodError'{0x0000000711308fc8}: java.lang.invoke.DirectMethodHandle$Holder.invokeStatic(Ljava/lang/Object;IIII)Ljava/lang/Object;> (0x0000000711308fc8) thrown at [./open/src/hotspot/share/interpreter/linkResolver.cpp, line 
Event: 0.982 Thread 0x0000021195f4a800 Exception <a 'java/lang/NoSuchMethodError'{0x000000071130c0e0}: java.lang.invoke.DirectMethodHandle$Holder.invokeStaticInit(Ljava/lang/Object;IIII)Ljava/lang/Object;> (0x000000071130c0e0) thrown at [./open/src/hotspot/share/interpreter/linkResolver.cpp, l
Event: 1.316 Thread 0x0000021195f4a800 Exception <a 'java/lang/NoSuchMethodError'{0x0000000711395860}: java.lang.invoke.DirectMethodHandle$Holder.invokeStatic(Ljava/lang/Object;Ljava/lang/Object;IIII)Ljava/lang/Object;> (0x0000000711395860) thrown at [./open/src/hotspot/share/interpreter/linkR
Event: 1.317 Thread 0x0000021195f4a800 Exception <a 'java/lang/NoSuchMethodError'{0x0000000711398ba8}: java.lang.invoke.DirectMethodHandle$Holder.invokeStaticInit(Ljava/lang/Object;Ljava/lang/Object;IIII)Ljava/lang/Object;> (0x0000000711398ba8) thrown at [./open/src/hotspot/share/interpreter/l
Event: 1.369 Thread 0x0000021195f4a800 Exception <a 'java/lang/NoSuchMethodError'{0x0000000711278760}: java.lang.invoke.DirectMethodHandle$Holder.invokeStatic(Ljava/lang/Object;Ljava/lang/Object;D)Ljava/lang/Object;> (0x0000000711278760) thrown at [./open/src/hotspot/share/interpreter/linkReso
Event: 1.392 Thread 0x0000021195f4a800 Exception <a 'java/lang/NoSuchMethodError'{0x00000007112f5a68}: java.lang.invoke.DirectMethodHandle$Holder.invokeStaticInit(Ljava/lang/Object;)V> (0x00000007112f5a68) thrown at [./open/src/hotspot/share/interpreter/linkResolver.cpp, line 772]
Event: 1.398 Thread 0x0000021195f4a800 Exception <a 'java/lang/NoSuchMethodError'{0x00000007111452b0}: java.lang.invoke.Invokers$Holder.linkToTargetMethod(Ljava/lang/Object;ILjava/lang/Object;)Ljava/lang/Object;> (0x00000007111452b0) thrown at [./open/src/hotspot/share/interpreter/linkResolver
Event: 1.413 Thread 0x0000021195f4a800 Implicit null exception at 0x00000211a5e50aaf to 0x00000211a5e50b29
Event: 1.531 Thread 0x00000211bc4e8800 Exception <a 'java/lang/NoSuchMethodError'{0x0000000711d2e8b0}: java.lang.invoke.DirectMethodHandle$Holder.invokeSpecial(Ljava/lang/Object;Ljava/lang/Object;Ljava/lang/Object;IIIID)V> (0x0000000711d2e8b0) thrown at [./open/src/hotspot/share/interpreter/li
Event: 4.471 Thread 0x00000211b9daf800 Implicit null exception at 0x00000211a5ea46e2 to 0x00000211a5ea4cfa

Events (10 events):
Event: 6.048 Executing VM operation: RevokeBias
Event: 6.048 Executing VM operation: RevokeBias done
Event: 6.073 Thread 0x00000211bc9a0000 Thread exited: 0x00000211bc9a0000
Event: 6.191 Thread 0x00000211bc99f000 Thread added: 0x00000211bc99f000
Event: 6.191 Executing VM operation: RevokeBias
Event: 6.191 Executing VM operation: RevokeBias done
Event: 6.213 Thread 0x00000211bc99e800 Thread added: 0x00000211bc99e800
Event: 6.213 Thread 0x00000211bc99f000 Thread exited: 0x00000211bc99f000
Event: 6.213 Executing VM operation: RevokeBias
Event: 6.213 Executing VM operation: RevokeBias done


Dynamic libraries:
0x00007ff7038c0000 - 0x00007ff703907000 	C:\Program Files\Java\jdk-11.0.7\bin\javaw.exe
0x00007ffd7c9b0000 - 0x00007ffd7cba5000 	C:\WINDOWS\SYSTEM32\ntdll.dll
0x00007ffd7b150000 - 0x00007ffd7b20e000 	C:\WINDOWS\System32\KERNEL32.DLL
0x00007ffd7a370000 - 0x00007ffd7a638000 	C:\WINDOWS\System32\KERNELBASE.dll
0x00007ffd7c410000 - 0x00007ffd7c4be000 	C:\WINDOWS\System32\ADVAPI32.dll
0x00007ffd7be00000 - 0x00007ffd7be9e000 	C:\WINDOWS\System32\msvcrt.dll
0x00007ffd7c5d0000 - 0x00007ffd7c66c000 	C:\WINDOWS\System32\sechost.dll
0x00007ffd7c700000 - 0x00007ffd7c825000 	C:\WINDOWS\System32\RPCRT4.dll
0x00007ffd7c250000 - 0x00007ffd7c3f1000 	C:\WINDOWS\System32\USER32.dll
0x00007ffd7a2a0000 - 0x00007ffd7a2c2000 	C:\WINDOWS\System32\win32u.dll
0x00007ffd7bfd0000 - 0x00007ffd7bffb000 	C:\WINDOWS\System32\GDI32.dll
0x00007ffd7a7d0000 - 0x00007ffd7a8dd000 	C:\WINDOWS\System32\gdi32full.dll
0x00007ffd7a2d0000 - 0x00007ffd7a36d000 	C:\WINDOWS\System32\msvcp_win.dll
0x00007ffd7a1a0000 - 0x00007ffd7a2a0000 	C:\WINDOWS\System32\ucrtbase.dll
0x00007ffd5ded0000 - 0x00007ffd5e16a000 	C:\WINDOWS\WinSxS\amd64_microsoft.windows.common-controls_6595b64144ccf1df_6.0.19041.1110_none_60b5254171f9507e\COMCTL32.dll
0x00007ffd6e220000 - 0x00007ffd6e22a000 	C:\WINDOWS\SYSTEM32\VERSION.dll
0x00007ffd7ae70000 - 0x00007ffd7aea0000 	C:\WINDOWS\System32\IMM32.DLL
0x00007ffd74780000 - 0x00007ffd74796000 	C:\Program Files\Java\jdk-11.0.7\bin\vcruntime140.dll
0x00007ffd564d0000 - 0x00007ffd5657a000 	C:\Program Files\Java\jdk-11.0.7\bin\msvcp140.dll
0x00007ffd224a0000 - 0x00007ffd23001000 	C:\Program Files\Java\jdk-11.0.7\bin\server\jvm.dll
0x00007ffd7c400000 - 0x00007ffd7c408000 	C:\WINDOWS\System32\PSAPI.DLL
0x00007ffd61270000 - 0x00007ffd61297000 	C:\WINDOWS\SYSTEM32\WINMM.dll
0x00007ffd5e9c0000 - 0x00007ffd5e9c9000 	C:\WINDOWS\SYSTEM32\WSOCK32.dll
0x00007ffd7c670000 - 0x00007ffd7c6db000 	C:\WINDOWS\System32\WS2_32.dll
0x00007ffd77fb0000 - 0x00007ffd77fc2000 	C:\WINDOWS\SYSTEM32\kernel.appcore.dll
0x00007ffd747b0000 - 0x00007ffd747c1000 	C:\Program Files\Java\jdk-11.0.7\bin\verify.dll
0x00007ffd71cf0000 - 0x00007ffd71ed4000 	C:\WINDOWS\SYSTEM32\DBGHELP.DLL
0x00007ffd720c0000 - 0x00007ffd720ec000 	C:\WINDOWS\SYSTEM32\dbgcore.DLL
0x00007ffd7a0c0000 - 0x00007ffd7a142000 	C:\WINDOWS\System32\bcryptPrimitives.dll
0x00007ffd6fad0000 - 0x00007ffd6faf9000 	C:\Program Files\Java\jdk-11.0.7\bin\java.dll
0x00007ffd74b10000 - 0x00007ffd74b1a000 	C:\Program Files\Java\jdk-11.0.7\bin\jimage.dll
0x00007ffd70740000 - 0x00007ffd70756000 	C:\Program Files\Java\jdk-11.0.7\bin\zip.dll
0x00007ffd7b210000 - 0x00007ffd7b954000 	C:\WINDOWS\System32\SHELL32.dll
0x00007ffd781b0000 - 0x00007ffd78945000 	C:\WINDOWS\SYSTEM32\windows.storage.dll
0x00007ffd7b9c0000 - 0x00007ffd7bd15000 	C:\WINDOWS\System32\combase.dll
0x00007ffd79b10000 - 0x00007ffd79b3e000 	C:\WINDOWS\SYSTEM32\Wldp.dll
0x00007ffd7af20000 - 0x00007ffd7afcd000 	C:\WINDOWS\System32\SHCORE.dll
0x00007ffd7afd0000 - 0x00007ffd7b025000 	C:\WINDOWS\System32\shlwapi.dll
0x00007ffd7a000000 - 0x00007ffd7a01f000 	C:\WINDOWS\SYSTEM32\profapi.dll
0x00007ffd6fab0000 - 0x00007ffd6fac9000 	C:\Program Files\Java\jdk-11.0.7\bin\net.dll
0x00007ffd6f020000 - 0x00007ffd6f12c000 	C:\WINDOWS\SYSTEM32\WINHTTP.dll
0x00007ffd79870000 - 0x00007ffd798da000 	C:\WINDOWS\system32\mswsock.dll
0x00007ffd6fa90000 - 0x00007ffd6faa3000 	C:\Program Files\Java\jdk-11.0.7\bin\nio.dll
0x00007ffd56330000 - 0x00007ffd564cf000 	C:\Program Files\Java\jdk-11.0.7\bin\awt.dll
0x00007ffd7c830000 - 0x00007ffd7c8fd000 	C:\WINDOWS\System32\OLEAUT32.dll
0x00007ffd778f0000 - 0x00007ffd77980000 	C:\WINDOWS\SYSTEM32\apphelp.dll
0x00007ffd77a30000 - 0x00007ffd77ace000 	C:\WINDOWS\system32\uxtheme.dll
0x00007ffd7b030000 - 0x00007ffd7b145000 	C:\WINDOWS\System32\MSCTF.dll
0x00007ffd7bea0000 - 0x00007ffd7bfca000 	C:\WINDOWS\System32\ole32.dll
0x00007ffd562a0000 - 0x00007ffd56324000 	C:\Program Files\Java\jdk-11.0.7\bin\freetype.dll
0x00007ffd561f0000 - 0x00007ffd5629b000 	C:\Program Files\Java\jdk-11.0.7\bin\fontmanager.dll
0x00007ffd77dd0000 - 0x00007ffd77dff000 	C:\WINDOWS\system32\DWMAPI.DLL
0x00007ffd4cc90000 - 0x00007ffd4cdb5000 	C:\WINDOWS\system32\opengl32.dll
0x00007ffd4cc60000 - 0x00007ffd4cc8c000 	C:\WINDOWS\SYSTEM32\GLU32.dll
0x00007ffd79a70000 - 0x00007ffd79a88000 	C:\WINDOWS\SYSTEM32\CRYPTSP.dll
0x00007ffd79180000 - 0x00007ffd791b4000 	C:\WINDOWS\system32\rsaenh.dll
0x00007ffd7a7a0000 - 0x00007ffd7a7c7000 	C:\WINDOWS\System32\bcrypt.dll
0x00007ffd79f80000 - 0x00007ffd79fae000 	C:\WINDOWS\SYSTEM32\USERENV.dll
0x00007ffd79a60000 - 0x00007ffd79a6c000 	C:\WINDOWS\SYSTEM32\CRYPTBASE.dll
0x00007ffd79510000 - 0x00007ffd7954b000 	C:\WINDOWS\SYSTEM32\IPHLPAPI.DLL
0x00007ffd7c960000 - 0x00007ffd7c968000 	C:\WINDOWS\System32\NSI.dll
0x00007ffd72350000 - 0x00007ffd72367000 	C:\WINDOWS\SYSTEM32\dhcpcsvc6.DLL
0x00007ffd72330000 - 0x00007ffd7234d000 	C:\WINDOWS\SYSTEM32\dhcpcsvc.DLL
0x00007ffd79560000 - 0x00007ffd7962b000 	C:\WINDOWS\SYSTEM32\DNSAPI.dll
0x00007ffd74770000 - 0x00007ffd74776000 	C:\Users\pedro\AppData\Local\Temp\flatlaf.temp\flatlaf-windows-x86_64-6981127662574823363.dll
0x00007ffd73550000 - 0x00007ffd73557000 	C:\Program Files\Java\jdk-11.0.7\bin\jawt.dll
0x00007ffd6a840000 - 0x00007ffd6a939000 	C:\WINDOWS\SYSTEM32\textinputframework.dll
0x00007ffd777b0000 - 0x00007ffd778a2000 	C:\WINDOWS\System32\CoreMessaging.dll
0x00007ffd77350000 - 0x00007ffd776ae000 	C:\WINDOWS\System32\CoreUIComponents.dll
0x00007ffd78db0000 - 0x00007ffd78de3000 	C:\WINDOWS\SYSTEM32\ntmarta.dll
0x00007ffd76c80000 - 0x00007ffd76dd4000 	C:\WINDOWS\SYSTEM32\wintypes.dll
0x00007ffd56cf0000 - 0x00007ffd56d15000 	C:\Users\pedro\AppData\Local\Temp\libaparapi_x86_648445535732582332846.dll
0x00007ffd56cc0000 - 0x00007ffd56ce4000 	C:\WINDOWS\SYSTEM32\OpenCL.dll
0x00007ffd7a150000 - 0x00007ffd7a19e000 	C:\WINDOWS\System32\cfgmgr32.dll
0x00007ffd3f310000 - 0x00007ffd3f493000 	C:\WINDOWS\System32\DriverStore\FileRepository\igdlh64.inf_amd64_ceddadac8a2b489e\IntelOpenCL64.dll
0x00007ffd789b0000 - 0x00007ffd78aa4000 	C:\WINDOWS\SYSTEM32\dxgi.dll
0x00007ffd26ac0000 - 0x00007ffd26c9e000 	C:\Program Files (x86)\Common Files\Intel\OpenCL\bin\x64\intelocl64.dll
0x00007ffd55ca0000 - 0x00007ffd55d4c000 	C:\Program Files (x86)\Common Files\Intel\OpenCL\bin\x64\task_executor64.dll
0x00007ffd45930000 - 0x00007ffd45a1a000 	C:\Program Files (x86)\Common Files\Intel\OpenCL\bin\x64\cpu_device64.dll
0x00007ffd6fc10000 - 0x00007ffd6fc4b000 	C:\WINDOWS\SYSTEM32\dxcore.dll
0x00007ffd25e90000 - 0x00007ffd2634d000 	C:\WINDOWS\System32\DriverStore\FileRepository\igdlh64.inf_amd64_ceddadac8a2b489e\igdrcl64.dll
0x00007ffd45170000 - 0x00007ffd45231000 	C:\WINDOWS\System32\DriverStore\FileRepository\igdlh64.inf_amd64_ceddadac8a2b489e\igdfcl64.dll
0x00007ffd6ad90000 - 0x00007ffd6cb70000 	C:\WINDOWS\System32\DriverStore\FileRepository\igdlh64.inf_amd64_ceddadac8a2b489e\igc64.dll
0x00007ffd1f210000 - 0x00007ffd1fc67000 	C:\WINDOWS\System32\nvopencl.dll
0x00007ffd7a9f0000 - 0x00007ffd7ae62000 	C:\WINDOWS\System32\SETUPAPI.dll
0x00007ffd354c0000 - 0x00007ffd3556c000 	C:\WINDOWS\SYSTEM32\nvfatbinaryLoader.dll
0x00007ffd79e60000 - 0x00007ffd79e94000 	C:\WINDOWS\SYSTEM32\DEVOBJ.dll
0x00007ffd7a990000 - 0x00007ffd7a9f0000 	C:\WINDOWS\System32\WINTRUST.dll
0x00007ffd7a640000 - 0x00007ffd7a796000 	C:\WINDOWS\System32\CRYPT32.dll
0x00007ffd79ca0000 - 0x00007ffd79cb2000 	C:\WINDOWS\SYSTEM32\MSASN1.dll
0x00007ffd5e290000 - 0x00007ffd5e68a000 	C:\WINDOWS\system32\nvapi64.dll
0x00007ffd08260000 - 0x00007ffd0a8aa000 	C:\WINDOWS\system32\nvcompiler.dll

dbghelp: loaded successfully - version: 4.0.5 - missing functions: none
symbol engine: initialized successfully - sym options: 0x614 - pdb path: .;C:\Program Files\Java\jdk-11.0.7\bin;C:\WINDOWS\SYSTEM32;C:\WINDOWS\WinSxS\amd64_microsoft.windows.common-controls_6595b64144ccf1df_6.0.19041.1110_none_60b5254171f9507e;C:\Program Files\Java\jdk-11.0.7\bin\server;C:\Users\pedro\AppData\Local\Temp\flatlaf.temp;C:\Users\pedro\AppData\Local\Temp;C:\WINDOWS\System32\DriverStore\FileRepository\igdlh64.inf_amd64_ceddadac8a2b489e;C:\Program Files (x86)\Common Files\Intel\OpenCL\bin\x64

VM Arguments:
jvm_args: -Dcom.aparapi.enableShowGeneratedOpenCL=true -Dfile.encoding=Cp1252 
java_command: logic.main
java_class_path (initial): C:\Users\pedro\git\Mandelbrot\MandelbrotZoomVideo\target\classes;C:\Users\pedro\.m2\repository\org\jcodec\jcodec\0.2.5\jcodec-0.2.5.jar;C:\Users\pedro\.m2\repository\org\jcodec\jcodec-javase\0.2.5\jcodec-javase-0.2.5.jar;C:\Users\pedro\.m2\repository\com\formdev\flatlaf\1.1.2\flatlaf-1.1.2.jar;C:\Users\pedro\.m2\repository\com\aparapi\aparapi\1.9.0\aparapi-1.9.0.jar;C:\Users\pedro\.m2\repository\com\aparapi\aparapi-jni\1.4.1\aparapi-jni-1.4.1.jar
Launcher Type: SUN_STANDARD

[Global flags]
     intx CICompilerCount                          = 3                                         {product} {ergonomic}
     uint ConcGCThreads                            = 1                                         {product} {ergonomic}
     uint G1ConcRefinementThreads                  = 4                                         {product} {ergonomic}
   size_t G1HeapRegionSize                         = 1048576                                   {product} {ergonomic}
    uintx GCDrainStackTargetSize                   = 64                                        {product} {ergonomic}
   size_t InitialHeapSize                          = 266338304                                 {product} {ergonomic}
   size_t MarkStackSize                            = 4194304                                   {product} {ergonomic}
   size_t MaxHeapSize                              = 4261412864                                {product} {ergonomic}
   size_t MaxNewSize                               = 2556428288                                {product} {ergonomic}
   size_t MinHeapDeltaBytes                        = 1048576                                   {product} {ergonomic}
    uintx NonNMethodCodeHeapSize                   = 5830732                                {pd product} {ergonomic}
    uintx NonProfiledCodeHeapSize                  = 122913754                              {pd product} {ergonomic}
    uintx ProfiledCodeHeapSize                     = 122913754                              {pd product} {ergonomic}
    uintx ReservedCodeCacheSize                    = 251658240                              {pd product} {ergonomic}
     bool SegmentedCodeCache                       = true                                      {product} {ergonomic}
     bool UseCompressedClassPointers               = true                                 {lp64_product} {ergonomic}
     bool UseCompressedOops                        = true                                 {lp64_product} {ergonomic}
     bool UseG1GC                                  = true                                      {product} {ergonomic}
     bool UseLargePagesIndividualAllocation        = false                                  {pd product} {ergonomic}

Logging:
Log output configuration:
 #0: stdout all=warning uptime,level,tags
 #1: stderr all=off uptime,level,tags

Environment Variables:
JAVA_HOME=C:\Program Files\Java\jdk1.8.0_152
CLASSPATH=C:\Program Files\JADE-all-4.5.0\JADE-bin-4.5.0\jade\lib\jade.jar;C:\Program Files\swipl\lib\jpl.jar;C:\Users\pedro\Software\InaptAgency\inapts.jar;
PATH=C:/Program Files/Java/jdk-11.0.7/bin/server;C:/Program Files/Java/jdk-11.0.7/bin;C:\Python38\Scripts\;C:\Python38\;C:\Program Files (x86)\Common Files\Oracle\Java\javapath;C:\Program Files (x86)\Common Files\Intel\Shared Libraries\redist\intel64\compiler;C:\Program Files (x86)\Intel\iCLS Client\;C:\Program Files\Intel\iCLS Client\;C:\Windows\system32;C:\Windows;C:\Windows\System32\Wbem;C:\Windows\System32\WindowsPowerShell\v1.0\;C:\Program Files (x86)\NVIDIA Corporation\PhysX\Common;C:\Program Files (x86)\Intel\Intel(R) Management Engine Components\DAL;C:\Program Files\Intel\Intel(R) Management Engine Components\DAL;C:\Program Files (x86)\Intel\Intel(R) Management Engine Components\IPT;C:\Program Files\Intel\Intel(R) Management Engine Components\IPT;C:\WINDOWS\system32;C:\WINDOWS;C:\WINDOWS\System32\Wbem;C:\WINDOWS\System32\WindowsPowerShell\v1.0\;C:\Program Files\Java\jdk1.8.0_271\bin;C:\Program Files\Java\jre1.8.0_271\bin;C:\WINDOWS\System32\OpenSSH\;C:\Program Files\Java\jdk-11.0.5\bin;C:\Users\pedro\Desktop\use-5.2.0\use-5.2.0\bin;C:\Program Files\nodejs\;C:\ProgramData\chocolatey\bin;D:\scala\bin;C:\Users\pedro\AppData\Local\Programs\Git\cmd;;C:\Program Files\Docker\Docker\resources\bin;C:\ProgramData\DockerDesktop\version-bin;C:\Users\pedro\AppData\Local\Programs\Python\Python37\Scripts\;C:\Users\pedro\AppData\Local\Programs\Python\Python37\;C:\Users\pedro\AppData\Roaming\Dashlane\4.6.5.21982\bin\Firefox_Extension\{442718d9-475e-452a-b3e1-fb1ee16b8e9f}\components;C:\Users\pedro\AppData\Roaming\Dashlane\4.6.6.23032\bin\Firefox_Extension\{442718d9-475e-452a-b3e1-fb1ee16b8e9f}\components;C:\Users\pedro\AppData\Local\Microsoft\WindowsApps;C:\Users\pedro\AppData\Roaming\Dashlane\5.0.0.10636\bin\Firefox_Extension\{442718d9-475e-452a-b3e1-fb1ee16b8e9f}\components;C:\Users\pedro\AppData\Roaming\Dashlane\5.0.0.10636\ucrt;C:\Users\pedro\AppData\Local\Programs\Microsoft VS Code\bin;C:\Users\pedro\AppData\Local\GitHubDesktop\bin;C:\Users\pedro\AppData\Local\Programs\Git
USERNAME=pedro
OS=Windows_NT
PROCESSOR_IDENTIFIER=Intel64 Family 6 Model 142 Stepping 9, GenuineIntel



---------------  S Y S T E M  ---------------

OS: Windows 10 , 64 bit Build 19041 (10.0.19041.1466)

CPU:total 4 (initial active 4) (2 cores per cpu, 2 threads per core) family 6 model 142 stepping 9, cmov, cx8, fxsr, mmx, sse, sse2, sse3, ssse3, sse4.1, sse4.2, popcnt, avx, avx2, aes, clmul, erms, 3dnowpref, lzcnt, ht, tsc, tscinvbit, bmi1, bmi2, adx, fma

Memory: 4k page, system-wide physical 16252M (8757M free)
TotalPageFile size 19068M (AvailPageFile size 8885M)
current process WorkingSet (physical memory assigned to process): 251M, peak: 251M
current process commit charge ("private bytes"): 480M, peak: 486M

vm_info: Java HotSpot(TM) 64-Bit Server VM (11.0.7+8-LTS) for windows-amd64 JRE (11.0.7+8-LTS), built on Mar 12 2020 02:04:32 by "mach5one" with MS VC++ 15.5 (VS2017)

END.
