#
# A fatal error has been detected by the Java Runtime Environment:
#
#  EXCEPTION_ACCESS_VIOLATION (0xc0000005) at pc=0x00007fff8a7a14fc, pid=15548, tid=10816
#
# JRE version: Java(TM) SE Runtime Environment 18.9 (11.0.7+8) (build 11.0.7+8-LTS)
# Java VM: Java HotSpot(TM) 64-Bit Server VM 18.9 (11.0.7+8-LTS, mixed mode, tiered, compressed oops, g1 gc, windows-amd64)
# Problematic frame:
# C  [flatlaf-windows-x86_64-10496335129221248628.dll+0x14fc]
#
# No core dump will be written. Minidumps are not enabled by default on client versions of Windows
#
# If you would like to submit a bug report, please visit:
#   https://bugreport.java.com/bugreport/crash.jsp
# The crash happened outside the Java Virtual Machine in native code.
# See problematic frame for where to report the bug.
#

---------------  S U M M A R Y ------------

Command Line: -Dcom.aparapi.enableShowGeneratedOpenCL=true -ea -Dfile.encoding=Cp1252 main.main

Host: Intel(R) Core(TM) i5-7200U CPU @ 2.50GHz, 4 cores, 15G,  Windows 10 , 64 bit Build 19041 (10.0.19041.1889)
Time: Mon Oct 17 16:50:47 2022 GMT Summer Time elapsed time: 1109 seconds (0d 0h 18m 29s)

---------------  T H R E A D  ---------------

Current thread (0x0000020d5d3e3000):  JavaThread "AWT-Windows" daemon [_thread_in_native, id=10816, stack(0x0000002e10f00000,0x0000002e11000000)]

Stack: [0x0000002e10f00000,0x0000002e11000000],  sp=0x0000002e10ffec10,  free space=1019k
Native frames: (J=compiled Java code, j=interpreted, Vv=VM code, C=native code)
C  [flatlaf-windows-x86_64-10496335129221248628.dll+0x14fc]

Java frames: (J=compiled Java code, j=interpreted, Vv=VM code)
j  sun.awt.windows.WToolkit.eventLoop()V+0 java.desktop@11.0.7
j  sun.awt.windows.WToolkit.run()V+50 java.desktop@11.0.7
j  java.lang.Thread.run()V+11 java.base@11.0.7
v  ~StubRoutines::call_stub

siginfo: EXCEPTION_ACCESS_VIOLATION (0xc0000005), reading address 0x0000000000000020


Register to memory mapping:

RIP=0x00007fff8a7a14fc flatlaf-windows-x86_64-10496335129221248628.dll
RAX=0x000000000000975e is an unknown value
RBX=0x0 is NULL
RCX=0x0 is NULL
RDX=0x0000000000560a70 is an unknown value
RSP=0x0000002e10ffec10 is pointing into the stack for thread: 0x0000020d5d3e3000
RBP=0x0000000000560a70 is an unknown value
RSI=0x0 is NULL
RDI=0x0 is NULL
R8 =0x0000000000009803 is an unknown value
R9 =0x0 is NULL
R10=0x0000020d5fdef1e0 points into unknown readable memory: 5a 0a 1b 00 00 00 00 00
R11=0x0000000000000100 is an unknown value
R12=0x0 is NULL
R13=0x0000000000009803 is an unknown value
R14=0x0000000001a801ed is an unknown value
R15=0x0000000000009803 is an unknown value


Registers:
RAX=0x000000000000975e, RBX=0x0000000000000000, RCX=0x0000000000000000, RDX=0x0000000000560a70
RSP=0x0000002e10ffec10, RBP=0x0000000000560a70, RSI=0x0000000000000000, RDI=0x0000000000000000
R8 =0x0000000000009803, R9 =0x0000000000000000, R10=0x0000020d5fdef1e0, R11=0x0000000000000100
R12=0x0000000000000000, R13=0x0000000000009803, R14=0x0000000001a801ed, R15=0x0000000000009803
RIP=0x00007fff8a7a14fc, EFLAGS=0x0000000000010202

Top of Stack: (sp=0x0000002e10ffec10)
0x0000002e10ffec10:   0000020d3746ebd0 0000000000000008
0x0000002e10ffec20:   0000000000000000 0000000000000008
0x0000002e10ffec30:   0000000000000000 00007fff8a7a10ce
0x0000002e10ffec40:   fffffffffffffffe 0000000000000000
0x0000002e10ffec50:   0000000000000000 0000000000000000
0x0000002e10ffec60:   0000000000000000 00007fff8a7a1424
0x0000002e10ffec70:   0000000001a801ed 0000000000560a70
0x0000002e10ffec80:   0000000000009803 00007fff8e4787f3
0x0000002e10ffec90:   0000000001a801ed 00000000fffffff0
0x0000002e10ffeca0:   0000000080000022 00007fff92cfe858
0x0000002e10ffecb0:   0000000000000001 0000002e10ffeea0
0x0000002e10ffecc0:   0000000000000000 0000000000000000
0x0000002e10ffecd0:   0000002e10fff740 00007fff12cf50c7
0x0000002e10ffece0:   0000020d5d3e3000 0000020d5d3e3000
0x0000002e10ffecf0:   0000000000000000 0000000000000000
0x0000002e10ffed00:   8000002200000000 0000000000000000 

Instructions: (pc=0x00007fff8a7a14fc)
0x00007fff8a7a14dc:   00 00 49 8d 41 fe 48 83 f8 01 77 14 49 8b c6 45
0x00007fff8a7a14ec:   0f bf c6 48 c1 e8 10 44 0f bf c8 e8 64 06 00 00
0x00007fff8a7a14fc:   48 8b 4e 20 45 8b c7 4c 89 74 24 20 e9 87 01 00
0x00007fff8a7a150c:   00 48 8b bc 24 80 00 00 00 41 b8 84 00 00 00 48 


Stack slot to memory mapping:
stack at sp + 0 slots: 0x0000020d3746ebd0 points into unknown readable memory: 00 00 00 00 00 00 00 00
stack at sp + 1 slots: 0x0000000000000008 is an unknown value
stack at sp + 2 slots: 0x0 is NULL
stack at sp + 3 slots: 0x0000000000000008 is an unknown value
stack at sp + 4 slots: 0x0 is NULL
stack at sp + 5 slots: 0x00007fff8a7a10ce flatlaf-windows-x86_64-10496335129221248628.dll
stack at sp + 6 slots: 0xfffffffffffffffe is an unknown value
stack at sp + 7 slots: 0x0 is NULL


---------------  P R O C E S S  ---------------

Threads class SMR info:
_java_thread_list=0x0000020d5d23b480, length=15, elements={
0x0000020d5cc78000, 0x0000020d5cc86000, 0x0000020d5cca0000, 0x0000020d5cca2000,
0x0000020d5cced800, 0x0000020d5ccf4000, 0x0000020d5ccf7000, 0x0000020d5ce6e000,
0x0000020d5ce53800, 0x0000020d5ce6f000, 0x0000020d5d3e2000, 0x0000020d5d3e3000,
0x0000020d5d4b3800, 0x0000020d38c2a800, 0x0000020d6411a800
}

Java Threads: ( => current thread )
  0x0000020d5cc78000 JavaThread "Reference Handler" daemon [_thread_blocked, id=4728, stack(0x0000002e10300000,0x0000002e10400000)]
  0x0000020d5cc86000 JavaThread "Finalizer" daemon [_thread_blocked, id=15352, stack(0x0000002e10400000,0x0000002e10500000)]
  0x0000020d5cca0000 JavaThread "Signal Dispatcher" daemon [_thread_blocked, id=17264, stack(0x0000002e10500000,0x0000002e10600000)]
  0x0000020d5cca2000 JavaThread "Attach Listener" daemon [_thread_blocked, id=16032, stack(0x0000002e10600000,0x0000002e10700000)]
  0x0000020d5cced800 JavaThread "C2 CompilerThread0" daemon [_thread_blocked, id=18276, stack(0x0000002e10700000,0x0000002e10800000)]
  0x0000020d5ccf4000 JavaThread "C1 CompilerThread0" daemon [_thread_blocked, id=10724, stack(0x0000002e10800000,0x0000002e10900000)]
  0x0000020d5ccf7000 JavaThread "Sweeper thread" daemon [_thread_blocked, id=17532, stack(0x0000002e10900000,0x0000002e10a00000)]
  0x0000020d5ce6e000 JavaThread "Service Thread" daemon [_thread_blocked, id=17696, stack(0x0000002e10a00000,0x0000002e10b00000)]
  0x0000020d5ce53800 JavaThread "Common-Cleaner" daemon [_thread_blocked, id=17240, stack(0x0000002e10c00000,0x0000002e10d00000)]
  0x0000020d5ce6f000 JavaThread "Java2D Disposer" daemon [_thread_blocked, id=4016, stack(0x0000002e10d00000,0x0000002e10e00000)]
  0x0000020d5d3e2000 JavaThread "AWT-Shutdown" [_thread_blocked, id=7184, stack(0x0000002e10e00000,0x0000002e10f00000)]
=>0x0000020d5d3e3000 JavaThread "AWT-Windows" daemon [_thread_in_native, id=10816, stack(0x0000002e10f00000,0x0000002e11000000)]
  0x0000020d5d4b3800 JavaThread "AWT-EventQueue-0" [_thread_in_native, id=18216, stack(0x0000002e11000000,0x0000002e11100000)]
  0x0000020d38c2a800 JavaThread "DestroyJavaVM" [_thread_blocked, id=1076, stack(0x0000002e0fc00000,0x0000002e0fd00000)]
  0x0000020d6411a800 JavaThread "TimerQueue" daemon [_thread_blocked, id=16108, stack(0x0000002e11700000,0x0000002e11800000)]

Other Threads:
  0x0000020d5cc53800 VMThread "VM Thread" [stack: 0x0000002e10200000,0x0000002e10300000] [id=10888]
  0x0000020d5ce4f000 WatcherThread [stack: 0x0000002e10b00000,0x0000002e10c00000] [id=6932]
  0x0000020d38c41800 GCTaskThread "GC Thread#0" [stack: 0x0000002e0fd00000,0x0000002e0fe00000] [id=15072]
  0x0000020d5d335000 GCTaskThread "GC Thread#1" [stack: 0x0000002e11100000,0x0000002e11200000] [id=15028]
  0x0000020d5d5a3000 GCTaskThread "GC Thread#2" [stack: 0x0000002e11200000,0x0000002e11300000] [id=14672]
  0x0000020d5d5a3800 GCTaskThread "GC Thread#3" [stack: 0x0000002e11300000,0x0000002e11400000] [id=19332]
  0x0000020d38c9f800 ConcurrentGCThread "G1 Main Marker" [stack: 0x0000002e0fe00000,0x0000002e0ff00000] [id=4376]
  0x0000020d38ca0800 ConcurrentGCThread "G1 Conc#0" [stack: 0x0000002e0ff00000,0x0000002e10000000] [id=1488]
  0x0000020d5c2bb800 ConcurrentGCThread "G1 Refine#0" [stack: 0x0000002e10000000,0x0000002e10100000] [id=14964]
  0x0000020d5d016800 ConcurrentGCThread "G1 Refine#1" [stack: 0x0000002e11400000,0x0000002e11500000] [id=6112]
  0x0000020d5d4c2800 ConcurrentGCThread "G1 Refine#2" [stack: 0x0000002e11500000,0x0000002e11600000] [id=16332]
  0x0000020d5c2bc800 ConcurrentGCThread "G1 Young RemSet Sampling" [stack: 0x0000002e10100000,0x0000002e10200000] [id=14728]

Threads with active compile tasks:

VM state:not at safepoint (normal execution)

VM Mutex/Monitor currently owned by a thread: None

Heap address: 0x0000000702000000, size: 4064 MB, Compressed Oops mode: Zero based, Oop shift amount: 3
Narrow klass base: 0x0000000800000000, Narrow klass shift: 0
Compressed class space size: 1073741824 Address: 0x0000000800000000

Heap:
 garbage-first heap   total 260096K, used 57784K [0x0000000702000000, 0x0000000800000000)
  region size 1024K, 7 young (7168K), 5 survivors (5120K)
 Metaspace       used 26093K, capacity 26750K, committed 27056K, reserved 1073152K
  class space    used 3022K, capacity 3255K, committed 3328K, reserved 1048576K
Heap Regions: E=young(eden), S=young(survivor), O=old, HS=humongous(starts), HC=humongous(continues), CS=collection set, F=free, A=archive, TAMS=top-at-mark-start (previous, next)
|   0|0x0000000702000000, 0x0000000702100000, 0x0000000702100000|100%| O|  |TAMS 0x0000000702100000, 0x0000000702000000| Untracked 
|   1|0x0000000702100000, 0x0000000702200000, 0x0000000702200000|100%| O|  |TAMS 0x0000000702200000, 0x0000000702100000| Untracked 
|   2|0x0000000702200000, 0x0000000702300000, 0x0000000702300000|100%|HS|  |TAMS 0x0000000702200000, 0x0000000702200000| Complete 
|   3|0x0000000702300000, 0x0000000702400000, 0x0000000702400000|100%|HC|  |TAMS 0x0000000702300000, 0x0000000702300000| Complete 
|   4|0x0000000702400000, 0x0000000702500000, 0x0000000702500000|100%|HS|  |TAMS 0x0000000702400000, 0x0000000702400000| Complete 
|   5|0x0000000702500000, 0x0000000702600000, 0x0000000702600000|100%|HC|  |TAMS 0x0000000702500000, 0x0000000702500000| Complete 
|   6|0x0000000702600000, 0x0000000702700000, 0x0000000702700000|100%|HS|  |TAMS 0x0000000702600000, 0x0000000702600000| Complete 
|   7|0x0000000702700000, 0x0000000702800000, 0x0000000702800000|100%|HC|  |TAMS 0x0000000702700000, 0x0000000702700000| Complete 
|   8|0x0000000702800000, 0x0000000702800000, 0x0000000702900000|  0%| F|  |TAMS 0x0000000702800000, 0x0000000702800000| Untracked 
|   9|0x0000000702900000, 0x0000000702a00000, 0x0000000702a00000|100%|HS|  |TAMS 0x0000000702a00000, 0x0000000702900000| Complete 
|  10|0x0000000702a00000, 0x0000000702b00000, 0x0000000702b00000|100%|HS|  |TAMS 0x0000000702b00000, 0x0000000702a00000| Complete 
|  11|0x0000000702b00000, 0x0000000702c00000, 0x0000000702c00000|100%| O|  |TAMS 0x0000000702c00000, 0x0000000702b00000| Untracked 
|  12|0x0000000702c00000, 0x0000000702d00000, 0x0000000702d00000|100%| O|  |TAMS 0x0000000702d00000, 0x0000000702c00000| Untracked 
|  13|0x0000000702d00000, 0x0000000702e00000, 0x0000000702e00000|100%| O|  |TAMS 0x0000000702e00000, 0x0000000702d00000| Untracked 
|  14|0x0000000702e00000, 0x0000000702f00000, 0x0000000702f00000|100%|HS|  |TAMS 0x0000000702e00000, 0x0000000702e00000| Complete 
|  15|0x0000000702f00000, 0x0000000703000000, 0x0000000703000000|100%|HC|  |TAMS 0x0000000702f00000, 0x0000000702f00000| Complete 
|  16|0x0000000703000000, 0x0000000703000000, 0x0000000703100000|  0%| F|  |TAMS 0x0000000703000000, 0x0000000703000000| Untracked 
|  17|0x0000000703100000, 0x0000000703100000, 0x0000000703200000|  0%| F|  |TAMS 0x0000000703100000, 0x0000000703100000| Untracked 
|  18|0x0000000703200000, 0x0000000703200000, 0x0000000703300000|  0%| F|  |TAMS 0x0000000703200000, 0x0000000703200000| Untracked 
|  19|0x0000000703300000, 0x0000000703300000, 0x0000000703400000|  0%| F|  |TAMS 0x0000000703300000, 0x0000000703300000| Untracked 
|  20|0x0000000703400000, 0x0000000703400000, 0x0000000703500000|  0%| F|  |TAMS 0x0000000703400000, 0x0000000703400000| Untracked 
|  21|0x0000000703500000, 0x0000000703500000, 0x0000000703600000|  0%| F|  |TAMS 0x0000000703500000, 0x0000000703500000| Untracked 
|  22|0x0000000703600000, 0x0000000703700000, 0x0000000703700000|100%|HS|  |TAMS 0x0000000703700000, 0x0000000703600000| Complete 
|  23|0x0000000703700000, 0x0000000703800000, 0x0000000703800000|100%|HC|  |TAMS 0x0000000703800000, 0x0000000703700000| Complete 
|  24|0x0000000703800000, 0x0000000703800000, 0x0000000703900000|  0%| F|  |TAMS 0x0000000703800000, 0x0000000703800000| Untracked 
|  25|0x0000000703900000, 0x0000000703900000, 0x0000000703a00000|  0%| F|  |TAMS 0x0000000703900000, 0x0000000703900000| Untracked 
|  26|0x0000000703a00000, 0x0000000703a00000, 0x0000000703b00000|  0%| F|  |TAMS 0x0000000703a00000, 0x0000000703a00000| Untracked 
|  27|0x0000000703b00000, 0x0000000703b00000, 0x0000000703c00000|  0%| F|  |TAMS 0x0000000703b00000, 0x0000000703b00000| Untracked 
|  28|0x0000000703c00000, 0x0000000703c00000, 0x0000000703d00000|  0%| F|  |TAMS 0x0000000703c00000, 0x0000000703c00000| Untracked 
|  29|0x0000000703d00000, 0x0000000703d00000, 0x0000000703e00000|  0%| F|  |TAMS 0x0000000703d00000, 0x0000000703d00000| Untracked 
|  30|0x0000000703e00000, 0x0000000703f00000, 0x0000000703f00000|100%|HS|  |TAMS 0x0000000703f00000, 0x0000000703e00000| Complete 
|  31|0x0000000703f00000, 0x0000000704000000, 0x0000000704000000|100%|HC|  |TAMS 0x0000000704000000, 0x0000000703f00000| Complete 
|  32|0x0000000704000000, 0x0000000704000000, 0x0000000704100000|  0%| F|  |TAMS 0x0000000704000000, 0x0000000704000000| Untracked 
|  33|0x0000000704100000, 0x0000000704100000, 0x0000000704200000|  0%| F|  |TAMS 0x0000000704100000, 0x0000000704100000| Untracked 
|  34|0x0000000704200000, 0x0000000704200000, 0x0000000704300000|  0%| F|  |TAMS 0x0000000704200000, 0x0000000704200000| Untracked 
|  35|0x0000000704300000, 0x0000000704300000, 0x0000000704400000|  0%| F|  |TAMS 0x0000000704300000, 0x0000000704300000| Untracked 
|  36|0x0000000704400000, 0x0000000704400000, 0x0000000704500000|  0%| F|  |TAMS 0x0000000704400000, 0x0000000704400000| Untracked 
|  37|0x0000000704500000, 0x0000000704500000, 0x0000000704600000|  0%| F|  |TAMS 0x0000000704500000, 0x0000000704500000| Untracked 
|  38|0x0000000704600000, 0x0000000704600000, 0x0000000704700000|  0%| F|  |TAMS 0x0000000704600000, 0x0000000704600000| Untracked 
|  39|0x0000000704700000, 0x0000000704700000, 0x0000000704800000|  0%| F|  |TAMS 0x0000000704700000, 0x0000000704700000| Untracked 
|  40|0x0000000704800000, 0x0000000704800000, 0x0000000704900000|  0%| F|  |TAMS 0x0000000704800000, 0x0000000704800000| Untracked 
|  41|0x0000000704900000, 0x0000000704900000, 0x0000000704a00000|  0%| F|  |TAMS 0x0000000704900000, 0x0000000704900000| Untracked 
|  42|0x0000000704a00000, 0x0000000704b00000, 0x0000000704b00000|100%|HS|  |TAMS 0x0000000704b00000, 0x0000000704a00000| Complete 
|  43|0x0000000704b00000, 0x0000000704c00000, 0x0000000704c00000|100%|HC|  |TAMS 0x0000000704c00000, 0x0000000704b00000| Complete 
|  44|0x0000000704c00000, 0x0000000704d00000, 0x0000000704d00000|100%|HC|  |TAMS 0x0000000704d00000, 0x0000000704c00000| Complete 
|  45|0x0000000704d00000, 0x0000000704e00000, 0x0000000704e00000|100%|HC|  |TAMS 0x0000000704e00000, 0x0000000704d00000| Complete 
|  46|0x0000000704e00000, 0x0000000704f00000, 0x0000000704f00000|100%|HC|  |TAMS 0x0000000704f00000, 0x0000000704e00000| Complete 
|  47|0x0000000704f00000, 0x0000000705000000, 0x0000000705000000|100%|HC|  |TAMS 0x0000000705000000, 0x0000000704f00000| Complete 
|  48|0x0000000705000000, 0x0000000705000000, 0x0000000705100000|  0%| F|  |TAMS 0x0000000705000000, 0x0000000705000000| Untracked 
|  49|0x0000000705100000, 0x0000000705100000, 0x0000000705200000|  0%| F|  |TAMS 0x0000000705100000, 0x0000000705100000| Untracked 
|  50|0x0000000705200000, 0x0000000705200000, 0x0000000705300000|  0%| F|  |TAMS 0x0000000705200000, 0x0000000705200000| Untracked 
|  51|0x0000000705300000, 0x0000000705300000, 0x0000000705400000|  0%| F|  |TAMS 0x0000000705300000, 0x0000000705300000| Untracked 
|  52|0x0000000705400000, 0x0000000705400000, 0x0000000705500000|  0%| F|  |TAMS 0x0000000705400000, 0x0000000705400000| Untracked 
|  53|0x0000000705500000, 0x0000000705500000, 0x0000000705600000|  0%| F|  |TAMS 0x0000000705500000, 0x0000000705500000| Untracked 
|  54|0x0000000705600000, 0x0000000705600000, 0x0000000705700000|  0%| F|  |TAMS 0x0000000705600000, 0x0000000705600000| Untracked 
|  55|0x0000000705700000, 0x0000000705700000, 0x0000000705800000|  0%| F|  |TAMS 0x0000000705700000, 0x0000000705700000| Untracked 
|  56|0x0000000705800000, 0x0000000705800000, 0x0000000705900000|  0%| F|  |TAMS 0x0000000705800000, 0x0000000705800000| Untracked 
|  57|0x0000000705900000, 0x0000000705900000, 0x0000000705a00000|  0%| F|  |TAMS 0x0000000705900000, 0x0000000705900000| Untracked 
|  58|0x0000000705a00000, 0x0000000705a00000, 0x0000000705b00000|  0%| F|  |TAMS 0x0000000705a00000, 0x0000000705a00000| Untracked 
|  59|0x0000000705b00000, 0x0000000705b00000, 0x0000000705c00000|  0%| F|  |TAMS 0x0000000705b00000, 0x0000000705b00000| Untracked 
|  60|0x0000000705c00000, 0x0000000705c00000, 0x0000000705d00000|  0%| F|  |TAMS 0x0000000705c00000, 0x0000000705c00000| Untracked 
|  61|0x0000000705d00000, 0x0000000705d00000, 0x0000000705e00000|  0%| F|  |TAMS 0x0000000705d00000, 0x0000000705d00000| Untracked 
|  62|0x0000000705e00000, 0x0000000705e00000, 0x0000000705f00000|  0%| F|  |TAMS 0x0000000705e00000, 0x0000000705e00000| Untracked 
|  63|0x0000000705f00000, 0x0000000705f00000, 0x0000000706000000|  0%| F|  |TAMS 0x0000000705f00000, 0x0000000705f00000| Untracked 
|  64|0x0000000706000000, 0x0000000706100000, 0x0000000706100000|100%|HS|  |TAMS 0x0000000706100000, 0x0000000706000000| Complete 
|  65|0x0000000706100000, 0x0000000706200000, 0x0000000706200000|100%|HC|  |TAMS 0x0000000706200000, 0x0000000706100000| Complete 
|  66|0x0000000706200000, 0x0000000706300000, 0x0000000706300000|100%|HC|  |TAMS 0x0000000706300000, 0x0000000706200000| Complete 
|  67|0x0000000706300000, 0x0000000706400000, 0x0000000706400000|100%|HC|  |TAMS 0x0000000706400000, 0x0000000706300000| Complete 
|  68|0x0000000706400000, 0x0000000706500000, 0x0000000706500000|100%|HC|  |TAMS 0x0000000706500000, 0x0000000706400000| Complete 
|  69|0x0000000706500000, 0x0000000706600000, 0x0000000706600000|100%|HC|  |TAMS 0x0000000706600000, 0x0000000706500000| Complete 
|  70|0x0000000706600000, 0x0000000706600000, 0x0000000706700000|  0%| F|  |TAMS 0x0000000706600000, 0x0000000706600000| Untracked 
|  71|0x0000000706700000, 0x0000000706700000, 0x0000000706800000|  0%| F|  |TAMS 0x0000000706700000, 0x0000000706700000| Untracked 
|  72|0x0000000706800000, 0x0000000706800000, 0x0000000706900000|  0%| F|  |TAMS 0x0000000706800000, 0x0000000706800000| Untracked 
|  73|0x0000000706900000, 0x0000000706900000, 0x0000000706a00000|  0%| F|  |TAMS 0x0000000706900000, 0x0000000706900000| Untracked 
|  74|0x0000000706a00000, 0x0000000706a00000, 0x0000000706b00000|  0%| F|  |TAMS 0x0000000706a00000, 0x0000000706a00000| Untracked 
|  75|0x0000000706b00000, 0x0000000706b00000, 0x0000000706c00000|  0%| F|  |TAMS 0x0000000706b00000, 0x0000000706b00000| Untracked 
|  76|0x0000000706c00000, 0x0000000706c00000, 0x0000000706d00000|  0%| F|  |TAMS 0x0000000706c00000, 0x0000000706c00000| Untracked 
|  77|0x0000000706d00000, 0x0000000706d00000, 0x0000000706e00000|  0%| F|  |TAMS 0x0000000706d00000, 0x0000000706d00000| Untracked 
|  78|0x0000000706e00000, 0x0000000706e00000, 0x0000000706f00000|  0%| F|  |TAMS 0x0000000706e00000, 0x0000000706e00000| Untracked 
|  79|0x0000000706f00000, 0x0000000706f00000, 0x0000000707000000|  0%| F|  |TAMS 0x0000000706f00000, 0x0000000706f00000| Untracked 
|  80|0x0000000707000000, 0x0000000707100000, 0x0000000707100000|100%| O|  |TAMS 0x0000000707100000, 0x0000000707000000| Untracked 
|  81|0x0000000707100000, 0x0000000707200000, 0x0000000707200000|100%| O|  |TAMS 0x0000000707200000, 0x0000000707100000| Untracked 
|  82|0x0000000707200000, 0x000000070720b000, 0x0000000707300000|  4%| O|  |TAMS 0x000000070720b000, 0x0000000707200000| Untracked 
|  83|0x0000000707300000, 0x0000000707400000, 0x0000000707400000|100%|HS|  |TAMS 0x0000000707400000, 0x0000000707300000| Complete 
|  84|0x0000000707400000, 0x0000000707500000, 0x0000000707500000|100%|HC|  |TAMS 0x0000000707500000, 0x0000000707400000| Complete 
|  85|0x0000000707500000, 0x0000000707600000, 0x0000000707600000|100%|HS|  |TAMS 0x0000000707600000, 0x0000000707500000| Complete 
|  86|0x0000000707600000, 0x0000000707700000, 0x0000000707700000|100%|HC|  |TAMS 0x0000000707700000, 0x0000000707600000| Complete 
|  87|0x0000000707700000, 0x0000000707700000, 0x0000000707800000|  0%| F|  |TAMS 0x0000000707700000, 0x0000000707700000| Untracked 
|  88|0x0000000707800000, 0x0000000707800000, 0x0000000707900000|  0%| F|  |TAMS 0x0000000707800000, 0x0000000707800000| Untracked 
|  89|0x0000000707900000, 0x0000000707900000, 0x0000000707a00000|  0%| F|  |TAMS 0x0000000707900000, 0x0000000707900000| Untracked 
|  90|0x0000000707a00000, 0x0000000707a00000, 0x0000000707b00000|  0%| F|  |TAMS 0x0000000707a00000, 0x0000000707a00000| Untracked 
|  91|0x0000000707b00000, 0x0000000707b00000, 0x0000000707c00000|  0%| F|  |TAMS 0x0000000707b00000, 0x0000000707b00000| Untracked 
|  92|0x0000000707c00000, 0x0000000707c00000, 0x0000000707d00000|  0%| F|  |TAMS 0x0000000707c00000, 0x0000000707c00000| Untracked 
|  93|0x0000000707d00000, 0x0000000707d00000, 0x0000000707e00000|  0%| F|  |TAMS 0x0000000707d00000, 0x0000000707d00000| Untracked 
|  94|0x0000000707e00000, 0x0000000707e00000, 0x0000000707f00000|  0%| F|  |TAMS 0x0000000707e00000, 0x0000000707e00000| Untracked 
|  95|0x0000000707f00000, 0x0000000707f00000, 0x0000000708000000|  0%| F|  |TAMS 0x0000000707f00000, 0x0000000707f00000| Untracked 
|  96|0x0000000708000000, 0x0000000708000000, 0x0000000708100000|  0%| F|  |TAMS 0x0000000708000000, 0x0000000708000000| Untracked 
|  97|0x0000000708100000, 0x0000000708100000, 0x0000000708200000|  0%| F|  |TAMS 0x0000000708100000, 0x0000000708100000| Untracked 
|  98|0x0000000708200000, 0x0000000708200000, 0x0000000708300000|  0%| F|  |TAMS 0x0000000708200000, 0x0000000708200000| Untracked 
|  99|0x0000000708300000, 0x0000000708300000, 0x0000000708400000|  0%| F|  |TAMS 0x0000000708300000, 0x0000000708300000| Untracked 
| 100|0x0000000708400000, 0x0000000708400000, 0x0000000708500000|  0%| F|  |TAMS 0x0000000708400000, 0x0000000708400000| Untracked 
| 101|0x0000000708500000, 0x0000000708500000, 0x0000000708600000|  0%| F|  |TAMS 0x0000000708500000, 0x0000000708500000| Untracked 
| 102|0x0000000708600000, 0x0000000708600000, 0x0000000708700000|  0%| F|  |TAMS 0x0000000708600000, 0x0000000708600000| Untracked 
| 103|0x0000000708700000, 0x0000000708700000, 0x0000000708800000|  0%| F|  |TAMS 0x0000000708700000, 0x0000000708700000| Untracked 
| 104|0x0000000708800000, 0x0000000708800000, 0x0000000708900000|  0%| F|  |TAMS 0x0000000708800000, 0x0000000708800000| Untracked 
| 105|0x0000000708900000, 0x0000000708a00000, 0x0000000708a00000|100%|HS|  |TAMS 0x0000000708a00000, 0x0000000708900000| Complete 
| 106|0x0000000708a00000, 0x0000000708b00000, 0x0000000708b00000|100%|HC|  |TAMS 0x0000000708b00000, 0x0000000708a00000| Complete 
| 107|0x0000000708b00000, 0x0000000708c00000, 0x0000000708c00000|100%|HC|  |TAMS 0x0000000708c00000, 0x0000000708b00000| Complete 
| 108|0x0000000708c00000, 0x0000000708d00000, 0x0000000708d00000|100%|HC|  |TAMS 0x0000000708d00000, 0x0000000708c00000| Complete 
| 109|0x0000000708d00000, 0x0000000708e00000, 0x0000000708e00000|100%|HC|  |TAMS 0x0000000708e00000, 0x0000000708d00000| Complete 
| 110|0x0000000708e00000, 0x0000000708f00000, 0x0000000708f00000|100%|HC|  |TAMS 0x0000000708f00000, 0x0000000708e00000| Complete 
| 111|0x0000000708f00000, 0x0000000709000000, 0x0000000709000000|100%|HC|  |TAMS 0x0000000709000000, 0x0000000708f00000| Complete 
| 112|0x0000000709000000, 0x0000000709100000, 0x0000000709100000|100%|HC|  |TAMS 0x0000000709100000, 0x0000000709000000| Complete 
| 113|0x0000000709100000, 0x0000000709100000, 0x0000000709200000|  0%| F|  |TAMS 0x0000000709100000, 0x0000000709100000| Untracked 
| 114|0x0000000709200000, 0x0000000709200000, 0x0000000709300000|  0%| F|  |TAMS 0x0000000709200000, 0x0000000709200000| Untracked 
| 115|0x0000000709300000, 0x0000000709300000, 0x0000000709400000|  0%| F|  |TAMS 0x0000000709300000, 0x0000000709300000| Untracked 
| 116|0x0000000709400000, 0x0000000709400000, 0x0000000709500000|  0%| F|  |TAMS 0x0000000709400000, 0x0000000709400000| Untracked 
| 117|0x0000000709500000, 0x0000000709500000, 0x0000000709600000|  0%| F|  |TAMS 0x0000000709500000, 0x0000000709500000| Untracked 
| 118|0x0000000709600000, 0x0000000709600000, 0x0000000709700000|  0%| F|  |TAMS 0x0000000709600000, 0x0000000709600000| Untracked 
| 119|0x0000000709700000, 0x0000000709700000, 0x0000000709800000|  0%| F|  |TAMS 0x0000000709700000, 0x0000000709700000| Untracked 
| 120|0x0000000709800000, 0x0000000709800000, 0x0000000709900000|  0%| F|  |TAMS 0x0000000709800000, 0x0000000709800000| Untracked 
| 121|0x0000000709900000, 0x0000000709900000, 0x0000000709a00000|  0%| F|  |TAMS 0x0000000709900000, 0x0000000709900000| Untracked 
| 122|0x0000000709a00000, 0x0000000709a00000, 0x0000000709b00000|  0%| F|  |TAMS 0x0000000709a00000, 0x0000000709a00000| Untracked 
| 123|0x0000000709b00000, 0x0000000709b00000, 0x0000000709c00000|  0%| F|  |TAMS 0x0000000709b00000, 0x0000000709b00000| Untracked 
| 124|0x0000000709c00000, 0x0000000709c00000, 0x0000000709d00000|  0%| F|  |TAMS 0x0000000709c00000, 0x0000000709c00000| Untracked 
| 125|0x0000000709d00000, 0x0000000709e00000, 0x0000000709e00000|100%|HS|  |TAMS 0x0000000709e00000, 0x0000000709d00000| Complete 
| 126|0x0000000709e00000, 0x0000000709f00000, 0x0000000709f00000|100%|HC|  |TAMS 0x0000000709f00000, 0x0000000709e00000| Complete 
| 127|0x0000000709f00000, 0x000000070a000000, 0x000000070a000000|100%|HC|  |TAMS 0x000000070a000000, 0x0000000709f00000| Complete 
| 128|0x000000070a000000, 0x000000070a100000, 0x000000070a100000|100%|HC|  |TAMS 0x000000070a100000, 0x000000070a000000| Complete 
| 129|0x000000070a100000, 0x000000070a200000, 0x000000070a200000|100%|HC|  |TAMS 0x000000070a200000, 0x000000070a100000| Complete 
| 130|0x000000070a200000, 0x000000070a300000, 0x000000070a300000|100%|HC|  |TAMS 0x000000070a300000, 0x000000070a200000| Complete 
| 131|0x000000070a300000, 0x000000070a300000, 0x000000070a400000|  0%| F|  |TAMS 0x000000070a300000, 0x000000070a300000| Untracked 
| 132|0x000000070a400000, 0x000000070a400000, 0x000000070a500000|  0%| F|  |TAMS 0x000000070a400000, 0x000000070a400000| Untracked 
| 133|0x000000070a500000, 0x000000070a500000, 0x000000070a600000|  0%| F|  |TAMS 0x000000070a500000, 0x000000070a500000| Untracked 
| 134|0x000000070a600000, 0x000000070a600000, 0x000000070a700000|  0%| F|  |TAMS 0x000000070a600000, 0x000000070a600000| Untracked 
| 135|0x000000070a700000, 0x000000070a700000, 0x000000070a800000|  0%| F|  |TAMS 0x000000070a700000, 0x000000070a700000| Untracked 
| 136|0x000000070a800000, 0x000000070a800000, 0x000000070a900000|  0%| F|  |TAMS 0x000000070a800000, 0x000000070a800000| Untracked 
| 137|0x000000070a900000, 0x000000070a900000, 0x000000070aa00000|  0%| F|  |TAMS 0x000000070a900000, 0x000000070a900000| Untracked 
| 138|0x000000070aa00000, 0x000000070aa00000, 0x000000070ab00000|  0%| F|  |TAMS 0x000000070aa00000, 0x000000070aa00000| Untracked 
| 139|0x000000070ab00000, 0x000000070ab00000, 0x000000070ac00000|  0%| F|  |TAMS 0x000000070ab00000, 0x000000070ab00000| Untracked 
| 140|0x000000070ac00000, 0x000000070ac00000, 0x000000070ad00000|  0%| F|  |TAMS 0x000000070ac00000, 0x000000070ac00000| Untracked 
| 141|0x000000070ad00000, 0x000000070ad00000, 0x000000070ae00000|  0%| F|  |TAMS 0x000000070ad00000, 0x000000070ad00000| Untracked 
| 142|0x000000070ae00000, 0x000000070ae00000, 0x000000070af00000|  0%| F|  |TAMS 0x000000070ae00000, 0x000000070ae00000| Untracked 
| 143|0x000000070af00000, 0x000000070af00000, 0x000000070b000000|  0%| F|  |TAMS 0x000000070af00000, 0x000000070af00000| Untracked 
| 144|0x000000070b000000, 0x000000070b000000, 0x000000070b100000|  0%| F|  |TAMS 0x000000070b000000, 0x000000070b000000| Untracked 
| 145|0x000000070b100000, 0x000000070b100000, 0x000000070b200000|  0%| F|  |TAMS 0x000000070b100000, 0x000000070b100000| Untracked 
| 146|0x000000070b200000, 0x000000070b200000, 0x000000070b300000|  0%| F|  |TAMS 0x000000070b200000, 0x000000070b200000| Untracked 
| 147|0x000000070b300000, 0x000000070b300000, 0x000000070b400000|  0%| F|  |TAMS 0x000000070b300000, 0x000000070b300000| Untracked 
| 148|0x000000070b400000, 0x000000070b400000, 0x000000070b500000|  0%| F|  |TAMS 0x000000070b400000, 0x000000070b400000| Untracked 
| 149|0x000000070b500000, 0x000000070b500000, 0x000000070b600000|  0%| F|  |TAMS 0x000000070b500000, 0x000000070b500000| Untracked 
| 150|0x000000070b600000, 0x000000070b600000, 0x000000070b700000|  0%| F|  |TAMS 0x000000070b600000, 0x000000070b600000| Untracked 
| 151|0x000000070b700000, 0x000000070b700000, 0x000000070b800000|  0%| F|  |TAMS 0x000000070b700000, 0x000000070b700000| Untracked 
| 152|0x000000070b800000, 0x000000070b800000, 0x000000070b900000|  0%| F|  |TAMS 0x000000070b800000, 0x000000070b800000| Untracked 
| 153|0x000000070b900000, 0x000000070b900000, 0x000000070ba00000|  0%| F|  |TAMS 0x000000070b900000, 0x000000070b900000| Untracked 
| 154|0x000000070ba00000, 0x000000070ba00000, 0x000000070bb00000|  0%| F|  |TAMS 0x000000070ba00000, 0x000000070ba00000| Untracked 
| 155|0x000000070bb00000, 0x000000070bb00000, 0x000000070bc00000|  0%| F|  |TAMS 0x000000070bb00000, 0x000000070bb00000| Untracked 
| 156|0x000000070bc00000, 0x000000070bc00000, 0x000000070bd00000|  0%| F|  |TAMS 0x000000070bc00000, 0x000000070bc00000| Untracked 
| 157|0x000000070bd00000, 0x000000070bd00000, 0x000000070be00000|  0%| F|  |TAMS 0x000000070bd00000, 0x000000070bd00000| Untracked 
| 158|0x000000070be00000, 0x000000070be00000, 0x000000070bf00000|  0%| F|  |TAMS 0x000000070be00000, 0x000000070be00000| Untracked 
| 159|0x000000070bf00000, 0x000000070bf00000, 0x000000070c000000|  0%| F|  |TAMS 0x000000070bf00000, 0x000000070bf00000| Untracked 
| 160|0x000000070c000000, 0x000000070c000000, 0x000000070c100000|  0%| F|  |TAMS 0x000000070c000000, 0x000000070c000000| Untracked 
| 161|0x000000070c100000, 0x000000070c100000, 0x000000070c200000|  0%| F|  |TAMS 0x000000070c100000, 0x000000070c100000| Untracked 
| 162|0x000000070c200000, 0x000000070c200000, 0x000000070c300000|  0%| F|  |TAMS 0x000000070c200000, 0x000000070c200000| Untracked 
| 163|0x000000070c300000, 0x000000070c300000, 0x000000070c400000|  0%| F|  |TAMS 0x000000070c300000, 0x000000070c300000| Untracked 
| 164|0x000000070c400000, 0x000000070c400000, 0x000000070c500000|  0%| F|  |TAMS 0x000000070c400000, 0x000000070c400000| Untracked 
| 165|0x000000070c500000, 0x000000070c500000, 0x000000070c600000|  0%| F|  |TAMS 0x000000070c500000, 0x000000070c500000| Untracked 
| 166|0x000000070c600000, 0x000000070c600000, 0x000000070c700000|  0%| F|  |TAMS 0x000000070c600000, 0x000000070c600000| Untracked 
| 167|0x000000070c700000, 0x000000070c700000, 0x000000070c800000|  0%| F|  |TAMS 0x000000070c700000, 0x000000070c700000| Untracked 
| 168|0x000000070c800000, 0x000000070c800000, 0x000000070c900000|  0%| F|  |TAMS 0x000000070c800000, 0x000000070c800000| Untracked 
| 169|0x000000070c900000, 0x000000070c900000, 0x000000070ca00000|  0%| F|  |TAMS 0x000000070c900000, 0x000000070c900000| Untracked 
| 170|0x000000070ca00000, 0x000000070ca00000, 0x000000070cb00000|  0%| F|  |TAMS 0x000000070ca00000, 0x000000070ca00000| Untracked 
| 171|0x000000070cb00000, 0x000000070cb00000, 0x000000070cc00000|  0%| F|  |TAMS 0x000000070cb00000, 0x000000070cb00000| Untracked 
| 172|0x000000070cc00000, 0x000000070cc00000, 0x000000070cd00000|  0%| F|  |TAMS 0x000000070cc00000, 0x000000070cc00000| Untracked 
| 173|0x000000070cd00000, 0x000000070cd00000, 0x000000070ce00000|  0%| F|  |TAMS 0x000000070cd00000, 0x000000070cd00000| Untracked 
| 174|0x000000070ce00000, 0x000000070ce00000, 0x000000070cf00000|  0%| F|  |TAMS 0x000000070ce00000, 0x000000070ce00000| Untracked 
| 175|0x000000070cf00000, 0x000000070cf00000, 0x000000070d000000|  0%| F|  |TAMS 0x000000070cf00000, 0x000000070cf00000| Untracked 
| 176|0x000000070d000000, 0x000000070d000000, 0x000000070d100000|  0%| F|  |TAMS 0x000000070d000000, 0x000000070d000000| Untracked 
| 177|0x000000070d100000, 0x000000070d100000, 0x000000070d200000|  0%| F|  |TAMS 0x000000070d100000, 0x000000070d100000| Untracked 
| 178|0x000000070d200000, 0x000000070d200000, 0x000000070d300000|  0%| F|  |TAMS 0x000000070d200000, 0x000000070d200000| Untracked 
| 179|0x000000070d300000, 0x000000070d300000, 0x000000070d400000|  0%| F|  |TAMS 0x000000070d300000, 0x000000070d300000| Untracked 
| 180|0x000000070d400000, 0x000000070d400000, 0x000000070d500000|  0%| F|  |TAMS 0x000000070d400000, 0x000000070d400000| Untracked 
| 181|0x000000070d500000, 0x000000070d500000, 0x000000070d600000|  0%| F|  |TAMS 0x000000070d500000, 0x000000070d500000| Untracked 
| 182|0x000000070d600000, 0x000000070d600000, 0x000000070d700000|  0%| F|  |TAMS 0x000000070d600000, 0x000000070d600000| Untracked 
| 183|0x000000070d700000, 0x000000070d700000, 0x000000070d800000|  0%| F|  |TAMS 0x000000070d700000, 0x000000070d700000| Untracked 
| 184|0x000000070d800000, 0x000000070d800000, 0x000000070d900000|  0%| F|  |TAMS 0x000000070d800000, 0x000000070d800000| Untracked 
| 185|0x000000070d900000, 0x000000070d900000, 0x000000070da00000|  0%| F|  |TAMS 0x000000070d900000, 0x000000070d900000| Untracked 
| 186|0x000000070da00000, 0x000000070da00000, 0x000000070db00000|  0%| F|  |TAMS 0x000000070da00000, 0x000000070da00000| Untracked 
| 187|0x000000070db00000, 0x000000070db00000, 0x000000070dc00000|  0%| F|  |TAMS 0x000000070db00000, 0x000000070db00000| Untracked 
| 188|0x000000070dc00000, 0x000000070dc00000, 0x000000070dd00000|  0%| F|  |TAMS 0x000000070dc00000, 0x000000070dc00000| Untracked 
| 189|0x000000070dd00000, 0x000000070dd00000, 0x000000070de00000|  0%| F|  |TAMS 0x000000070dd00000, 0x000000070dd00000| Untracked 
| 190|0x000000070de00000, 0x000000070de00000, 0x000000070df00000|  0%| F|  |TAMS 0x000000070de00000, 0x000000070de00000| Untracked 
| 191|0x000000070df00000, 0x000000070df00000, 0x000000070e000000|  0%| F|  |TAMS 0x000000070df00000, 0x000000070df00000| Untracked 
| 192|0x000000070e000000, 0x000000070e000000, 0x000000070e100000|  0%| F|  |TAMS 0x000000070e000000, 0x000000070e000000| Untracked 
| 193|0x000000070e100000, 0x000000070e100000, 0x000000070e200000|  0%| F|  |TAMS 0x000000070e100000, 0x000000070e100000| Untracked 
| 194|0x000000070e200000, 0x000000070e200000, 0x000000070e300000|  0%| F|  |TAMS 0x000000070e200000, 0x000000070e200000| Untracked 
| 195|0x000000070e300000, 0x000000070e300000, 0x000000070e400000|  0%| F|  |TAMS 0x000000070e300000, 0x000000070e300000| Untracked 
| 196|0x000000070e400000, 0x000000070e400000, 0x000000070e500000|  0%| F|  |TAMS 0x000000070e400000, 0x000000070e400000| Untracked 
| 197|0x000000070e500000, 0x000000070e500000, 0x000000070e600000|  0%| F|  |TAMS 0x000000070e500000, 0x000000070e500000| Untracked 
| 198|0x000000070e600000, 0x000000070e600000, 0x000000070e700000|  0%| F|  |TAMS 0x000000070e600000, 0x000000070e600000| Untracked 
| 199|0x000000070e700000, 0x000000070e700000, 0x000000070e800000|  0%| F|  |TAMS 0x000000070e700000, 0x000000070e700000| Untracked 
| 200|0x000000070e800000, 0x000000070e800000, 0x000000070e900000|  0%| F|  |TAMS 0x000000070e800000, 0x000000070e800000| Untracked 
| 201|0x000000070e900000, 0x000000070e900000, 0x000000070ea00000|  0%| F|  |TAMS 0x000000070e900000, 0x000000070e900000| Untracked 
| 202|0x000000070ea00000, 0x000000070ea00000, 0x000000070eb00000|  0%| F|  |TAMS 0x000000070ea00000, 0x000000070ea00000| Untracked 
| 203|0x000000070eb00000, 0x000000070eb00000, 0x000000070ec00000|  0%| F|  |TAMS 0x000000070eb00000, 0x000000070eb00000| Untracked 
| 204|0x000000070ec00000, 0x000000070ec00000, 0x000000070ed00000|  0%| F|  |TAMS 0x000000070ec00000, 0x000000070ec00000| Untracked 
| 205|0x000000070ed00000, 0x000000070ed00000, 0x000000070ee00000|  0%| F|  |TAMS 0x000000070ed00000, 0x000000070ed00000| Untracked 
| 206|0x000000070ee00000, 0x000000070ee00000, 0x000000070ef00000|  0%| F|  |TAMS 0x000000070ee00000, 0x000000070ee00000| Untracked 
| 207|0x000000070ef00000, 0x000000070ef00000, 0x000000070f000000|  0%| F|  |TAMS 0x000000070ef00000, 0x000000070ef00000| Untracked 
| 208|0x000000070f000000, 0x000000070f000000, 0x000000070f100000|  0%| F|  |TAMS 0x000000070f000000, 0x000000070f000000| Untracked 
| 209|0x000000070f100000, 0x000000070f100000, 0x000000070f200000|  0%| F|  |TAMS 0x000000070f100000, 0x000000070f100000| Untracked 
| 210|0x000000070f200000, 0x000000070f200000, 0x000000070f300000|  0%| F|  |TAMS 0x000000070f200000, 0x000000070f200000| Untracked 
| 211|0x000000070f300000, 0x000000070f300000, 0x000000070f400000|  0%| F|  |TAMS 0x000000070f300000, 0x000000070f300000| Untracked 
| 212|0x000000070f400000, 0x000000070f400000, 0x000000070f500000|  0%| F|  |TAMS 0x000000070f400000, 0x000000070f400000| Untracked 
| 213|0x000000070f500000, 0x000000070f500000, 0x000000070f600000|  0%| F|  |TAMS 0x000000070f500000, 0x000000070f500000| Untracked 
| 214|0x000000070f600000, 0x000000070f600000, 0x000000070f700000|  0%| F|  |TAMS 0x000000070f600000, 0x000000070f600000| Untracked 
| 215|0x000000070f700000, 0x000000070f700000, 0x000000070f800000|  0%| F|  |TAMS 0x000000070f700000, 0x000000070f700000| Untracked 
| 216|0x000000070f800000, 0x000000070f800000, 0x000000070f900000|  0%| F|  |TAMS 0x000000070f800000, 0x000000070f800000| Untracked 
| 217|0x000000070f900000, 0x000000070f900000, 0x000000070fa00000|  0%| F|  |TAMS 0x000000070f900000, 0x000000070f900000| Untracked 
| 218|0x000000070fa00000, 0x000000070fa00000, 0x000000070fb00000|  0%| F|  |TAMS 0x000000070fa00000, 0x000000070fa00000| Untracked 
| 219|0x000000070fb00000, 0x000000070fb00000, 0x000000070fc00000|  0%| F|  |TAMS 0x000000070fb00000, 0x000000070fb00000| Untracked 
| 220|0x000000070fc00000, 0x000000070fc00000, 0x000000070fd00000|  0%| F|  |TAMS 0x000000070fc00000, 0x000000070fc00000| Untracked 
| 221|0x000000070fd00000, 0x000000070fd00000, 0x000000070fe00000|  0%| F|  |TAMS 0x000000070fd00000, 0x000000070fd00000| Untracked 
| 222|0x000000070fe00000, 0x000000070fe00000, 0x000000070ff00000|  0%| F|  |TAMS 0x000000070fe00000, 0x000000070fe00000| Untracked 
| 223|0x000000070ff00000, 0x000000070ff00000, 0x0000000710000000|  0%| F|  |TAMS 0x000000070ff00000, 0x000000070ff00000| Untracked 
| 224|0x0000000710000000, 0x0000000710000000, 0x0000000710100000|  0%| F|  |TAMS 0x0000000710000000, 0x0000000710000000| Untracked 
| 225|0x0000000710100000, 0x0000000710100000, 0x0000000710200000|  0%| F|  |TAMS 0x0000000710100000, 0x0000000710100000| Untracked 
| 226|0x0000000710200000, 0x0000000710200000, 0x0000000710300000|  0%| F|  |TAMS 0x0000000710200000, 0x0000000710200000| Untracked 
| 227|0x0000000710300000, 0x0000000710300000, 0x0000000710400000|  0%| F|  |TAMS 0x0000000710300000, 0x0000000710300000| Untracked 
| 228|0x0000000710400000, 0x0000000710400000, 0x0000000710500000|  0%| F|  |TAMS 0x0000000710400000, 0x0000000710400000| Untracked 
| 229|0x0000000710500000, 0x0000000710500000, 0x0000000710600000|  0%| F|  |TAMS 0x0000000710500000, 0x0000000710500000| Untracked 
| 230|0x0000000710600000, 0x0000000710600000, 0x0000000710700000|  0%| F|  |TAMS 0x0000000710600000, 0x0000000710600000| Untracked 
| 231|0x0000000710700000, 0x0000000710700000, 0x0000000710800000|  0%| F|  |TAMS 0x0000000710700000, 0x0000000710700000| Untracked 
| 232|0x0000000710800000, 0x0000000710800000, 0x0000000710900000|  0%| F|  |TAMS 0x0000000710800000, 0x0000000710800000| Untracked 
| 233|0x0000000710900000, 0x0000000710900000, 0x0000000710a00000|  0%| F|  |TAMS 0x0000000710900000, 0x0000000710900000| Untracked 
| 234|0x0000000710a00000, 0x0000000710a00000, 0x0000000710b00000|  0%| F|  |TAMS 0x0000000710a00000, 0x0000000710a00000| Untracked 
| 235|0x0000000710b00000, 0x0000000710b00000, 0x0000000710c00000|  0%| F|  |TAMS 0x0000000710b00000, 0x0000000710b00000| Untracked 
| 236|0x0000000710c00000, 0x0000000710c00000, 0x0000000710d00000|  0%| F|  |TAMS 0x0000000710c00000, 0x0000000710c00000| Untracked 
| 237|0x0000000710d00000, 0x0000000710d00000, 0x0000000710e00000|  0%| F|  |TAMS 0x0000000710d00000, 0x0000000710d00000| Untracked 
| 238|0x0000000710e00000, 0x0000000710e63190, 0x0000000710f00000| 38%| S|CS|TAMS 0x0000000710e00000, 0x0000000710e00000| Complete 
| 239|0x0000000710f00000, 0x0000000711000000, 0x0000000711000000|100%| S|CS|TAMS 0x0000000710f00000, 0x0000000710f00000| Complete 
| 240|0x0000000711000000, 0x0000000711100000, 0x0000000711100000|100%| S|CS|TAMS 0x0000000711000000, 0x0000000711000000| Complete 
| 241|0x0000000711100000, 0x0000000711200000, 0x0000000711200000|100%| S|CS|TAMS 0x0000000711100000, 0x0000000711100000| Complete 
| 242|0x0000000711200000, 0x0000000711300000, 0x0000000711300000|100%| S|CS|TAMS 0x0000000711200000, 0x0000000711200000| Complete 
| 243|0x0000000711300000, 0x0000000711300000, 0x0000000711400000|  0%| F|  |TAMS 0x0000000711300000, 0x0000000711300000| Untracked 
| 244|0x0000000711400000, 0x0000000711400000, 0x0000000711500000|  0%| F|  |TAMS 0x0000000711400000, 0x0000000711400000| Untracked 
| 245|0x0000000711500000, 0x0000000711500000, 0x0000000711600000|  0%| F|  |TAMS 0x0000000711500000, 0x0000000711500000| Untracked 
| 246|0x0000000711600000, 0x0000000711600000, 0x0000000711700000|  0%| F|  |TAMS 0x0000000711600000, 0x0000000711600000| Untracked 
| 247|0x0000000711700000, 0x0000000711700000, 0x0000000711800000|  0%| F|  |TAMS 0x0000000711700000, 0x0000000711700000| Untracked 
| 248|0x0000000711800000, 0x0000000711800000, 0x0000000711900000|  0%| F|  |TAMS 0x0000000711800000, 0x0000000711800000| Untracked 
| 249|0x0000000711900000, 0x0000000711900000, 0x0000000711a00000|  0%| F|  |TAMS 0x0000000711900000, 0x0000000711900000| Untracked 
| 250|0x0000000711a00000, 0x0000000711a00000, 0x0000000711b00000|  0%| F|  |TAMS 0x0000000711a00000, 0x0000000711a00000| Untracked 
| 251|0x0000000711b00000, 0x0000000711b00000, 0x0000000711c00000|  0%| F|  |TAMS 0x0000000711b00000, 0x0000000711b00000| Untracked 
| 252|0x0000000711c00000, 0x0000000711d00000, 0x0000000711d00000|100%| E|  |TAMS 0x0000000711c00000, 0x0000000711c00000| Complete 
| 253|0x0000000711d00000, 0x0000000711e00000, 0x0000000711e00000|100%| E|CS|TAMS 0x0000000711d00000, 0x0000000711d00000| Complete 

Card table byte_map: [0x0000020d50e60000,0x0000020d51650000] _byte_map_base: 0x0000020d4d650000

Marking Bits (Prev, Next): (CMBitMap*) 0x0000020d38c8ee50, (CMBitMap*) 0x0000020d38c8ee18
 Prev Bits: [0x0000020d55dc0000, 0x0000020d59d40000)
 Next Bits: [0x0000020d51e40000, 0x0000020d55dc0000)

Polling page: 0x0000020d37400000

Metaspace:

Usage:
  Non-class:     22.94 MB capacity,    22.53 MB ( 98%) used,   355.55 KB (  2%) free+waste,    68.38 KB ( <1%) overhead. 
      Class:      3.18 MB capacity,     2.95 MB ( 93%) used,   199.55 KB (  6%) free+waste,    33.38 KB (  1%) overhead. 
       Both:     26.12 MB capacity,    25.48 MB ( 98%) used,   555.10 KB (  2%) free+waste,   101.75 KB ( <1%) overhead. 

Virtual space:
  Non-class space:       24.00 MB reserved,      23.17 MB ( 97%) committed 
      Class space:        1.00 GB reserved,       3.25 MB ( <1%) committed 
             Both:        1.02 GB reserved,      26.42 MB (  3%) committed 

Chunk freelists:
   Non-Class:  5.13 KB
       Class:  1.13 KB
        Both:  6.25 KB

CodeHeap 'non-profiled nmethods': size=120064Kb used=2400Kb max_used=2400Kb free=117663Kb
 bounds [0x0000020d48b00000, 0x0000020d48d70000, 0x0000020d50040000]
CodeHeap 'profiled nmethods': size=120000Kb used=10053Kb max_used=10053Kb free=109946Kb
 bounds [0x0000020d415d0000, 0x0000020d41fb0000, 0x0000020d48b00000]
CodeHeap 'non-nmethods': size=5696Kb used=1299Kb max_used=1363Kb free=4396Kb
 bounds [0x0000020d41040000, 0x0000020d412b0000, 0x0000020d415d0000]
 total_blobs=6118 nmethods=4329 adapters=609
 compilation: enabled
              stopped_count=0, restarted_count=0
 full_count=0

Compilation events (10 events):
Event: 1107.240 Thread 0x0000020d5ccf4000 4332       3       gradient.ExponentialGradient::valueAt (17 bytes)
Event: 1107.240 Thread 0x0000020d5ccf4000 nmethod 4332 0x0000020d41f9bd90 code [0x0000020d41f9bf60, 0x0000020d41f9c2d8]
Event: 1108.820 Thread 0x0000020d5ccf4000 4333   !   3       sun.java2d.pipe.DrawImage::renderImageCopy (147 bytes)
Event: 1108.822 Thread 0x0000020d5ccf4000 nmethod 4333 0x0000020d41f9c410 code [0x0000020d41f9c660, 0x0000020d41f9d280]
Event: 1109.692 Thread 0x0000020d5ccf4000 4334  s    3       sun.awt.im.InputContext::removeNotify (148 bytes)
Event: 1109.698 Thread 0x0000020d5ccf4000 nmethod 4334 0x0000020d41f9d790 code [0x0000020d41f9dc00, 0x0000020d41fa07c0]
Event: 1109.698 Thread 0x0000020d5ccf4000 4335       3       javax.swing.KeyboardManager::getCurrentManager (4 bytes)
Event: 1109.698 Thread 0x0000020d5ccf4000 nmethod 4335 0x0000020d41fa1310 code [0x0000020d41fa14a0, 0x0000020d41fa15f8]
Event: 1109.698 Thread 0x0000020d5ccf4000 4336       3       sun.awt.NullComponentPeer::dispose (1 bytes)
Event: 1109.698 Thread 0x0000020d5ccf4000 nmethod 4336 0x0000020d41fa1690 code [0x0000020d41fa1820, 0x0000020d41fa1978]

GC Heap History (10 events):
Event: 811.943 GC heap before
{Heap before GC invocations=15 (full 0):
 garbage-first heap   total 260096K, used 120222K [0x0000000702000000, 0x0000000800000000)
  region size 1024K, 8 young (8192K), 5 survivors (5120K)
 Metaspace       used 25972K, capacity 26622K, committed 26800K, reserved 1073152K
  class space    used 3022K, capacity 3255K, committed 3328K, reserved 1048576K
}
Event: 811.948 GC heap after
{Heap after GC invocations=16 (full 0):
 garbage-first heap   total 260096K, used 58412K [0x0000000702000000, 0x0000000800000000)
  region size 1024K, 4 young (4096K), 4 survivors (4096K)
 Metaspace       used 25972K, capacity 26622K, committed 26800K, reserved 1073152K
  class space    used 3022K, capacity 3255K, committed 3328K, reserved 1048576K
}
Event: 817.456 GC heap before
{Heap before GC invocations=17 (full 0):
 garbage-first heap   total 260096K, used 122924K [0x0000000702000000, 0x0000000800000000)
  region size 1024K, 8 young (8192K), 4 survivors (4096K)
 Metaspace       used 25978K, capacity 26622K, committed 26800K, reserved 1073152K
  class space    used 3022K, capacity 3255K, committed 3328K, reserved 1048576K
}
Event: 817.461 GC heap after
{Heap after GC invocations=18 (full 0):
 garbage-first heap   total 260096K, used 64556K [0x0000000702000000, 0x0000000800000000)
  region size 1024K, 4 young (4096K), 4 survivors (4096K)
 Metaspace       used 25978K, capacity 26622K, committed 26800K, reserved 1073152K
  class space    used 3022K, capacity 3255K, committed 3328K, reserved 1048576K
}
Event: 861.931 GC heap before
{Heap before GC invocations=19 (full 0):
 garbage-first heap   total 260096K, used 127020K [0x0000000702000000, 0x0000000800000000)
  region size 1024K, 12 young (12288K), 4 survivors (4096K)
 Metaspace       used 26035K, capacity 26686K, committed 26800K, reserved 1073152K
  class space    used 3022K, capacity 3255K, committed 3328K, reserved 1048576K
}
Event: 861.958 GC heap after
{Heap after GC invocations=20 (full 0):
 garbage-first heap   total 260096K, used 56758K [0x0000000702000000, 0x0000000800000000)
  region size 1024K, 5 young (5120K), 5 survivors (5120K)
 Metaspace       used 26035K, capacity 26686K, committed 26800K, reserved 1073152K
  class space    used 3022K, capacity 3255K, committed 3328K, reserved 1048576K
}
Event: 918.610 GC heap before
{Heap before GC invocations=21 (full 0):
 garbage-first heap   total 260096K, used 122294K [0x0000000702000000, 0x0000000800000000)
  region size 1024K, 10 young (10240K), 5 survivors (5120K)
 Metaspace       used 26065K, capacity 26686K, committed 26800K, reserved 1073152K
  class space    used 3022K, capacity 3255K, committed 3328K, reserved 1048576K
}
Event: 918.633 GC heap after
{Heap after GC invocations=22 (full 0):
 garbage-first heap   total 260096K, used 60658K [0x0000000702000000, 0x0000000800000000)
  region size 1024K, 5 young (5120K), 5 survivors (5120K)
 Metaspace       used 26065K, capacity 26686K, committed 26800K, reserved 1073152K
  class space    used 3022K, capacity 3255K, committed 3328K, reserved 1048576K
}
Event: 1108.241 GC heap before
{Heap before GC invocations=23 (full 0):
 garbage-first heap   total 260096K, used 125170K [0x0000000702000000, 0x0000000800000000)
  region size 1024K, 11 young (11264K), 5 survivors (5120K)
 Metaspace       used 26085K, capacity 26750K, committed 27056K, reserved 1073152K
  class space    used 3022K, capacity 3255K, committed 3328K, reserved 1048576K
}
Event: 1108.250 GC heap after
{Heap after GC invocations=24 (full 0):
 garbage-first heap   total 260096K, used 48568K [0x0000000702000000, 0x0000000800000000)
  region size 1024K, 5 young (5120K), 5 survivors (5120K)
 Metaspace       used 26085K, capacity 26750K, committed 27056K, reserved 1073152K
  class space    used 3022K, capacity 3255K, committed 3328K, reserved 1048576K
}

Deoptimization events (10 events):
Event: 806.754 Thread 0x0000020d5d4b3800 Uncommon trap: reason=unstable_if action=reinterpret pc=0x0000020d48d10778 method=sun.java2d.SunGraphics2D.validateColor()V @ 38 c2
Event: 828.979 Thread 0x0000020d5d4b3800 Uncommon trap: reason=speculate_class_check action=maybe_recompile pc=0x0000020d48d37690 method=java.util.Hashtable.addEntry(ILjava/lang/Object;Ljava/lang/Object;I)V @ 18 c2
Event: 828.979 Thread 0x0000020d5d4b3800 Uncommon trap: reason=speculate_class_check action=maybe_recompile pc=0x0000020d48d37690 method=java.util.Hashtable.addEntry(ILjava/lang/Object;Ljava/lang/Object;I)V @ 18 c2
Event: 828.980 Thread 0x0000020d5d4b3800 Uncommon trap: reason=speculate_class_check action=maybe_recompile pc=0x0000020d48d37690 method=java.util.Hashtable.addEntry(ILjava/lang/Object;Ljava/lang/Object;I)V @ 18 c2
Event: 843.050 Thread 0x0000020d5d4b3800 Uncommon trap: reason=unstable_if action=reinterpret pc=0x0000020d48ca9b60 method=javax.swing.RepaintManager.addDirtyRegion0(Ljava/awt/Container;IIII)V @ 108 c2
Event: 843.050 Thread 0x0000020d5d4b3800 Uncommon trap: reason=unstable_if action=reinterpret pc=0x0000020d48ccb4fc method=javax.swing.RepaintManager.addDirtyRegion0(Ljava/awt/Container;IIII)V @ 108 c2
Event: 843.050 Thread 0x0000020d5d4b3800 Uncommon trap: reason=unstable_if action=reinterpret pc=0x0000020d48cd5428 method=javax.swing.RepaintManager.addDirtyRegion0(Ljava/awt/Container;IIII)V @ 108 c2
Event: 915.123 Thread 0x0000020d5d4b3800 Uncommon trap: reason=speculate_class_check action=maybe_recompile pc=0x0000020d48d37690 method=java.util.Hashtable.addEntry(ILjava/lang/Object;Ljava/lang/Object;I)V @ 18 c2
Event: 930.065 Thread 0x0000020d5d3e3000 Uncommon trap: reason=unstable_if action=reinterpret pc=0x0000020d48c91be4 method=java.awt.Rectangle.inside(II)Z @ 79 c2
Event: 930.066 Thread 0x0000020d5d3e3000 Uncommon trap: reason=unstable_if action=reinterpret pc=0x0000020d48c90e98 method=java.awt.Rectangle.inside(II)Z @ 79 c2

Classes redefined (0 events):
No events

Internal exceptions (10 events):
Event: 0.791 Thread 0x0000020d38c2a800 Exception <a 'java/lang/NoSuchMethodError'{0x00000007111d2ae0}: java.lang.invoke.DirectMethodHandle$Holder.invokeStatic(Ljava/lang/Object;IIII)Ljava/lang/Object;> (0x00000007111d2ae0) thrown at [./open/src/hotspot/share/interpreter/linkResolver.cpp, line 
Event: 0.791 Thread 0x0000020d38c2a800 Exception <a 'java/lang/NoSuchMethodError'{0x00000007111d5bf8}: java.lang.invoke.DirectMethodHandle$Holder.invokeStaticInit(Ljava/lang/Object;IIII)Ljava/lang/Object;> (0x00000007111d5bf8) thrown at [./open/src/hotspot/share/interpreter/linkResolver.cpp, l
Event: 1.155 Thread 0x0000020d38c2a800 Exception <a 'java/lang/NoSuchMethodError'{0x0000000711095fe8}: java.lang.invoke.DirectMethodHandle$Holder.invokeStatic(Ljava/lang/Object;Ljava/lang/Object;IIII)Ljava/lang/Object;> (0x0000000711095fe8) thrown at [./open/src/hotspot/share/interpreter/linkR
Event: 1.155 Thread 0x0000020d38c2a800 Exception <a 'java/lang/NoSuchMethodError'{0x0000000711099330}: java.lang.invoke.DirectMethodHandle$Holder.invokeStaticInit(Ljava/lang/Object;Ljava/lang/Object;IIII)Ljava/lang/Object;> (0x0000000711099330) thrown at [./open/src/hotspot/share/interpreter/l
Event: 1.189 Thread 0x0000020d38c2a800 Exception <a 'java/lang/NoSuchMethodError'{0x00000007110cd630}: java.lang.invoke.DirectMethodHandle$Holder.invokeStaticInit(Ljava/lang/Object;)V> (0x00000007110cd630) thrown at [./open/src/hotspot/share/interpreter/linkResolver.cpp, line 772]
Event: 1.202 Thread 0x0000020d38c2a800 Exception <a 'java/lang/NoSuchMethodError'{0x0000000711d45b40}: java.lang.invoke.Invokers$Holder.linkToTargetMethod(Ljava/lang/Object;ILjava/lang/Object;)Ljava/lang/Object;> (0x0000000711d45b40) thrown at [./open/src/hotspot/share/interpreter/linkResolver
Event: 1.324 Thread 0x0000020d5d4b3800 Exception <a 'java/lang/NoSuchMethodError'{0x0000000711aa7dc0}: java.lang.invoke.DirectMethodHandle$Holder.invokeSpecial(Ljava/lang/Object;Ljava/lang/Object;Ljava/lang/Object;IIIID)V> (0x0000000711aa7dc0) thrown at [./open/src/hotspot/share/interpreter/li
Event: 2.467 Thread 0x0000020d5f9a2800 Exception <a 'java/lang/NoSuchMethodError'{0x0000000711891090}: java.lang.invoke.DirectMethodHandle$Holder.invokeStaticInit(Ljava/lang/Object;Ljava/lang/Object;Ljava/lang/Object;)I> (0x0000000711891090) thrown at [./open/src/hotspot/share/interpreter/link
Event: 3.797 Thread 0x0000020d64118800 Implicit null exception at 0x0000020d48ba8362 to 0x0000020d48ba897a
Event: 27.997 Thread 0x0000020d5fa86000 Implicit null exception at 0x0000020d48c055c8 to 0x0000020d48c0719e

Events (10 events):
Event: 1108.250 Executing VM operation: G1CollectForAllocation done
Event: 1108.268 Thread 0x0000020d6474e800 Thread exited: 0x0000020d6474e800
Event: 1108.271 Executing VM operation: CGC_Operation
Event: 1108.276 Executing VM operation: CGC_Operation done
Event: 1108.284 Executing VM operation: CGC_Operation
Event: 1108.284 Executing VM operation: CGC_Operation done
Event: 1108.562 Thread 0x0000020d6474d800 Thread added: 0x0000020d6474d800
Event: 1108.751 Thread 0x0000020d6474d000 Thread added: 0x0000020d6474d000
Event: 1108.751 Thread 0x0000020d6474d800 Thread exited: 0x0000020d6474d800
Event: 1108.820 Thread 0x0000020d6474d000 Thread exited: 0x0000020d6474d000


Dynamic libraries:
0x00007ff72d190000 - 0x00007ff72d1d7000 	C:\Program Files\Java\jdk-11.0.7\bin\javaw.exe
0x00007fff93750000 - 0x00007fff93948000 	C:\WINDOWS\SYSTEM32\ntdll.dll
0x00007fff91a90000 - 0x00007fff91b4d000 	C:\WINDOWS\System32\KERNEL32.DLL
0x00007fff90ef0000 - 0x00007fff911c2000 	C:\WINDOWS\System32\KERNELBASE.dll
0x00007fff93010000 - 0x00007fff930be000 	C:\WINDOWS\System32\ADVAPI32.dll
0x00007fff91d80000 - 0x00007fff91e1e000 	C:\WINDOWS\System32\msvcrt.dll
0x00007fff91ce0000 - 0x00007fff91d7c000 	C:\WINDOWS\System32\sechost.dll
0x00007fff92200000 - 0x00007fff92325000 	C:\WINDOWS\System32\RPCRT4.dll
0x00007fff92cf0000 - 0x00007fff92e8d000 	C:\WINDOWS\System32\USER32.dll
0x00007fff911d0000 - 0x00007fff911f2000 	C:\WINDOWS\System32\win32u.dll
0x00007fff92fe0000 - 0x00007fff9300b000 	C:\WINDOWS\System32\GDI32.dll
0x00007fff91630000 - 0x00007fff9173f000 	C:\WINDOWS\System32\gdi32full.dll
0x00007fff91430000 - 0x00007fff914cd000 	C:\WINDOWS\System32\msvcp_win.dll
0x00007fff91300000 - 0x00007fff91400000 	C:\WINDOWS\System32\ucrtbase.dll
0x00007fff723c0000 - 0x00007fff7265a000 	C:\WINDOWS\WinSxS\amd64_microsoft.windows.common-controls_6595b64144ccf1df_6.0.19041.1110_none_60b5254171f9507e\COMCTL32.dll
0x00007fff89af0000 - 0x00007fff89afa000 	C:\WINDOWS\SYSTEM32\VERSION.dll
0x00007fff936d0000 - 0x00007fff93700000 	C:\WINDOWS\System32\IMM32.DLL
0x00007fff81220000 - 0x00007fff81236000 	C:\Program Files\Java\jdk-11.0.7\bin\vcruntime140.dll
0x00007fff67320000 - 0x00007fff673ca000 	C:\Program Files\Java\jdk-11.0.7\bin\msvcp140.dll
0x00007fff12920000 - 0x00007fff13481000 	C:\Program Files\Java\jdk-11.0.7\bin\server\jvm.dll
0x00007fff92b50000 - 0x00007fff92b58000 	C:\WINDOWS\System32\PSAPI.DLL
0x00007fff75f80000 - 0x00007fff75f89000 	C:\WINDOWS\SYSTEM32\WSOCK32.dll
0x00007fff76d00000 - 0x00007fff76d27000 	C:\WINDOWS\SYSTEM32\WINMM.dll
0x00007fff917b0000 - 0x00007fff9181b000 	C:\WINDOWS\System32\WS2_32.dll
0x00007fff8ed20000 - 0x00007fff8ed32000 	C:\WINDOWS\SYSTEM32\kernel.appcore.dll
0x00007fff8bb60000 - 0x00007fff8bb71000 	C:\Program Files\Java\jdk-11.0.7\bin\verify.dll
0x00007fff88b70000 - 0x00007fff88d54000 	C:\WINDOWS\SYSTEM32\DBGHELP.DLL
0x00007fff88df0000 - 0x00007fff88e1c000 	C:\WINDOWS\SYSTEM32\dbgcore.DLL
0x00007fff90e60000 - 0x00007fff90ee2000 	C:\WINDOWS\System32\bcryptPrimitives.dll
0x00007fff80bb0000 - 0x00007fff80bd9000 	C:\Program Files\Java\jdk-11.0.7\bin\java.dll
0x00007fff8bb40000 - 0x00007fff8bb4a000 	C:\Program Files\Java\jdk-11.0.7\bin\jimage.dll
0x00007fff8a050000 - 0x00007fff8a066000 	C:\Program Files\Java\jdk-11.0.7\bin\zip.dll
0x00007fff92400000 - 0x00007fff92b43000 	C:\WINDOWS\System32\SHELL32.dll
0x00007fff8ef20000 - 0x00007fff8f6b1000 	C:\WINDOWS\SYSTEM32\windows.storage.dll
0x00007fff91ea0000 - 0x00007fff921f4000 	C:\WINDOWS\System32\combase.dll
0x00007fff907e0000 - 0x00007fff90810000 	C:\WINDOWS\SYSTEM32\Wldp.dll
0x00007fff930c0000 - 0x00007fff9316d000 	C:\WINDOWS\System32\SHCORE.dll
0x00007fff93670000 - 0x00007fff936c5000 	C:\WINDOWS\System32\shlwapi.dll
0x00007fff90da0000 - 0x00007fff90dbf000 	C:\WINDOWS\SYSTEM32\profapi.dll
0x00007fff889e0000 - 0x00007fff889f9000 	C:\Program Files\Java\jdk-11.0.7\bin\net.dll
0x00007fff86550000 - 0x00007fff8665d000 	C:\WINDOWS\SYSTEM32\WINHTTP.dll
0x00007fff90540000 - 0x00007fff905aa000 	C:\WINDOWS\system32\mswsock.dll
0x00007fff88320000 - 0x00007fff88333000 	C:\Program Files\Java\jdk-11.0.7\bin\nio.dll
0x00007fff66f00000 - 0x00007fff6709f000 	C:\Program Files\Java\jdk-11.0.7\bin\awt.dll
0x00007fff92330000 - 0x00007fff923fd000 	C:\WINDOWS\System32\OLEAUT32.dll
0x00007fff8e650000 - 0x00007fff8e6e1000 	C:\WINDOWS\SYSTEM32\apphelp.dll
0x00007fff8e7c0000 - 0x00007fff8e85e000 	C:\WINDOWS\system32\uxtheme.dll
0x00007fff92bd0000 - 0x00007fff92ce5000 	C:\WINDOWS\System32\MSCTF.dll
0x00007fff92e90000 - 0x00007fff92fba000 	C:\WINDOWS\System32\ole32.dll
0x00007fff67290000 - 0x00007fff67314000 	C:\Program Files\Java\jdk-11.0.7\bin\freetype.dll
0x00007fff66a20000 - 0x00007fff66acb000 	C:\Program Files\Java\jdk-11.0.7\bin\fontmanager.dll
0x00007fff8eb40000 - 0x00007fff8eb6f000 	C:\WINDOWS\system32\DWMAPI.DLL
0x00007fff59500000 - 0x00007fff59627000 	C:\WINDOWS\system32\opengl32.dll
0x00007fff59490000 - 0x00007fff594bc000 	C:\WINDOWS\SYSTEM32\GLU32.dll
0x00007fff90730000 - 0x00007fff90748000 	C:\WINDOWS\SYSTEM32\CRYPTSP.dll
0x00007fff8fe60000 - 0x00007fff8fe94000 	C:\WINDOWS\system32\rsaenh.dll
0x00007fff91400000 - 0x00007fff91427000 	C:\WINDOWS\System32\bcrypt.dll
0x00007fff90d60000 - 0x00007fff90d8e000 	C:\WINDOWS\SYSTEM32\USERENV.dll
0x00007fff90750000 - 0x00007fff9075c000 	C:\WINDOWS\SYSTEM32\CRYPTBASE.dll
0x00007fff90230000 - 0x00007fff9026b000 	C:\WINDOWS\SYSTEM32\IPHLPAPI.DLL
0x00007fff93700000 - 0x00007fff93708000 	C:\WINDOWS\System32\NSI.dll
0x00007fff89c50000 - 0x00007fff89c67000 	C:\WINDOWS\SYSTEM32\dhcpcsvc6.DLL
0x00007fff89b00000 - 0x00007fff89b1d000 	C:\WINDOWS\SYSTEM32\dhcpcsvc.DLL
0x00007fff90270000 - 0x00007fff9033a000 	C:\WINDOWS\SYSTEM32\DNSAPI.dll
0x00007fff8a7a0000 - 0x00007fff8a7a6000 	C:\Users\pedro\AppData\Local\Temp\flatlaf.temp\flatlaf-windows-x86_64-10496335129221248628.dll
0x00007fff88dd0000 - 0x00007fff88dd7000 	C:\Program Files\Java\jdk-11.0.7\bin\jawt.dll
0x00007fff80820000 - 0x00007fff80919000 	C:\WINDOWS\SYSTEM32\textinputframework.dll
0x00007fff8e420000 - 0x00007fff8e512000 	C:\WINDOWS\System32\CoreMessaging.dll
0x00007fff8e0c0000 - 0x00007fff8e41e000 	C:\WINDOWS\System32\CoreUIComponents.dll
0x00007fff8d9f0000 - 0x00007fff8db44000 	C:\WINDOWS\SYSTEM32\wintypes.dll
0x00007fff8ff80000 - 0x00007fff8ffb3000 	C:\WINDOWS\SYSTEM32\ntmarta.dll
0x0000000061440000 - 0x000000006156b000 	C:\Users\pedro\AppData\Local\Temp\Aparapi7566196818048930756\libgcc_s_seh-1.dll
0x000000006fc40000 - 0x00000000714f5000 	C:\Users\pedro\AppData\Local\Temp\Aparapi623929127623901363\libstdc++-6.dll
0x0000000064500000 - 0x0000000064945000 	C:\Users\pedro\AppData\Local\Temp\Aparapi2727900284441471886\libaparapi.dll
0x00007fff668b0000 - 0x00007fff66a18000 	C:\WINDOWS\SYSTEM32\OpenCL.dll
0x00007fff91200000 - 0x00007fff9124e000 	C:\WINDOWS\System32\CFGMGR32.dll
0x00007fff91c30000 - 0x00007fff91cdf000 	C:\WINDOWS\System32\clbcatq.dll
0x00007fff89f00000 - 0x00007fff89ff7000 	C:\Windows\System32\AppXDeploymentClient.dll
0x00007fff8f720000 - 0x00007fff8f813000 	C:\WINDOWS\SYSTEM32\dxgi.dll
0x00007fff15d60000 - 0x00007fff16e22000 	C:\WINDOWS\System32\DriverStore\FileRepository\nvaci.inf_amd64_a309342b77560612\nvopencl64.dll
0x00007fff90970000 - 0x00007fff90982000 	C:\WINDOWS\SYSTEM32\msasn1.dll
0x00007fff89520000 - 0x00007fff89551000 	C:\WINDOWS\SYSTEM32\cryptnet.dll
0x00007fff914d0000 - 0x00007fff91626000 	C:\WINDOWS\System32\CRYPT32.dll
0x00007fff89310000 - 0x00007fff89458000 	C:\WINDOWS\SYSTEM32\drvstore.dll
0x00007fff90b30000 - 0x00007fff90b5c000 	C:\WINDOWS\SYSTEM32\devobj.dll
0x00007fff85de0000 - 0x00007fff86527000 	C:\WINDOWS\SYSTEM32\nvapi64.dll
0x00007fff93200000 - 0x00007fff9366f000 	C:\WINDOWS\System32\SETUPAPI.dll
0x00007fff29f70000 - 0x00007fff2a0f3000 	C:\WINDOWS\System32\DriverStore\FileRepository\igdlh64.inf_amd64_ceddadac8a2b489e\IntelOpenCL64.dll
0x00007fff295a0000 - 0x00007fff2977e000 	C:\Program Files (x86)\Common Files\Intel\OpenCL\bin\x64\intelocl64.dll
0x00007fff66800000 - 0x00007fff668ac000 	C:\Program Files (x86)\Common Files\Intel\OpenCL\bin\x64\task_executor64.dll
0x00007fff66600000 - 0x00007fff666ea000 	C:\Program Files (x86)\Common Files\Intel\OpenCL\bin\x64\cpu_device64.dll
0x00007fff84c70000 - 0x00007fff84cab000 	C:\WINDOWS\SYSTEM32\dxcore.dll
0x00007fff18510000 - 0x00007fff189cd000 	C:\WINDOWS\System32\DriverStore\FileRepository\igdlh64.inf_amd64_ceddadac8a2b489e\igdrcl64.dll
0x00007fff66370000 - 0x00007fff66431000 	C:\WINDOWS\System32\DriverStore\FileRepository\igdlh64.inf_amd64_ceddadac8a2b489e\igdfcl64.dll
0x00007fff813f0000 - 0x00007fff831d0000 	C:\WINDOWS\System32\DriverStore\FileRepository\igdlh64.inf_amd64_ceddadac8a2b489e\igc64.dll
0x00007fff06900000 - 0x00007fff09538000 	C:\WINDOWS\system32\DriverStore\FileRepository\nvaci.inf_amd64_a309342b77560612\nvcompiler64.dll
0x00007fff86b40000 - 0x00007fff86cf4000 	C:\WINDOWS\SYSTEM32\WindowsCodecs.dll
0x00007fff65580000 - 0x00007fff655be000 	C:\WINDOWS\system32\dataexchange.dll
0x00007fff8db50000 - 0x00007fff8dd33000 	C:\WINDOWS\system32\dcomp.dll
0x00007fff8cd60000 - 0x00007fff8cfc3000 	C:\WINDOWS\system32\d3d11.dll
0x00007fff8a250000 - 0x00007fff8a450000 	C:\WINDOWS\system32\twinapi.appcore.dll

dbghelp: loaded successfully - version: 4.0.5 - missing functions: none
symbol engine: initialized successfully - sym options: 0x614 - pdb path: .;C:\Program Files\Java\jdk-11.0.7\bin;C:\WINDOWS\SYSTEM32;C:\WINDOWS\WinSxS\amd64_microsoft.windows.common-controls_6595b64144ccf1df_6.0.19041.1110_none_60b5254171f9507e;C:\Program Files\Java\jdk-11.0.7\bin\server;C:\Users\pedro\AppData\Local\Temp\flatlaf.temp;C:\Users\pedro\AppData\Local\Temp\Aparapi7566196818048930756;C:\Users\pedro\AppData\Local\Temp\Aparapi623929127623901363;C:\Users\pedro\AppData\Local\Temp\Aparapi2727900284441471886;C:\WINDOWS\System32\DriverStore\FileRepository\nvaci.inf_amd64_a309342b77560612;C:\WINDOWS\System32\DriverStore\FileRepository\igdlh64.inf_amd64_ceddadac8a2b489e;C:\Program Files (x86)\Common Files\Intel\OpenCL\bin\x64

VM Arguments:
jvm_args: -Dcom.aparapi.enableShowGeneratedOpenCL=true -ea -Dfile.encoding=Cp1252 
java_command: main.main
java_class_path (initial): C:\Users\pedro\git\Mandelbrot\MandelbrotZoomVideo\target\classes;C:\Users\pedro\.p2\pool\plugins\org.junit.jupiter.api_5.7.0.v20201026-1537.jar;C:\Users\pedro\.p2\pool\plugins\org.junit.jupiter.engine_5.7.0.v20201026-1537.jar;C:\Users\pedro\.p2\pool\plugins\org.junit.jupiter.migrationsupport_5.7.0.v20201026-1537.jar;C:\Users\pedro\.p2\pool\plugins\org.junit.jupiter.params_5.7.0.v20201026-1537.jar;C:\Users\pedro\.p2\pool\plugins\org.junit.platform.commons_1.7.0.v20201026-1537.jar;C:\Users\pedro\.p2\pool\plugins\org.junit.platform.engine_1.7.0.v20201026-1537.jar;C:\Users\pedro\.p2\pool\plugins\org.junit.platform.launcher_1.7.0.v20201026-1537.jar;C:\Users\pedro\.p2\pool\plugins\org.junit.platform.runner_1.7.0.v20201026-1537.jar;C:\Users\pedro\.p2\pool\plugins\org.junit.platform.suite.api_1.7.0.v20201026-1537.jar;C:\Users\pedro\.p2\pool\plugins\org.junit.vintage.engine_5.7.0.v20201026-1537.jar;C:\Users\pedro\.p2\pool\plugins\org.opentest4j_1.2.0.v20190826-0900.jar;C:\Users\pedro\.p2\pool\plugins\org.apiguardian_1.1.0.v20190826-0900.jar;C:\Users\pedro\.p2\pool\plugins\org.junit_4.13.0.v20200204-1500.jar;C:\Users\pedro\.p2\pool\plugins\org.hamcrest.core_1.3.0.v20180420-1519.jar;C:\Users\pedro\.m2\repository\org\jcodec\jcodec\0.2.5\jcodec-0.2.5.jar;C:\Users\pedro\.m2\repository\org\jcodec\jcodec-javase\0.2.5\jcodec-javase-0.2.5.jar;C:\Users\pedro\.m2\repository\com\formdev\flatlaf\1.1.2\flatlaf-1.1.2.jar;C:\Users\pedro\.m2\repository\com\aparapi\aparapi\3.0.0\aparapi-3.0.0.jar;C:\Users\pedro\.m2\repository\com\aparapi\aparapi-jni\1.4.3\aparapi-jni-1.4.3.jar;C:\Users\pedro\.m2\repository\org\apache\bcel\bcel\6.5.0\bcel-6.5.0.jar;C:\Users\pedro\.m2\repository\org\scala-lang\scala-library\2.13.6\scala-library-2.13.6.jar
Launcher Type: SUN_STANDARD

[Global flags]
     intx CICompilerCount                          = 3                                         {product} {ergonomic}
     uint ConcGCThreads                            = 1                                         {product} {ergonomic}
     uint G1ConcRefinementThreads                  = 4                                         {product} {ergonomic}
   size_t G1HeapRegionSize                         = 1048576                                   {product} {ergonomic}
    uintx GCDrainStackTargetSize                   = 64                                        {product} {ergonomic}
   size_t InitialHeapSize                          = 266338304                                 {product} {ergonomic}
   size_t MarkStackSize                            = 4194304                                   {product} {ergonomic}
   size_t MaxHeapSize                              = 4261412864                                {product} {ergonomic}
   size_t MaxNewSize                               = 2556428288                                {product} {ergonomic}
   size_t MinHeapDeltaBytes                        = 1048576                                   {product} {ergonomic}
    uintx NonNMethodCodeHeapSize                   = 5830732                                {pd product} {ergonomic}
    uintx NonProfiledCodeHeapSize                  = 122913754                              {pd product} {ergonomic}
    uintx ProfiledCodeHeapSize                     = 122913754                              {pd product} {ergonomic}
    uintx ReservedCodeCacheSize                    = 251658240                              {pd product} {ergonomic}
     bool SegmentedCodeCache                       = true                                      {product} {ergonomic}
     bool UseCompressedClassPointers               = true                                 {lp64_product} {ergonomic}
     bool UseCompressedOops                        = true                                 {lp64_product} {ergonomic}
     bool UseG1GC                                  = true                                      {product} {ergonomic}
     bool UseLargePagesIndividualAllocation        = false                                  {pd product} {ergonomic}

Logging:
Log output configuration:
 #0: stdout all=warning uptime,level,tags
 #1: stderr all=off uptime,level,tags

Environment Variables:
JAVA_HOME=C:\Program Files\Java\jdk1.8.0_152
CLASSPATH=C:\Program Files\JADE-all-4.5.0\JADE-bin-4.5.0\jade\lib\jade.jar;C:\Program Files\swipl\lib\jpl.jar;C:\Users\pedro\Software\InaptAgency\inapts.jar;
PATH=C:/Program Files/Java/jdk-11.0.7/bin/server;C:/Program Files/Java/jdk-11.0.7/bin;C:\Program Files\NVIDIA GPU Computing Toolkit\CUDA\v11.7\bin;C:\Program Files\NVIDIA GPU Computing Toolkit\CUDA\v11.7\libnvvp;;;;;C:\Python38\Scripts\;C:\Python38\;C:\Program Files (x86)\Common Files\Oracle\Java\javapath;C:\Program Files (x86)\Common Files\Intel\Shared Libraries\redist\intel64\compiler;C:\Program Files (x86)\Intel\iCLS Client\;C:\Program Files\Intel\iCLS Client\;C:\Windows\system32;C:\Windows;C:\Windows\System32\Wbem;C:\Windows\System32\WindowsPowerShell\v1.0\;C:\Program Files (x86)\Intel\Intel(R) Management Engine Components\DAL;C:\Program Files\Intel\Intel(R) Management Engine Components\DAL;C:\Program Files (x86)\Intel\Intel(R) Management Engine Components\IPT;C:\Program Files\Intel\Intel(R) Management Engine Components\IPT;C:\WINDOWS\system32;C:\WINDOWS;C:\WINDOWS\System32\Wbem;C:\WINDOWS\System32\WindowsPowerShell\v1.0\;C:\Program Files\Java\jdk1.8.0_271\bin;C:\Program Files\Java\jre1.8.0_271\bin;C:\WINDOWS\System32\OpenSSH\;C:\Program Files\Java\jdk-11.0.5\bin;C:\Users\pedro\Desktop\use-5.2.0\use-5.2.0\bin;C:\Program Files\nodejs\;C:\ProgramData\chocolatey\bin;D:\scala\bin;C:\Users\pedro\AppData\Local\Programs\Git\cmd;C:\Program Files\Docker\Docker\resources\bin;C:\ProgramData\DockerDesktop\version-bin;C:\Program Files\MATLAB\R2022a\bin;C:\Program Files\NVIDIA Corporation\NVIDIA NvDLISR;C:\Program Files (x86)\NVIDIA Corporation\PhysX\Common;C:\Program Files\NVIDIA Corporation\Nsight Compute 2022.2.0\;C:\Users\pedro\AppData\Local\Programs\Python\Python37\Scripts\;C:\Users\pedro\AppData\Local\Programs\Python\Python37\;C:\Users\pedro\AppData\Roaming\Dashlane\4.6.5.21982\bin\Firefox_Extension\{442718d9-475e-452a-b3e1-fb1ee16b8e9f}\components;C:\Users\pedro\AppData\Roaming\Dashlane\4.6.6.23032\bin\Firefox_Extension\{442718d9-475e-452a-b3e1-fb1ee16b8e9f}\components;C:\Users\pedro\AppData\Local\Microsoft\WindowsApps;C:\Users\pedro\AppData\Roaming\Dashlane\5.0.0.10636\b
USERNAME=pedro
OS=Windows_NT
PROCESSOR_IDENTIFIER=Intel64 Family 6 Model 142 Stepping 9, GenuineIntel



---------------  S Y S T E M  ---------------

OS: Windows 10 , 64 bit Build 19041 (10.0.19041.1889)

CPU:total 4 (initial active 4) (2 cores per cpu, 2 threads per core) family 6 model 142 stepping 9, cmov, cx8, fxsr, mmx, sse, sse2, sse3, ssse3, sse4.1, sse4.2, popcnt, avx, avx2, aes, clmul, erms, 3dnowpref, lzcnt, ht, tsc, tscinvbit, bmi1, bmi2, adx, fma

Memory: 4k page, system-wide physical 16252M (6508M free)
TotalPageFile size 18812M (AvailPageFile size 4261M)
current process WorkingSet (physical memory assigned to process): 405M, peak: 417M
current process commit charge ("private bytes"): 518M, peak: 541M

vm_info: Java HotSpot(TM) 64-Bit Server VM (11.0.7+8-LTS) for windows-amd64 JRE (11.0.7+8-LTS), built on Mar 12 2020 02:04:32 by "mach5one" with MS VC++ 15.5 (VS2017)

END.
