#
# A fatal error has been detected by the Java Runtime Environment:
#
#  EXCEPTION_ACCESS_VIOLATION (0xc0000005) at pc=0x00007ffb7eb014fc, pid=13408, tid=1724
#
# JRE version: Java(TM) SE Runtime Environment 18.9 (11.0.7+8) (build 11.0.7+8-LTS)
# Java VM: Java HotSpot(TM) 64-Bit Server VM 18.9 (11.0.7+8-LTS, mixed mode, tiered, compressed oops, g1 gc, windows-amd64)
# Problematic frame:
# C  [flatlaf-windows-x86_64-11149524302331612690.dll+0x14fc]
#
# No core dump will be written. Minidumps are not enabled by default on client versions of Windows
#
# If you would like to submit a bug report, please visit:
#   https://bugreport.java.com/bugreport/crash.jsp
# The crash happened outside the Java Virtual Machine in native code.
# See problematic frame for where to report the bug.
#

---------------  S U M M A R Y ------------

Command Line: -Dcom.aparapi.enableShowGeneratedOpenCL=true -ea -Dfile.encoding=Cp1252 main.main

Host: Intel(R) Core(TM) i5-7200U CPU @ 2.50GHz, 4 cores, 15G,  Windows 10 , 64 bit Build 19041 (10.0.19041.1889)
Time: Sat Sep 24 19:25:21 2022 GMT Summer Time elapsed time: 325 seconds (0d 0h 5m 25s)

---------------  T H R E A D  ---------------

Current thread (0x000002b132d69800):  JavaThread "AWT-Windows" daemon [_thread_in_native, id=1724, stack(0x000000ca8dc00000,0x000000ca8dd00000)]

Stack: [0x000000ca8dc00000,0x000000ca8dd00000],  sp=0x000000ca8dcfe7c0,  free space=1017k
Native frames: (J=compiled Java code, j=interpreted, Vv=VM code, C=native code)
C  [flatlaf-windows-x86_64-11149524302331612690.dll+0x14fc]

Java frames: (J=compiled Java code, j=interpreted, Vv=VM code)
j  sun.awt.windows.WToolkit.eventLoop()V+0 java.desktop@11.0.7
j  sun.awt.windows.WToolkit.run()V+50 java.desktop@11.0.7
j  java.lang.Thread.run()V+11 java.base@11.0.7
v  ~StubRoutines::call_stub

siginfo: EXCEPTION_ACCESS_VIOLATION (0xc0000005), reading address 0x0000000000000020


Register to memory mapping:

RIP=0x00007ffb7eb014fc flatlaf-windows-x86_64-11149524302331612690.dll
RAX=0x000000000000975e is an unknown value
RBX=0x0 is NULL
RCX=0x0 is NULL
RDX=0x00000000001706fc is an unknown value
RSP=0x000000ca8dcfe7c0 is pointing into the stack for thread: 0x000002b132d69800
RBP=0x00000000001706fc is an unknown value
RSI=0x0 is NULL
RDI=0x0 is NULL
R8 =0x0000000000009803 is an unknown value
R9 =0x0 is NULL
R10=0x000002b132f16600 points into unknown readable memory: ac 08 07 00 00 00 00 00
R11=0x0000000000000100 is an unknown value
R12=0x0 is NULL
R13=0x0000000000009803 is an unknown value
R14=0x00000000024702f8 is an unknown value
R15=0x0000000000009803 is an unknown value


Registers:
RAX=0x000000000000975e, RBX=0x0000000000000000, RCX=0x0000000000000000, RDX=0x00000000001706fc
RSP=0x000000ca8dcfe7c0, RBP=0x00000000001706fc, RSI=0x0000000000000000, RDI=0x0000000000000000
R8 =0x0000000000009803, R9 =0x0000000000000000, R10=0x000002b132f16600, R11=0x0000000000000100
R12=0x0000000000000000, R13=0x0000000000009803, R14=0x00000000024702f8, R15=0x0000000000009803
RIP=0x00007ffb7eb014fc, EFLAGS=0x0000000000010202

Top of Stack: (sp=0x000000ca8dcfe7c0)
0x000000ca8dcfe7c0:   0000000000000000 000000000013086c
0x000000ca8dcfe7d0:   000000000000c25a 0000000000000000
0x000000ca8dcfe7e0:   0000000000000000 00007ffb7eb010ce
0x000000ca8dcfe7f0:   fffffffffffffffe 0000000000000001
0x000000ca8dcfe800:   0000000000000000 0000000000000000
0x000000ca8dcfe810:   0000000000000000 00007ffb7eb01424
0x000000ca8dcfe820:   00000000024702f8 00000000001706fc
0x000000ca8dcfe830:   0000000000009803 0000000000000000
0x000000ca8dcfe840:   00000000024702f8 0000000000000000
0x000000ca8dcfe850:   0000000080000022 00007ffb90dde858
0x000000ca8dcfe860:   0000000000000001 000000ca8dcfea50
0x000000ca8dcfe870:   0000000000000000 0000000000000000
0x000000ca8dcfe880:   000000ca8dcff2f0 00007ffb1a3750c7
0x000000ca8dcfe890:   000002b132d69800 000002b132d69800
0x000000ca8dcfe8a0:   0000000000000000 0000000000000000
0x000000ca8dcfe8b0:   8000002200000000 0000000000000000 

Instructions: (pc=0x00007ffb7eb014fc)
0x00007ffb7eb014dc:   00 00 49 8d 41 fe 48 83 f8 01 77 14 49 8b c6 45
0x00007ffb7eb014ec:   0f bf c6 48 c1 e8 10 44 0f bf c8 e8 64 06 00 00
0x00007ffb7eb014fc:   48 8b 4e 20 45 8b c7 4c 89 74 24 20 e9 87 01 00
0x00007ffb7eb0150c:   00 48 8b bc 24 80 00 00 00 41 b8 84 00 00 00 48 


Stack slot to memory mapping:
stack at sp + 0 slots: 0x0 is NULL
stack at sp + 1 slots: 0x000000000013086c is an unknown value
stack at sp + 2 slots: 0x000000000000c25a is an unknown value
stack at sp + 3 slots: 0x0 is NULL
stack at sp + 4 slots: 0x0 is NULL
stack at sp + 5 slots: 0x00007ffb7eb010ce flatlaf-windows-x86_64-11149524302331612690.dll
stack at sp + 6 slots: 0xfffffffffffffffe is an unknown value
stack at sp + 7 slots: 0x0000000000000001 is an unknown value


---------------  P R O C E S S  ---------------

Threads class SMR info:
_java_thread_list=0x000002b13a3e9e80, length=15, elements={
0x000002b1325f9000, 0x000002b132605000, 0x000002b132617800, 0x000002b13261b800,
0x000002b13261e800, 0x000002b132625800, 0x000002b132677000, 0x000002b1327fa800,
0x000002b1327ec000, 0x000002b132cd4000, 0x000002b132d0f800, 0x000002b132d69800,
0x000002b132cff800, 0x000002b10e5aa000, 0x000002b1330f9800
}

Java Threads: ( => current thread )
  0x000002b1325f9000 JavaThread "Reference Handler" daemon [_thread_blocked, id=10316, stack(0x000000ca8cf00000,0x000000ca8d000000)]
  0x000002b132605000 JavaThread "Finalizer" daemon [_thread_blocked, id=6024, stack(0x000000ca8d000000,0x000000ca8d100000)]
  0x000002b132617800 JavaThread "Signal Dispatcher" daemon [_thread_blocked, id=13120, stack(0x000000ca8d100000,0x000000ca8d200000)]
  0x000002b13261b800 JavaThread "Attach Listener" daemon [_thread_blocked, id=2476, stack(0x000000ca8d200000,0x000000ca8d300000)]
  0x000002b13261e800 JavaThread "C2 CompilerThread0" daemon [_thread_blocked, id=1320, stack(0x000000ca8d300000,0x000000ca8d400000)]
  0x000002b132625800 JavaThread "C1 CompilerThread0" daemon [_thread_blocked, id=8196, stack(0x000000ca8d400000,0x000000ca8d500000)]
  0x000002b132677000 JavaThread "Sweeper thread" daemon [_thread_blocked, id=6296, stack(0x000000ca8d500000,0x000000ca8d600000)]
  0x000002b1327fa800 JavaThread "Service Thread" daemon [_thread_blocked, id=9624, stack(0x000000ca8d600000,0x000000ca8d700000)]
  0x000002b1327ec000 JavaThread "Common-Cleaner" daemon [_thread_blocked, id=13116, stack(0x000000ca8d800000,0x000000ca8d900000)]
  0x000002b132cd4000 JavaThread "Java2D Disposer" daemon [_thread_blocked, id=7440, stack(0x000000ca8da00000,0x000000ca8db00000)]
  0x000002b132d0f800 JavaThread "AWT-Shutdown" [_thread_blocked, id=7672, stack(0x000000ca8db00000,0x000000ca8dc00000)]
=>0x000002b132d69800 JavaThread "AWT-Windows" daemon [_thread_in_native, id=1724, stack(0x000000ca8dc00000,0x000000ca8dd00000)]
  0x000002b132cff800 JavaThread "AWT-EventQueue-0" [_thread_in_native, id=8284, stack(0x000000ca8d900000,0x000000ca8da00000)]
  0x000002b10e5aa000 JavaThread "DestroyJavaVM" [_thread_blocked, id=6816, stack(0x000000ca8c800000,0x000000ca8c900000)]
  0x000002b1330f9800 JavaThread "TimerQueue" daemon [_thread_blocked, id=4748, stack(0x000000ca8e400000,0x000000ca8e500000)]

Other Threads:
  0x000002b1325d4800 VMThread "VM Thread" [stack: 0x000000ca8ce00000,0x000000ca8cf00000] [id=2116]
  0x000002b132801800 WatcherThread [stack: 0x000000ca8d700000,0x000000ca8d800000] [id=2856]
  0x000002b10e5c1000 GCTaskThread "GC Thread#0" [stack: 0x000000ca8c900000,0x000000ca8ca00000] [id=3412]
  0x000002b13529c800 GCTaskThread "GC Thread#1" [stack: 0x000000ca8de00000,0x000000ca8df00000] [id=4600]
  0x000002b13528a000 GCTaskThread "GC Thread#2" [stack: 0x000000ca8df00000,0x000000ca8e000000] [id=6596]
  0x000002b132cef000 GCTaskThread "GC Thread#3" [stack: 0x000000ca8e000000,0x000000ca8e100000] [id=7248]
  0x000002b10e61d000 ConcurrentGCThread "G1 Main Marker" [stack: 0x000000ca8ca00000,0x000000ca8cb00000] [id=8880]
  0x000002b10e61f000 ConcurrentGCThread "G1 Conc#0" [stack: 0x000000ca8cb00000,0x000000ca8cc00000] [id=4048]
  0x000002b131c3a000 ConcurrentGCThread "G1 Refine#0" [stack: 0x000000ca8cc00000,0x000000ca8cd00000] [id=11432]
  0x000002b132f17800 ConcurrentGCThread "G1 Refine#1" [stack: 0x000000ca8e100000,0x000000ca8e200000] [id=2040]
  0x000002b132d23000 ConcurrentGCThread "G1 Refine#2" [stack: 0x000000ca8e200000,0x000000ca8e300000] [id=11396]
  0x000002b131c3b800 ConcurrentGCThread "G1 Young RemSet Sampling" [stack: 0x000000ca8cd00000,0x000000ca8ce00000] [id=12408]

Threads with active compile tasks:

VM state:not at safepoint (normal execution)

VM Mutex/Monitor currently owned by a thread: None

Heap address: 0x0000000702000000, size: 4064 MB, Compressed Oops mode: Zero based, Oop shift amount: 3
Narrow klass base: 0x0000000800000000, Narrow klass shift: 0
Compressed class space size: 1073741824 Address: 0x0000000800000000

Heap:
 garbage-first heap   total 260096K, used 61095K [0x0000000702000000, 0x0000000800000000)
  region size 1024K, 6 young (6144K), 1 survivors (1024K)
 Metaspace       used 26643K, capacity 27320K, committed 27568K, reserved 1073152K
  class space    used 3072K, capacity 3318K, committed 3328K, reserved 1048576K
Heap Regions: E=young(eden), S=young(survivor), O=old, HS=humongous(starts), HC=humongous(continues), CS=collection set, F=free, A=archive, TAMS=top-at-mark-start (previous, next)
|   0|0x0000000702000000, 0x0000000702100000, 0x0000000702100000|100%| O|  |TAMS 0x0000000702100000, 0x0000000702000000| Untracked 
|   1|0x0000000702100000, 0x0000000702200000, 0x0000000702200000|100%| O|  |TAMS 0x0000000702200000, 0x0000000702100000| Untracked 
|   2|0x0000000702200000, 0x0000000702300000, 0x0000000702300000|100%|HS|  |TAMS 0x0000000702200000, 0x0000000702200000| Complete 
|   3|0x0000000702300000, 0x0000000702400000, 0x0000000702400000|100%|HC|  |TAMS 0x0000000702300000, 0x0000000702300000| Complete 
|   4|0x0000000702400000, 0x0000000702500000, 0x0000000702500000|100%|HS|  |TAMS 0x0000000702400000, 0x0000000702400000| Complete 
|   5|0x0000000702500000, 0x0000000702600000, 0x0000000702600000|100%|HC|  |TAMS 0x0000000702500000, 0x0000000702500000| Complete 
|   6|0x0000000702600000, 0x0000000702700000, 0x0000000702700000|100%|HS|  |TAMS 0x0000000702600000, 0x0000000702600000| Complete 
|   7|0x0000000702700000, 0x0000000702800000, 0x0000000702800000|100%|HC|  |TAMS 0x0000000702700000, 0x0000000702700000| Complete 
|   8|0x0000000702800000, 0x0000000702900000, 0x0000000702900000|100%| O|  |TAMS 0x0000000702900000, 0x0000000702800000| Untracked 
|   9|0x0000000702900000, 0x0000000702a00000, 0x0000000702a00000|100%|HS|  |TAMS 0x0000000702900000, 0x0000000702900000| Complete 
|  10|0x0000000702a00000, 0x0000000702b00000, 0x0000000702b00000|100%|HC|  |TAMS 0x0000000702a00000, 0x0000000702a00000| Complete 
|  11|0x0000000702b00000, 0x0000000702c00000, 0x0000000702c00000|100%|HS|  |TAMS 0x0000000702b00000, 0x0000000702b00000| Complete 
|  12|0x0000000702c00000, 0x0000000702d00000, 0x0000000702d00000|100%|HC|  |TAMS 0x0000000702c00000, 0x0000000702c00000| Complete 
|  13|0x0000000702d00000, 0x0000000702e00000, 0x0000000702e00000|100%|HS|  |TAMS 0x0000000702d00000, 0x0000000702d00000| Complete 
|  14|0x0000000702e00000, 0x0000000702f00000, 0x0000000702f00000|100%|HC|  |TAMS 0x0000000702e00000, 0x0000000702e00000| Complete 
|  15|0x0000000702f00000, 0x0000000703000000, 0x0000000703000000|100%|HS|  |TAMS 0x0000000702f00000, 0x0000000702f00000| Complete 
|  16|0x0000000703000000, 0x0000000703100000, 0x0000000703100000|100%|HC|  |TAMS 0x0000000703000000, 0x0000000703000000| Complete 
|  17|0x0000000703100000, 0x0000000703200000, 0x0000000703200000|100%|HS|  |TAMS 0x0000000703200000, 0x0000000703100000| Untracked 
|  18|0x0000000703200000, 0x0000000703300000, 0x0000000703300000|100%|HC|  |TAMS 0x0000000703300000, 0x0000000703200000| Untracked 
|  19|0x0000000703300000, 0x0000000703400000, 0x0000000703400000|100%|HS|  |TAMS 0x0000000703400000, 0x0000000703300000| Complete 
|  20|0x0000000703400000, 0x0000000703500000, 0x0000000703500000|100%|HS|  |TAMS 0x0000000703500000, 0x0000000703400000| Complete 
|  21|0x0000000703500000, 0x0000000703600000, 0x0000000703600000|100%| O|  |TAMS 0x0000000703600000, 0x0000000703500000| Untracked 
|  22|0x0000000703600000, 0x0000000703700000, 0x0000000703700000|100%| O|  |TAMS 0x0000000703700000, 0x0000000703600000| Untracked 
|  23|0x0000000703700000, 0x0000000703800000, 0x0000000703800000|100%| O|  |TAMS 0x0000000703800000, 0x0000000703700000| Untracked 
|  24|0x0000000703800000, 0x0000000703900000, 0x0000000703900000|100%|HS|  |TAMS 0x0000000703800000, 0x0000000703800000| Complete 
|  25|0x0000000703900000, 0x0000000703a00000, 0x0000000703a00000|100%|HC|  |TAMS 0x0000000703900000, 0x0000000703900000| Complete 
|  26|0x0000000703a00000, 0x0000000703b00000, 0x0000000703b00000|100%|HS|  |TAMS 0x0000000703a00000, 0x0000000703a00000| Complete 
|  27|0x0000000703b00000, 0x0000000703c00000, 0x0000000703c00000|100%|HC|  |TAMS 0x0000000703b00000, 0x0000000703b00000| Complete 
|  28|0x0000000703c00000, 0x0000000703c00000, 0x0000000703d00000|  0%| F|  |TAMS 0x0000000703c00000, 0x0000000703c00000| Untracked 
|  29|0x0000000703d00000, 0x0000000703d00000, 0x0000000703e00000|  0%| F|  |TAMS 0x0000000703d00000, 0x0000000703d00000| Untracked 
|  30|0x0000000703e00000, 0x0000000703e00000, 0x0000000703f00000|  0%| F|  |TAMS 0x0000000703e00000, 0x0000000703e00000| Untracked 
|  31|0x0000000703f00000, 0x0000000703f00000, 0x0000000704000000|  0%| F|  |TAMS 0x0000000703f00000, 0x0000000703f00000| Untracked 
|  32|0x0000000704000000, 0x0000000704000000, 0x0000000704100000|  0%| F|  |TAMS 0x0000000704000000, 0x0000000704000000| Untracked 
|  33|0x0000000704100000, 0x0000000704100000, 0x0000000704200000|  0%| F|  |TAMS 0x0000000704100000, 0x0000000704100000| Untracked 
|  34|0x0000000704200000, 0x0000000704300000, 0x0000000704300000|100%|HS|  |TAMS 0x0000000704300000, 0x0000000704200000| Complete 
|  35|0x0000000704300000, 0x0000000704400000, 0x0000000704400000|100%|HC|  |TAMS 0x0000000704400000, 0x0000000704300000| Complete 
|  36|0x0000000704400000, 0x0000000704400000, 0x0000000704500000|  0%| F|  |TAMS 0x0000000704400000, 0x0000000704400000| Untracked 
|  37|0x0000000704500000, 0x0000000704500000, 0x0000000704600000|  0%| F|  |TAMS 0x0000000704500000, 0x0000000704500000| Untracked 
|  38|0x0000000704600000, 0x0000000704600000, 0x0000000704700000|  0%| F|  |TAMS 0x0000000704600000, 0x0000000704600000| Untracked 
|  39|0x0000000704700000, 0x0000000704700000, 0x0000000704800000|  0%| F|  |TAMS 0x0000000704700000, 0x0000000704700000| Untracked 
|  40|0x0000000704800000, 0x0000000704800000, 0x0000000704900000|  0%| F|  |TAMS 0x0000000704800000, 0x0000000704800000| Untracked 
|  41|0x0000000704900000, 0x0000000704900000, 0x0000000704a00000|  0%| F|  |TAMS 0x0000000704900000, 0x0000000704900000| Untracked 
|  42|0x0000000704a00000, 0x0000000704a00000, 0x0000000704b00000|  0%| F|  |TAMS 0x0000000704a00000, 0x0000000704a00000| Untracked 
|  43|0x0000000704b00000, 0x0000000704b00000, 0x0000000704c00000|  0%| F|  |TAMS 0x0000000704b00000, 0x0000000704b00000| Untracked 
|  44|0x0000000704c00000, 0x0000000704c00000, 0x0000000704d00000|  0%| F|  |TAMS 0x0000000704c00000, 0x0000000704c00000| Untracked 
|  45|0x0000000704d00000, 0x0000000704d00000, 0x0000000704e00000|  0%| F|  |TAMS 0x0000000704d00000, 0x0000000704d00000| Untracked 
|  46|0x0000000704e00000, 0x0000000704e00000, 0x0000000704f00000|  0%| F|  |TAMS 0x0000000704e00000, 0x0000000704e00000| Untracked 
|  47|0x0000000704f00000, 0x0000000704f00000, 0x0000000705000000|  0%| F|  |TAMS 0x0000000704f00000, 0x0000000704f00000| Untracked 
|  48|0x0000000705000000, 0x0000000705100000, 0x0000000705100000|100%|HS|  |TAMS 0x0000000705100000, 0x0000000705000000| Complete 
|  49|0x0000000705100000, 0x0000000705200000, 0x0000000705200000|100%|HC|  |TAMS 0x0000000705200000, 0x0000000705100000| Complete 
|  50|0x0000000705200000, 0x0000000705300000, 0x0000000705300000|100%|HC|  |TAMS 0x0000000705300000, 0x0000000705200000| Complete 
|  51|0x0000000705300000, 0x0000000705400000, 0x0000000705400000|100%|HC|  |TAMS 0x0000000705400000, 0x0000000705300000| Complete 
|  52|0x0000000705400000, 0x0000000705500000, 0x0000000705500000|100%|HC|  |TAMS 0x0000000705500000, 0x0000000705400000| Complete 
|  53|0x0000000705500000, 0x0000000705600000, 0x0000000705600000|100%|HC|  |TAMS 0x0000000705600000, 0x0000000705500000| Complete 
|  54|0x0000000705600000, 0x0000000705700000, 0x0000000705700000|100%|HC|  |TAMS 0x0000000705700000, 0x0000000705600000| Complete 
|  55|0x0000000705700000, 0x0000000705800000, 0x0000000705800000|100%|HC|  |TAMS 0x0000000705800000, 0x0000000705700000| Complete 
|  56|0x0000000705800000, 0x0000000705800000, 0x0000000705900000|  0%| F|  |TAMS 0x0000000705800000, 0x0000000705800000| Untracked 
|  57|0x0000000705900000, 0x0000000705900000, 0x0000000705a00000|  0%| F|  |TAMS 0x0000000705900000, 0x0000000705900000| Untracked 
|  58|0x0000000705a00000, 0x0000000705a00000, 0x0000000705b00000|  0%| F|  |TAMS 0x0000000705a00000, 0x0000000705a00000| Untracked 
|  59|0x0000000705b00000, 0x0000000705b00000, 0x0000000705c00000|  0%| F|  |TAMS 0x0000000705b00000, 0x0000000705b00000| Untracked 
|  60|0x0000000705c00000, 0x0000000705d00000, 0x0000000705d00000|100%|HS|  |TAMS 0x0000000705d00000, 0x0000000705c00000| Complete 
|  61|0x0000000705d00000, 0x0000000705e00000, 0x0000000705e00000|100%|HC|  |TAMS 0x0000000705e00000, 0x0000000705d00000| Complete 
|  62|0x0000000705e00000, 0x0000000705e00000, 0x0000000705f00000|  0%| F|  |TAMS 0x0000000705e00000, 0x0000000705e00000| Untracked 
|  63|0x0000000705f00000, 0x0000000705f00000, 0x0000000706000000|  0%| F|  |TAMS 0x0000000705f00000, 0x0000000705f00000| Untracked 
|  64|0x0000000706000000, 0x0000000706000000, 0x0000000706100000|  0%| F|  |TAMS 0x0000000706000000, 0x0000000706000000| Untracked 
|  65|0x0000000706100000, 0x0000000706100000, 0x0000000706200000|  0%| F|  |TAMS 0x0000000706100000, 0x0000000706100000| Untracked 
|  66|0x0000000706200000, 0x0000000706300000, 0x0000000706300000|100%|HS|  |TAMS 0x0000000706300000, 0x0000000706200000| Complete 
|  67|0x0000000706300000, 0x0000000706400000, 0x0000000706400000|100%|HC|  |TAMS 0x0000000706400000, 0x0000000706300000| Complete 
|  68|0x0000000706400000, 0x0000000706400000, 0x0000000706500000|  0%| F|  |TAMS 0x0000000706400000, 0x0000000706400000| Untracked 
|  69|0x0000000706500000, 0x0000000706500000, 0x0000000706600000|  0%| F|  |TAMS 0x0000000706500000, 0x0000000706500000| Untracked 
|  70|0x0000000706600000, 0x0000000706600000, 0x0000000706700000|  0%| F|  |TAMS 0x0000000706600000, 0x0000000706600000| Untracked 
|  71|0x0000000706700000, 0x0000000706700000, 0x0000000706800000|  0%| F|  |TAMS 0x0000000706700000, 0x0000000706700000| Untracked 
|  72|0x0000000706800000, 0x0000000706800000, 0x0000000706900000|  0%| F|  |TAMS 0x0000000706800000, 0x0000000706800000| Untracked 
|  73|0x0000000706900000, 0x0000000706900000, 0x0000000706a00000|  0%| F|  |TAMS 0x0000000706900000, 0x0000000706900000| Untracked 
|  74|0x0000000706a00000, 0x0000000706a00000, 0x0000000706b00000|  0%| F|  |TAMS 0x0000000706a00000, 0x0000000706a00000| Untracked 
|  75|0x0000000706b00000, 0x0000000706b00000, 0x0000000706c00000|  0%| F|  |TAMS 0x0000000706b00000, 0x0000000706b00000| Untracked 
|  76|0x0000000706c00000, 0x0000000706c00000, 0x0000000706d00000|  0%| F|  |TAMS 0x0000000706c00000, 0x0000000706c00000| Untracked 
|  77|0x0000000706d00000, 0x0000000706d00000, 0x0000000706e00000|  0%| F|  |TAMS 0x0000000706d00000, 0x0000000706d00000| Untracked 
|  78|0x0000000706e00000, 0x0000000706e00000, 0x0000000706f00000|  0%| F|  |TAMS 0x0000000706e00000, 0x0000000706e00000| Untracked 
|  79|0x0000000706f00000, 0x0000000706f00000, 0x0000000707000000|  0%| F|  |TAMS 0x0000000706f00000, 0x0000000706f00000| Untracked 
|  80|0x0000000707000000, 0x0000000707000000, 0x0000000707100000|  0%| F|  |TAMS 0x0000000707000000, 0x0000000707000000| Untracked 
|  81|0x0000000707100000, 0x0000000707100000, 0x0000000707200000|  0%| F|  |TAMS 0x0000000707100000, 0x0000000707100000| Untracked 
|  82|0x0000000707200000, 0x0000000707300000, 0x0000000707300000|100%|HS|  |TAMS 0x0000000707300000, 0x0000000707200000| Complete 
|  83|0x0000000707300000, 0x0000000707400000, 0x0000000707400000|100%|HC|  |TAMS 0x0000000707400000, 0x0000000707300000| Complete 
|  84|0x0000000707400000, 0x0000000707500000, 0x0000000707500000|100%|HS|  |TAMS 0x0000000707500000, 0x0000000707400000| Complete 
|  85|0x0000000707500000, 0x0000000707600000, 0x0000000707600000|100%|HC|  |TAMS 0x0000000707600000, 0x0000000707500000| Complete 
|  86|0x0000000707600000, 0x0000000707700000, 0x0000000707700000|100%|HS|  |TAMS 0x0000000707700000, 0x0000000707600000| Complete 
|  87|0x0000000707700000, 0x0000000707800000, 0x0000000707800000|100%|HC|  |TAMS 0x0000000707800000, 0x0000000707700000| Complete 
|  88|0x0000000707800000, 0x0000000707800000, 0x0000000707900000|  0%| F|  |TAMS 0x0000000707800000, 0x0000000707800000| Untracked 
|  89|0x0000000707900000, 0x0000000707900000, 0x0000000707a00000|  0%| F|  |TAMS 0x0000000707900000, 0x0000000707900000| Untracked 
|  90|0x0000000707a00000, 0x0000000707a00000, 0x0000000707b00000|  0%| F|  |TAMS 0x0000000707a00000, 0x0000000707a00000| Untracked 
|  91|0x0000000707b00000, 0x0000000707b00000, 0x0000000707c00000|  0%| F|  |TAMS 0x0000000707b00000, 0x0000000707b00000| Untracked 
|  92|0x0000000707c00000, 0x0000000707c00000, 0x0000000707d00000|  0%| F|  |TAMS 0x0000000707c00000, 0x0000000707c00000| Untracked 
|  93|0x0000000707d00000, 0x0000000707d00000, 0x0000000707e00000|  0%| F|  |TAMS 0x0000000707d00000, 0x0000000707d00000| Untracked 
|  94|0x0000000707e00000, 0x0000000707e00000, 0x0000000707f00000|  0%| F|  |TAMS 0x0000000707e00000, 0x0000000707e00000| Untracked 
|  95|0x0000000707f00000, 0x0000000707f00000, 0x0000000708000000|  0%| F|  |TAMS 0x0000000707f00000, 0x0000000707f00000| Untracked 
|  96|0x0000000708000000, 0x0000000708000000, 0x0000000708100000|  0%| F|  |TAMS 0x0000000708000000, 0x0000000708000000| Untracked 
|  97|0x0000000708100000, 0x0000000708100000, 0x0000000708200000|  0%| F|  |TAMS 0x0000000708100000, 0x0000000708100000| Untracked 
|  98|0x0000000708200000, 0x0000000708200000, 0x0000000708300000|  0%| F|  |TAMS 0x0000000708200000, 0x0000000708200000| Untracked 
|  99|0x0000000708300000, 0x0000000708300000, 0x0000000708400000|  0%| F|  |TAMS 0x0000000708300000, 0x0000000708300000| Untracked 
| 100|0x0000000708400000, 0x0000000708500000, 0x0000000708500000|100%|HS|  |TAMS 0x0000000708500000, 0x0000000708400000| Complete 
| 101|0x0000000708500000, 0x0000000708600000, 0x0000000708600000|100%|HC|  |TAMS 0x0000000708600000, 0x0000000708500000| Complete 
| 102|0x0000000708600000, 0x0000000708600000, 0x0000000708700000|  0%| F|  |TAMS 0x0000000708600000, 0x0000000708600000| Untracked 
| 103|0x0000000708700000, 0x0000000708700000, 0x0000000708800000|  0%| F|  |TAMS 0x0000000708700000, 0x0000000708700000| Untracked 
| 104|0x0000000708800000, 0x0000000708800000, 0x0000000708900000|  0%| F|  |TAMS 0x0000000708800000, 0x0000000708800000| Untracked 
| 105|0x0000000708900000, 0x0000000708900000, 0x0000000708a00000|  0%| F|  |TAMS 0x0000000708900000, 0x0000000708900000| Untracked 
| 106|0x0000000708a00000, 0x0000000708a00000, 0x0000000708b00000|  0%| F|  |TAMS 0x0000000708a00000, 0x0000000708a00000| Untracked 
| 107|0x0000000708b00000, 0x0000000708b00000, 0x0000000708c00000|  0%| F|  |TAMS 0x0000000708b00000, 0x0000000708b00000| Untracked 
| 108|0x0000000708c00000, 0x0000000708d00000, 0x0000000708d00000|100%|HS|  |TAMS 0x0000000708d00000, 0x0000000708c00000| Complete 
| 109|0x0000000708d00000, 0x0000000708e00000, 0x0000000708e00000|100%|HC|  |TAMS 0x0000000708e00000, 0x0000000708d00000| Complete 
| 110|0x0000000708e00000, 0x0000000708f00000, 0x0000000708f00000|100%| O|  |TAMS 0x0000000708f00000, 0x0000000708e00000| Untracked 
| 111|0x0000000708f00000, 0x0000000709000000, 0x0000000709000000|100%| O|  |TAMS 0x0000000709000000, 0x0000000708f00000| Untracked 
| 112|0x0000000709000000, 0x0000000709100000, 0x0000000709100000|100%| O|  |TAMS 0x0000000709100000, 0x0000000709000000| Untracked 
| 113|0x0000000709100000, 0x0000000709100000, 0x0000000709200000|  0%| F|  |TAMS 0x0000000709100000, 0x0000000709100000| Untracked 
| 114|0x0000000709200000, 0x0000000709200000, 0x0000000709300000|  0%| F|  |TAMS 0x0000000709200000, 0x0000000709200000| Untracked 
| 115|0x0000000709300000, 0x000000070939b600, 0x0000000709400000| 60%| O|  |TAMS 0x000000070939b600, 0x0000000709300000| Untracked 
| 116|0x0000000709400000, 0x0000000709400000, 0x0000000709500000|  0%| F|  |TAMS 0x0000000709400000, 0x0000000709400000| Untracked 
| 117|0x0000000709500000, 0x0000000709500000, 0x0000000709600000|  0%| F|  |TAMS 0x0000000709500000, 0x0000000709500000| Untracked 
| 118|0x0000000709600000, 0x0000000709600000, 0x0000000709700000|  0%| F|  |TAMS 0x0000000709600000, 0x0000000709600000| Untracked 
| 119|0x0000000709700000, 0x0000000709700000, 0x0000000709800000|  0%| F|  |TAMS 0x0000000709700000, 0x0000000709700000| Untracked 
| 120|0x0000000709800000, 0x0000000709800000, 0x0000000709900000|  0%| F|  |TAMS 0x0000000709800000, 0x0000000709800000| Untracked 
| 121|0x0000000709900000, 0x0000000709900000, 0x0000000709a00000|  0%| F|  |TAMS 0x0000000709900000, 0x0000000709900000| Untracked 
| 122|0x0000000709a00000, 0x0000000709a00000, 0x0000000709b00000|  0%| F|  |TAMS 0x0000000709a00000, 0x0000000709a00000| Untracked 
| 123|0x0000000709b00000, 0x0000000709b00000, 0x0000000709c00000|  0%| F|  |TAMS 0x0000000709b00000, 0x0000000709b00000| Untracked 
| 124|0x0000000709c00000, 0x0000000709c00000, 0x0000000709d00000|  0%| F|  |TAMS 0x0000000709c00000, 0x0000000709c00000| Untracked 
| 125|0x0000000709d00000, 0x0000000709d00000, 0x0000000709e00000|  0%| F|  |TAMS 0x0000000709d00000, 0x0000000709d00000| Untracked 
| 126|0x0000000709e00000, 0x0000000709e00000, 0x0000000709f00000|  0%| F|  |TAMS 0x0000000709e00000, 0x0000000709e00000| Untracked 
| 127|0x0000000709f00000, 0x0000000709f00000, 0x000000070a000000|  0%| F|  |TAMS 0x0000000709f00000, 0x0000000709f00000| Untracked 
| 128|0x000000070a000000, 0x000000070a000000, 0x000000070a100000|  0%| F|  |TAMS 0x000000070a000000, 0x000000070a000000| Untracked 
| 129|0x000000070a100000, 0x000000070a100000, 0x000000070a200000|  0%| F|  |TAMS 0x000000070a100000, 0x000000070a100000| Untracked 
| 130|0x000000070a200000, 0x000000070a200000, 0x000000070a300000|  0%| F|  |TAMS 0x000000070a200000, 0x000000070a200000| Untracked 
| 131|0x000000070a300000, 0x000000070a300000, 0x000000070a400000|  0%| F|  |TAMS 0x000000070a300000, 0x000000070a300000| Untracked 
| 132|0x000000070a400000, 0x000000070a400000, 0x000000070a500000|  0%| F|  |TAMS 0x000000070a400000, 0x000000070a400000| Untracked 
| 133|0x000000070a500000, 0x000000070a500000, 0x000000070a600000|  0%| F|  |TAMS 0x000000070a500000, 0x000000070a500000| Untracked 
| 134|0x000000070a600000, 0x000000070a600000, 0x000000070a700000|  0%| F|  |TAMS 0x000000070a600000, 0x000000070a600000| Untracked 
| 135|0x000000070a700000, 0x000000070a700000, 0x000000070a800000|  0%| F|  |TAMS 0x000000070a700000, 0x000000070a700000| Untracked 
| 136|0x000000070a800000, 0x000000070a800000, 0x000000070a900000|  0%| F|  |TAMS 0x000000070a800000, 0x000000070a800000| Untracked 
| 137|0x000000070a900000, 0x000000070a900000, 0x000000070aa00000|  0%| F|  |TAMS 0x000000070a900000, 0x000000070a900000| Untracked 
| 138|0x000000070aa00000, 0x000000070aa00000, 0x000000070ab00000|  0%| F|  |TAMS 0x000000070aa00000, 0x000000070aa00000| Untracked 
| 139|0x000000070ab00000, 0x000000070ab00000, 0x000000070ac00000|  0%| F|  |TAMS 0x000000070ab00000, 0x000000070ab00000| Untracked 
| 140|0x000000070ac00000, 0x000000070ac00000, 0x000000070ad00000|  0%| F|  |TAMS 0x000000070ac00000, 0x000000070ac00000| Untracked 
| 141|0x000000070ad00000, 0x000000070ad00000, 0x000000070ae00000|  0%| F|  |TAMS 0x000000070ad00000, 0x000000070ad00000| Untracked 
| 142|0x000000070ae00000, 0x000000070ae00000, 0x000000070af00000|  0%| F|  |TAMS 0x000000070ae00000, 0x000000070ae00000| Untracked 
| 143|0x000000070af00000, 0x000000070af00000, 0x000000070b000000|  0%| F|  |TAMS 0x000000070af00000, 0x000000070af00000| Untracked 
| 144|0x000000070b000000, 0x000000070b000000, 0x000000070b100000|  0%| F|  |TAMS 0x000000070b000000, 0x000000070b000000| Untracked 
| 145|0x000000070b100000, 0x000000070b100000, 0x000000070b200000|  0%| F|  |TAMS 0x000000070b100000, 0x000000070b100000| Untracked 
| 146|0x000000070b200000, 0x000000070b200000, 0x000000070b300000|  0%| F|  |TAMS 0x000000070b200000, 0x000000070b200000| Untracked 
| 147|0x000000070b300000, 0x000000070b300000, 0x000000070b400000|  0%| F|  |TAMS 0x000000070b300000, 0x000000070b300000| Untracked 
| 148|0x000000070b400000, 0x000000070b400000, 0x000000070b500000|  0%| F|  |TAMS 0x000000070b400000, 0x000000070b400000| Untracked 
| 149|0x000000070b500000, 0x000000070b500000, 0x000000070b600000|  0%| F|  |TAMS 0x000000070b500000, 0x000000070b500000| Untracked 
| 150|0x000000070b600000, 0x000000070b600000, 0x000000070b700000|  0%| F|  |TAMS 0x000000070b600000, 0x000000070b600000| Untracked 
| 151|0x000000070b700000, 0x000000070b700000, 0x000000070b800000|  0%| F|  |TAMS 0x000000070b700000, 0x000000070b700000| Untracked 
| 152|0x000000070b800000, 0x000000070b800000, 0x000000070b900000|  0%| F|  |TAMS 0x000000070b800000, 0x000000070b800000| Untracked 
| 153|0x000000070b900000, 0x000000070b900000, 0x000000070ba00000|  0%| F|  |TAMS 0x000000070b900000, 0x000000070b900000| Untracked 
| 154|0x000000070ba00000, 0x000000070ba00000, 0x000000070bb00000|  0%| F|  |TAMS 0x000000070ba00000, 0x000000070ba00000| Untracked 
| 155|0x000000070bb00000, 0x000000070bb00000, 0x000000070bc00000|  0%| F|  |TAMS 0x000000070bb00000, 0x000000070bb00000| Untracked 
| 156|0x000000070bc00000, 0x000000070bc00000, 0x000000070bd00000|  0%| F|  |TAMS 0x000000070bc00000, 0x000000070bc00000| Untracked 
| 157|0x000000070bd00000, 0x000000070bd00000, 0x000000070be00000|  0%| F|  |TAMS 0x000000070bd00000, 0x000000070bd00000| Untracked 
| 158|0x000000070be00000, 0x000000070be00000, 0x000000070bf00000|  0%| F|  |TAMS 0x000000070be00000, 0x000000070be00000| Untracked 
| 159|0x000000070bf00000, 0x000000070bf00000, 0x000000070c000000|  0%| F|  |TAMS 0x000000070bf00000, 0x000000070bf00000| Untracked 
| 160|0x000000070c000000, 0x000000070c000000, 0x000000070c100000|  0%| F|  |TAMS 0x000000070c000000, 0x000000070c000000| Untracked 
| 161|0x000000070c100000, 0x000000070c100000, 0x000000070c200000|  0%| F|  |TAMS 0x000000070c100000, 0x000000070c100000| Untracked 
| 162|0x000000070c200000, 0x000000070c200000, 0x000000070c300000|  0%| F|  |TAMS 0x000000070c200000, 0x000000070c200000| Untracked 
| 163|0x000000070c300000, 0x000000070c300000, 0x000000070c400000|  0%| F|  |TAMS 0x000000070c300000, 0x000000070c300000| Untracked 
| 164|0x000000070c400000, 0x000000070c400000, 0x000000070c500000|  0%| F|  |TAMS 0x000000070c400000, 0x000000070c400000| Untracked 
| 165|0x000000070c500000, 0x000000070c500000, 0x000000070c600000|  0%| F|  |TAMS 0x000000070c500000, 0x000000070c500000| Untracked 
| 166|0x000000070c600000, 0x000000070c600000, 0x000000070c700000|  0%| F|  |TAMS 0x000000070c600000, 0x000000070c600000| Untracked 
| 167|0x000000070c700000, 0x000000070c700000, 0x000000070c800000|  0%| F|  |TAMS 0x000000070c700000, 0x000000070c700000| Untracked 
| 168|0x000000070c800000, 0x000000070c800000, 0x000000070c900000|  0%| F|  |TAMS 0x000000070c800000, 0x000000070c800000| Untracked 
| 169|0x000000070c900000, 0x000000070c900000, 0x000000070ca00000|  0%| F|  |TAMS 0x000000070c900000, 0x000000070c900000| Untracked 
| 170|0x000000070ca00000, 0x000000070ca00000, 0x000000070cb00000|  0%| F|  |TAMS 0x000000070ca00000, 0x000000070ca00000| Untracked 
| 171|0x000000070cb00000, 0x000000070cb00000, 0x000000070cc00000|  0%| F|  |TAMS 0x000000070cb00000, 0x000000070cb00000| Untracked 
| 172|0x000000070cc00000, 0x000000070cc00000, 0x000000070cd00000|  0%| F|  |TAMS 0x000000070cc00000, 0x000000070cc00000| Untracked 
| 173|0x000000070cd00000, 0x000000070cd00000, 0x000000070ce00000|  0%| F|  |TAMS 0x000000070cd00000, 0x000000070cd00000| Untracked 
| 174|0x000000070ce00000, 0x000000070ce00000, 0x000000070cf00000|  0%| F|  |TAMS 0x000000070ce00000, 0x000000070ce00000| Untracked 
| 175|0x000000070cf00000, 0x000000070cf00000, 0x000000070d000000|  0%| F|  |TAMS 0x000000070cf00000, 0x000000070cf00000| Untracked 
| 176|0x000000070d000000, 0x000000070d000000, 0x000000070d100000|  0%| F|  |TAMS 0x000000070d000000, 0x000000070d000000| Untracked 
| 177|0x000000070d100000, 0x000000070d100000, 0x000000070d200000|  0%| F|  |TAMS 0x000000070d100000, 0x000000070d100000| Untracked 
| 178|0x000000070d200000, 0x000000070d200000, 0x000000070d300000|  0%| F|  |TAMS 0x000000070d200000, 0x000000070d200000| Untracked 
| 179|0x000000070d300000, 0x000000070d300000, 0x000000070d400000|  0%| F|  |TAMS 0x000000070d300000, 0x000000070d300000| Untracked 
| 180|0x000000070d400000, 0x000000070d400000, 0x000000070d500000|  0%| F|  |TAMS 0x000000070d400000, 0x000000070d400000| Untracked 
| 181|0x000000070d500000, 0x000000070d500000, 0x000000070d600000|  0%| F|  |TAMS 0x000000070d500000, 0x000000070d500000| Untracked 
| 182|0x000000070d600000, 0x000000070d600000, 0x000000070d700000|  0%| F|  |TAMS 0x000000070d600000, 0x000000070d600000| Untracked 
| 183|0x000000070d700000, 0x000000070d700000, 0x000000070d800000|  0%| F|  |TAMS 0x000000070d700000, 0x000000070d700000| Untracked 
| 184|0x000000070d800000, 0x000000070d800000, 0x000000070d900000|  0%| F|  |TAMS 0x000000070d800000, 0x000000070d800000| Untracked 
| 185|0x000000070d900000, 0x000000070d900000, 0x000000070da00000|  0%| F|  |TAMS 0x000000070d900000, 0x000000070d900000| Untracked 
| 186|0x000000070da00000, 0x000000070da00000, 0x000000070db00000|  0%| F|  |TAMS 0x000000070da00000, 0x000000070da00000| Untracked 
| 187|0x000000070db00000, 0x000000070db00000, 0x000000070dc00000|  0%| F|  |TAMS 0x000000070db00000, 0x000000070db00000| Untracked 
| 188|0x000000070dc00000, 0x000000070dc00000, 0x000000070dd00000|  0%| F|  |TAMS 0x000000070dc00000, 0x000000070dc00000| Untracked 
| 189|0x000000070dd00000, 0x000000070dd00000, 0x000000070de00000|  0%| F|  |TAMS 0x000000070dd00000, 0x000000070dd00000| Untracked 
| 190|0x000000070de00000, 0x000000070de00000, 0x000000070df00000|  0%| F|  |TAMS 0x000000070de00000, 0x000000070de00000| Untracked 
| 191|0x000000070df00000, 0x000000070df00000, 0x000000070e000000|  0%| F|  |TAMS 0x000000070df00000, 0x000000070df00000| Untracked 
| 192|0x000000070e000000, 0x000000070e000000, 0x000000070e100000|  0%| F|  |TAMS 0x000000070e000000, 0x000000070e000000| Untracked 
| 193|0x000000070e100000, 0x000000070e100000, 0x000000070e200000|  0%| F|  |TAMS 0x000000070e100000, 0x000000070e100000| Untracked 
| 194|0x000000070e200000, 0x000000070e200000, 0x000000070e300000|  0%| F|  |TAMS 0x000000070e200000, 0x000000070e200000| Untracked 
| 195|0x000000070e300000, 0x000000070e300000, 0x000000070e400000|  0%| F|  |TAMS 0x000000070e300000, 0x000000070e300000| Untracked 
| 196|0x000000070e400000, 0x000000070e400000, 0x000000070e500000|  0%| F|  |TAMS 0x000000070e400000, 0x000000070e400000| Untracked 
| 197|0x000000070e500000, 0x000000070e500000, 0x000000070e600000|  0%| F|  |TAMS 0x000000070e500000, 0x000000070e500000| Untracked 
| 198|0x000000070e600000, 0x000000070e600000, 0x000000070e700000|  0%| F|  |TAMS 0x000000070e600000, 0x000000070e600000| Untracked 
| 199|0x000000070e700000, 0x000000070e700000, 0x000000070e800000|  0%| F|  |TAMS 0x000000070e700000, 0x000000070e700000| Untracked 
| 200|0x000000070e800000, 0x000000070e800000, 0x000000070e900000|  0%| F|  |TAMS 0x000000070e800000, 0x000000070e800000| Untracked 
| 201|0x000000070e900000, 0x000000070e900000, 0x000000070ea00000|  0%| F|  |TAMS 0x000000070e900000, 0x000000070e900000| Untracked 
| 202|0x000000070ea00000, 0x000000070ea00000, 0x000000070eb00000|  0%| F|  |TAMS 0x000000070ea00000, 0x000000070ea00000| Untracked 
| 203|0x000000070eb00000, 0x000000070eb00000, 0x000000070ec00000|  0%| F|  |TAMS 0x000000070eb00000, 0x000000070eb00000| Untracked 
| 204|0x000000070ec00000, 0x000000070ec00000, 0x000000070ed00000|  0%| F|  |TAMS 0x000000070ec00000, 0x000000070ec00000| Untracked 
| 205|0x000000070ed00000, 0x000000070ed00000, 0x000000070ee00000|  0%| F|  |TAMS 0x000000070ed00000, 0x000000070ed00000| Untracked 
| 206|0x000000070ee00000, 0x000000070ee00000, 0x000000070ef00000|  0%| F|  |TAMS 0x000000070ee00000, 0x000000070ee00000| Untracked 
| 207|0x000000070ef00000, 0x000000070ef00000, 0x000000070f000000|  0%| F|  |TAMS 0x000000070ef00000, 0x000000070ef00000| Untracked 
| 208|0x000000070f000000, 0x000000070f000000, 0x000000070f100000|  0%| F|  |TAMS 0x000000070f000000, 0x000000070f000000| Untracked 
| 209|0x000000070f100000, 0x000000070f100000, 0x000000070f200000|  0%| F|  |TAMS 0x000000070f100000, 0x000000070f100000| Untracked 
| 210|0x000000070f200000, 0x000000070f200000, 0x000000070f300000|  0%| F|  |TAMS 0x000000070f200000, 0x000000070f200000| Untracked 
| 211|0x000000070f300000, 0x000000070f300000, 0x000000070f400000|  0%| F|  |TAMS 0x000000070f300000, 0x000000070f300000| Untracked 
| 212|0x000000070f400000, 0x000000070f400000, 0x000000070f500000|  0%| F|  |TAMS 0x000000070f400000, 0x000000070f400000| Untracked 
| 213|0x000000070f500000, 0x000000070f500000, 0x000000070f600000|  0%| F|  |TAMS 0x000000070f500000, 0x000000070f500000| Untracked 
| 214|0x000000070f600000, 0x000000070f600000, 0x000000070f700000|  0%| F|  |TAMS 0x000000070f600000, 0x000000070f600000| Untracked 
| 215|0x000000070f700000, 0x000000070f700000, 0x000000070f800000|  0%| F|  |TAMS 0x000000070f700000, 0x000000070f700000| Untracked 
| 216|0x000000070f800000, 0x000000070f800000, 0x000000070f900000|  0%| F|  |TAMS 0x000000070f800000, 0x000000070f800000| Untracked 
| 217|0x000000070f900000, 0x000000070f900000, 0x000000070fa00000|  0%| F|  |TAMS 0x000000070f900000, 0x000000070f900000| Untracked 
| 218|0x000000070fa00000, 0x000000070fa00000, 0x000000070fb00000|  0%| F|  |TAMS 0x000000070fa00000, 0x000000070fa00000| Untracked 
| 219|0x000000070fb00000, 0x000000070fb00000, 0x000000070fc00000|  0%| F|  |TAMS 0x000000070fb00000, 0x000000070fb00000| Untracked 
| 220|0x000000070fc00000, 0x000000070fc00000, 0x000000070fd00000|  0%| F|  |TAMS 0x000000070fc00000, 0x000000070fc00000| Untracked 
| 221|0x000000070fd00000, 0x000000070fd00000, 0x000000070fe00000|  0%| F|  |TAMS 0x000000070fd00000, 0x000000070fd00000| Untracked 
| 222|0x000000070fe00000, 0x000000070fe00000, 0x000000070ff00000|  0%| F|  |TAMS 0x000000070fe00000, 0x000000070fe00000| Untracked 
| 223|0x000000070ff00000, 0x000000070ff00000, 0x0000000710000000|  0%| F|  |TAMS 0x000000070ff00000, 0x000000070ff00000| Untracked 
| 224|0x0000000710000000, 0x0000000710000000, 0x0000000710100000|  0%| F|  |TAMS 0x0000000710000000, 0x0000000710000000| Untracked 
| 225|0x0000000710100000, 0x0000000710100000, 0x0000000710200000|  0%| F|  |TAMS 0x0000000710100000, 0x0000000710100000| Untracked 
| 226|0x0000000710200000, 0x0000000710200000, 0x0000000710300000|  0%| F|  |TAMS 0x0000000710200000, 0x0000000710200000| Untracked 
| 227|0x0000000710300000, 0x0000000710300000, 0x0000000710400000|  0%| F|  |TAMS 0x0000000710300000, 0x0000000710300000| Untracked 
| 228|0x0000000710400000, 0x0000000710400000, 0x0000000710500000|  0%| F|  |TAMS 0x0000000710400000, 0x0000000710400000| Untracked 
| 229|0x0000000710500000, 0x0000000710500000, 0x0000000710600000|  0%| F|  |TAMS 0x0000000710500000, 0x0000000710500000| Untracked 
| 230|0x0000000710600000, 0x0000000710600000, 0x0000000710700000|  0%| F|  |TAMS 0x0000000710600000, 0x0000000710600000| Untracked 
| 231|0x0000000710700000, 0x0000000710700000, 0x0000000710800000|  0%| F|  |TAMS 0x0000000710700000, 0x0000000710700000| Untracked 
| 232|0x0000000710800000, 0x0000000710800000, 0x0000000710900000|  0%| F|  |TAMS 0x0000000710800000, 0x0000000710800000| Untracked 
| 233|0x0000000710900000, 0x0000000710900000, 0x0000000710a00000|  0%| F|  |TAMS 0x0000000710900000, 0x0000000710900000| Untracked 
| 234|0x0000000710a00000, 0x0000000710a00000, 0x0000000710b00000|  0%| F|  |TAMS 0x0000000710a00000, 0x0000000710a00000| Untracked 
| 235|0x0000000710b00000, 0x0000000710b00000, 0x0000000710c00000|  0%| F|  |TAMS 0x0000000710b00000, 0x0000000710b00000| Untracked 
| 236|0x0000000710c00000, 0x0000000710c00000, 0x0000000710d00000|  0%| F|  |TAMS 0x0000000710c00000, 0x0000000710c00000| Untracked 
| 237|0x0000000710d00000, 0x0000000710d00000, 0x0000000710e00000|  0%| F|  |TAMS 0x0000000710d00000, 0x0000000710d00000| Untracked 
| 238|0x0000000710e00000, 0x0000000710e00000, 0x0000000710f00000|  0%| F|  |TAMS 0x0000000710e00000, 0x0000000710e00000| Untracked 
| 239|0x0000000710f00000, 0x0000000710f00000, 0x0000000711000000|  0%| F|  |TAMS 0x0000000710f00000, 0x0000000710f00000| Untracked 
| 240|0x0000000711000000, 0x0000000711000000, 0x0000000711100000|  0%| F|  |TAMS 0x0000000711000000, 0x0000000711000000| Untracked 
| 241|0x0000000711100000, 0x0000000711100000, 0x0000000711200000|  0%| F|  |TAMS 0x0000000711100000, 0x0000000711100000| Untracked 
| 242|0x0000000711200000, 0x0000000711200000, 0x0000000711300000|  0%| F|  |TAMS 0x0000000711200000, 0x0000000711200000| Untracked 
| 243|0x0000000711300000, 0x000000071130e998, 0x0000000711400000|  5%| S|CS|TAMS 0x0000000711300000, 0x0000000711300000| Complete 
| 244|0x0000000711400000, 0x0000000711400000, 0x0000000711500000|  0%| F|  |TAMS 0x0000000711400000, 0x0000000711400000| Untracked 
| 245|0x0000000711500000, 0x0000000711500000, 0x0000000711600000|  0%| F|  |TAMS 0x0000000711500000, 0x0000000711500000| Untracked 
| 246|0x0000000711600000, 0x0000000711600000, 0x0000000711700000|  0%| F|  |TAMS 0x0000000711600000, 0x0000000711600000| Untracked 
| 247|0x0000000711700000, 0x0000000711700000, 0x0000000711800000|  0%| F|  |TAMS 0x0000000711700000, 0x0000000711700000| Untracked 
| 248|0x0000000711800000, 0x0000000711800000, 0x0000000711900000|  0%| F|  |TAMS 0x0000000711800000, 0x0000000711800000| Untracked 
| 249|0x0000000711900000, 0x0000000711980800, 0x0000000711a00000| 50%| E|  |TAMS 0x0000000711900000, 0x0000000711900000| Complete 
| 250|0x0000000711a00000, 0x0000000711b00000, 0x0000000711b00000|100%| E|CS|TAMS 0x0000000711a00000, 0x0000000711a00000| Complete 
| 251|0x0000000711b00000, 0x0000000711c00000, 0x0000000711c00000|100%| E|CS|TAMS 0x0000000711b00000, 0x0000000711b00000| Complete 
| 252|0x0000000711c00000, 0x0000000711d00000, 0x0000000711d00000|100%| E|CS|TAMS 0x0000000711c00000, 0x0000000711c00000| Complete 
| 253|0x0000000711d00000, 0x0000000711e00000, 0x0000000711e00000|100%| E|CS|TAMS 0x0000000711d00000, 0x0000000711d00000| Complete 

Card table byte_map: [0x000002b1267f0000,0x000002b126fe0000] _byte_map_base: 0x000002b122fe0000

Marking Bits (Prev, Next): (CMBitMap*) 0x000002b10e60c718, (CMBitMap*) 0x000002b10e60c750
 Prev Bits: [0x000002b1277d0000, 0x000002b12b750000)
 Next Bits: [0x000002b12b750000, 0x000002b12f6d0000)

Polling page: 0x000002b10ccd0000

Metaspace:

Usage:
  Non-class:     23.44 MB capacity,    23.02 MB ( 98%) used,   359.09 KB (  1%) free+waste,    72.31 KB ( <1%) overhead. 
      Class:      3.24 MB capacity,     3.00 MB ( 93%) used,   209.76 KB (  6%) free+waste,    35.38 KB (  1%) overhead. 
       Both:     26.68 MB capacity,    26.02 MB ( 98%) used,   568.85 KB (  2%) free+waste,   107.69 KB ( <1%) overhead. 

Virtual space:
  Non-class space:       24.00 MB reserved,      23.67 MB ( 99%) committed 
      Class space:        1.00 GB reserved,       3.25 MB ( <1%) committed 
             Both:        1.02 GB reserved,      26.92 MB (  3%) committed 

Chunk freelists:
   Non-Class:  5.75 KB
       Class:  1.25 KB
        Both:  7.00 KB

CodeHeap 'non-profiled nmethods': size=120064Kb used=2889Kb max_used=2889Kb free=117174Kb
 bounds [0x000002b11e490000, 0x000002b11e770000, 0x000002b1259d0000]
CodeHeap 'profiled nmethods': size=120000Kb used=10183Kb max_used=10252Kb free=109816Kb
 bounds [0x000002b116f60000, 0x000002b117970000, 0x000002b11e490000]
CodeHeap 'non-nmethods': size=5696Kb used=1304Kb max_used=1352Kb free=4391Kb
 bounds [0x000002b1169d0000, 0x000002b116c40000, 0x000002b116f60000]
 total_blobs=6687 nmethods=4453 adapters=613
 compilation: enabled
              stopped_count=0, restarted_count=0
 full_count=0

Compilation events (10 events):
Event: 320.373 Thread 0x000002b132625800 4581       3       sun.awt.image.BufImgSurfaceData::createDataBC (95 bytes)
Event: 320.374 Thread 0x000002b132625800 nmethod 4581 0x000002b116ff1310 code [0x000002b116ff1560, 0x000002b116ff2220]
Event: 320.374 Thread 0x000002b132625800 4582       3       java.lang.StrictMath::floorOrCeil (128 bytes)
Event: 320.374 Thread 0x000002b132625800 nmethod 4582 0x000002b116fb9a10 code [0x000002b116fb9be0, 0x000002b116fba098]
Event: 321.636 Thread 0x000002b13261e800 4583       4       java.util.LinkedHashMap$LinkedKeyIterator::next (8 bytes)
Event: 321.650 Thread 0x000002b13261e800 nmethod 4583 0x000002b11e762710 code [0x000002b11e7628a0, 0x000002b11e762af8]
Event: 322.815 Thread 0x000002b132625800 4584       3       sun.java2d.pipe.DrawImage::blitSurfaceData (177 bytes)
Event: 322.816 Thread 0x000002b132625800 nmethod 4584 0x000002b11708ee10 code [0x000002b11708f0c0, 0x000002b117090660]
Event: 325.026 Thread 0x000002b132625800 4585       3       javax.swing.KeyboardManager$ComponentKeyStrokePair::<init> (20 bytes)
Event: 325.027 Thread 0x000002b132625800 nmethod 4585 0x000002b116fb9490 code [0x000002b116fb9640, 0x000002b116fb9938]

GC Heap History (10 events):
Event: 282.202 GC heap before
{Heap before GC invocations=57 (full 0):
 garbage-first heap   total 260096K, used 130683K [0x0000000702000000, 0x0000000800000000)
  region size 1024K, 16 young (16384K), 1 survivors (1024K)
 Metaspace       used 26616K, capacity 27319K, committed 27568K, reserved 1073152K
  class space    used 3072K, capacity 3318K, committed 3328K, reserved 1048576K
}
Event: 282.204 GC heap after
{Heap after GC invocations=58 (full 0):
 garbage-first heap   total 260096K, used 34428K [0x0000000702000000, 0x0000000800000000)
  region size 1024K, 1 young (1024K), 1 survivors (1024K)
 Metaspace       used 26616K, capacity 27319K, committed 27568K, reserved 1073152K
  class space    used 3072K, capacity 3318K, committed 3328K, reserved 1048576K
}
Event: 293.121 GC heap before
{Heap before GC invocations=59 (full 0):
 garbage-first heap   total 260096K, used 133756K [0x0000000702000000, 0x0000000800000000)
  region size 1024K, 19 young (19456K), 1 survivors (1024K)
 Metaspace       used 26627K, capacity 27320K, committed 27568K, reserved 1073152K
  class space    used 3072K, capacity 3318K, committed 3328K, reserved 1048576K
}
Event: 293.122 GC heap after
{Heap after GC invocations=60 (full 0):
 garbage-first heap   total 260096K, used 56995K [0x0000000702000000, 0x0000000800000000)
  region size 1024K, 1 young (1024K), 1 survivors (1024K)
 Metaspace       used 26627K, capacity 27320K, committed 27568K, reserved 1073152K
  class space    used 3072K, capacity 3318K, committed 3328K, reserved 1048576K
}
Event: 301.172 GC heap before
{Heap before GC invocations=61 (full 0):
 garbage-first heap   total 260096K, used 126627K [0x0000000702000000, 0x0000000800000000)
  region size 1024K, 12 young (12288K), 1 survivors (1024K)
 Metaspace       used 26640K, capacity 27320K, committed 27568K, reserved 1073152K
  class space    used 3072K, capacity 3318K, committed 3328K, reserved 1048576K
}
Event: 301.174 GC heap after
{Heap after GC invocations=62 (full 0):
 garbage-first heap   total 260096K, used 32404K [0x0000000702000000, 0x0000000800000000)
  region size 1024K, 1 young (1024K), 1 survivors (1024K)
 Metaspace       used 26640K, capacity 27320K, committed 27568K, reserved 1073152K
  class space    used 3072K, capacity 3318K, committed 3328K, reserved 1048576K
}
Event: 315.969 GC heap before
{Heap before GC invocations=63 (full 0):
 garbage-first heap   total 260096K, used 137876K [0x0000000702000000, 0x0000000800000000)
  region size 1024K, 23 young (23552K), 1 survivors (1024K)
 Metaspace       used 26640K, capacity 27320K, committed 27568K, reserved 1073152K
  class space    used 3072K, capacity 3318K, committed 3328K, reserved 1048576K
}
Event: 315.971 GC heap after
{Heap after GC invocations=64 (full 0):
 garbage-first heap   total 260096K, used 50870K [0x0000000702000000, 0x0000000800000000)
  region size 1024K, 1 young (1024K), 1 survivors (1024K)
 Metaspace       used 26640K, capacity 27320K, committed 27568K, reserved 1073152K
  class space    used 3072K, capacity 3318K, committed 3328K, reserved 1048576K
}
Event: 322.348 GC heap before
{Heap before GC invocations=65 (full 0):
 garbage-first heap   total 260096K, used 125622K [0x0000000702000000, 0x0000000800000000)
  region size 1024K, 11 young (11264K), 1 survivors (1024K)
 Metaspace       used 26641K, capacity 27320K, committed 27568K, reserved 1073152K
  class space    used 3072K, capacity 3318K, committed 3328K, reserved 1048576K
}
Event: 322.349 GC heap after
{Heap after GC invocations=66 (full 0):
 garbage-first heap   total 260096K, used 38567K [0x0000000702000000, 0x0000000800000000)
  region size 1024K, 1 young (1024K), 1 survivors (1024K)
 Metaspace       used 26641K, capacity 27320K, committed 27568K, reserved 1073152K
  class space    used 3072K, capacity 3318K, committed 3328K, reserved 1048576K
}

Deoptimization events (10 events):
Event: 286.963 Thread 0x000002b132cff800 Uncommon trap: reason=unstable_if action=reinterpret pc=0x000002b11e736128 method=java.awt.image.BufferedImage.coerceData(Z)V @ 7 c2
Event: 286.963 Thread 0x000002b132cff800 Uncommon trap: reason=unstable_if action=reinterpret pc=0x000002b11e71e178 method=sun.awt.image.BufImgSurfaceData.createData(Ljava/awt/image/BufferedImage;DD)Lsun/java2d/SurfaceData; @ 28 c2
Event: 286.963 Thread 0x000002b132cff800 Uncommon trap: reason=unstable_if action=reinterpret pc=0x000002b11e5b232c method=sun.java2d.SunGraphics2D.validateColor()V @ 38 c2
Event: 286.963 Thread 0x000002b132cff800 Uncommon trap: reason=unstable_if action=reinterpret pc=0x000002b11e63d3ec method=sun.java2d.SunGraphics2D.validateColor()V @ 38 c2
Event: 286.973 Thread 0x000002b132cff800 Uncommon trap: reason=unstable_if action=reinterpret pc=0x000002b11e71982c method=java.awt.Component.eventTypeEnabled(I)Z @ 235 c2
Event: 286.974 Thread 0x000002b132cff800 Uncommon trap: reason=intrinsic_or_type_checked_inlining action=make_not_entrant pc=0x000002b11e7477bc method=java.util.ArrayList.toArray([Ljava/lang/Object;)[Ljava/lang/Object; @ 36 c2
Event: 286.974 Thread 0x000002b132cff800 Uncommon trap: reason=bimorphic_or_optimized_type_check action=maybe_recompile pc=0x000002b11e73bd4c method=java.awt.DefaultKeyboardFocusManager.dispatchEvent(Ljava/awt/AWTEvent;)Z @ 490 c2
Event: 287.682 Thread 0x000002b132cff800 Uncommon trap: reason=bimorphic_or_optimized_type_check action=maybe_recompile pc=0x000002b11e73bd4c method=java.awt.DefaultKeyboardFocusManager.dispatchEvent(Ljava/awt/AWTEvent;)Z @ 490 c2
Event: 313.326 Thread 0x000002b133231000 Uncommon trap: reason=unstable_if action=reinterpret pc=0x000002b11e553cfc method=java.lang.StrictMath.floorOrCeil(DDDD)D @ 38 c2
Event: 324.333 Thread 0x000002b133231000 Uncommon trap: reason=unstable_if action=reinterpret pc=0x000002b11e75d3d4 method=jdk.internal.math.FloatingDecimal$BinaryToASCIIBuffer.dtoa(IJIZ)V @ 82 c2

Classes redefined (0 events):
No events

Internal exceptions (10 events):
Event: 1.273 Thread 0x000002b10e5aa000 Exception <a 'java/lang/NoSuchMethodError'{0x00000007110dd710}: java.lang.invoke.DirectMethodHandle$Holder.invokeStaticInit(Ljava/lang/Object;Ljava/lang/Object;IIII)Ljava/lang/Object;> (0x00000007110dd710) thrown at [./open/src/hotspot/share/interpreter/l
Event: 1.339 Thread 0x000002b10e5aa000 Exception <a 'java/lang/NoSuchMethodError'{0x0000000711da1600}: java.lang.invoke.DirectMethodHandle$Holder.invokeStaticInit(Ljava/lang/Object;)V> (0x0000000711da1600) thrown at [./open/src/hotspot/share/interpreter/linkResolver.cpp, line 772]
Event: 1.348 Thread 0x000002b10e5aa000 Exception <a 'java/lang/NoSuchMethodError'{0x0000000711df0c30}: java.lang.invoke.Invokers$Holder.linkToTargetMethod(Ljava/lang/Object;ILjava/lang/Object;)Ljava/lang/Object;> (0x0000000711df0c30) thrown at [./open/src/hotspot/share/interpreter/linkResolver
Event: 1.509 Thread 0x000002b132cff800 Exception <a 'java/lang/NoSuchMethodError'{0x0000000711acc0b0}: java.lang.invoke.DirectMethodHandle$Holder.invokeSpecial(Ljava/lang/Object;Ljava/lang/Object;Ljava/lang/Object;IIIID)V> (0x0000000711acc0b0) thrown at [./open/src/hotspot/share/interpreter/li
Event: 2.704 Thread 0x000002b1351d4000 Exception <a 'java/lang/NoSuchMethodError'{0x00000007118911a8}: java.lang.invoke.DirectMethodHandle$Holder.invokeStaticInit(Ljava/lang/Object;Ljava/lang/Object;Ljava/lang/Object;)I> (0x00000007118911a8) thrown at [./open/src/hotspot/share/interpreter/link
Event: 8.372 Thread 0x000002b135f3b800 Implicit null exception at 0x000002b11e539de2 to 0x000002b11e53a3fa
Event: 18.428 Thread 0x000002b13a35f000 Implicit null exception at 0x000002b11e57ff9d to 0x000002b11e581876
Event: 70.857 Thread 0x000002b132cff800 Exception <a 'java/lang/NoSuchMethodError'{0x0000000711019fb8}: static LgpuColorGradients/ColorGradient;.<clinit>()V> (0x0000000711019fb8) thrown at [./open/src/hotspot/share/prims/jni.cpp, line 1362]
Event: 70.859 Thread 0x000002b132cff800 Exception <a 'java/lang/NoSuchMethodError'{0x0000000711027068}: static LgpuColorGradients/MultiGradient;.<clinit>()V> (0x0000000711027068) thrown at [./open/src/hotspot/share/prims/jni.cpp, line 1362]
Event: 70.862 Thread 0x000002b132cff800 Exception <a 'java/lang/NoSuchMethodError'{0x000000071103ff60}: static LgpuColorGradients/ThreeChannelGradient;.<clinit>()V> (0x000000071103ff60) thrown at [./open/src/hotspot/share/prims/jni.cpp, line 1362]

Events (10 events):
Event: 322.372 Executing VM operation: CGC_Operation
Event: 322.372 Executing VM operation: CGC_Operation done
Event: 322.815 Thread 0x000002b133231000 Thread exited: 0x000002b133231000
Event: 323.171 Thread 0x000002b133233800 Thread added: 0x000002b133233800
Event: 323.858 Thread 0x000002b133231000 Thread added: 0x000002b133231000
Event: 323.858 Thread 0x000002b133233800 Thread exited: 0x000002b133233800
Event: 324.333 Thread 0x000002b133231000 Uncommon trap: trap_request=0xffffff4d fr.pc=0x000002b11e75d3d4 relative=0x0000000000004114
Event: 324.333 Thread 0x000002b133231000 DEOPT PACKING pc=0x000002b11e75d3d4 sp=0x000000ca8c7feac0
Event: 324.333 Thread 0x000002b133231000 DEOPT UNPACKING pc=0x000002b1169f91af sp=0x000000ca8c7fe9e0 mode 2
Event: 324.342 Thread 0x000002b133231000 Thread exited: 0x000002b133231000


Dynamic libraries:
0x00007ff794e30000 - 0x00007ff794e77000 	C:\Program Files\Java\jdk-11.0.7\bin\javaw.exe
0x00007ffb92d30000 - 0x00007ffb92f28000 	C:\WINDOWS\SYSTEM32\ntdll.dll
0x00007ffb91190000 - 0x00007ffb9124d000 	C:\WINDOWS\System32\KERNEL32.DLL
0x00007ffb90860000 - 0x00007ffb90b2e000 	C:\WINDOWS\System32\KERNELBASE.dll
0x00007ffb92a20000 - 0x00007ffb92ace000 	C:\WINDOWS\System32\ADVAPI32.dll
0x00007ffb92660000 - 0x00007ffb926fe000 	C:\WINDOWS\System32\msvcrt.dll
0x00007ffb92530000 - 0x00007ffb925cc000 	C:\WINDOWS\System32\sechost.dll
0x00007ffb923f0000 - 0x00007ffb92515000 	C:\WINDOWS\System32\RPCRT4.dll
0x00007ffb90dd0000 - 0x00007ffb90f70000 	C:\WINDOWS\System32\USER32.dll
0x00007ffb90770000 - 0x00007ffb90792000 	C:\WINDOWS\System32\win32u.dll
0x00007ffb91090000 - 0x00007ffb910ba000 	C:\WINDOWS\System32\GDI32.dll
0x00007ffb90660000 - 0x00007ffb9076b000 	C:\WINDOWS\System32\gdi32full.dll
0x00007ffb904c0000 - 0x00007ffb9055d000 	C:\WINDOWS\System32\msvcp_win.dll
0x00007ffb90b30000 - 0x00007ffb90c30000 	C:\WINDOWS\System32\ucrtbase.dll
0x00007ffb79180000 - 0x00007ffb7941a000 	C:\WINDOWS\WinSxS\amd64_microsoft.windows.common-controls_6595b64144ccf1df_6.0.19041.1110_none_60b5254171f9507e\COMCTL32.dll
0x00007ffb885c0000 - 0x00007ffb885ca000 	C:\WINDOWS\SYSTEM32\VERSION.dll
0x00007ffb90da0000 - 0x00007ffb90dd0000 	C:\WINDOWS\System32\IMM32.DLL
0x00007ffb8aa00000 - 0x00007ffb8aa16000 	C:\Program Files\Java\jdk-11.0.7\bin\vcruntime140.dll
0x00007ffb778b0000 - 0x00007ffb7795a000 	C:\Program Files\Java\jdk-11.0.7\bin\msvcp140.dll
0x00007ffb19fa0000 - 0x00007ffb1ab01000 	C:\Program Files\Java\jdk-11.0.7\bin\server\jvm.dll
0x00007ffb90d90000 - 0x00007ffb90d98000 	C:\WINDOWS\System32\PSAPI.DLL
0x00007ffb75930000 - 0x00007ffb75939000 	C:\WINDOWS\SYSTEM32\WSOCK32.dll
0x00007ffb92ad0000 - 0x00007ffb92b3b000 	C:\WINDOWS\System32\WS2_32.dll
0x00007ffb7d1c0000 - 0x00007ffb7d1e7000 	C:\WINDOWS\SYSTEM32\WINMM.dll
0x00007ffb8e340000 - 0x00007ffb8e352000 	C:\WINDOWS\SYSTEM32\kernel.appcore.dll
0x00007ffb889a0000 - 0x00007ffb889b1000 	C:\Program Files\Java\jdk-11.0.7\bin\verify.dll
0x00007ffb7aec0000 - 0x00007ffb7b0a4000 	C:\WINDOWS\SYSTEM32\DBGHELP.DLL
0x00007ffb73000000 - 0x00007ffb7302c000 	C:\WINDOWS\SYSTEM32\dbgcore.DLL
0x00007ffb907d0000 - 0x00007ffb90852000 	C:\WINDOWS\System32\bcryptPrimitives.dll
0x00007ffb76530000 - 0x00007ffb76559000 	C:\Program Files\Java\jdk-11.0.7\bin\java.dll
0x00007ffb8a9f0000 - 0x00007ffb8a9fa000 	C:\Program Files\Java\jdk-11.0.7\bin\jimage.dll
0x00007ffb80b90000 - 0x00007ffb80ba6000 	C:\Program Files\Java\jdk-11.0.7\bin\zip.dll
0x00007ffb91ca0000 - 0x00007ffb923e3000 	C:\WINDOWS\System32\SHELL32.dll
0x00007ffb8e540000 - 0x00007ffb8ecd5000 	C:\WINDOWS\SYSTEM32\windows.storage.dll
0x00007ffb914c0000 - 0x00007ffb91814000 	C:\WINDOWS\System32\combase.dll
0x00007ffb8feb0000 - 0x00007ffb8fee0000 	C:\WINDOWS\SYSTEM32\Wldp.dll
0x00007ffb910c0000 - 0x00007ffb9116d000 	C:\WINDOWS\System32\SHCORE.dll
0x00007ffb91400000 - 0x00007ffb91455000 	C:\WINDOWS\System32\shlwapi.dll
0x00007ffb90390000 - 0x00007ffb903af000 	C:\WINDOWS\SYSTEM32\profapi.dll
0x00007ffb7eb10000 - 0x00007ffb7eb29000 	C:\Program Files\Java\jdk-11.0.7\bin\net.dll
0x00007ffb82ab0000 - 0x00007ffb82bba000 	C:\WINDOWS\SYSTEM32\WINHTTP.dll
0x00007ffb8fc10000 - 0x00007ffb8fc7a000 	C:\WINDOWS\system32\mswsock.dll
0x00007ffb7eac0000 - 0x00007ffb7ead3000 	C:\Program Files\Java\jdk-11.0.7\bin\nio.dll
0x00007ffb4e070000 - 0x00007ffb4e20f000 	C:\Program Files\Java\jdk-11.0.7\bin\awt.dll
0x00007ffb92700000 - 0x00007ffb927cd000 	C:\WINDOWS\System32\OLEAUT32.dll
0x00007ffb8dc80000 - 0x00007ffb8dd10000 	C:\WINDOWS\SYSTEM32\apphelp.dll
0x00007ffb8ddc0000 - 0x00007ffb8de5e000 	C:\WINDOWS\system32\uxtheme.dll
0x00007ffb90f70000 - 0x00007ffb91085000 	C:\WINDOWS\System32\MSCTF.dll
0x00007ffb92bc0000 - 0x00007ffb92cea000 	C:\WINDOWS\System32\ole32.dll
0x00007ffb645a0000 - 0x00007ffb64624000 	C:\Program Files\Java\jdk-11.0.7\bin\freetype.dll
0x00007ffb5d3f0000 - 0x00007ffb5d49b000 	C:\Program Files\Java\jdk-11.0.7\bin\fontmanager.dll
0x00007ffb8e160000 - 0x00007ffb8e18f000 	C:\WINDOWS\system32\DWMAPI.DLL
0x00007ffb5e6c0000 - 0x00007ffb5e7e7000 	C:\WINDOWS\system32\opengl32.dll
0x00007ffb63280000 - 0x00007ffb632ac000 	C:\WINDOWS\SYSTEM32\GLU32.dll
0x00007ffb8fe00000 - 0x00007ffb8fe18000 	C:\WINDOWS\SYSTEM32\CRYPTSP.dll
0x00007ffb8f520000 - 0x00007ffb8f554000 	C:\WINDOWS\system32\rsaenh.dll
0x00007ffb907a0000 - 0x00007ffb907c7000 	C:\WINDOWS\System32\bcrypt.dll
0x00007ffb90350000 - 0x00007ffb9037e000 	C:\WINDOWS\SYSTEM32\USERENV.dll
0x00007ffb8fe20000 - 0x00007ffb8fe2c000 	C:\WINDOWS\SYSTEM32\CRYPTBASE.dll
0x00007ffb8f8b0000 - 0x00007ffb8f8eb000 	C:\WINDOWS\SYSTEM32\IPHLPAPI.DLL
0x00007ffb91c90000 - 0x00007ffb91c98000 	C:\WINDOWS\System32\NSI.dll
0x00007ffb885a0000 - 0x00007ffb885b7000 	C:\WINDOWS\SYSTEM32\dhcpcsvc6.DLL
0x00007ffb88610000 - 0x00007ffb8862d000 	C:\WINDOWS\SYSTEM32\dhcpcsvc.DLL
0x00007ffb8f900000 - 0x00007ffb8f9ca000 	C:\WINDOWS\SYSTEM32\DNSAPI.dll
0x00007ffb7eb00000 - 0x00007ffb7eb06000 	C:\Users\pedro\AppData\Local\Temp\flatlaf.temp\flatlaf-windows-x86_64-11149524302331612690.dll
0x00007ffb89230000 - 0x00007ffb89237000 	C:\Program Files\Java\jdk-11.0.7\bin\jawt.dll
0x00007ffb68ad0000 - 0x00007ffb68bc9000 	C:\WINDOWS\SYSTEM32\textinputframework.dll
0x00007ffb8d6f0000 - 0x00007ffb8da4e000 	C:\WINDOWS\System32\CoreUIComponents.dll
0x00007ffb8da50000 - 0x00007ffb8db42000 	C:\WINDOWS\System32\CoreMessaging.dll
0x00007ffb8d020000 - 0x00007ffb8d174000 	C:\WINDOWS\SYSTEM32\wintypes.dll
0x00007ffb8f150000 - 0x00007ffb8f183000 	C:\WINDOWS\SYSTEM32\ntmarta.dll
0x0000000061440000 - 0x000000006156b000 	C:\Users\pedro\AppData\Local\Temp\Aparapi15725408895511428707\libgcc_s_seh-1.dll
0x000000006fc40000 - 0x00000000714f5000 	C:\Users\pedro\AppData\Local\Temp\Aparapi18071412416201782589\libstdc++-6.dll
0x0000000064500000 - 0x0000000064945000 	C:\Users\pedro\AppData\Local\Temp\Aparapi14206999687548877422\libaparapi.dll
0x00007ffb19e30000 - 0x00007ffb19f98000 	C:\WINDOWS\SYSTEM32\OpenCL.dll
0x00007ffb90560000 - 0x00007ffb905ae000 	C:\WINDOWS\System32\CFGMGR32.dll
0x00007ffb92970000 - 0x00007ffb92a19000 	C:\WINDOWS\System32\clbcatq.dll
0x00007ffb89030000 - 0x00007ffb89127000 	C:\Windows\System32\AppXDeploymentClient.dll
0x00007ffb8ed40000 - 0x00007ffb8ee33000 	C:\WINDOWS\SYSTEM32\dxgi.dll
0x00007ffb13b80000 - 0x00007ffb14c42000 	C:\WINDOWS\System32\DriverStore\FileRepository\nvaci.inf_amd64_a309342b77560612\nvopencl64.dll
0x00007ffb90040000 - 0x00007ffb90052000 	C:\WINDOWS\SYSTEM32\msasn1.dll
0x00007ffb87980000 - 0x00007ffb879b1000 	C:\WINDOWS\SYSTEM32\cryptnet.dll
0x00007ffb90c30000 - 0x00007ffb90d86000 	C:\WINDOWS\System32\CRYPT32.dll
0x00007ffb87060000 - 0x00007ffb871a8000 	C:\WINDOWS\SYSTEM32\drvstore.dll
0x00007ffb90200000 - 0x00007ffb9022c000 	C:\WINDOWS\SYSTEM32\devobj.dll
0x00007ffb81a00000 - 0x00007ffb82147000 	C:\WINDOWS\SYSTEM32\nvapi64.dll
0x00007ffb91820000 - 0x00007ffb91c8f000 	C:\WINDOWS\System32\SETUPAPI.dll
0x00007ffb139f0000 - 0x00007ffb13b73000 	C:\WINDOWS\System32\DriverStore\FileRepository\igdlh64.inf_amd64_ceddadac8a2b489e\IntelOpenCL64.dll
0x00007ffb13810000 - 0x00007ffb139ee000 	C:\Program Files (x86)\Common Files\Intel\OpenCL\bin\x64\intelocl64.dll
0x00007ffb5cbd0000 - 0x00007ffb5cc7c000 	C:\Program Files (x86)\Common Files\Intel\OpenCL\bin\x64\task_executor64.dll
0x00007ffb4ec00000 - 0x00007ffb4ecea000 	C:\Program Files (x86)\Common Files\Intel\OpenCL\bin\x64\cpu_device64.dll
0x00007ffb86630000 - 0x00007ffb8666b000 	C:\WINDOWS\SYSTEM32\dxcore.dll
0x00007ffb13350000 - 0x00007ffb1380d000 	C:\WINDOWS\System32\DriverStore\FileRepository\igdlh64.inf_amd64_ceddadac8a2b489e\igdrcl64.dll
0x00007ffb4f180000 - 0x00007ffb4f241000 	C:\WINDOWS\System32\DriverStore\FileRepository\igdlh64.inf_amd64_ceddadac8a2b489e\igdfcl64.dll
0x00007ffb831c0000 - 0x00007ffb84fa0000 	C:\WINDOWS\System32\DriverStore\FileRepository\igdlh64.inf_amd64_ceddadac8a2b489e\igc64.dll
0x00007ffb0b9e0000 - 0x00007ffb0e618000 	C:\WINDOWS\system32\DriverStore\FileRepository\nvaci.inf_amd64_a309342b77560612\nvcompiler64.dll
0x00007ffb87c10000 - 0x00007ffb87dc4000 	C:\WINDOWS\SYSTEM32\WindowsCodecs.dll
0x00007ffb58760000 - 0x00007ffb5879e000 	C:\WINDOWS\system32\dataexchange.dll
0x00007ffb8cdb0000 - 0x00007ffb8d013000 	C:\WINDOWS\system32\d3d11.dll
0x00007ffb8d180000 - 0x00007ffb8d364000 	C:\WINDOWS\system32\dcomp.dll
0x00007ffb88bb0000 - 0x00007ffb88db0000 	C:\WINDOWS\system32\twinapi.appcore.dll
0x00007ffb077f0000 - 0x00007ffb080b3000 	C:\WINDOWS\System32\DriverStore\FileRepository\nvaci.inf_amd64_a309342b77560612\nvptxJitCompiler64.dll

dbghelp: loaded successfully - version: 4.0.5 - missing functions: none
symbol engine: initialized successfully - sym options: 0x614 - pdb path: .;C:\Program Files\Java\jdk-11.0.7\bin;C:\WINDOWS\SYSTEM32;C:\WINDOWS\WinSxS\amd64_microsoft.windows.common-controls_6595b64144ccf1df_6.0.19041.1110_none_60b5254171f9507e;C:\Program Files\Java\jdk-11.0.7\bin\server;C:\Users\pedro\AppData\Local\Temp\flatlaf.temp;C:\Users\pedro\AppData\Local\Temp\Aparapi15725408895511428707;C:\Users\pedro\AppData\Local\Temp\Aparapi18071412416201782589;C:\Users\pedro\AppData\Local\Temp\Aparapi14206999687548877422;C:\WINDOWS\System32\DriverStore\FileRepository\nvaci.inf_amd64_a309342b77560612;C:\WINDOWS\System32\DriverStore\FileRepository\igdlh64.inf_amd64_ceddadac8a2b489e;C:\Program Files (x86)\Common Files\Intel\OpenCL\bin\x64

VM Arguments:
jvm_args: -Dcom.aparapi.enableShowGeneratedOpenCL=true -ea -Dfile.encoding=Cp1252 
java_command: main.main
java_class_path (initial): C:\Users\pedro\git\Mandelbrot\MandelbrotZoomVideo\target\classes;C:\Users\pedro\.p2\pool\plugins\org.junit.jupiter.api_5.7.0.v20201026-1537.jar;C:\Users\pedro\.p2\pool\plugins\org.junit.jupiter.engine_5.7.0.v20201026-1537.jar;C:\Users\pedro\.p2\pool\plugins\org.junit.jupiter.migrationsupport_5.7.0.v20201026-1537.jar;C:\Users\pedro\.p2\pool\plugins\org.junit.jupiter.params_5.7.0.v20201026-1537.jar;C:\Users\pedro\.p2\pool\plugins\org.junit.platform.commons_1.7.0.v20201026-1537.jar;C:\Users\pedro\.p2\pool\plugins\org.junit.platform.engine_1.7.0.v20201026-1537.jar;C:\Users\pedro\.p2\pool\plugins\org.junit.platform.launcher_1.7.0.v20201026-1537.jar;C:\Users\pedro\.p2\pool\plugins\org.junit.platform.runner_1.7.0.v20201026-1537.jar;C:\Users\pedro\.p2\pool\plugins\org.junit.platform.suite.api_1.7.0.v20201026-1537.jar;C:\Users\pedro\.p2\pool\plugins\org.junit.vintage.engine_5.7.0.v20201026-1537.jar;C:\Users\pedro\.p2\pool\plugins\org.opentest4j_1.2.0.v20190826-0900.jar;C:\Users\pedro\.p2\pool\plugins\org.apiguardian_1.1.0.v20190826-0900.jar;C:\Users\pedro\.p2\pool\plugins\org.junit_4.13.0.v20200204-1500.jar;C:\Users\pedro\.p2\pool\plugins\org.hamcrest.core_1.3.0.v20180420-1519.jar;C:\Users\pedro\.m2\repository\org\jcodec\jcodec\0.2.5\jcodec-0.2.5.jar;C:\Users\pedro\.m2\repository\org\jcodec\jcodec-javase\0.2.5\jcodec-javase-0.2.5.jar;C:\Users\pedro\.m2\repository\com\formdev\flatlaf\1.1.2\flatlaf-1.1.2.jar;C:\Users\pedro\.m2\repository\com\aparapi\aparapi\3.0.0\aparapi-3.0.0.jar;C:\Users\pedro\.m2\repository\com\aparapi\aparapi-jni\1.4.3\aparapi-jni-1.4.3.jar;C:\Users\pedro\.m2\repository\org\apache\bcel\bcel\6.5.0\bcel-6.5.0.jar;C:\Users\pedro\.m2\repository\org\scala-lang\scala-library\2.13.6\scala-library-2.13.6.jar
Launcher Type: SUN_STANDARD

[Global flags]
     intx CICompilerCount                          = 3                                         {product} {ergonomic}
     uint ConcGCThreads                            = 1                                         {product} {ergonomic}
     uint G1ConcRefinementThreads                  = 4                                         {product} {ergonomic}
   size_t G1HeapRegionSize                         = 1048576                                   {product} {ergonomic}
    uintx GCDrainStackTargetSize                   = 64                                        {product} {ergonomic}
   size_t InitialHeapSize                          = 266338304                                 {product} {ergonomic}
   size_t MarkStackSize                            = 4194304                                   {product} {ergonomic}
   size_t MaxHeapSize                              = 4261412864                                {product} {ergonomic}
   size_t MaxNewSize                               = 2556428288                                {product} {ergonomic}
   size_t MinHeapDeltaBytes                        = 1048576                                   {product} {ergonomic}
    uintx NonNMethodCodeHeapSize                   = 5830732                                {pd product} {ergonomic}
    uintx NonProfiledCodeHeapSize                  = 122913754                              {pd product} {ergonomic}
    uintx ProfiledCodeHeapSize                     = 122913754                              {pd product} {ergonomic}
    uintx ReservedCodeCacheSize                    = 251658240                              {pd product} {ergonomic}
     bool SegmentedCodeCache                       = true                                      {product} {ergonomic}
     bool UseCompressedClassPointers               = true                                 {lp64_product} {ergonomic}
     bool UseCompressedOops                        = true                                 {lp64_product} {ergonomic}
     bool UseG1GC                                  = true                                      {product} {ergonomic}
     bool UseLargePagesIndividualAllocation        = false                                  {pd product} {ergonomic}

Logging:
Log output configuration:
 #0: stdout all=warning uptime,level,tags
 #1: stderr all=off uptime,level,tags

Environment Variables:
JAVA_HOME=C:\Program Files\Java\jdk1.8.0_152
CLASSPATH=C:\Program Files\JADE-all-4.5.0\JADE-bin-4.5.0\jade\lib\jade.jar;C:\Program Files\swipl\lib\jpl.jar;C:\Users\pedro\Software\InaptAgency\inapts.jar;
PATH=C:/Program Files/Java/jdk-11.0.7/bin/server;C:/Program Files/Java/jdk-11.0.7/bin;C:\Program Files\NVIDIA GPU Computing Toolkit\CUDA\v11.7\bin;C:\Program Files\NVIDIA GPU Computing Toolkit\CUDA\v11.7\libnvvp;;;;;C:\Python38\Scripts\;C:\Python38\;C:\Program Files (x86)\Common Files\Oracle\Java\javapath;C:\Program Files (x86)\Common Files\Intel\Shared Libraries\redist\intel64\compiler;C:\Program Files (x86)\Intel\iCLS Client\;C:\Program Files\Intel\iCLS Client\;C:\Windows\system32;C:\Windows;C:\Windows\System32\Wbem;C:\Windows\System32\WindowsPowerShell\v1.0\;C:\Program Files (x86)\Intel\Intel(R) Management Engine Components\DAL;C:\Program Files\Intel\Intel(R) Management Engine Components\DAL;C:\Program Files (x86)\Intel\Intel(R) Management Engine Components\IPT;C:\Program Files\Intel\Intel(R) Management Engine Components\IPT;C:\WINDOWS\system32;C:\WINDOWS;C:\WINDOWS\System32\Wbem;C:\WINDOWS\System32\WindowsPowerShell\v1.0\;C:\Program Files\Java\jdk1.8.0_271\bin;C:\Program Files\Java\jre1.8.0_271\bin;C:\WINDOWS\System32\OpenSSH\;C:\Program Files\Java\jdk-11.0.5\bin;C:\Users\pedro\Desktop\use-5.2.0\use-5.2.0\bin;C:\Program Files\nodejs\;C:\ProgramData\chocolatey\bin;D:\scala\bin;C:\Users\pedro\AppData\Local\Programs\Git\cmd;C:\Program Files\Docker\Docker\resources\bin;C:\ProgramData\DockerDesktop\version-bin;C:\Program Files\MATLAB\R2022a\bin;C:\Program Files\NVIDIA Corporation\NVIDIA NvDLISR;C:\Program Files (x86)\NVIDIA Corporation\PhysX\Common;C:\Program Files\NVIDIA Corporation\Nsight Compute 2022.2.0\;C:\Users\pedro\AppData\Local\Programs\Python\Python37\Scripts\;C:\Users\pedro\AppData\Local\Programs\Python\Python37\;C:\Users\pedro\AppData\Roaming\Dashlane\4.6.5.21982\bin\Firefox_Extension\{442718d9-475e-452a-b3e1-fb1ee16b8e9f}\components;C:\Users\pedro\AppData\Roaming\Dashlane\4.6.6.23032\bin\Firefox_Extension\{442718d9-475e-452a-b3e1-fb1ee16b8e9f}\components;C:\Users\pedro\AppData\Local\Microsoft\WindowsApps;C:\Users\pedro\AppData\Roaming\Dashlane\5.0.0.10636\b
USERNAME=pedro
OS=Windows_NT
PROCESSOR_IDENTIFIER=Intel64 Family 6 Model 142 Stepping 9, GenuineIntel



---------------  S Y S T E M  ---------------

OS: Windows 10 , 64 bit Build 19041 (10.0.19041.1889)

CPU:total 4 (initial active 4) (2 cores per cpu, 2 threads per core) family 6 model 142 stepping 9, cmov, cx8, fxsr, mmx, sse, sse2, sse3, ssse3, sse4.1, sse4.2, popcnt, avx, avx2, aes, clmul, erms, 3dnowpref, lzcnt, ht, tsc, tscinvbit, bmi1, bmi2, adx, fma

Memory: 4k page, system-wide physical 16252M (8677M free)
TotalPageFile size 32636M (AvailPageFile size 22304M)
current process WorkingSet (physical memory assigned to process): 448M, peak: 475M
current process commit charge ("private bytes"): 597M, peak: 609M

vm_info: Java HotSpot(TM) 64-Bit Server VM (11.0.7+8-LTS) for windows-amd64 JRE (11.0.7+8-LTS), built on Mar 12 2020 02:04:32 by "mach5one" with MS VC++ 15.5 (VS2017)

END.
