#
# A fatal error has been detected by the Java Runtime Environment:
#
#  EXCEPTION_ACCESS_VIOLATION (0xc0000005) at pc=0x00007ffd1f23e920, pid=17112, tid=10664
#
# JRE version: Java(TM) SE Runtime Environment 18.9 (11.0.7+8) (build 11.0.7+8-LTS)
# Java VM: Java HotSpot(TM) 64-Bit Server VM 18.9 (11.0.7+8-LTS, mixed mode, tiered, compressed oops, g1 gc, windows-amd64)
# Problematic frame:
# C  [nvopencl.dll+0x2e920]
#
# No core dump will be written. Minidumps are not enabled by default on client versions of Windows
#
# If you would like to submit a bug report, please visit:
#   https://bugreport.java.com/bugreport/crash.jsp
# The crash happened outside the Java Virtual Machine in native code.
# See problematic frame for where to report the bug.
#

---------------  S U M M A R Y ------------

Command Line: -Dcom.aparapi.enableShowGeneratedOpenCL=true -Dfile.encoding=Cp1252 logic.main

Host: Intel(R) Core(TM) i5-7200U CPU @ 2.50GHz, 4 cores, 15G,  Windows 10 , 64 bit Build 19041 (10.0.19041.1466)
Time: Wed Feb  9 12:34:41 2022 GMT Standard Time elapsed time: 9 seconds (0d 0h 0m 9s)

---------------  T H R E A D  ---------------

Current thread (0x000002a798c44800):  JavaThread "Thread-10" [_thread_in_native, id=10664, stack(0x000000f20a500000,0x000000f20a600000)]

Stack: [0x000000f20a500000,0x000000f20a600000],  sp=0x000000f20a5feaf8,  free space=1018k
Native frames: (J=compiled Java code, j=interpreted, Vv=VM code, C=native code)
C  [nvopencl.dll+0x2e920]

Java frames: (J=compiled Java code, j=interpreted, Vv=VM code)
j  com.aparapi.internal.jni.KernelRunnerJNI.runKernelJNI(JLcom/aparapi/Range;ZILjava/nio/ByteBuffer;Ljava/nio/ByteBuffer;)I+0
j  com.aparapi.internal.kernel.KernelRunner.executeOpenCL(Lcom/aparapi/device/Device;Lcom/aparapi/internal/kernel/KernelRunner$ExecutionSettings;)Lcom/aparapi/Kernel;+96
j  com.aparapi.internal.kernel.KernelRunner.executeInternalInner(Lcom/aparapi/internal/kernel/KernelRunner$ExecutionSettings;)Lcom/aparapi/Kernel;+3272
j  com.aparapi.internal.kernel.KernelRunner.executeInternalOuter(Lcom/aparapi/internal/kernel/KernelRunner$ExecutionSettings;)Lcom/aparapi/Kernel;+2
j  com.aparapi.internal.kernel.KernelRunner.execute(Ljava/lang/String;Lcom/aparapi/Range;I)Lcom/aparapi/Kernel;+78
j  com.aparapi.Kernel.execute(Ljava/lang/String;Lcom/aparapi/Range;I)Lcom/aparapi/Kernel;+7
j  com.aparapi.Kernel.execute(Lcom/aparapi/Range;I)Lcom/aparapi/Kernel;+5
j  com.aparapi.Kernel.execute(Lcom/aparapi/Range;)Lcom/aparapi/Kernel;+3
j  optimizations.FractalKernel.executeAll()V+33
j  gui.FractalNavigator$MyThreadPool$MyThread.workAndUpdate(Llogic/FractalFrame;)V+12
j  gui.FractalNavigator$MyThreadPool$MyThread.run()V+5
v  ~StubRoutines::call_stub

siginfo: EXCEPTION_ACCESS_VIOLATION (0xc0000005), reading address 0x0000000000000058


Register to memory mapping:

RIP=0x00007ffd1f23e920 nvopencl.dll
RAX=0x0000000000000010 is an unknown value
RBX=0x000002a7a1156330 points into unknown readable memory: 50 99 0b 99 a7 02 00 00
RCX=0x0 is NULL
RDX=0x0000000000000001 is an unknown value
RSP=0x000000f20a5feaf8 is pointing into the stack for thread: 0x000002a798c44800
RBP=0x0 is NULL
RSI=0x0000000000000001 is an unknown value
RDI=0x0 is NULL
R8 =0x0 is NULL
R9 =0x0 is NULL
R10=0x0 is NULL
R11=0x000000f20a5feaa0 is pointing into the stack for thread: 0x000002a798c44800
R12=0x0000000000000018 is an unknown value
R13=0x0 is NULL
R14=0x0 is NULL
R15=0x0 is NULL


Registers:
RAX=0x0000000000000010, RBX=0x000002a7a1156330, RCX=0x0000000000000000, RDX=0x0000000000000001
RSP=0x000000f20a5feaf8, RBP=0x0000000000000000, RSI=0x0000000000000001, RDI=0x0000000000000000
R8 =0x0000000000000000, R9 =0x0000000000000000, R10=0x0000000000000000, R11=0x000000f20a5feaa0
R12=0x0000000000000018, R13=0x0000000000000000, R14=0x0000000000000000, R15=0x0000000000000000
RIP=0x00007ffd1f23e920, EFLAGS=0x0000000000010206

Top of Stack: (sp=0x000000f20a5feaf8)
0x000000f20a5feaf8:   00007ffd1f23ddf7 00007ffd7a28f540
0x000000f20a5feb08:   00007ffd7a28f540 000000f20a5feb70
0x000000f20a5feb18:   000000f20a5feb50 0000000000000000
0x000000f20a5feb28:   00007ffd1f234f27 000002a798ded610
0x000000f20a5feb38:   000002a7a140de10 000000f20a5feca0
0x000000f20a5feb48:   00007ffd62e614cd 0000000000000000
0x000000f20a5feb58:   0000000000000004 0000000000000000
0x000000f20a5feb68:   000000f20a5febb0 000002a7a140de10
0x000000f20a5feb78:   0000000000000000 000002a798ded610
0x000000f20a5feb88:   00007ffd56822c00 000002a7961c0f70
0x000000f20a5feb98:   00007ffd62e6b677 00007ffd1f217397
0x000000f20a5feba8:   00007ffd62e79b48 0000000000000010
0x000000f20a5febb8:   0000000702410008 000002a700000001
0x000000f20a5febc8:   000002a7a1156330 000002a7990043b0
0x000000f20a5febd8:   00007ffd62e6be33 0000000000000000
0x000000f20a5febe8:   00007ffd62e6ba65 000002a79935da50 

Instructions: (pc=0x00007ffd1f23e920)
0x00007ffd1f23e900:   cc cc cc cc cc cc cc cc cc cc cc cc cc cc cc cc
0x00007ffd1f23e910:   cc cc cc cc cc cc cc cc cc cc cc cc cc cc cc cc
0x00007ffd1f23e920:   0f b6 41 58 c3 cc cc cc cc cc cc cc cc cc cc cc
0x00007ffd1f23e930:   48 8b 01 48 85 c0 74 03 89 50 64 c3 cc cc cc cc 


Stack slot to memory mapping:
stack at sp + 0 slots: 0x00007ffd1f23ddf7 nvopencl.dll
stack at sp + 1 slots: 0x00007ffd7a28f540 ucrtbase.dll
stack at sp + 2 slots: 0x00007ffd7a28f540 ucrtbase.dll
stack at sp + 3 slots: 0x000000f20a5feb70 is pointing into the stack for thread: 0x000002a798c44800
stack at sp + 4 slots: 0x000000f20a5feb50 is pointing into the stack for thread: 0x000002a798c44800
stack at sp + 5 slots: 0x0 is NULL
stack at sp + 6 slots: 0x00007ffd1f234f27 nvopencl.dll
stack at sp + 7 slots: 0x000002a798ded610 points into unknown readable memory: e0 4f 12 95 a7 02 00 00


---------------  P R O C E S S  ---------------

Threads class SMR info:
_java_thread_list=0x000002a798bd75b0, length=18, elements={
0x000002a795ac5000, 0x000002a795af0800, 0x000002a795b5e800, 0x000002a795b62800,
0x000002a795b65800, 0x000002a795b6c000, 0x000002a795b77000, 0x000002a795cb9000,
0x000002a795cc0000, 0x000002a796111000, 0x000002a796112000, 0x000002a796116800,
0x000002a796381000, 0x000002a7f1a78000, 0x000002a798c44800, 0x000002a7a13d9800,
0x000002a7a116a000, 0x000002a7a13f5800
}

Java Threads: ( => current thread )
  0x000002a795ac5000 JavaThread "Reference Handler" daemon [_thread_blocked, id=3144, stack(0x000000f209200000,0x000000f209300000)]
  0x000002a795af0800 JavaThread "Finalizer" daemon [_thread_blocked, id=12452, stack(0x000000f209300000,0x000000f209400000)]
  0x000002a795b5e800 JavaThread "Signal Dispatcher" daemon [_thread_blocked, id=16192, stack(0x000000f209400000,0x000000f209500000)]
  0x000002a795b62800 JavaThread "Attach Listener" daemon [_thread_blocked, id=11784, stack(0x000000f209500000,0x000000f209600000)]
  0x000002a795b65800 JavaThread "C2 CompilerThread0" daemon [_thread_blocked, id=16560, stack(0x000000f209600000,0x000000f209700000)]
  0x000002a795b6c000 JavaThread "C1 CompilerThread0" daemon [_thread_blocked, id=16508, stack(0x000000f209700000,0x000000f209800000)]
  0x000002a795b77000 JavaThread "Sweeper thread" daemon [_thread_blocked, id=17724, stack(0x000000f209800000,0x000000f209900000)]
  0x000002a795cb9000 JavaThread "Service Thread" daemon [_thread_blocked, id=14948, stack(0x000000f209900000,0x000000f209a00000)]
  0x000002a795cc0000 JavaThread "Common-Cleaner" daemon [_thread_blocked, id=12464, stack(0x000000f209b00000,0x000000f209c00000)]
  0x000002a796111000 JavaThread "Java2D Disposer" daemon [_thread_blocked, id=12368, stack(0x000000f209e00000,0x000000f209f00000)]
  0x000002a796112000 JavaThread "AWT-Shutdown" [_thread_blocked, id=17784, stack(0x000000f209f00000,0x000000f20a000000)]
  0x000002a796116800 JavaThread "AWT-Windows" daemon [_thread_in_native, id=17580, stack(0x000000f20a000000,0x000000f20a100000)]
  0x000002a796381000 JavaThread "AWT-EventQueue-0" [_thread_blocked, id=7848, stack(0x000000f209d00000,0x000000f209e00000)]
  0x000002a7f1a78000 JavaThread "DestroyJavaVM" [_thread_blocked, id=2872, stack(0x000000f208b00000,0x000000f208c00000)]
=>0x000002a798c44800 JavaThread "Thread-10" [_thread_in_native, id=10664, stack(0x000000f20a500000,0x000000f20a600000)]
  0x000002a7a13d9800 JavaThread "Thread-11" [_thread_blocked, id=12412, stack(0x000000f20a600000,0x000000f20a700000)]
  0x000002a7a116a000 JavaThread "Thread-12" [_thread_blocked, id=7640, stack(0x000000f20af00000,0x000000f20b000000)]
  0x000002a7a13f5800 JavaThread "Thread-13" [_thread_blocked, id=18224, stack(0x000000f20b000000,0x000000f20b100000)]

Other Threads:
  0x000002a795ac2800 VMThread "VM Thread" [stack: 0x000000f209100000,0x000000f209200000] [id=3604]
  0x000002a795cbf800 WatcherThread [stack: 0x000000f209a00000,0x000000f209b00000] [id=16212]
  0x000002a7f1a8d000 GCTaskThread "GC Thread#0" [stack: 0x000000f208c00000,0x000000f208d00000] [id=11672]
  0x000002a7961c4000 GCTaskThread "GC Thread#1" [stack: 0x000000f20a200000,0x000000f20a300000] [id=13120]
  0x000002a7961c5000 GCTaskThread "GC Thread#2" [stack: 0x000000f20a300000,0x000000f20a400000] [id=12316]
  0x000002a7961c5800 GCTaskThread "GC Thread#3" [stack: 0x000000f20a400000,0x000000f20a500000] [id=9852]
  0x000002a7f1aea800 ConcurrentGCThread "G1 Main Marker" [stack: 0x000000f208d00000,0x000000f208e00000] [id=1768]
  0x000002a7f1aec000 ConcurrentGCThread "G1 Conc#0" [stack: 0x000000f208e00000,0x000000f208f00000] [id=3476]
  0x000002a7f1b5e800 ConcurrentGCThread "G1 Refine#0" [stack: 0x000000f208f00000,0x000000f209000000] [id=15484]
  0x000002a79512b800 ConcurrentGCThread "G1 Young RemSet Sampling" [stack: 0x000000f209000000,0x000000f209100000] [id=17000]

Threads with active compile tasks:

VM state:not at safepoint (normal execution)

VM Mutex/Monitor currently owned by a thread: None

Heap address: 0x0000000702000000, size: 4064 MB, Compressed Oops mode: Zero based, Oop shift amount: 3
Narrow klass base: 0x0000000800000000, Narrow klass shift: 0
Compressed class space size: 1073741824 Address: 0x0000000800000000

Heap:
 garbage-first heap   total 260096K, used 59588K [0x0000000702000000, 0x0000000800000000)
  region size 1024K, 8 young (8192K), 2 survivors (2048K)
 Metaspace       used 20197K, capacity 20652K, committed 20736K, reserved 1067008K
  class space    used 2356K, capacity 2543K, committed 2560K, reserved 1048576K
Heap Regions: E=young(eden), S=young(survivor), O=old, HS=humongous(starts), HC=humongous(continues), CS=collection set, F=free, A=archive, TAMS=top-at-mark-start (previous, next)
|   0|0x0000000702000000, 0x0000000702100000, 0x0000000702100000|100%|HS|  |TAMS 0x0000000702000000, 0x0000000702000000| Complete 
|   1|0x0000000702100000, 0x0000000702200000, 0x0000000702200000|100%|HC|  |TAMS 0x0000000702100000, 0x0000000702100000| Complete 
|   2|0x0000000702200000, 0x0000000702300000, 0x0000000702300000|100%|HC|  |TAMS 0x0000000702200000, 0x0000000702200000| Complete 
|   3|0x0000000702300000, 0x0000000702400000, 0x0000000702400000|100%| O|  |TAMS 0x0000000702300000, 0x0000000702300000| Untracked 
|   4|0x0000000702400000, 0x0000000702500000, 0x0000000702500000|100%| O|  |TAMS 0x0000000702400000, 0x0000000702400000| Untracked 
|   5|0x0000000702500000, 0x0000000702600000, 0x0000000702600000|100%|HS|  |TAMS 0x0000000702500000, 0x0000000702500000| Complete 
|   6|0x0000000702600000, 0x0000000702700000, 0x0000000702700000|100%|HC|  |TAMS 0x0000000702600000, 0x0000000702600000| Complete 
|   7|0x0000000702700000, 0x0000000702800000, 0x0000000702800000|100%|HS|  |TAMS 0x0000000702700000, 0x0000000702700000| Complete 
|   8|0x0000000702800000, 0x0000000702900000, 0x0000000702900000|100%|HC|  |TAMS 0x0000000702800000, 0x0000000702800000| Complete 
|   9|0x0000000702900000, 0x0000000702a00000, 0x0000000702a00000|100%| O|  |TAMS 0x0000000702900000, 0x0000000702900000| Untracked 
|  10|0x0000000702a00000, 0x0000000702a0a200, 0x0000000702b00000|  3%| O|  |TAMS 0x0000000702a00000, 0x0000000702a00000| Untracked 
|  11|0x0000000702b00000, 0x0000000702c00000, 0x0000000702c00000|100%|HS|  |TAMS 0x0000000702b00000, 0x0000000702b00000| Complete 
|  12|0x0000000702c00000, 0x0000000702d00000, 0x0000000702d00000|100%|HC|  |TAMS 0x0000000702c00000, 0x0000000702c00000| Complete 
|  13|0x0000000702d00000, 0x0000000702e00000, 0x0000000702e00000|100%|HS|  |TAMS 0x0000000702d00000, 0x0000000702d00000| Complete 
|  14|0x0000000702e00000, 0x0000000702f00000, 0x0000000702f00000|100%|HC|  |TAMS 0x0000000702e00000, 0x0000000702e00000| Complete 
|  15|0x0000000702f00000, 0x0000000703000000, 0x0000000703000000|100%|HS|  |TAMS 0x0000000702f00000, 0x0000000702f00000| Complete 
|  16|0x0000000703000000, 0x0000000703100000, 0x0000000703100000|100%|HC|  |TAMS 0x0000000703000000, 0x0000000703000000| Complete 
|  17|0x0000000703100000, 0x0000000703200000, 0x0000000703200000|100%|HS|  |TAMS 0x0000000703100000, 0x0000000703100000| Complete 
|  18|0x0000000703200000, 0x0000000703300000, 0x0000000703300000|100%|HC|  |TAMS 0x0000000703200000, 0x0000000703200000| Complete 
|  19|0x0000000703300000, 0x0000000703400000, 0x0000000703400000|100%|HS|  |TAMS 0x0000000703300000, 0x0000000703300000| Complete 
|  20|0x0000000703400000, 0x0000000703500000, 0x0000000703500000|100%|HC|  |TAMS 0x0000000703400000, 0x0000000703400000| Complete 
|  21|0x0000000703500000, 0x0000000703600000, 0x0000000703600000|100%|HS|  |TAMS 0x0000000703500000, 0x0000000703500000| Complete 
|  22|0x0000000703600000, 0x0000000703700000, 0x0000000703700000|100%|HC|  |TAMS 0x0000000703600000, 0x0000000703600000| Complete 
|  23|0x0000000703700000, 0x0000000703800000, 0x0000000703800000|100%|HS|  |TAMS 0x0000000703700000, 0x0000000703700000| Complete 
|  24|0x0000000703800000, 0x0000000703900000, 0x0000000703900000|100%|HC|  |TAMS 0x0000000703800000, 0x0000000703800000| Complete 
|  25|0x0000000703900000, 0x0000000703a00000, 0x0000000703a00000|100%|HS|  |TAMS 0x0000000703900000, 0x0000000703900000| Complete 
|  26|0x0000000703a00000, 0x0000000703b00000, 0x0000000703b00000|100%|HC|  |TAMS 0x0000000703a00000, 0x0000000703a00000| Complete 
|  27|0x0000000703b00000, 0x0000000703c00000, 0x0000000703c00000|100%|HS|  |TAMS 0x0000000703b00000, 0x0000000703b00000| Complete 
|  28|0x0000000703c00000, 0x0000000703d00000, 0x0000000703d00000|100%|HC|  |TAMS 0x0000000703c00000, 0x0000000703c00000| Complete 
|  29|0x0000000703d00000, 0x0000000703e00000, 0x0000000703e00000|100%|HS|  |TAMS 0x0000000703d00000, 0x0000000703d00000| Complete 
|  30|0x0000000703e00000, 0x0000000703f00000, 0x0000000703f00000|100%|HC|  |TAMS 0x0000000703e00000, 0x0000000703e00000| Complete 
|  31|0x0000000703f00000, 0x0000000704000000, 0x0000000704000000|100%|HS|  |TAMS 0x0000000703f00000, 0x0000000703f00000| Complete 
|  32|0x0000000704000000, 0x0000000704100000, 0x0000000704100000|100%|HC|  |TAMS 0x0000000704000000, 0x0000000704000000| Complete 
|  33|0x0000000704100000, 0x0000000704200000, 0x0000000704200000|100%|HS|  |TAMS 0x0000000704100000, 0x0000000704100000| Complete 
|  34|0x0000000704200000, 0x0000000704300000, 0x0000000704300000|100%|HC|  |TAMS 0x0000000704200000, 0x0000000704200000| Complete 
|  35|0x0000000704300000, 0x0000000704400000, 0x0000000704400000|100%|HS|  |TAMS 0x0000000704300000, 0x0000000704300000| Complete 
|  36|0x0000000704400000, 0x0000000704500000, 0x0000000704500000|100%|HC|  |TAMS 0x0000000704400000, 0x0000000704400000| Complete 
|  37|0x0000000704500000, 0x0000000704600000, 0x0000000704600000|100%|HS|  |TAMS 0x0000000704500000, 0x0000000704500000| Complete 
|  38|0x0000000704600000, 0x0000000704700000, 0x0000000704700000|100%|HC|  |TAMS 0x0000000704600000, 0x0000000704600000| Complete 
|  39|0x0000000704700000, 0x0000000704800000, 0x0000000704800000|100%|HS|  |TAMS 0x0000000704700000, 0x0000000704700000| Complete 
|  40|0x0000000704800000, 0x0000000704900000, 0x0000000704900000|100%|HC|  |TAMS 0x0000000704800000, 0x0000000704800000| Complete 
|  41|0x0000000704900000, 0x0000000704a00000, 0x0000000704a00000|100%|HS|  |TAMS 0x0000000704900000, 0x0000000704900000| Complete 
|  42|0x0000000704a00000, 0x0000000704b00000, 0x0000000704b00000|100%|HC|  |TAMS 0x0000000704a00000, 0x0000000704a00000| Complete 
|  43|0x0000000704b00000, 0x0000000704c00000, 0x0000000704c00000|100%|HS|  |TAMS 0x0000000704b00000, 0x0000000704b00000| Complete 
|  44|0x0000000704c00000, 0x0000000704d00000, 0x0000000704d00000|100%|HC|  |TAMS 0x0000000704c00000, 0x0000000704c00000| Complete 
|  45|0x0000000704d00000, 0x0000000704e00000, 0x0000000704e00000|100%|HS|  |TAMS 0x0000000704d00000, 0x0000000704d00000| Complete 
|  46|0x0000000704e00000, 0x0000000704f00000, 0x0000000704f00000|100%|HC|  |TAMS 0x0000000704e00000, 0x0000000704e00000| Complete 
|  47|0x0000000704f00000, 0x0000000705000000, 0x0000000705000000|100%|HS|  |TAMS 0x0000000704f00000, 0x0000000704f00000| Complete 
|  48|0x0000000705000000, 0x0000000705100000, 0x0000000705100000|100%|HC|  |TAMS 0x0000000705000000, 0x0000000705000000| Complete 
|  49|0x0000000705100000, 0x0000000705200000, 0x0000000705200000|100%|HS|  |TAMS 0x0000000705100000, 0x0000000705100000| Complete 
|  50|0x0000000705200000, 0x0000000705300000, 0x0000000705300000|100%|HC|  |TAMS 0x0000000705200000, 0x0000000705200000| Complete 
|  51|0x0000000705300000, 0x0000000705400000, 0x0000000705400000|100%|HS|  |TAMS 0x0000000705300000, 0x0000000705300000| Complete 
|  52|0x0000000705400000, 0x0000000705500000, 0x0000000705500000|100%|HC|  |TAMS 0x0000000705400000, 0x0000000705400000| Complete 
|  53|0x0000000705500000, 0x0000000705500000, 0x0000000705600000|  0%| F|  |TAMS 0x0000000705500000, 0x0000000705500000| Untracked 
|  54|0x0000000705600000, 0x0000000705600000, 0x0000000705700000|  0%| F|  |TAMS 0x0000000705600000, 0x0000000705600000| Untracked 
|  55|0x0000000705700000, 0x0000000705700000, 0x0000000705800000|  0%| F|  |TAMS 0x0000000705700000, 0x0000000705700000| Untracked 
|  56|0x0000000705800000, 0x0000000705800000, 0x0000000705900000|  0%| F|  |TAMS 0x0000000705800000, 0x0000000705800000| Untracked 
|  57|0x0000000705900000, 0x0000000705900000, 0x0000000705a00000|  0%| F|  |TAMS 0x0000000705900000, 0x0000000705900000| Untracked 
|  58|0x0000000705a00000, 0x0000000705a00000, 0x0000000705b00000|  0%| F|  |TAMS 0x0000000705a00000, 0x0000000705a00000| Untracked 
|  59|0x0000000705b00000, 0x0000000705b00000, 0x0000000705c00000|  0%| F|  |TAMS 0x0000000705b00000, 0x0000000705b00000| Untracked 
|  60|0x0000000705c00000, 0x0000000705c00000, 0x0000000705d00000|  0%| F|  |TAMS 0x0000000705c00000, 0x0000000705c00000| Untracked 
|  61|0x0000000705d00000, 0x0000000705d00000, 0x0000000705e00000|  0%| F|  |TAMS 0x0000000705d00000, 0x0000000705d00000| Untracked 
|  62|0x0000000705e00000, 0x0000000705e00000, 0x0000000705f00000|  0%| F|  |TAMS 0x0000000705e00000, 0x0000000705e00000| Untracked 
|  63|0x0000000705f00000, 0x0000000705f00000, 0x0000000706000000|  0%| F|  |TAMS 0x0000000705f00000, 0x0000000705f00000| Untracked 
|  64|0x0000000706000000, 0x0000000706000000, 0x0000000706100000|  0%| F|  |TAMS 0x0000000706000000, 0x0000000706000000| Untracked 
|  65|0x0000000706100000, 0x0000000706100000, 0x0000000706200000|  0%| F|  |TAMS 0x0000000706100000, 0x0000000706100000| Untracked 
|  66|0x0000000706200000, 0x0000000706200000, 0x0000000706300000|  0%| F|  |TAMS 0x0000000706200000, 0x0000000706200000| Untracked 
|  67|0x0000000706300000, 0x0000000706300000, 0x0000000706400000|  0%| F|  |TAMS 0x0000000706300000, 0x0000000706300000| Untracked 
|  68|0x0000000706400000, 0x0000000706400000, 0x0000000706500000|  0%| F|  |TAMS 0x0000000706400000, 0x0000000706400000| Untracked 
|  69|0x0000000706500000, 0x0000000706500000, 0x0000000706600000|  0%| F|  |TAMS 0x0000000706500000, 0x0000000706500000| Untracked 
|  70|0x0000000706600000, 0x0000000706600000, 0x0000000706700000|  0%| F|  |TAMS 0x0000000706600000, 0x0000000706600000| Untracked 
|  71|0x0000000706700000, 0x0000000706700000, 0x0000000706800000|  0%| F|  |TAMS 0x0000000706700000, 0x0000000706700000| Untracked 
|  72|0x0000000706800000, 0x0000000706800000, 0x0000000706900000|  0%| F|  |TAMS 0x0000000706800000, 0x0000000706800000| Untracked 
|  73|0x0000000706900000, 0x0000000706900000, 0x0000000706a00000|  0%| F|  |TAMS 0x0000000706900000, 0x0000000706900000| Untracked 
|  74|0x0000000706a00000, 0x0000000706a00000, 0x0000000706b00000|  0%| F|  |TAMS 0x0000000706a00000, 0x0000000706a00000| Untracked 
|  75|0x0000000706b00000, 0x0000000706b00000, 0x0000000706c00000|  0%| F|  |TAMS 0x0000000706b00000, 0x0000000706b00000| Untracked 
|  76|0x0000000706c00000, 0x0000000706c00000, 0x0000000706d00000|  0%| F|  |TAMS 0x0000000706c00000, 0x0000000706c00000| Untracked 
|  77|0x0000000706d00000, 0x0000000706d00000, 0x0000000706e00000|  0%| F|  |TAMS 0x0000000706d00000, 0x0000000706d00000| Untracked 
|  78|0x0000000706e00000, 0x0000000706e00000, 0x0000000706f00000|  0%| F|  |TAMS 0x0000000706e00000, 0x0000000706e00000| Untracked 
|  79|0x0000000706f00000, 0x0000000706f00000, 0x0000000707000000|  0%| F|  |TAMS 0x0000000706f00000, 0x0000000706f00000| Untracked 
|  80|0x0000000707000000, 0x0000000707000000, 0x0000000707100000|  0%| F|  |TAMS 0x0000000707000000, 0x0000000707000000| Untracked 
|  81|0x0000000707100000, 0x0000000707100000, 0x0000000707200000|  0%| F|  |TAMS 0x0000000707100000, 0x0000000707100000| Untracked 
|  82|0x0000000707200000, 0x0000000707200000, 0x0000000707300000|  0%| F|  |TAMS 0x0000000707200000, 0x0000000707200000| Untracked 
|  83|0x0000000707300000, 0x0000000707300000, 0x0000000707400000|  0%| F|  |TAMS 0x0000000707300000, 0x0000000707300000| Untracked 
|  84|0x0000000707400000, 0x0000000707400000, 0x0000000707500000|  0%| F|  |TAMS 0x0000000707400000, 0x0000000707400000| Untracked 
|  85|0x0000000707500000, 0x0000000707500000, 0x0000000707600000|  0%| F|  |TAMS 0x0000000707500000, 0x0000000707500000| Untracked 
|  86|0x0000000707600000, 0x0000000707600000, 0x0000000707700000|  0%| F|  |TAMS 0x0000000707600000, 0x0000000707600000| Untracked 
|  87|0x0000000707700000, 0x0000000707700000, 0x0000000707800000|  0%| F|  |TAMS 0x0000000707700000, 0x0000000707700000| Untracked 
|  88|0x0000000707800000, 0x0000000707800000, 0x0000000707900000|  0%| F|  |TAMS 0x0000000707800000, 0x0000000707800000| Untracked 
|  89|0x0000000707900000, 0x0000000707900000, 0x0000000707a00000|  0%| F|  |TAMS 0x0000000707900000, 0x0000000707900000| Untracked 
|  90|0x0000000707a00000, 0x0000000707a00000, 0x0000000707b00000|  0%| F|  |TAMS 0x0000000707a00000, 0x0000000707a00000| Untracked 
|  91|0x0000000707b00000, 0x0000000707b00000, 0x0000000707c00000|  0%| F|  |TAMS 0x0000000707b00000, 0x0000000707b00000| Untracked 
|  92|0x0000000707c00000, 0x0000000707c00000, 0x0000000707d00000|  0%| F|  |TAMS 0x0000000707c00000, 0x0000000707c00000| Untracked 
|  93|0x0000000707d00000, 0x0000000707d00000, 0x0000000707e00000|  0%| F|  |TAMS 0x0000000707d00000, 0x0000000707d00000| Untracked 
|  94|0x0000000707e00000, 0x0000000707e00000, 0x0000000707f00000|  0%| F|  |TAMS 0x0000000707e00000, 0x0000000707e00000| Untracked 
|  95|0x0000000707f00000, 0x0000000707f00000, 0x0000000708000000|  0%| F|  |TAMS 0x0000000707f00000, 0x0000000707f00000| Untracked 
|  96|0x0000000708000000, 0x0000000708000000, 0x0000000708100000|  0%| F|  |TAMS 0x0000000708000000, 0x0000000708000000| Untracked 
|  97|0x0000000708100000, 0x0000000708100000, 0x0000000708200000|  0%| F|  |TAMS 0x0000000708100000, 0x0000000708100000| Untracked 
|  98|0x0000000708200000, 0x0000000708200000, 0x0000000708300000|  0%| F|  |TAMS 0x0000000708200000, 0x0000000708200000| Untracked 
|  99|0x0000000708300000, 0x0000000708300000, 0x0000000708400000|  0%| F|  |TAMS 0x0000000708300000, 0x0000000708300000| Untracked 
| 100|0x0000000708400000, 0x0000000708400000, 0x0000000708500000|  0%| F|  |TAMS 0x0000000708400000, 0x0000000708400000| Untracked 
| 101|0x0000000708500000, 0x0000000708500000, 0x0000000708600000|  0%| F|  |TAMS 0x0000000708500000, 0x0000000708500000| Untracked 
| 102|0x0000000708600000, 0x0000000708600000, 0x0000000708700000|  0%| F|  |TAMS 0x0000000708600000, 0x0000000708600000| Untracked 
| 103|0x0000000708700000, 0x0000000708700000, 0x0000000708800000|  0%| F|  |TAMS 0x0000000708700000, 0x0000000708700000| Untracked 
| 104|0x0000000708800000, 0x0000000708800000, 0x0000000708900000|  0%| F|  |TAMS 0x0000000708800000, 0x0000000708800000| Untracked 
| 105|0x0000000708900000, 0x0000000708900000, 0x0000000708a00000|  0%| F|  |TAMS 0x0000000708900000, 0x0000000708900000| Untracked 
| 106|0x0000000708a00000, 0x0000000708a00000, 0x0000000708b00000|  0%| F|  |TAMS 0x0000000708a00000, 0x0000000708a00000| Untracked 
| 107|0x0000000708b00000, 0x0000000708b00000, 0x0000000708c00000|  0%| F|  |TAMS 0x0000000708b00000, 0x0000000708b00000| Untracked 
| 108|0x0000000708c00000, 0x0000000708c00000, 0x0000000708d00000|  0%| F|  |TAMS 0x0000000708c00000, 0x0000000708c00000| Untracked 
| 109|0x0000000708d00000, 0x0000000708d00000, 0x0000000708e00000|  0%| F|  |TAMS 0x0000000708d00000, 0x0000000708d00000| Untracked 
| 110|0x0000000708e00000, 0x0000000708e00000, 0x0000000708f00000|  0%| F|  |TAMS 0x0000000708e00000, 0x0000000708e00000| Untracked 
| 111|0x0000000708f00000, 0x0000000708f00000, 0x0000000709000000|  0%| F|  |TAMS 0x0000000708f00000, 0x0000000708f00000| Untracked 
| 112|0x0000000709000000, 0x0000000709000000, 0x0000000709100000|  0%| F|  |TAMS 0x0000000709000000, 0x0000000709000000| Untracked 
| 113|0x0000000709100000, 0x0000000709100000, 0x0000000709200000|  0%| F|  |TAMS 0x0000000709100000, 0x0000000709100000| Untracked 
| 114|0x0000000709200000, 0x0000000709200000, 0x0000000709300000|  0%| F|  |TAMS 0x0000000709200000, 0x0000000709200000| Untracked 
| 115|0x0000000709300000, 0x0000000709300000, 0x0000000709400000|  0%| F|  |TAMS 0x0000000709300000, 0x0000000709300000| Untracked 
| 116|0x0000000709400000, 0x0000000709400000, 0x0000000709500000|  0%| F|  |TAMS 0x0000000709400000, 0x0000000709400000| Untracked 
| 117|0x0000000709500000, 0x0000000709500000, 0x0000000709600000|  0%| F|  |TAMS 0x0000000709500000, 0x0000000709500000| Untracked 
| 118|0x0000000709600000, 0x0000000709600000, 0x0000000709700000|  0%| F|  |TAMS 0x0000000709600000, 0x0000000709600000| Untracked 
| 119|0x0000000709700000, 0x0000000709700000, 0x0000000709800000|  0%| F|  |TAMS 0x0000000709700000, 0x0000000709700000| Untracked 
| 120|0x0000000709800000, 0x0000000709800000, 0x0000000709900000|  0%| F|  |TAMS 0x0000000709800000, 0x0000000709800000| Untracked 
| 121|0x0000000709900000, 0x0000000709900000, 0x0000000709a00000|  0%| F|  |TAMS 0x0000000709900000, 0x0000000709900000| Untracked 
| 122|0x0000000709a00000, 0x0000000709a00000, 0x0000000709b00000|  0%| F|  |TAMS 0x0000000709a00000, 0x0000000709a00000| Untracked 
| 123|0x0000000709b00000, 0x0000000709b00000, 0x0000000709c00000|  0%| F|  |TAMS 0x0000000709b00000, 0x0000000709b00000| Untracked 
| 124|0x0000000709c00000, 0x0000000709c00000, 0x0000000709d00000|  0%| F|  |TAMS 0x0000000709c00000, 0x0000000709c00000| Untracked 
| 125|0x0000000709d00000, 0x0000000709d00000, 0x0000000709e00000|  0%| F|  |TAMS 0x0000000709d00000, 0x0000000709d00000| Untracked 
| 126|0x0000000709e00000, 0x0000000709e00000, 0x0000000709f00000|  0%| F|  |TAMS 0x0000000709e00000, 0x0000000709e00000| Untracked 
| 127|0x0000000709f00000, 0x0000000709f00000, 0x000000070a000000|  0%| F|  |TAMS 0x0000000709f00000, 0x0000000709f00000| Untracked 
| 128|0x000000070a000000, 0x000000070a000000, 0x000000070a100000|  0%| F|  |TAMS 0x000000070a000000, 0x000000070a000000| Untracked 
| 129|0x000000070a100000, 0x000000070a100000, 0x000000070a200000|  0%| F|  |TAMS 0x000000070a100000, 0x000000070a100000| Untracked 
| 130|0x000000070a200000, 0x000000070a200000, 0x000000070a300000|  0%| F|  |TAMS 0x000000070a200000, 0x000000070a200000| Untracked 
| 131|0x000000070a300000, 0x000000070a300000, 0x000000070a400000|  0%| F|  |TAMS 0x000000070a300000, 0x000000070a300000| Untracked 
| 132|0x000000070a400000, 0x000000070a400000, 0x000000070a500000|  0%| F|  |TAMS 0x000000070a400000, 0x000000070a400000| Untracked 
| 133|0x000000070a500000, 0x000000070a500000, 0x000000070a600000|  0%| F|  |TAMS 0x000000070a500000, 0x000000070a500000| Untracked 
| 134|0x000000070a600000, 0x000000070a600000, 0x000000070a700000|  0%| F|  |TAMS 0x000000070a600000, 0x000000070a600000| Untracked 
| 135|0x000000070a700000, 0x000000070a700000, 0x000000070a800000|  0%| F|  |TAMS 0x000000070a700000, 0x000000070a700000| Untracked 
| 136|0x000000070a800000, 0x000000070a800000, 0x000000070a900000|  0%| F|  |TAMS 0x000000070a800000, 0x000000070a800000| Untracked 
| 137|0x000000070a900000, 0x000000070a900000, 0x000000070aa00000|  0%| F|  |TAMS 0x000000070a900000, 0x000000070a900000| Untracked 
| 138|0x000000070aa00000, 0x000000070aa00000, 0x000000070ab00000|  0%| F|  |TAMS 0x000000070aa00000, 0x000000070aa00000| Untracked 
| 139|0x000000070ab00000, 0x000000070ab00000, 0x000000070ac00000|  0%| F|  |TAMS 0x000000070ab00000, 0x000000070ab00000| Untracked 
| 140|0x000000070ac00000, 0x000000070ac00000, 0x000000070ad00000|  0%| F|  |TAMS 0x000000070ac00000, 0x000000070ac00000| Untracked 
| 141|0x000000070ad00000, 0x000000070ad00000, 0x000000070ae00000|  0%| F|  |TAMS 0x000000070ad00000, 0x000000070ad00000| Untracked 
| 142|0x000000070ae00000, 0x000000070ae00000, 0x000000070af00000|  0%| F|  |TAMS 0x000000070ae00000, 0x000000070ae00000| Untracked 
| 143|0x000000070af00000, 0x000000070af00000, 0x000000070b000000|  0%| F|  |TAMS 0x000000070af00000, 0x000000070af00000| Untracked 
| 144|0x000000070b000000, 0x000000070b000000, 0x000000070b100000|  0%| F|  |TAMS 0x000000070b000000, 0x000000070b000000| Untracked 
| 145|0x000000070b100000, 0x000000070b100000, 0x000000070b200000|  0%| F|  |TAMS 0x000000070b100000, 0x000000070b100000| Untracked 
| 146|0x000000070b200000, 0x000000070b200000, 0x000000070b300000|  0%| F|  |TAMS 0x000000070b200000, 0x000000070b200000| Untracked 
| 147|0x000000070b300000, 0x000000070b300000, 0x000000070b400000|  0%| F|  |TAMS 0x000000070b300000, 0x000000070b300000| Untracked 
| 148|0x000000070b400000, 0x000000070b400000, 0x000000070b500000|  0%| F|  |TAMS 0x000000070b400000, 0x000000070b400000| Untracked 
| 149|0x000000070b500000, 0x000000070b500000, 0x000000070b600000|  0%| F|  |TAMS 0x000000070b500000, 0x000000070b500000| Untracked 
| 150|0x000000070b600000, 0x000000070b600000, 0x000000070b700000|  0%| F|  |TAMS 0x000000070b600000, 0x000000070b600000| Untracked 
| 151|0x000000070b700000, 0x000000070b700000, 0x000000070b800000|  0%| F|  |TAMS 0x000000070b700000, 0x000000070b700000| Untracked 
| 152|0x000000070b800000, 0x000000070b800000, 0x000000070b900000|  0%| F|  |TAMS 0x000000070b800000, 0x000000070b800000| Untracked 
| 153|0x000000070b900000, 0x000000070b900000, 0x000000070ba00000|  0%| F|  |TAMS 0x000000070b900000, 0x000000070b900000| Untracked 
| 154|0x000000070ba00000, 0x000000070ba00000, 0x000000070bb00000|  0%| F|  |TAMS 0x000000070ba00000, 0x000000070ba00000| Untracked 
| 155|0x000000070bb00000, 0x000000070bb00000, 0x000000070bc00000|  0%| F|  |TAMS 0x000000070bb00000, 0x000000070bb00000| Untracked 
| 156|0x000000070bc00000, 0x000000070bc00000, 0x000000070bd00000|  0%| F|  |TAMS 0x000000070bc00000, 0x000000070bc00000| Untracked 
| 157|0x000000070bd00000, 0x000000070bd00000, 0x000000070be00000|  0%| F|  |TAMS 0x000000070bd00000, 0x000000070bd00000| Untracked 
| 158|0x000000070be00000, 0x000000070be00000, 0x000000070bf00000|  0%| F|  |TAMS 0x000000070be00000, 0x000000070be00000| Untracked 
| 159|0x000000070bf00000, 0x000000070bf00000, 0x000000070c000000|  0%| F|  |TAMS 0x000000070bf00000, 0x000000070bf00000| Untracked 
| 160|0x000000070c000000, 0x000000070c000000, 0x000000070c100000|  0%| F|  |TAMS 0x000000070c000000, 0x000000070c000000| Untracked 
| 161|0x000000070c100000, 0x000000070c100000, 0x000000070c200000|  0%| F|  |TAMS 0x000000070c100000, 0x000000070c100000| Untracked 
| 162|0x000000070c200000, 0x000000070c200000, 0x000000070c300000|  0%| F|  |TAMS 0x000000070c200000, 0x000000070c200000| Untracked 
| 163|0x000000070c300000, 0x000000070c300000, 0x000000070c400000|  0%| F|  |TAMS 0x000000070c300000, 0x000000070c300000| Untracked 
| 164|0x000000070c400000, 0x000000070c400000, 0x000000070c500000|  0%| F|  |TAMS 0x000000070c400000, 0x000000070c400000| Untracked 
| 165|0x000000070c500000, 0x000000070c500000, 0x000000070c600000|  0%| F|  |TAMS 0x000000070c500000, 0x000000070c500000| Untracked 
| 166|0x000000070c600000, 0x000000070c600000, 0x000000070c700000|  0%| F|  |TAMS 0x000000070c600000, 0x000000070c600000| Untracked 
| 167|0x000000070c700000, 0x000000070c700000, 0x000000070c800000|  0%| F|  |TAMS 0x000000070c700000, 0x000000070c700000| Untracked 
| 168|0x000000070c800000, 0x000000070c800000, 0x000000070c900000|  0%| F|  |TAMS 0x000000070c800000, 0x000000070c800000| Untracked 
| 169|0x000000070c900000, 0x000000070c900000, 0x000000070ca00000|  0%| F|  |TAMS 0x000000070c900000, 0x000000070c900000| Untracked 
| 170|0x000000070ca00000, 0x000000070ca00000, 0x000000070cb00000|  0%| F|  |TAMS 0x000000070ca00000, 0x000000070ca00000| Untracked 
| 171|0x000000070cb00000, 0x000000070cb00000, 0x000000070cc00000|  0%| F|  |TAMS 0x000000070cb00000, 0x000000070cb00000| Untracked 
| 172|0x000000070cc00000, 0x000000070cc00000, 0x000000070cd00000|  0%| F|  |TAMS 0x000000070cc00000, 0x000000070cc00000| Untracked 
| 173|0x000000070cd00000, 0x000000070cd00000, 0x000000070ce00000|  0%| F|  |TAMS 0x000000070cd00000, 0x000000070cd00000| Untracked 
| 174|0x000000070ce00000, 0x000000070ce00000, 0x000000070cf00000|  0%| F|  |TAMS 0x000000070ce00000, 0x000000070ce00000| Untracked 
| 175|0x000000070cf00000, 0x000000070cf00000, 0x000000070d000000|  0%| F|  |TAMS 0x000000070cf00000, 0x000000070cf00000| Untracked 
| 176|0x000000070d000000, 0x000000070d000000, 0x000000070d100000|  0%| F|  |TAMS 0x000000070d000000, 0x000000070d000000| Untracked 
| 177|0x000000070d100000, 0x000000070d100000, 0x000000070d200000|  0%| F|  |TAMS 0x000000070d100000, 0x000000070d100000| Untracked 
| 178|0x000000070d200000, 0x000000070d200000, 0x000000070d300000|  0%| F|  |TAMS 0x000000070d200000, 0x000000070d200000| Untracked 
| 179|0x000000070d300000, 0x000000070d300000, 0x000000070d400000|  0%| F|  |TAMS 0x000000070d300000, 0x000000070d300000| Untracked 
| 180|0x000000070d400000, 0x000000070d400000, 0x000000070d500000|  0%| F|  |TAMS 0x000000070d400000, 0x000000070d400000| Untracked 
| 181|0x000000070d500000, 0x000000070d500000, 0x000000070d600000|  0%| F|  |TAMS 0x000000070d500000, 0x000000070d500000| Untracked 
| 182|0x000000070d600000, 0x000000070d600000, 0x000000070d700000|  0%| F|  |TAMS 0x000000070d600000, 0x000000070d600000| Untracked 
| 183|0x000000070d700000, 0x000000070d700000, 0x000000070d800000|  0%| F|  |TAMS 0x000000070d700000, 0x000000070d700000| Untracked 
| 184|0x000000070d800000, 0x000000070d800000, 0x000000070d900000|  0%| F|  |TAMS 0x000000070d800000, 0x000000070d800000| Untracked 
| 185|0x000000070d900000, 0x000000070d900000, 0x000000070da00000|  0%| F|  |TAMS 0x000000070d900000, 0x000000070d900000| Untracked 
| 186|0x000000070da00000, 0x000000070da00000, 0x000000070db00000|  0%| F|  |TAMS 0x000000070da00000, 0x000000070da00000| Untracked 
| 187|0x000000070db00000, 0x000000070db00000, 0x000000070dc00000|  0%| F|  |TAMS 0x000000070db00000, 0x000000070db00000| Untracked 
| 188|0x000000070dc00000, 0x000000070dc00000, 0x000000070dd00000|  0%| F|  |TAMS 0x000000070dc00000, 0x000000070dc00000| Untracked 
| 189|0x000000070dd00000, 0x000000070dd00000, 0x000000070de00000|  0%| F|  |TAMS 0x000000070dd00000, 0x000000070dd00000| Untracked 
| 190|0x000000070de00000, 0x000000070de00000, 0x000000070df00000|  0%| F|  |TAMS 0x000000070de00000, 0x000000070de00000| Untracked 
| 191|0x000000070df00000, 0x000000070df00000, 0x000000070e000000|  0%| F|  |TAMS 0x000000070df00000, 0x000000070df00000| Untracked 
| 192|0x000000070e000000, 0x000000070e000000, 0x000000070e100000|  0%| F|  |TAMS 0x000000070e000000, 0x000000070e000000| Untracked 
| 193|0x000000070e100000, 0x000000070e100000, 0x000000070e200000|  0%| F|  |TAMS 0x000000070e100000, 0x000000070e100000| Untracked 
| 194|0x000000070e200000, 0x000000070e200000, 0x000000070e300000|  0%| F|  |TAMS 0x000000070e200000, 0x000000070e200000| Untracked 
| 195|0x000000070e300000, 0x000000070e300000, 0x000000070e400000|  0%| F|  |TAMS 0x000000070e300000, 0x000000070e300000| Untracked 
| 196|0x000000070e400000, 0x000000070e400000, 0x000000070e500000|  0%| F|  |TAMS 0x000000070e400000, 0x000000070e400000| Untracked 
| 197|0x000000070e500000, 0x000000070e500000, 0x000000070e600000|  0%| F|  |TAMS 0x000000070e500000, 0x000000070e500000| Untracked 
| 198|0x000000070e600000, 0x000000070e600000, 0x000000070e700000|  0%| F|  |TAMS 0x000000070e600000, 0x000000070e600000| Untracked 
| 199|0x000000070e700000, 0x000000070e700000, 0x000000070e800000|  0%| F|  |TAMS 0x000000070e700000, 0x000000070e700000| Untracked 
| 200|0x000000070e800000, 0x000000070e800000, 0x000000070e900000|  0%| F|  |TAMS 0x000000070e800000, 0x000000070e800000| Untracked 
| 201|0x000000070e900000, 0x000000070e900000, 0x000000070ea00000|  0%| F|  |TAMS 0x000000070e900000, 0x000000070e900000| Untracked 
| 202|0x000000070ea00000, 0x000000070ea00000, 0x000000070eb00000|  0%| F|  |TAMS 0x000000070ea00000, 0x000000070ea00000| Untracked 
| 203|0x000000070eb00000, 0x000000070eb00000, 0x000000070ec00000|  0%| F|  |TAMS 0x000000070eb00000, 0x000000070eb00000| Untracked 
| 204|0x000000070ec00000, 0x000000070ec00000, 0x000000070ed00000|  0%| F|  |TAMS 0x000000070ec00000, 0x000000070ec00000| Untracked 
| 205|0x000000070ed00000, 0x000000070ed00000, 0x000000070ee00000|  0%| F|  |TAMS 0x000000070ed00000, 0x000000070ed00000| Untracked 
| 206|0x000000070ee00000, 0x000000070ee00000, 0x000000070ef00000|  0%| F|  |TAMS 0x000000070ee00000, 0x000000070ee00000| Untracked 
| 207|0x000000070ef00000, 0x000000070ef00000, 0x000000070f000000|  0%| F|  |TAMS 0x000000070ef00000, 0x000000070ef00000| Untracked 
| 208|0x000000070f000000, 0x000000070f000000, 0x000000070f100000|  0%| F|  |TAMS 0x000000070f000000, 0x000000070f000000| Untracked 
| 209|0x000000070f100000, 0x000000070f100000, 0x000000070f200000|  0%| F|  |TAMS 0x000000070f100000, 0x000000070f100000| Untracked 
| 210|0x000000070f200000, 0x000000070f200000, 0x000000070f300000|  0%| F|  |TAMS 0x000000070f200000, 0x000000070f200000| Untracked 
| 211|0x000000070f300000, 0x000000070f300000, 0x000000070f400000|  0%| F|  |TAMS 0x000000070f300000, 0x000000070f300000| Untracked 
| 212|0x000000070f400000, 0x000000070f400000, 0x000000070f500000|  0%| F|  |TAMS 0x000000070f400000, 0x000000070f400000| Untracked 
| 213|0x000000070f500000, 0x000000070f500000, 0x000000070f600000|  0%| F|  |TAMS 0x000000070f500000, 0x000000070f500000| Untracked 
| 214|0x000000070f600000, 0x000000070f600000, 0x000000070f700000|  0%| F|  |TAMS 0x000000070f600000, 0x000000070f600000| Untracked 
| 215|0x000000070f700000, 0x000000070f700000, 0x000000070f800000|  0%| F|  |TAMS 0x000000070f700000, 0x000000070f700000| Untracked 
| 216|0x000000070f800000, 0x000000070f800000, 0x000000070f900000|  0%| F|  |TAMS 0x000000070f800000, 0x000000070f800000| Untracked 
| 217|0x000000070f900000, 0x000000070f900000, 0x000000070fa00000|  0%| F|  |TAMS 0x000000070f900000, 0x000000070f900000| Untracked 
| 218|0x000000070fa00000, 0x000000070fa00000, 0x000000070fb00000|  0%| F|  |TAMS 0x000000070fa00000, 0x000000070fa00000| Untracked 
| 219|0x000000070fb00000, 0x000000070fb00000, 0x000000070fc00000|  0%| F|  |TAMS 0x000000070fb00000, 0x000000070fb00000| Untracked 
| 220|0x000000070fc00000, 0x000000070fc00000, 0x000000070fd00000|  0%| F|  |TAMS 0x000000070fc00000, 0x000000070fc00000| Untracked 
| 221|0x000000070fd00000, 0x000000070fd00000, 0x000000070fe00000|  0%| F|  |TAMS 0x000000070fd00000, 0x000000070fd00000| Untracked 
| 222|0x000000070fe00000, 0x000000070fe00000, 0x000000070ff00000|  0%| F|  |TAMS 0x000000070fe00000, 0x000000070fe00000| Untracked 
| 223|0x000000070ff00000, 0x000000070ff00000, 0x0000000710000000|  0%| F|  |TAMS 0x000000070ff00000, 0x000000070ff00000| Untracked 
| 224|0x0000000710000000, 0x0000000710000000, 0x0000000710100000|  0%| F|  |TAMS 0x0000000710000000, 0x0000000710000000| Untracked 
| 225|0x0000000710100000, 0x0000000710100000, 0x0000000710200000|  0%| F|  |TAMS 0x0000000710100000, 0x0000000710100000| Untracked 
| 226|0x0000000710200000, 0x0000000710200000, 0x0000000710300000|  0%| F|  |TAMS 0x0000000710200000, 0x0000000710200000| Untracked 
| 227|0x0000000710300000, 0x0000000710300000, 0x0000000710400000|  0%| F|  |TAMS 0x0000000710300000, 0x0000000710300000| Untracked 
| 228|0x0000000710400000, 0x0000000710400000, 0x0000000710500000|  0%| F|  |TAMS 0x0000000710400000, 0x0000000710400000| Untracked 
| 229|0x0000000710500000, 0x0000000710500000, 0x0000000710600000|  0%| F|  |TAMS 0x0000000710500000, 0x0000000710500000| Untracked 
| 230|0x0000000710600000, 0x0000000710600000, 0x0000000710700000|  0%| F|  |TAMS 0x0000000710600000, 0x0000000710600000| Untracked 
| 231|0x0000000710700000, 0x0000000710700000, 0x0000000710800000|  0%| F|  |TAMS 0x0000000710700000, 0x0000000710700000| Untracked 
| 232|0x0000000710800000, 0x0000000710800000, 0x0000000710900000|  0%| F|  |TAMS 0x0000000710800000, 0x0000000710800000| Untracked 
| 233|0x0000000710900000, 0x0000000710900000, 0x0000000710a00000|  0%| F|  |TAMS 0x0000000710900000, 0x0000000710900000| Untracked 
| 234|0x0000000710a00000, 0x0000000710a00000, 0x0000000710b00000|  0%| F|  |TAMS 0x0000000710a00000, 0x0000000710a00000| Untracked 
| 235|0x0000000710b00000, 0x0000000710b00000, 0x0000000710c00000|  0%| F|  |TAMS 0x0000000710b00000, 0x0000000710b00000| Untracked 
| 236|0x0000000710c00000, 0x0000000710c00000, 0x0000000710d00000|  0%| F|  |TAMS 0x0000000710c00000, 0x0000000710c00000| Untracked 
| 237|0x0000000710d00000, 0x0000000710d00000, 0x0000000710e00000|  0%| F|  |TAMS 0x0000000710d00000, 0x0000000710d00000| Untracked 
| 238|0x0000000710e00000, 0x0000000710e00000, 0x0000000710f00000|  0%| F|  |TAMS 0x0000000710e00000, 0x0000000710e00000| Untracked 
| 239|0x0000000710f00000, 0x0000000710f00000, 0x0000000711000000|  0%| F|  |TAMS 0x0000000710f00000, 0x0000000710f00000| Untracked 
| 240|0x0000000711000000, 0x0000000711000000, 0x0000000711100000|  0%| F|  |TAMS 0x0000000711000000, 0x0000000711000000| Untracked 
| 241|0x0000000711100000, 0x0000000711100000, 0x0000000711200000|  0%| F|  |TAMS 0x0000000711100000, 0x0000000711100000| Untracked 
| 242|0x0000000711200000, 0x00000007112271a0, 0x0000000711300000| 15%| S|CS|TAMS 0x0000000711200000, 0x0000000711200000| Complete 
| 243|0x0000000711300000, 0x0000000711400000, 0x0000000711400000|100%| S|CS|TAMS 0x0000000711300000, 0x0000000711300000| Complete 
| 244|0x0000000711400000, 0x0000000711400000, 0x0000000711500000|  0%| F|  |TAMS 0x0000000711400000, 0x0000000711400000| Untracked 
| 245|0x0000000711500000, 0x0000000711500000, 0x0000000711600000|  0%| F|  |TAMS 0x0000000711500000, 0x0000000711500000| Untracked 
| 246|0x0000000711600000, 0x0000000711600000, 0x0000000711700000|  0%| F|  |TAMS 0x0000000711600000, 0x0000000711600000| Untracked 
| 247|0x0000000711700000, 0x0000000711700000, 0x0000000711800000|  0%| F|  |TAMS 0x0000000711700000, 0x0000000711700000| Untracked 
| 248|0x0000000711800000, 0x000000071183c288, 0x0000000711900000| 23%| E|  |TAMS 0x0000000711800000, 0x0000000711800000| Complete 
| 249|0x0000000711900000, 0x0000000711a00000, 0x0000000711a00000|100%| E|CS|TAMS 0x0000000711900000, 0x0000000711900000| Complete 
| 250|0x0000000711a00000, 0x0000000711b00000, 0x0000000711b00000|100%| E|CS|TAMS 0x0000000711a00000, 0x0000000711a00000| Complete 
| 251|0x0000000711b00000, 0x0000000711c00000, 0x0000000711c00000|100%| E|CS|TAMS 0x0000000711b00000, 0x0000000711b00000| Complete 
| 252|0x0000000711c00000, 0x0000000711d00000, 0x0000000711d00000|100%| E|CS|TAMS 0x0000000711c00000, 0x0000000711c00000| Complete 
| 253|0x0000000711d00000, 0x0000000711e00000, 0x0000000711e00000|100%| E|CS|TAMS 0x0000000711d00000, 0x0000000711d00000| Complete 

Card table byte_map: [0x000002a7faca0000,0x000002a7fb490000] _byte_map_base: 0x000002a7f7490000

Marking Bits (Prev, Next): (CMBitMap*) 0x000002a7f1ad9dc8, (CMBitMap*) 0x000002a7f1ad9e00
 Prev Bits: [0x000002a7fbc80000, 0x000002a7ffc00000)
 Next Bits: [0x000002a78f000000, 0x000002a792f80000)

Polling page: 0x000002a7f0100000

Metaspace:

Usage:
  Non-class:     17.68 MB capacity,    17.42 MB ( 99%) used,   214.13 KB (  1%) free+waste,    54.63 KB ( <1%) overhead. 
      Class:      2.48 MB capacity,     2.30 MB ( 93%) used,   158.38 KB (  6%) free+waste,    27.75 KB (  1%) overhead. 
       Both:     20.17 MB capacity,    19.72 MB ( 98%) used,   372.50 KB (  2%) free+waste,    82.38 KB ( <1%) overhead. 

Virtual space:
  Non-class space:       18.00 MB reserved,      17.75 MB ( 99%) committed 
      Class space:        1.00 GB reserved,       2.50 MB ( <1%) committed 
             Both:        1.02 GB reserved,      20.25 MB (  2%) committed 

Chunk freelists:
   Non-Class:  384 bytes
       Class:  0 bytes
        Both:  384 bytes

CodeHeap 'non-profiled nmethods': size=120064Kb used=572Kb max_used=572Kb free=119491Kb
 bounds [0x000002a787ac0000, 0x000002a787d30000, 0x000002a78f000000]
CodeHeap 'profiled nmethods': size=120000Kb used=3509Kb max_used=3509Kb free=116490Kb
 bounds [0x000002a780590000, 0x000002a780900000, 0x000002a787ac0000]
CodeHeap 'non-nmethods': size=5696Kb used=1257Kb max_used=1269Kb free=4439Kb
 bounds [0x000002a780000000, 0x000002a780270000, 0x000002a780590000]
 total_blobs=2704 nmethods=1729 adapters=552
 compilation: enabled
              stopped_count=0, restarted_count=0
 full_count=0

Compilation events (10 events):
Event: 8.081 Thread 0x000002a795b6c000 1717       3       javax.swing.JComponent::getX (5 bytes)
Event: 8.081 Thread 0x000002a795b6c000 nmethod 1717 0x000002a7808f7410 code [0x000002a7808f75c0, 0x000002a7808f7738]
Event: 8.081 Thread 0x000002a795b6c000 1718       3       javax.swing.JComponent::getY (5 bytes)
Event: 8.081 Thread 0x000002a795b6c000 nmethod 1718 0x000002a7808f7810 code [0x000002a7808f79c0, 0x000002a7808f7b38]
Event: 9.067 Thread 0x000002a795b6c000 1719       3       java.lang.invoke.VarHandleGuards::guard_LL_V (103 bytes)
Event: 9.076 Thread 0x000002a795b6c000 nmethod 1719 0x000002a7808f7c10 code [0x000002a7808f7f80, 0x000002a7808f9c50]
Event: 9.076 Thread 0x000002a795b6c000 1720       3       java.lang.invoke.VarHandleObjects$FieldInstanceReadWrite::set (30 bytes)
Event: 9.082 Thread 0x000002a795b6c000 nmethod 1720 0x000002a7808fa510 code [0x000002a7808fa740, 0x000002a7808faef0]
Event: 9.082 Thread 0x000002a795b6c000 1721       1       java.awt.Component::isCoalescingEnabled (5 bytes)
Event: 9.083 Thread 0x000002a795b6c000 nmethod 1721 0x000002a787b4eb10 code [0x000002a787b4eca0, 0x000002a787b4edb8]

GC Heap History (4 events):
Event: 1.332 GC heap before
{Heap before GC invocations=0 (full 0):
 garbage-first heap   total 260096K, used 16384K [0x0000000702000000, 0x0000000800000000)
  region size 1024K, 14 young (14336K), 0 survivors (0K)
 Metaspace       used 16890K, capacity 17341K, committed 17536K, reserved 1064960K
  class space    used 1843K, capacity 2061K, committed 2176K, reserved 1048576K
}
Event: 1.341 GC heap after
{Heap after GC invocations=1 (full 0):
 garbage-first heap   total 260096K, used 6193K [0x0000000702000000, 0x0000000800000000)
  region size 1024K, 2 young (2048K), 2 survivors (2048K)
 Metaspace       used 16890K, capacity 17341K, committed 17536K, reserved 1064960K
  class space    used 1843K, capacity 2061K, committed 2176K, reserved 1048576K
}
Event: 2.054 GC heap before
{Heap before GC invocations=1 (full 0):
 garbage-first heap   total 260096K, used 20529K [0x0000000702000000, 0x0000000800000000)
  region size 1024K, 12 young (12288K), 2 survivors (2048K)
 Metaspace       used 19544K, capacity 20028K, committed 20224K, reserved 1067008K
  class space    used 2311K, capacity 2524K, committed 2560K, reserved 1048576K
}
Event: 2.060 GC heap after
{Heap after GC invocations=2 (full 0):
 garbage-first heap   total 260096K, used 11460K [0x0000000702000000, 0x0000000800000000)
  region size 1024K, 2 young (2048K), 2 survivors (2048K)
 Metaspace       used 19544K, capacity 20028K, committed 20224K, reserved 1067008K
  class space    used 2311K, capacity 2524K, committed 2560K, reserved 1048576K
}

Deoptimization events (10 events):
Event: 0.730 Thread 0x000002a7f1a78000 Uncommon trap: reason=class_check action=maybe_recompile pc=0x000002a787b07b18 method=java.util.HashMap.putVal(ILjava/lang/Object;Ljava/lang/Object;ZZ)Ljava/lang/Object; @ 253 c2
Event: 1.162 Thread 0x000002a796116800 Uncommon trap: reason=class_check action=maybe_recompile pc=0x000002a787b0e6b0 method=java.util.HashMap.putVal(ILjava/lang/Object;Ljava/lang/Object;ZZ)Ljava/lang/Object; @ 91 c2
Event: 1.162 Thread 0x000002a796116800 Uncommon trap: reason=class_check action=maybe_recompile pc=0x000002a787b0e6b0 method=java.util.HashMap.putVal(ILjava/lang/Object;Ljava/lang/Object;ZZ)Ljava/lang/Object; @ 91 c2
Event: 1.351 Thread 0x000002a796381000 Uncommon trap: reason=unstable_if action=reinterpret pc=0x000002a787b192b0 method=java.lang.ref.ReferenceQueue.poll()Ljava/lang/ref/Reference; @ 4 c2
Event: 1.922 Thread 0x000002a798c3f800 Uncommon trap: reason=bimorphic_or_optimized_type_check action=maybe_recompile pc=0x000002a787b25dd4 method=java.util.HashMap.getNode(ILjava/lang/Object;)Ljava/util/HashMap$Node; @ 126 c2
Event: 1.930 Thread 0x000002a798c3f800 Uncommon trap: reason=bimorphic_or_optimized_type_check action=maybe_recompile pc=0x000002a787b25dd4 method=java.util.HashMap.getNode(ILjava/lang/Object;)Ljava/util/HashMap$Node; @ 126 c2
Event: 1.930 Thread 0x000002a798c3f800 Uncommon trap: reason=unstable_if action=reinterpret pc=0x000002a787b25d48 method=java.util.HashMap.getNode(ILjava/lang/Object;)Ljava/util/HashMap$Node; @ 62 c2
Event: 1.935 Thread 0x000002a798c3f800 Uncommon trap: reason=unstable_if action=reinterpret pc=0x000002a787afe3ec method=java.util.concurrent.ConcurrentHashMap.get(Ljava/lang/Object;)Ljava/lang/Object; @ 76 c2
Event: 2.641 Thread 0x000002a798c3f800 Uncommon trap: reason=unstable_if action=reinterpret pc=0x000002a787b1e348 method=java.lang.ref.ReferenceQueue.poll()Ljava/lang/ref/Reference; @ 4 c2
Event: 4.554 Thread 0x000002a798c44800 Uncommon trap: reason=unstable_if action=reinterpret pc=0x000002a787b45ca0 method=java.awt.image.ComponentSampleModel.getPixels(IIII[ILjava/awt/image/DataBuffer;)[I @ 91 c2

Classes redefined (0 events):
No events

Internal exceptions (10 events):
Event: 0.723 Thread 0x000002a7f1a78000 Exception <a 'sun/nio/fs/WindowsException'{0x00000007114e2de0}> (0x00000007114e2de0) thrown at [./open/src/hotspot/share/prims/jni.cpp, line 611]
Event: 0.732 Thread 0x000002a7f1a78000 Exception <a 'java/lang/NoSuchMethodError'{0x0000000711308d00}: java.lang.invoke.DirectMethodHandle$Holder.invokeStatic(Ljava/lang/Object;IIII)Ljava/lang/Object;> (0x0000000711308d00) thrown at [./open/src/hotspot/share/interpreter/linkResolver.cpp, line 
Event: 0.732 Thread 0x000002a7f1a78000 Exception <a 'java/lang/NoSuchMethodError'{0x000000071130be18}: java.lang.invoke.DirectMethodHandle$Holder.invokeStaticInit(Ljava/lang/Object;IIII)Ljava/lang/Object;> (0x000000071130be18) thrown at [./open/src/hotspot/share/interpreter/linkResolver.cpp, l
Event: 1.098 Thread 0x000002a7f1a78000 Exception <a 'java/lang/NoSuchMethodError'{0x000000071139bee8}: java.lang.invoke.DirectMethodHandle$Holder.invokeStatic(Ljava/lang/Object;Ljava/lang/Object;IIII)Ljava/lang/Object;> (0x000000071139bee8) thrown at [./open/src/hotspot/share/interpreter/linkR
Event: 1.098 Thread 0x000002a7f1a78000 Exception <a 'java/lang/NoSuchMethodError'{0x000000071139f230}: java.lang.invoke.DirectMethodHandle$Holder.invokeStaticInit(Ljava/lang/Object;Ljava/lang/Object;IIII)Ljava/lang/Object;> (0x000000071139f230) thrown at [./open/src/hotspot/share/interpreter/l
Event: 1.156 Thread 0x000002a7f1a78000 Exception <a 'java/lang/NoSuchMethodError'{0x000000071127fc60}: java.lang.invoke.DirectMethodHandle$Holder.invokeStatic(Ljava/lang/Object;Ljava/lang/Object;D)Ljava/lang/Object;> (0x000000071127fc60) thrown at [./open/src/hotspot/share/interpreter/linkReso
Event: 1.186 Thread 0x000002a7f1a78000 Exception <a 'java/lang/NoSuchMethodError'{0x00000007112b5438}: java.lang.invoke.DirectMethodHandle$Holder.invokeStaticInit(Ljava/lang/Object;)V> (0x00000007112b5438) thrown at [./open/src/hotspot/share/interpreter/linkResolver.cpp, line 772]
Event: 1.194 Thread 0x000002a7f1a78000 Exception <a 'java/lang/NoSuchMethodError'{0x000000071112c5c8}: java.lang.invoke.Invokers$Holder.linkToTargetMethod(Ljava/lang/Object;ILjava/lang/Object;)Ljava/lang/Object;> (0x000000071112c5c8) thrown at [./open/src/hotspot/share/interpreter/linkResolver
Event: 1.358 Thread 0x000002a796381000 Exception <a 'java/lang/NoSuchMethodError'{0x0000000711d48428}: java.lang.invoke.DirectMethodHandle$Holder.invokeSpecial(Ljava/lang/Object;Ljava/lang/Object;Ljava/lang/Object;IIIID)V> (0x0000000711d48428) thrown at [./open/src/hotspot/share/interpreter/li
Event: 4.554 Thread 0x000002a798c44800 Implicit null exception at 0x000002a787b45662 to 0x000002a787b45c7a

Events (10 events):
Event: 7.948 Executing VM operation: RevokeBias done
Event: 7.998 Thread 0x000002a798c44800 Thread exited: 0x000002a798c44800
Event: 8.027 Thread 0x000002a798c44800 Thread added: 0x000002a798c44800
Event: 8.027 Executing VM operation: RevokeBias
Event: 8.027 Executing VM operation: RevokeBias done
Event: 8.080 Thread 0x000002a798c44800 Thread exited: 0x000002a798c44800
Event: 9.075 Thread 0x000002a798c44800 Thread added: 0x000002a798c44800
Event: 9.076 Executing VM operation: RevokeBias
Event: 9.077 Executing VM operation: RevokeBias done
Event: 9.092 Thread 0x000002a7a13d9800 Thread added: 0x000002a7a13d9800


Dynamic libraries:
0x00007ff7038c0000 - 0x00007ff703907000 	C:\Program Files\Java\jdk-11.0.7\bin\javaw.exe
0x00007ffd7c9b0000 - 0x00007ffd7cba5000 	C:\WINDOWS\SYSTEM32\ntdll.dll
0x00007ffd7b150000 - 0x00007ffd7b20e000 	C:\WINDOWS\System32\KERNEL32.DLL
0x00007ffd7a370000 - 0x00007ffd7a638000 	C:\WINDOWS\System32\KERNELBASE.dll
0x00007ffd7c410000 - 0x00007ffd7c4be000 	C:\WINDOWS\System32\ADVAPI32.dll
0x00007ffd7be00000 - 0x00007ffd7be9e000 	C:\WINDOWS\System32\msvcrt.dll
0x00007ffd7c5d0000 - 0x00007ffd7c66c000 	C:\WINDOWS\System32\sechost.dll
0x00007ffd7c700000 - 0x00007ffd7c825000 	C:\WINDOWS\System32\RPCRT4.dll
0x00007ffd7c250000 - 0x00007ffd7c3f1000 	C:\WINDOWS\System32\USER32.dll
0x00007ffd7a2a0000 - 0x00007ffd7a2c2000 	C:\WINDOWS\System32\win32u.dll
0x00007ffd7bfd0000 - 0x00007ffd7bffb000 	C:\WINDOWS\System32\GDI32.dll
0x00007ffd7a7d0000 - 0x00007ffd7a8dd000 	C:\WINDOWS\System32\gdi32full.dll
0x00007ffd7a2d0000 - 0x00007ffd7a36d000 	C:\WINDOWS\System32\msvcp_win.dll
0x00007ffd7a1a0000 - 0x00007ffd7a2a0000 	C:\WINDOWS\System32\ucrtbase.dll
0x00007ffd5ded0000 - 0x00007ffd5e16a000 	C:\WINDOWS\WinSxS\amd64_microsoft.windows.common-controls_6595b64144ccf1df_6.0.19041.1110_none_60b5254171f9507e\COMCTL32.dll
0x00007ffd6e220000 - 0x00007ffd6e22a000 	C:\WINDOWS\SYSTEM32\VERSION.dll
0x00007ffd7ae70000 - 0x00007ffd7aea0000 	C:\WINDOWS\System32\IMM32.DLL
0x00007ffd74780000 - 0x00007ffd74796000 	C:\Program Files\Java\jdk-11.0.7\bin\vcruntime140.dll
0x00007ffd55c10000 - 0x00007ffd55cba000 	C:\Program Files\Java\jdk-11.0.7\bin\msvcp140.dll
0x00007ffd224a0000 - 0x00007ffd23001000 	C:\Program Files\Java\jdk-11.0.7\bin\server\jvm.dll
0x00007ffd7c400000 - 0x00007ffd7c408000 	C:\WINDOWS\System32\PSAPI.DLL
0x00007ffd5e9c0000 - 0x00007ffd5e9c9000 	C:\WINDOWS\SYSTEM32\WSOCK32.dll
0x00007ffd7c670000 - 0x00007ffd7c6db000 	C:\WINDOWS\System32\WS2_32.dll
0x00007ffd61270000 - 0x00007ffd61297000 	C:\WINDOWS\SYSTEM32\WINMM.dll
0x00007ffd77fb0000 - 0x00007ffd77fc2000 	C:\WINDOWS\SYSTEM32\kernel.appcore.dll
0x00007ffd747b0000 - 0x00007ffd747c1000 	C:\Program Files\Java\jdk-11.0.7\bin\verify.dll
0x00007ffd71cf0000 - 0x00007ffd71ed4000 	C:\WINDOWS\SYSTEM32\DBGHELP.DLL
0x00007ffd720c0000 - 0x00007ffd720ec000 	C:\WINDOWS\SYSTEM32\dbgcore.DLL
0x00007ffd7a0c0000 - 0x00007ffd7a142000 	C:\WINDOWS\System32\bcryptPrimitives.dll
0x00007ffd6fad0000 - 0x00007ffd6faf9000 	C:\Program Files\Java\jdk-11.0.7\bin\java.dll
0x00007ffd74b10000 - 0x00007ffd74b1a000 	C:\Program Files\Java\jdk-11.0.7\bin\jimage.dll
0x00007ffd70740000 - 0x00007ffd70756000 	C:\Program Files\Java\jdk-11.0.7\bin\zip.dll
0x00007ffd7b210000 - 0x00007ffd7b954000 	C:\WINDOWS\System32\SHELL32.dll
0x00007ffd781b0000 - 0x00007ffd78945000 	C:\WINDOWS\SYSTEM32\windows.storage.dll
0x00007ffd7b9c0000 - 0x00007ffd7bd15000 	C:\WINDOWS\System32\combase.dll
0x00007ffd79b10000 - 0x00007ffd79b3e000 	C:\WINDOWS\SYSTEM32\Wldp.dll
0x00007ffd7af20000 - 0x00007ffd7afcd000 	C:\WINDOWS\System32\SHCORE.dll
0x00007ffd7afd0000 - 0x00007ffd7b025000 	C:\WINDOWS\System32\shlwapi.dll
0x00007ffd7a000000 - 0x00007ffd7a01f000 	C:\WINDOWS\SYSTEM32\profapi.dll
0x00007ffd6fab0000 - 0x00007ffd6fac9000 	C:\Program Files\Java\jdk-11.0.7\bin\net.dll
0x00007ffd6f020000 - 0x00007ffd6f12c000 	C:\WINDOWS\SYSTEM32\WINHTTP.dll
0x00007ffd79870000 - 0x00007ffd798da000 	C:\WINDOWS\system32\mswsock.dll
0x00007ffd6fa90000 - 0x00007ffd6faa3000 	C:\Program Files\Java\jdk-11.0.7\bin\nio.dll
0x00007ffd261b0000 - 0x00007ffd2634f000 	C:\Program Files\Java\jdk-11.0.7\bin\awt.dll
0x00007ffd7c830000 - 0x00007ffd7c8fd000 	C:\WINDOWS\System32\OLEAUT32.dll
0x00007ffd778f0000 - 0x00007ffd77980000 	C:\WINDOWS\SYSTEM32\apphelp.dll
0x00007ffd77a30000 - 0x00007ffd77ace000 	C:\WINDOWS\system32\uxtheme.dll
0x00007ffd7b030000 - 0x00007ffd7b145000 	C:\WINDOWS\System32\MSCTF.dll
0x00007ffd7bea0000 - 0x00007ffd7bfca000 	C:\WINDOWS\System32\ole32.dll
0x00007ffd451b0000 - 0x00007ffd45234000 	C:\Program Files\Java\jdk-11.0.7\bin\freetype.dll
0x00007ffd3f3f0000 - 0x00007ffd3f49b000 	C:\Program Files\Java\jdk-11.0.7\bin\fontmanager.dll
0x00007ffd77dd0000 - 0x00007ffd77dff000 	C:\WINDOWS\system32\DWMAPI.DLL
0x00007ffd4cc90000 - 0x00007ffd4cdb5000 	C:\WINDOWS\system32\opengl32.dll
0x00007ffd4cc60000 - 0x00007ffd4cc8c000 	C:\WINDOWS\SYSTEM32\GLU32.dll
0x00007ffd79a70000 - 0x00007ffd79a88000 	C:\WINDOWS\SYSTEM32\CRYPTSP.dll
0x00007ffd79180000 - 0x00007ffd791b4000 	C:\WINDOWS\system32\rsaenh.dll
0x00007ffd7a7a0000 - 0x00007ffd7a7c7000 	C:\WINDOWS\System32\bcrypt.dll
0x00007ffd79f80000 - 0x00007ffd79fae000 	C:\WINDOWS\SYSTEM32\USERENV.dll
0x00007ffd79a60000 - 0x00007ffd79a6c000 	C:\WINDOWS\SYSTEM32\CRYPTBASE.dll
0x00007ffd79510000 - 0x00007ffd7954b000 	C:\WINDOWS\SYSTEM32\IPHLPAPI.DLL
0x00007ffd7c960000 - 0x00007ffd7c968000 	C:\WINDOWS\System32\NSI.dll
0x00007ffd72350000 - 0x00007ffd72367000 	C:\WINDOWS\SYSTEM32\dhcpcsvc6.DLL
0x00007ffd72330000 - 0x00007ffd7234d000 	C:\WINDOWS\SYSTEM32\dhcpcsvc.DLL
0x00007ffd79560000 - 0x00007ffd7962b000 	C:\WINDOWS\SYSTEM32\DNSAPI.dll
0x00007ffd74770000 - 0x00007ffd74776000 	C:\Users\pedro\AppData\Local\Temp\flatlaf.temp\flatlaf-windows-x86_64-16038037243145303070.dll
0x00007ffd73570000 - 0x00007ffd73577000 	C:\Program Files\Java\jdk-11.0.7\bin\jawt.dll
0x00007ffd6a840000 - 0x00007ffd6a939000 	C:\WINDOWS\SYSTEM32\textinputframework.dll
0x00007ffd777b0000 - 0x00007ffd778a2000 	C:\WINDOWS\System32\CoreMessaging.dll
0x00007ffd77350000 - 0x00007ffd776ae000 	C:\WINDOWS\System32\CoreUIComponents.dll
0x00007ffd78db0000 - 0x00007ffd78de3000 	C:\WINDOWS\SYSTEM32\ntmarta.dll
0x00007ffd76c80000 - 0x00007ffd76dd4000 	C:\WINDOWS\SYSTEM32\wintypes.dll
0x00007ffd62e60000 - 0x00007ffd62e85000 	C:\Users\pedro\AppData\Local\Temp\libaparapi_x86_6417995695607243148895.dll
0x00007ffd56820000 - 0x00007ffd56844000 	C:\WINDOWS\SYSTEM32\OpenCL.dll
0x00007ffd7a150000 - 0x00007ffd7a19e000 	C:\WINDOWS\System32\cfgmgr32.dll
0x00007ffd26020000 - 0x00007ffd261a3000 	C:\WINDOWS\System32\DriverStore\FileRepository\igdlh64.inf_amd64_ceddadac8a2b489e\IntelOpenCL64.dll
0x00007ffd789b0000 - 0x00007ffd78aa4000 	C:\WINDOWS\SYSTEM32\dxgi.dll
0x00007ffd25e40000 - 0x00007ffd2601e000 	C:\Program Files (x86)\Common Files\Intel\OpenCL\bin\x64\intelocl64.dll
0x00007ffd3f340000 - 0x00007ffd3f3ec000 	C:\Program Files (x86)\Common Files\Intel\OpenCL\bin\x64\task_executor64.dll
0x00007ffd34070000 - 0x00007ffd3415a000 	C:\Program Files (x86)\Common Files\Intel\OpenCL\bin\x64\cpu_device64.dll
0x00007ffd6fc10000 - 0x00007ffd6fc4b000 	C:\WINDOWS\SYSTEM32\dxcore.dll
0x00007ffd24770000 - 0x00007ffd24c2d000 	C:\WINDOWS\System32\DriverStore\FileRepository\igdlh64.inf_amd64_ceddadac8a2b489e\igdrcl64.dll
0x00007ffd33e80000 - 0x00007ffd33f41000 	C:\WINDOWS\System32\DriverStore\FileRepository\igdlh64.inf_amd64_ceddadac8a2b489e\igdfcl64.dll
0x00007ffd6ad90000 - 0x00007ffd6cb70000 	C:\WINDOWS\System32\DriverStore\FileRepository\igdlh64.inf_amd64_ceddadac8a2b489e\igc64.dll
0x00007ffd1f210000 - 0x00007ffd1fc67000 	C:\WINDOWS\System32\nvopencl.dll
0x00007ffd7a9f0000 - 0x00007ffd7ae62000 	C:\WINDOWS\System32\SETUPAPI.dll
0x00007ffd354c0000 - 0x00007ffd3556c000 	C:\WINDOWS\SYSTEM32\nvfatbinaryLoader.dll
0x00007ffd79e60000 - 0x00007ffd79e94000 	C:\WINDOWS\SYSTEM32\DEVOBJ.dll
0x00007ffd7a990000 - 0x00007ffd7a9f0000 	C:\WINDOWS\System32\WINTRUST.dll
0x00007ffd7a640000 - 0x00007ffd7a796000 	C:\WINDOWS\System32\CRYPT32.dll
0x00007ffd79ca0000 - 0x00007ffd79cb2000 	C:\WINDOWS\SYSTEM32\MSASN1.dll
0x00007ffd5e290000 - 0x00007ffd5e68a000 	C:\WINDOWS\system32\nvapi64.dll
0x00007ffd0a220000 - 0x00007ffd0c86a000 	C:\WINDOWS\system32\nvcompiler.dll

dbghelp: loaded successfully - version: 4.0.5 - missing functions: none
symbol engine: initialized successfully - sym options: 0x614 - pdb path: .;C:\Program Files\Java\jdk-11.0.7\bin;C:\WINDOWS\SYSTEM32;C:\WINDOWS\WinSxS\amd64_microsoft.windows.common-controls_6595b64144ccf1df_6.0.19041.1110_none_60b5254171f9507e;C:\Program Files\Java\jdk-11.0.7\bin\server;C:\Users\pedro\AppData\Local\Temp\flatlaf.temp;C:\Users\pedro\AppData\Local\Temp;C:\WINDOWS\System32\DriverStore\FileRepository\igdlh64.inf_amd64_ceddadac8a2b489e;C:\Program Files (x86)\Common Files\Intel\OpenCL\bin\x64

VM Arguments:
jvm_args: -Dcom.aparapi.enableShowGeneratedOpenCL=true -Dfile.encoding=Cp1252 
java_command: logic.main
java_class_path (initial): C:\Users\pedro\git\Mandelbrot\MandelbrotZoomVideo\target\classes;C:\Users\pedro\.m2\repository\org\jcodec\jcodec\0.2.5\jcodec-0.2.5.jar;C:\Users\pedro\.m2\repository\org\jcodec\jcodec-javase\0.2.5\jcodec-javase-0.2.5.jar;C:\Users\pedro\.m2\repository\com\formdev\flatlaf\1.1.2\flatlaf-1.1.2.jar;C:\Users\pedro\.m2\repository\com\aparapi\aparapi\1.9.0\aparapi-1.9.0.jar;C:\Users\pedro\.m2\repository\com\aparapi\aparapi-jni\1.4.1\aparapi-jni-1.4.1.jar
Launcher Type: SUN_STANDARD

[Global flags]
     intx CICompilerCount                          = 3                                         {product} {ergonomic}
     uint ConcGCThreads                            = 1                                         {product} {ergonomic}
     uint G1ConcRefinementThreads                  = 4                                         {product} {ergonomic}
   size_t G1HeapRegionSize                         = 1048576                                   {product} {ergonomic}
    uintx GCDrainStackTargetSize                   = 64                                        {product} {ergonomic}
   size_t InitialHeapSize                          = 266338304                                 {product} {ergonomic}
   size_t MarkStackSize                            = 4194304                                   {product} {ergonomic}
   size_t MaxHeapSize                              = 4261412864                                {product} {ergonomic}
   size_t MaxNewSize                               = 2556428288                                {product} {ergonomic}
   size_t MinHeapDeltaBytes                        = 1048576                                   {product} {ergonomic}
    uintx NonNMethodCodeHeapSize                   = 5830732                                {pd product} {ergonomic}
    uintx NonProfiledCodeHeapSize                  = 122913754                              {pd product} {ergonomic}
    uintx ProfiledCodeHeapSize                     = 122913754                              {pd product} {ergonomic}
    uintx ReservedCodeCacheSize                    = 251658240                              {pd product} {ergonomic}
     bool SegmentedCodeCache                       = true                                      {product} {ergonomic}
     bool UseCompressedClassPointers               = true                                 {lp64_product} {ergonomic}
     bool UseCompressedOops                        = true                                 {lp64_product} {ergonomic}
     bool UseG1GC                                  = true                                      {product} {ergonomic}
     bool UseLargePagesIndividualAllocation        = false                                  {pd product} {ergonomic}

Logging:
Log output configuration:
 #0: stdout all=warning uptime,level,tags
 #1: stderr all=off uptime,level,tags

Environment Variables:
JAVA_HOME=C:\Program Files\Java\jdk1.8.0_152
CLASSPATH=C:\Program Files\JADE-all-4.5.0\JADE-bin-4.5.0\jade\lib\jade.jar;C:\Program Files\swipl\lib\jpl.jar;C:\Users\pedro\Software\InaptAgency\inapts.jar;
PATH=C:/Program Files/Java/jdk-11.0.7/bin/server;C:/Program Files/Java/jdk-11.0.7/bin;C:\Python38\Scripts\;C:\Python38\;C:\Program Files (x86)\Common Files\Oracle\Java\javapath;C:\Program Files (x86)\Common Files\Intel\Shared Libraries\redist\intel64\compiler;C:\Program Files (x86)\Intel\iCLS Client\;C:\Program Files\Intel\iCLS Client\;C:\Windows\system32;C:\Windows;C:\Windows\System32\Wbem;C:\Windows\System32\WindowsPowerShell\v1.0\;C:\Program Files (x86)\NVIDIA Corporation\PhysX\Common;C:\Program Files (x86)\Intel\Intel(R) Management Engine Components\DAL;C:\Program Files\Intel\Intel(R) Management Engine Components\DAL;C:\Program Files (x86)\Intel\Intel(R) Management Engine Components\IPT;C:\Program Files\Intel\Intel(R) Management Engine Components\IPT;C:\WINDOWS\system32;C:\WINDOWS;C:\WINDOWS\System32\Wbem;C:\WINDOWS\System32\WindowsPowerShell\v1.0\;C:\Program Files\Java\jdk1.8.0_271\bin;C:\Program Files\Java\jre1.8.0_271\bin;C:\WINDOWS\System32\OpenSSH\;C:\Program Files\Java\jdk-11.0.5\bin;C:\Users\pedro\Desktop\use-5.2.0\use-5.2.0\bin;C:\Program Files\nodejs\;C:\ProgramData\chocolatey\bin;D:\scala\bin;C:\Users\pedro\AppData\Local\Programs\Git\cmd;;C:\Program Files\Docker\Docker\resources\bin;C:\ProgramData\DockerDesktop\version-bin;C:\Users\pedro\AppData\Local\Programs\Python\Python37\Scripts\;C:\Users\pedro\AppData\Local\Programs\Python\Python37\;C:\Users\pedro\AppData\Roaming\Dashlane\4.6.5.21982\bin\Firefox_Extension\{442718d9-475e-452a-b3e1-fb1ee16b8e9f}\components;C:\Users\pedro\AppData\Roaming\Dashlane\4.6.6.23032\bin\Firefox_Extension\{442718d9-475e-452a-b3e1-fb1ee16b8e9f}\components;C:\Users\pedro\AppData\Local\Microsoft\WindowsApps;C:\Users\pedro\AppData\Roaming\Dashlane\5.0.0.10636\bin\Firefox_Extension\{442718d9-475e-452a-b3e1-fb1ee16b8e9f}\components;C:\Users\pedro\AppData\Roaming\Dashlane\5.0.0.10636\ucrt;C:\Users\pedro\AppData\Local\Programs\Microsoft VS Code\bin;C:\Users\pedro\AppData\Local\GitHubDesktop\bin;C:\Users\pedro\AppData\Local\Programs\Git
USERNAME=pedro
OS=Windows_NT
PROCESSOR_IDENTIFIER=Intel64 Family 6 Model 142 Stepping 9, GenuineIntel



---------------  S Y S T E M  ---------------

OS: Windows 10 , 64 bit Build 19041 (10.0.19041.1466)

CPU:total 4 (initial active 4) (2 cores per cpu, 2 threads per core) family 6 model 142 stepping 9, cmov, cx8, fxsr, mmx, sse, sse2, sse3, ssse3, sse4.1, sse4.2, popcnt, avx, avx2, aes, clmul, erms, 3dnowpref, lzcnt, ht, tsc, tscinvbit, bmi1, bmi2, adx, fma

Memory: 4k page, system-wide physical 16252M (8357M free)
TotalPageFile size 19068M (AvailPageFile size 9047M)
current process WorkingSet (physical memory assigned to process): 224M, peak: 224M
current process commit charge ("private bytes"): 478M, peak: 484M

vm_info: Java HotSpot(TM) 64-Bit Server VM (11.0.7+8-LTS) for windows-amd64 JRE (11.0.7+8-LTS), built on Mar 12 2020 02:04:32 by "mach5one" with MS VC++ 15.5 (VS2017)

END.
