#
# A fatal error has been detected by the Java Runtime Environment:
#
#  EXCEPTION_ACCESS_VIOLATION (0xc0000005) at pc=0x00007ff80a8414fc, pid=9712, tid=16232
#
# JRE version: Java(TM) SE Runtime Environment 18.9 (11.0.7+8) (build 11.0.7+8-LTS)
# Java VM: Java HotSpot(TM) 64-Bit Server VM 18.9 (11.0.7+8-LTS, mixed mode, tiered, compressed oops, g1 gc, windows-amd64)
# Problematic frame:
# C  [flatlaf-windows-x86_64-2715022505032286720.dll+0x14fc]
#
# No core dump will be written. Minidumps are not enabled by default on client versions of Windows
#
# If you would like to submit a bug report, please visit:
#   https://bugreport.java.com/bugreport/crash.jsp
# The crash happened outside the Java Virtual Machine in native code.
# See problematic frame for where to report the bug.
#

---------------  S U M M A R Y ------------

Command Line: -Dcom.aparapi.enableShowGeneratedOpenCL=true -ea -Dfile.encoding=Cp1252 main.main

Host: Intel(R) Core(TM) i5-7200U CPU @ 2.50GHz, 4 cores, 15G,  Windows 10 , 64 bit Build 19041 (10.0.19041.1889)
Time: Fri Sep  9 16:46:20 2022 GMT Summer Time elapsed time: 121 seconds (0d 0h 2m 1s)

---------------  T H R E A D  ---------------

Current thread (0x000002484d102000):  JavaThread "AWT-Windows" daemon [_thread_in_native, id=16232, stack(0x000000d543f00000,0x000000d544000000)]

Stack: [0x000000d543f00000,0x000000d544000000],  sp=0x000000d543ffe800,  free space=1018k
Native frames: (J=compiled Java code, j=interpreted, Vv=VM code, C=native code)
C  [flatlaf-windows-x86_64-2715022505032286720.dll+0x14fc]

Java frames: (J=compiled Java code, j=interpreted, Vv=VM code)
j  sun.awt.windows.WToolkit.eventLoop()V+0 java.desktop@11.0.7
j  sun.awt.windows.WToolkit.run()V+50 java.desktop@11.0.7
j  java.lang.Thread.run()V+11 java.base@11.0.7
v  ~StubRoutines::call_stub

siginfo: EXCEPTION_ACCESS_VIOLATION (0xc0000005), reading address 0x0000000000000020


Register to memory mapping:

RIP=0x00007ff80a8414fc flatlaf-windows-x86_64-2715022505032286720.dll
RAX=0x000000000000975e is an unknown value
RBX=0x0 is NULL
RCX=0x0 is NULL
RDX=0x000000000028098c is an unknown value
RSP=0x000000d543ffe800 is pointing into the stack for thread: 0x000002484d102000
RBP=0x000000000028098c is an unknown value
RSI=0x0 is NULL
RDI=0x0 is NULL
R8 =0x0000000000009803 is an unknown value
R9 =0x0 is NULL
R10=0x000002484fad7a00 points into unknown readable memory: fc 09 0b 00 00 00 00 00
R11=0x0000000000000100 is an unknown value
R12=0x0 is NULL
R13=0x0000000000009803 is an unknown value
R14=0x00000000001903cc is an unknown value
R15=0x0000000000009803 is an unknown value


Registers:
RAX=0x000000000000975e, RBX=0x0000000000000000, RCX=0x0000000000000000, RDX=0x000000000028098c
RSP=0x000000d543ffe800, RBP=0x000000000028098c, RSI=0x0000000000000000, RDI=0x0000000000000000
R8 =0x0000000000009803, R9 =0x0000000000000000, R10=0x000002484fad7a00, R11=0x0000000000000100
R12=0x0000000000000000, R13=0x0000000000009803, R14=0x00000000001903cc, R15=0x0000000000009803
RIP=0x00007ff80a8414fc, EFLAGS=0x0000000000010202

Top of Stack: (sp=0x000000d543ffe800)
0x000000d543ffe800:   00000000000025f0 0000000000000000
0x000000d543ffe810:   00007ff80a8a0000 0000024862bbeff0
0x000000d543ffe820:   0000000000000000 00007ff80a8410ce
0x000000d543ffe830:   0000024862bbeff0 0000000000000000
0x000000d543ffe840:   0000000000000000 0000000000000000
0x000000d543ffe850:   0000000000000000 00007ff80a841424
0x000000d543ffe860:   00000000001903cc 000000000028098c
0x000000d543ffe870:   0000000000009803 0000000000000000
0x000000d543ffe880:   00000000001903cc 0000000000000000
0x000000d543ffe890:   0000000080000022 00007ff8284de858
0x000000d543ffe8a0:   0000000000000001 000000d543ffea90
0x000000d543ffe8b0:   0000000000000000 0000000000000000
0x000000d543ffe8c0:   000000d543fff330 00007fffd39d50c7
0x000000d543ffe8d0:   000002484d102000 000002484d102000
0x000000d543ffe8e0:   0000000000000000 0000000000000000
0x000000d543ffe8f0:   8000002200000000 0000000000000000 

Instructions: (pc=0x00007ff80a8414fc)
0x00007ff80a8414dc:   00 00 49 8d 41 fe 48 83 f8 01 77 14 49 8b c6 45
0x00007ff80a8414ec:   0f bf c6 48 c1 e8 10 44 0f bf c8 e8 64 06 00 00
0x00007ff80a8414fc:   48 8b 4e 20 45 8b c7 4c 89 74 24 20 e9 87 01 00
0x00007ff80a84150c:   00 48 8b bc 24 80 00 00 00 41 b8 84 00 00 00 48 


Stack slot to memory mapping:
stack at sp + 0 slots: 0x00000000000025f0 is an unknown value
stack at sp + 1 slots: 0x0 is NULL
stack at sp + 2 slots: 0x00007ff80a8a0000 awt.dll
stack at sp + 3 slots: 0x0000024862bbeff0 points into unknown readable memory: 5c 00 3f 00 3f 00 5c 00
stack at sp + 4 slots: 0x0 is NULL
stack at sp + 5 slots: 0x00007ff80a8410ce flatlaf-windows-x86_64-2715022505032286720.dll
stack at sp + 6 slots: 0x0000024862bbeff0 points into unknown readable memory: 5c 00 3f 00 3f 00 5c 00
stack at sp + 7 slots: 0x0 is NULL


---------------  P R O C E S S  ---------------

Threads class SMR info:
_java_thread_list=0x000002485e3e8520, length=15, elements={
0x000002484ca0a000, 0x000002484ca15800, 0x000002484ca27000, 0x000002484ca29000,
0x000002484ca2f800, 0x000002484ca85800, 0x000002484ca8f800, 0x000002484cc1e800,
0x000002484cc2a000, 0x000002484d0f0000, 0x000002484d0f1000, 0x000002484d102000,
0x000002484fae9800, 0x0000024828a59000, 0x000002484d34c800
}

Java Threads: ( => current thread )
  0x000002484ca0a000 JavaThread "Reference Handler" daemon [_thread_blocked, id=6920, stack(0x000000d543200000,0x000000d543300000)]
  0x000002484ca15800 JavaThread "Finalizer" daemon [_thread_blocked, id=9792, stack(0x000000d543300000,0x000000d543400000)]
  0x000002484ca27000 JavaThread "Signal Dispatcher" daemon [_thread_blocked, id=4044, stack(0x000000d543400000,0x000000d543500000)]
  0x000002484ca29000 JavaThread "Attach Listener" daemon [_thread_blocked, id=15152, stack(0x000000d543500000,0x000000d543600000)]
  0x000002484ca2f800 JavaThread "C2 CompilerThread0" daemon [_thread_blocked, id=12620, stack(0x000000d543600000,0x000000d543700000)]
  0x000002484ca85800 JavaThread "C1 CompilerThread0" daemon [_thread_blocked, id=16288, stack(0x000000d543700000,0x000000d543800000)]
  0x000002484ca8f800 JavaThread "Sweeper thread" daemon [_thread_blocked, id=11132, stack(0x000000d543800000,0x000000d543900000)]
  0x000002484cc1e800 JavaThread "Service Thread" daemon [_thread_blocked, id=14100, stack(0x000000d543900000,0x000000d543a00000)]
  0x000002484cc2a000 JavaThread "Common-Cleaner" daemon [_thread_blocked, id=5284, stack(0x000000d543b00000,0x000000d543c00000)]
  0x000002484d0f0000 JavaThread "Java2D Disposer" daemon [_thread_blocked, id=10156, stack(0x000000d543d00000,0x000000d543e00000)]
  0x000002484d0f1000 JavaThread "AWT-Shutdown" [_thread_blocked, id=14832, stack(0x000000d543e00000,0x000000d543f00000)]
=>0x000002484d102000 JavaThread "AWT-Windows" daemon [_thread_in_native, id=16232, stack(0x000000d543f00000,0x000000d544000000)]
  0x000002484fae9800 JavaThread "AWT-EventQueue-0" [_thread_in_native, id=3964, stack(0x000000d543c00000,0x000000d543d00000)]
  0x0000024828a59000 JavaThread "DestroyJavaVM" [_thread_blocked, id=12972, stack(0x000000d542b00000,0x000000d542c00000)]
  0x000002484d34c800 JavaThread "TimerQueue" daemon [_thread_blocked, id=13616, stack(0x000000d544500000,0x000000d544600000)]

Other Threads:
  0x000002484c9e4800 VMThread "VM Thread" [stack: 0x000000d543100000,0x000000d543200000] [id=15420]
  0x000002484cc25000 WatcherThread [stack: 0x000000d543a00000,0x000000d543b00000] [id=8516]
  0x0000024828a71800 GCTaskThread "GC Thread#0" [stack: 0x000000d542c00000,0x000000d542d00000] [id=11252]
  0x000002484d2d5000 GCTaskThread "GC Thread#1" [stack: 0x000000d544000000,0x000000d544100000] [id=15828]
  0x000002484faee800 GCTaskThread "GC Thread#2" [stack: 0x000000d544100000,0x000000d544200000] [id=14828]
  0x000002484faef000 GCTaskThread "GC Thread#3" [stack: 0x000000d544200000,0x000000d544300000] [id=4524]
  0x0000024828acd800 ConcurrentGCThread "G1 Main Marker" [stack: 0x000000d542d00000,0x000000d542e00000] [id=5864]
  0x0000024828ad0000 ConcurrentGCThread "G1 Conc#0" [stack: 0x000000d542e00000,0x000000d542f00000] [id=10512]
  0x0000024828b3e800 ConcurrentGCThread "G1 Refine#0" [stack: 0x000000d542f00000,0x000000d543000000] [id=16340]
  0x000002484ccfa000 ConcurrentGCThread "G1 Refine#1" [stack: 0x000000d544300000,0x000000d544400000] [id=14684]
  0x000002484c04c000 ConcurrentGCThread "G1 Young RemSet Sampling" [stack: 0x000000d543000000,0x000000d543100000] [id=11808]

Threads with active compile tasks:

VM state:not at safepoint (normal execution)

VM Mutex/Monitor currently owned by a thread: None

Heap address: 0x0000000702000000, size: 4064 MB, Compressed Oops mode: Zero based, Oop shift amount: 3
Narrow klass base: 0x0000000800000000, Narrow klass shift: 0
Compressed class space size: 1073741824 Address: 0x0000000800000000

Heap:
 garbage-first heap   total 260096K, used 61788K [0x0000000702000000, 0x0000000800000000)
  region size 1024K, 6 young (6144K), 1 survivors (1024K)
 Metaspace       used 26782K, capacity 27501K, committed 27696K, reserved 1073152K
  class space    used 3073K, capacity 3338K, committed 3456K, reserved 1048576K
Heap Regions: E=young(eden), S=young(survivor), O=old, HS=humongous(starts), HC=humongous(continues), CS=collection set, F=free, A=archive, TAMS=top-at-mark-start (previous, next)
|   0|0x0000000702000000, 0x0000000702100000, 0x0000000702100000|100%| O|  |TAMS 0x0000000702100000, 0x0000000702000000| Untracked 
|   1|0x0000000702100000, 0x0000000702200000, 0x0000000702200000|100%| O|  |TAMS 0x0000000702200000, 0x0000000702100000| Untracked 
|   2|0x0000000702200000, 0x0000000702300000, 0x0000000702300000|100%|HS|  |TAMS 0x0000000702300000, 0x0000000702200000| Complete 
|   3|0x0000000702300000, 0x0000000702400000, 0x0000000702400000|100%|HC|  |TAMS 0x0000000702400000, 0x0000000702300000| Complete 
|   4|0x0000000702400000, 0x0000000702500000, 0x0000000702500000|100%|HC|  |TAMS 0x0000000702500000, 0x0000000702400000| Complete 
|   5|0x0000000702500000, 0x0000000702600000, 0x0000000702600000|100%|HS|  |TAMS 0x0000000702600000, 0x0000000702500000| Complete 
|   6|0x0000000702600000, 0x0000000702700000, 0x0000000702700000|100%|HC|  |TAMS 0x0000000702700000, 0x0000000702600000| Complete 
|   7|0x0000000702700000, 0x0000000702800000, 0x0000000702800000|100%|HS|  |TAMS 0x0000000702700000, 0x0000000702700000| Complete 
|   8|0x0000000702800000, 0x0000000702900000, 0x0000000702900000|100%|HC|  |TAMS 0x0000000702800000, 0x0000000702800000| Complete 
|   9|0x0000000702900000, 0x0000000702a00000, 0x0000000702a00000|100%|HS|  |TAMS 0x0000000702a00000, 0x0000000702900000| Complete 
|  10|0x0000000702a00000, 0x0000000702b00000, 0x0000000702b00000|100%|HS|  |TAMS 0x0000000702b00000, 0x0000000702a00000| Complete 
|  11|0x0000000702b00000, 0x0000000702c00000, 0x0000000702c00000|100%| O|  |TAMS 0x0000000702c00000, 0x0000000702b00000| Untracked 
|  12|0x0000000702c00000, 0x0000000702d00000, 0x0000000702d00000|100%| O|  |TAMS 0x0000000702d00000, 0x0000000702c00000| Untracked 
|  13|0x0000000702d00000, 0x0000000702e00000, 0x0000000702e00000|100%| O|  |TAMS 0x0000000702e00000, 0x0000000702d00000| Untracked 
|  14|0x0000000702e00000, 0x0000000702f00000, 0x0000000702f00000|100%|HS|  |TAMS 0x0000000702e00000, 0x0000000702e00000| Complete 
|  15|0x0000000702f00000, 0x0000000703000000, 0x0000000703000000|100%|HC|  |TAMS 0x0000000702f00000, 0x0000000702f00000| Complete 
|  16|0x0000000703000000, 0x0000000703100000, 0x0000000703100000|100%|HS|  |TAMS 0x0000000703000000, 0x0000000703000000| Complete 
|  17|0x0000000703100000, 0x0000000703200000, 0x0000000703200000|100%|HC|  |TAMS 0x0000000703100000, 0x0000000703100000| Complete 
|  18|0x0000000703200000, 0x0000000703300000, 0x0000000703300000|100%|HS|  |TAMS 0x0000000703200000, 0x0000000703200000| Complete 
|  19|0x0000000703300000, 0x0000000703400000, 0x0000000703400000|100%|HC|  |TAMS 0x0000000703300000, 0x0000000703300000| Complete 
|  20|0x0000000703400000, 0x0000000703500000, 0x0000000703500000|100%|HS|  |TAMS 0x0000000703400000, 0x0000000703400000| Complete 
|  21|0x0000000703500000, 0x0000000703600000, 0x0000000703600000|100%|HC|  |TAMS 0x0000000703500000, 0x0000000703500000| Complete 
|  22|0x0000000703600000, 0x0000000703700000, 0x0000000703700000|100%|HS|  |TAMS 0x0000000703600000, 0x0000000703600000| Complete 
|  23|0x0000000703700000, 0x0000000703800000, 0x0000000703800000|100%|HC|  |TAMS 0x0000000703700000, 0x0000000703700000| Complete 
|  24|0x0000000703800000, 0x0000000703900000, 0x0000000703900000|100%|HS|  |TAMS 0x0000000703900000, 0x0000000703800000| Complete 
|  25|0x0000000703900000, 0x0000000703a00000, 0x0000000703a00000|100%|HC|  |TAMS 0x0000000703a00000, 0x0000000703900000| Complete 
|  26|0x0000000703a00000, 0x0000000703b00000, 0x0000000703b00000|100%|HS|  |TAMS 0x0000000703b00000, 0x0000000703a00000| Complete 
|  27|0x0000000703b00000, 0x0000000703c00000, 0x0000000703c00000|100%|HC|  |TAMS 0x0000000703c00000, 0x0000000703b00000| Complete 
|  28|0x0000000703c00000, 0x0000000703c00000, 0x0000000703d00000|  0%| F|  |TAMS 0x0000000703c00000, 0x0000000703c00000| Untracked 
|  29|0x0000000703d00000, 0x0000000703d00000, 0x0000000703e00000|  0%| F|  |TAMS 0x0000000703d00000, 0x0000000703d00000| Untracked 
|  30|0x0000000703e00000, 0x0000000703f00000, 0x0000000703f00000|100%| O|  |TAMS 0x0000000703f00000, 0x0000000703e00000| Untracked 
|  31|0x0000000703f00000, 0x0000000704000000, 0x0000000704000000|100%|HS|  |TAMS 0x0000000704000000, 0x0000000703f00000| Complete 
|  32|0x0000000704000000, 0x0000000704100000, 0x0000000704100000|100%|HC|  |TAMS 0x0000000704100000, 0x0000000704000000| Complete 
|  33|0x0000000704100000, 0x0000000704100000, 0x0000000704200000|  0%| F|  |TAMS 0x0000000704100000, 0x0000000704100000| Untracked 
|  34|0x0000000704200000, 0x0000000704200000, 0x0000000704300000|  0%| F|  |TAMS 0x0000000704200000, 0x0000000704200000| Untracked 
|  35|0x0000000704300000, 0x0000000704300000, 0x0000000704400000|  0%| F|  |TAMS 0x0000000704300000, 0x0000000704300000| Untracked 
|  36|0x0000000704400000, 0x0000000704400000, 0x0000000704500000|  0%| F|  |TAMS 0x0000000704400000, 0x0000000704400000| Untracked 
|  37|0x0000000704500000, 0x0000000704500000, 0x0000000704600000|  0%| F|  |TAMS 0x0000000704500000, 0x0000000704500000| Untracked 
|  38|0x0000000704600000, 0x0000000704600000, 0x0000000704700000|  0%| F|  |TAMS 0x0000000704600000, 0x0000000704600000| Untracked 
|  39|0x0000000704700000, 0x0000000704800000, 0x0000000704800000|100%|HS|  |TAMS 0x0000000704800000, 0x0000000704700000| Complete 
|  40|0x0000000704800000, 0x0000000704900000, 0x0000000704900000|100%|HC|  |TAMS 0x0000000704900000, 0x0000000704800000| Complete 
|  41|0x0000000704900000, 0x0000000704900000, 0x0000000704a00000|  0%| F|  |TAMS 0x0000000704900000, 0x0000000704900000| Untracked 
|  42|0x0000000704a00000, 0x0000000704a00000, 0x0000000704b00000|  0%| F|  |TAMS 0x0000000704a00000, 0x0000000704a00000| Untracked 
|  43|0x0000000704b00000, 0x0000000704b00000, 0x0000000704c00000|  0%| F|  |TAMS 0x0000000704b00000, 0x0000000704b00000| Untracked 
|  44|0x0000000704c00000, 0x0000000704c00000, 0x0000000704d00000|  0%| F|  |TAMS 0x0000000704c00000, 0x0000000704c00000| Untracked 
|  45|0x0000000704d00000, 0x0000000704d00000, 0x0000000704e00000|  0%| F|  |TAMS 0x0000000704d00000, 0x0000000704d00000| Untracked 
|  46|0x0000000704e00000, 0x0000000704e00000, 0x0000000704f00000|  0%| F|  |TAMS 0x0000000704e00000, 0x0000000704e00000| Untracked 
|  47|0x0000000704f00000, 0x0000000705000000, 0x0000000705000000|100%|HS|  |TAMS 0x0000000705000000, 0x0000000704f00000| Complete 
|  48|0x0000000705000000, 0x0000000705100000, 0x0000000705100000|100%|HC|  |TAMS 0x0000000705100000, 0x0000000705000000| Complete 
|  49|0x0000000705100000, 0x0000000705100000, 0x0000000705200000|  0%| F|  |TAMS 0x0000000705100000, 0x0000000705100000| Untracked 
|  50|0x0000000705200000, 0x0000000705200000, 0x0000000705300000|  0%| F|  |TAMS 0x0000000705200000, 0x0000000705200000| Untracked 
|  51|0x0000000705300000, 0x0000000705300000, 0x0000000705400000|  0%| F|  |TAMS 0x0000000705300000, 0x0000000705300000| Untracked 
|  52|0x0000000705400000, 0x0000000705400000, 0x0000000705500000|  0%| F|  |TAMS 0x0000000705400000, 0x0000000705400000| Untracked 
|  53|0x0000000705500000, 0x0000000705600000, 0x0000000705600000|100%|HS|  |TAMS 0x0000000705600000, 0x0000000705500000| Complete 
|  54|0x0000000705600000, 0x0000000705700000, 0x0000000705700000|100%|HC|  |TAMS 0x0000000705700000, 0x0000000705600000| Complete 
|  55|0x0000000705700000, 0x0000000705800000, 0x0000000705800000|100%|HS|  |TAMS 0x0000000705800000, 0x0000000705700000| Complete 
|  56|0x0000000705800000, 0x0000000705900000, 0x0000000705900000|100%|HC|  |TAMS 0x0000000705900000, 0x0000000705800000| Complete 
|  57|0x0000000705900000, 0x0000000705900000, 0x0000000705a00000|  0%| F|  |TAMS 0x0000000705900000, 0x0000000705900000| Untracked 
|  58|0x0000000705a00000, 0x0000000705a00000, 0x0000000705b00000|  0%| F|  |TAMS 0x0000000705a00000, 0x0000000705a00000| Untracked 
|  59|0x0000000705b00000, 0x0000000705b00000, 0x0000000705c00000|  0%| F|  |TAMS 0x0000000705b00000, 0x0000000705b00000| Untracked 
|  60|0x0000000705c00000, 0x0000000705c00000, 0x0000000705d00000|  0%| F|  |TAMS 0x0000000705c00000, 0x0000000705c00000| Untracked 
|  61|0x0000000705d00000, 0x0000000705d00000, 0x0000000705e00000|  0%| F|  |TAMS 0x0000000705d00000, 0x0000000705d00000| Untracked 
|  62|0x0000000705e00000, 0x0000000705e00000, 0x0000000705f00000|  0%| F|  |TAMS 0x0000000705e00000, 0x0000000705e00000| Untracked 
|  63|0x0000000705f00000, 0x0000000706000000, 0x0000000706000000|100%| O|  |TAMS 0x0000000706000000, 0x0000000705f00000| Untracked 
|  64|0x0000000706000000, 0x0000000706100000, 0x0000000706100000|100%| O|  |TAMS 0x0000000706100000, 0x0000000706000000| Untracked 
|  65|0x0000000706100000, 0x0000000706200000, 0x0000000706200000|100%| O|  |TAMS 0x0000000706200000, 0x0000000706100000| Untracked 
|  66|0x0000000706200000, 0x0000000706200000, 0x0000000706300000|  0%| F|  |TAMS 0x0000000706200000, 0x0000000706200000| Untracked 
|  67|0x0000000706300000, 0x0000000706300000, 0x0000000706400000|  0%| F|  |TAMS 0x0000000706300000, 0x0000000706300000| Untracked 
|  68|0x0000000706400000, 0x0000000706400000, 0x0000000706500000|  0%| F|  |TAMS 0x0000000706400000, 0x0000000706400000| Untracked 
|  69|0x0000000706500000, 0x0000000706500000, 0x0000000706600000|  0%| F|  |TAMS 0x0000000706500000, 0x0000000706500000| Untracked 
|  70|0x0000000706600000, 0x0000000706600000, 0x0000000706700000|  0%| F|  |TAMS 0x0000000706600000, 0x0000000706600000| Untracked 
|  71|0x0000000706700000, 0x0000000706700000, 0x0000000706800000|  0%| F|  |TAMS 0x0000000706700000, 0x0000000706700000| Untracked 
|  72|0x0000000706800000, 0x0000000706800000, 0x0000000706900000|  0%| F|  |TAMS 0x0000000706800000, 0x0000000706800000| Untracked 
|  73|0x0000000706900000, 0x0000000706900000, 0x0000000706a00000|  0%| F|  |TAMS 0x0000000706900000, 0x0000000706900000| Untracked 
|  74|0x0000000706a00000, 0x0000000706a00000, 0x0000000706b00000|  0%| F|  |TAMS 0x0000000706a00000, 0x0000000706a00000| Untracked 
|  75|0x0000000706b00000, 0x0000000706b00000, 0x0000000706c00000|  0%| F|  |TAMS 0x0000000706b00000, 0x0000000706b00000| Untracked 
|  76|0x0000000706c00000, 0x0000000706c00000, 0x0000000706d00000|  0%| F|  |TAMS 0x0000000706c00000, 0x0000000706c00000| Untracked 
|  77|0x0000000706d00000, 0x0000000706d00000, 0x0000000706e00000|  0%| F|  |TAMS 0x0000000706d00000, 0x0000000706d00000| Untracked 
|  78|0x0000000706e00000, 0x0000000706f00000, 0x0000000706f00000|100%|HS|  |TAMS 0x0000000706f00000, 0x0000000706e00000| Complete 
|  79|0x0000000706f00000, 0x0000000707000000, 0x0000000707000000|100%|HC|  |TAMS 0x0000000707000000, 0x0000000706f00000| Complete 
|  80|0x0000000707000000, 0x0000000707000000, 0x0000000707100000|  0%| F|  |TAMS 0x0000000707000000, 0x0000000707000000| Untracked 
|  81|0x0000000707100000, 0x0000000707100000, 0x0000000707200000|  0%| F|  |TAMS 0x0000000707100000, 0x0000000707100000| Untracked 
|  82|0x0000000707200000, 0x0000000707200000, 0x0000000707300000|  0%| F|  |TAMS 0x0000000707200000, 0x0000000707200000| Untracked 
|  83|0x0000000707300000, 0x0000000707300000, 0x0000000707400000|  0%| F|  |TAMS 0x0000000707300000, 0x0000000707300000| Untracked 
|  84|0x0000000707400000, 0x0000000707400000, 0x0000000707500000|  0%| F|  |TAMS 0x0000000707400000, 0x0000000707400000| Untracked 
|  85|0x0000000707500000, 0x0000000707500000, 0x0000000707600000|  0%| F|  |TAMS 0x0000000707500000, 0x0000000707500000| Untracked 
|  86|0x0000000707600000, 0x0000000707700000, 0x0000000707700000|100%|HS|  |TAMS 0x0000000707700000, 0x0000000707600000| Complete 
|  87|0x0000000707700000, 0x0000000707800000, 0x0000000707800000|100%|HC|  |TAMS 0x0000000707800000, 0x0000000707700000| Complete 
|  88|0x0000000707800000, 0x0000000707800000, 0x0000000707900000|  0%| F|  |TAMS 0x0000000707800000, 0x0000000707800000| Untracked 
|  89|0x0000000707900000, 0x0000000707900000, 0x0000000707a00000|  0%| F|  |TAMS 0x0000000707900000, 0x0000000707900000| Untracked 
|  90|0x0000000707a00000, 0x0000000707a00000, 0x0000000707b00000|  0%| F|  |TAMS 0x0000000707a00000, 0x0000000707a00000| Untracked 
|  91|0x0000000707b00000, 0x0000000707b00000, 0x0000000707c00000|  0%| F|  |TAMS 0x0000000707b00000, 0x0000000707b00000| Untracked 
|  92|0x0000000707c00000, 0x0000000707c00000, 0x0000000707d00000|  0%| F|  |TAMS 0x0000000707c00000, 0x0000000707c00000| Untracked 
|  93|0x0000000707d00000, 0x0000000707d00000, 0x0000000707e00000|  0%| F|  |TAMS 0x0000000707d00000, 0x0000000707d00000| Untracked 
|  94|0x0000000707e00000, 0x0000000707f00000, 0x0000000707f00000|100%|HS|  |TAMS 0x0000000707f00000, 0x0000000707e00000| Complete 
|  95|0x0000000707f00000, 0x0000000708000000, 0x0000000708000000|100%|HC|  |TAMS 0x0000000708000000, 0x0000000707f00000| Complete 
|  96|0x0000000708000000, 0x0000000708100000, 0x0000000708100000|100%|HS|  |TAMS 0x0000000708100000, 0x0000000708000000| Complete 
|  97|0x0000000708100000, 0x0000000708200000, 0x0000000708200000|100%|HC|  |TAMS 0x0000000708200000, 0x0000000708100000| Complete 
|  98|0x0000000708200000, 0x0000000708300000, 0x0000000708300000|100%|HS|  |TAMS 0x0000000708300000, 0x0000000708200000| Complete 
|  99|0x0000000708300000, 0x0000000708400000, 0x0000000708400000|100%|HC|  |TAMS 0x0000000708400000, 0x0000000708300000| Complete 
| 100|0x0000000708400000, 0x0000000708400000, 0x0000000708500000|  0%| F|  |TAMS 0x0000000708400000, 0x0000000708400000| Untracked 
| 101|0x0000000708500000, 0x0000000708500000, 0x0000000708600000|  0%| F|  |TAMS 0x0000000708500000, 0x0000000708500000| Untracked 
| 102|0x0000000708600000, 0x0000000708600000, 0x0000000708700000|  0%| F|  |TAMS 0x0000000708600000, 0x0000000708600000| Untracked 
| 103|0x0000000708700000, 0x0000000708700000, 0x0000000708800000|  0%| F|  |TAMS 0x0000000708700000, 0x0000000708700000| Untracked 
| 104|0x0000000708800000, 0x0000000708800000, 0x0000000708900000|  0%| F|  |TAMS 0x0000000708800000, 0x0000000708800000| Untracked 
| 105|0x0000000708900000, 0x0000000708900000, 0x0000000708a00000|  0%| F|  |TAMS 0x0000000708900000, 0x0000000708900000| Untracked 
| 106|0x0000000708a00000, 0x0000000708a00000, 0x0000000708b00000|  0%| F|  |TAMS 0x0000000708a00000, 0x0000000708a00000| Untracked 
| 107|0x0000000708b00000, 0x0000000708b00000, 0x0000000708c00000|  0%| F|  |TAMS 0x0000000708b00000, 0x0000000708b00000| Untracked 
| 108|0x0000000708c00000, 0x0000000708d00000, 0x0000000708d00000|100%|HS|  |TAMS 0x0000000708d00000, 0x0000000708c00000| Complete 
| 109|0x0000000708d00000, 0x0000000708e00000, 0x0000000708e00000|100%|HC|  |TAMS 0x0000000708e00000, 0x0000000708d00000| Complete 
| 110|0x0000000708e00000, 0x0000000708e00000, 0x0000000708f00000|  0%| F|  |TAMS 0x0000000708e00000, 0x0000000708e00000| Untracked 
| 111|0x0000000708f00000, 0x0000000708f00000, 0x0000000709000000|  0%| F|  |TAMS 0x0000000708f00000, 0x0000000708f00000| Untracked 
| 112|0x0000000709000000, 0x0000000709000000, 0x0000000709100000|  0%| F|  |TAMS 0x0000000709000000, 0x0000000709000000| Untracked 
| 113|0x0000000709100000, 0x0000000709100000, 0x0000000709200000|  0%| F|  |TAMS 0x0000000709100000, 0x0000000709100000| Untracked 
| 114|0x0000000709200000, 0x0000000709300000, 0x0000000709300000|100%| O|  |TAMS 0x0000000709300000, 0x0000000709200000| Untracked 
| 115|0x0000000709300000, 0x0000000709400000, 0x0000000709400000|100%| O|  |TAMS 0x0000000709400000, 0x0000000709300000| Untracked 
| 116|0x0000000709400000, 0x000000070944ca00, 0x0000000709500000| 29%| O|  |TAMS 0x000000070944ca00, 0x0000000709400000| Untracked 
| 117|0x0000000709500000, 0x0000000709500000, 0x0000000709600000|  0%| F|  |TAMS 0x0000000709500000, 0x0000000709500000| Untracked 
| 118|0x0000000709600000, 0x0000000709600000, 0x0000000709700000|  0%| F|  |TAMS 0x0000000709600000, 0x0000000709600000| Untracked 
| 119|0x0000000709700000, 0x0000000709700000, 0x0000000709800000|  0%| F|  |TAMS 0x0000000709700000, 0x0000000709700000| Untracked 
| 120|0x0000000709800000, 0x0000000709800000, 0x0000000709900000|  0%| F|  |TAMS 0x0000000709800000, 0x0000000709800000| Untracked 
| 121|0x0000000709900000, 0x0000000709900000, 0x0000000709a00000|  0%| F|  |TAMS 0x0000000709900000, 0x0000000709900000| Untracked 
| 122|0x0000000709a00000, 0x0000000709a00000, 0x0000000709b00000|  0%| F|  |TAMS 0x0000000709a00000, 0x0000000709a00000| Untracked 
| 123|0x0000000709b00000, 0x0000000709b00000, 0x0000000709c00000|  0%| F|  |TAMS 0x0000000709b00000, 0x0000000709b00000| Untracked 
| 124|0x0000000709c00000, 0x0000000709c00000, 0x0000000709d00000|  0%| F|  |TAMS 0x0000000709c00000, 0x0000000709c00000| Untracked 
| 125|0x0000000709d00000, 0x0000000709d00000, 0x0000000709e00000|  0%| F|  |TAMS 0x0000000709d00000, 0x0000000709d00000| Untracked 
| 126|0x0000000709e00000, 0x0000000709e00000, 0x0000000709f00000|  0%| F|  |TAMS 0x0000000709e00000, 0x0000000709e00000| Untracked 
| 127|0x0000000709f00000, 0x0000000709f00000, 0x000000070a000000|  0%| F|  |TAMS 0x0000000709f00000, 0x0000000709f00000| Untracked 
| 128|0x000000070a000000, 0x000000070a000000, 0x000000070a100000|  0%| F|  |TAMS 0x000000070a000000, 0x000000070a000000| Untracked 
| 129|0x000000070a100000, 0x000000070a100000, 0x000000070a200000|  0%| F|  |TAMS 0x000000070a100000, 0x000000070a100000| Untracked 
| 130|0x000000070a200000, 0x000000070a200000, 0x000000070a300000|  0%| F|  |TAMS 0x000000070a200000, 0x000000070a200000| Untracked 
| 131|0x000000070a300000, 0x000000070a300000, 0x000000070a400000|  0%| F|  |TAMS 0x000000070a300000, 0x000000070a300000| Untracked 
| 132|0x000000070a400000, 0x000000070a400000, 0x000000070a500000|  0%| F|  |TAMS 0x000000070a400000, 0x000000070a400000| Untracked 
| 133|0x000000070a500000, 0x000000070a500000, 0x000000070a600000|  0%| F|  |TAMS 0x000000070a500000, 0x000000070a500000| Untracked 
| 134|0x000000070a600000, 0x000000070a600000, 0x000000070a700000|  0%| F|  |TAMS 0x000000070a600000, 0x000000070a600000| Untracked 
| 135|0x000000070a700000, 0x000000070a700000, 0x000000070a800000|  0%| F|  |TAMS 0x000000070a700000, 0x000000070a700000| Untracked 
| 136|0x000000070a800000, 0x000000070a800000, 0x000000070a900000|  0%| F|  |TAMS 0x000000070a800000, 0x000000070a800000| Untracked 
| 137|0x000000070a900000, 0x000000070a900000, 0x000000070aa00000|  0%| F|  |TAMS 0x000000070a900000, 0x000000070a900000| Untracked 
| 138|0x000000070aa00000, 0x000000070aa00000, 0x000000070ab00000|  0%| F|  |TAMS 0x000000070aa00000, 0x000000070aa00000| Untracked 
| 139|0x000000070ab00000, 0x000000070ab00000, 0x000000070ac00000|  0%| F|  |TAMS 0x000000070ab00000, 0x000000070ab00000| Untracked 
| 140|0x000000070ac00000, 0x000000070ac00000, 0x000000070ad00000|  0%| F|  |TAMS 0x000000070ac00000, 0x000000070ac00000| Untracked 
| 141|0x000000070ad00000, 0x000000070ad00000, 0x000000070ae00000|  0%| F|  |TAMS 0x000000070ad00000, 0x000000070ad00000| Untracked 
| 142|0x000000070ae00000, 0x000000070ae00000, 0x000000070af00000|  0%| F|  |TAMS 0x000000070ae00000, 0x000000070ae00000| Untracked 
| 143|0x000000070af00000, 0x000000070af00000, 0x000000070b000000|  0%| F|  |TAMS 0x000000070af00000, 0x000000070af00000| Untracked 
| 144|0x000000070b000000, 0x000000070b000000, 0x000000070b100000|  0%| F|  |TAMS 0x000000070b000000, 0x000000070b000000| Untracked 
| 145|0x000000070b100000, 0x000000070b100000, 0x000000070b200000|  0%| F|  |TAMS 0x000000070b100000, 0x000000070b100000| Untracked 
| 146|0x000000070b200000, 0x000000070b200000, 0x000000070b300000|  0%| F|  |TAMS 0x000000070b200000, 0x000000070b200000| Untracked 
| 147|0x000000070b300000, 0x000000070b300000, 0x000000070b400000|  0%| F|  |TAMS 0x000000070b300000, 0x000000070b300000| Untracked 
| 148|0x000000070b400000, 0x000000070b400000, 0x000000070b500000|  0%| F|  |TAMS 0x000000070b400000, 0x000000070b400000| Untracked 
| 149|0x000000070b500000, 0x000000070b500000, 0x000000070b600000|  0%| F|  |TAMS 0x000000070b500000, 0x000000070b500000| Untracked 
| 150|0x000000070b600000, 0x000000070b600000, 0x000000070b700000|  0%| F|  |TAMS 0x000000070b600000, 0x000000070b600000| Untracked 
| 151|0x000000070b700000, 0x000000070b700000, 0x000000070b800000|  0%| F|  |TAMS 0x000000070b700000, 0x000000070b700000| Untracked 
| 152|0x000000070b800000, 0x000000070b800000, 0x000000070b900000|  0%| F|  |TAMS 0x000000070b800000, 0x000000070b800000| Untracked 
| 153|0x000000070b900000, 0x000000070b900000, 0x000000070ba00000|  0%| F|  |TAMS 0x000000070b900000, 0x000000070b900000| Untracked 
| 154|0x000000070ba00000, 0x000000070ba00000, 0x000000070bb00000|  0%| F|  |TAMS 0x000000070ba00000, 0x000000070ba00000| Untracked 
| 155|0x000000070bb00000, 0x000000070bb00000, 0x000000070bc00000|  0%| F|  |TAMS 0x000000070bb00000, 0x000000070bb00000| Untracked 
| 156|0x000000070bc00000, 0x000000070bc00000, 0x000000070bd00000|  0%| F|  |TAMS 0x000000070bc00000, 0x000000070bc00000| Untracked 
| 157|0x000000070bd00000, 0x000000070bd00000, 0x000000070be00000|  0%| F|  |TAMS 0x000000070bd00000, 0x000000070bd00000| Untracked 
| 158|0x000000070be00000, 0x000000070be00000, 0x000000070bf00000|  0%| F|  |TAMS 0x000000070be00000, 0x000000070be00000| Untracked 
| 159|0x000000070bf00000, 0x000000070bf00000, 0x000000070c000000|  0%| F|  |TAMS 0x000000070bf00000, 0x000000070bf00000| Untracked 
| 160|0x000000070c000000, 0x000000070c000000, 0x000000070c100000|  0%| F|  |TAMS 0x000000070c000000, 0x000000070c000000| Untracked 
| 161|0x000000070c100000, 0x000000070c100000, 0x000000070c200000|  0%| F|  |TAMS 0x000000070c100000, 0x000000070c100000| Untracked 
| 162|0x000000070c200000, 0x000000070c200000, 0x000000070c300000|  0%| F|  |TAMS 0x000000070c200000, 0x000000070c200000| Untracked 
| 163|0x000000070c300000, 0x000000070c300000, 0x000000070c400000|  0%| F|  |TAMS 0x000000070c300000, 0x000000070c300000| Untracked 
| 164|0x000000070c400000, 0x000000070c400000, 0x000000070c500000|  0%| F|  |TAMS 0x000000070c400000, 0x000000070c400000| Untracked 
| 165|0x000000070c500000, 0x000000070c500000, 0x000000070c600000|  0%| F|  |TAMS 0x000000070c500000, 0x000000070c500000| Untracked 
| 166|0x000000070c600000, 0x000000070c600000, 0x000000070c700000|  0%| F|  |TAMS 0x000000070c600000, 0x000000070c600000| Untracked 
| 167|0x000000070c700000, 0x000000070c700000, 0x000000070c800000|  0%| F|  |TAMS 0x000000070c700000, 0x000000070c700000| Untracked 
| 168|0x000000070c800000, 0x000000070c800000, 0x000000070c900000|  0%| F|  |TAMS 0x000000070c800000, 0x000000070c800000| Untracked 
| 169|0x000000070c900000, 0x000000070c900000, 0x000000070ca00000|  0%| F|  |TAMS 0x000000070c900000, 0x000000070c900000| Untracked 
| 170|0x000000070ca00000, 0x000000070ca00000, 0x000000070cb00000|  0%| F|  |TAMS 0x000000070ca00000, 0x000000070ca00000| Untracked 
| 171|0x000000070cb00000, 0x000000070cb00000, 0x000000070cc00000|  0%| F|  |TAMS 0x000000070cb00000, 0x000000070cb00000| Untracked 
| 172|0x000000070cc00000, 0x000000070cc00000, 0x000000070cd00000|  0%| F|  |TAMS 0x000000070cc00000, 0x000000070cc00000| Untracked 
| 173|0x000000070cd00000, 0x000000070cd00000, 0x000000070ce00000|  0%| F|  |TAMS 0x000000070cd00000, 0x000000070cd00000| Untracked 
| 174|0x000000070ce00000, 0x000000070ce00000, 0x000000070cf00000|  0%| F|  |TAMS 0x000000070ce00000, 0x000000070ce00000| Untracked 
| 175|0x000000070cf00000, 0x000000070cf00000, 0x000000070d000000|  0%| F|  |TAMS 0x000000070cf00000, 0x000000070cf00000| Untracked 
| 176|0x000000070d000000, 0x000000070d000000, 0x000000070d100000|  0%| F|  |TAMS 0x000000070d000000, 0x000000070d000000| Untracked 
| 177|0x000000070d100000, 0x000000070d100000, 0x000000070d200000|  0%| F|  |TAMS 0x000000070d100000, 0x000000070d100000| Untracked 
| 178|0x000000070d200000, 0x000000070d200000, 0x000000070d300000|  0%| F|  |TAMS 0x000000070d200000, 0x000000070d200000| Untracked 
| 179|0x000000070d300000, 0x000000070d300000, 0x000000070d400000|  0%| F|  |TAMS 0x000000070d300000, 0x000000070d300000| Untracked 
| 180|0x000000070d400000, 0x000000070d400000, 0x000000070d500000|  0%| F|  |TAMS 0x000000070d400000, 0x000000070d400000| Untracked 
| 181|0x000000070d500000, 0x000000070d500000, 0x000000070d600000|  0%| F|  |TAMS 0x000000070d500000, 0x000000070d500000| Untracked 
| 182|0x000000070d600000, 0x000000070d600000, 0x000000070d700000|  0%| F|  |TAMS 0x000000070d600000, 0x000000070d600000| Untracked 
| 183|0x000000070d700000, 0x000000070d700000, 0x000000070d800000|  0%| F|  |TAMS 0x000000070d700000, 0x000000070d700000| Untracked 
| 184|0x000000070d800000, 0x000000070d800000, 0x000000070d900000|  0%| F|  |TAMS 0x000000070d800000, 0x000000070d800000| Untracked 
| 185|0x000000070d900000, 0x000000070d900000, 0x000000070da00000|  0%| F|  |TAMS 0x000000070d900000, 0x000000070d900000| Untracked 
| 186|0x000000070da00000, 0x000000070da00000, 0x000000070db00000|  0%| F|  |TAMS 0x000000070da00000, 0x000000070da00000| Untracked 
| 187|0x000000070db00000, 0x000000070db00000, 0x000000070dc00000|  0%| F|  |TAMS 0x000000070db00000, 0x000000070db00000| Untracked 
| 188|0x000000070dc00000, 0x000000070dc00000, 0x000000070dd00000|  0%| F|  |TAMS 0x000000070dc00000, 0x000000070dc00000| Untracked 
| 189|0x000000070dd00000, 0x000000070dd00000, 0x000000070de00000|  0%| F|  |TAMS 0x000000070dd00000, 0x000000070dd00000| Untracked 
| 190|0x000000070de00000, 0x000000070de00000, 0x000000070df00000|  0%| F|  |TAMS 0x000000070de00000, 0x000000070de00000| Untracked 
| 191|0x000000070df00000, 0x000000070df00000, 0x000000070e000000|  0%| F|  |TAMS 0x000000070df00000, 0x000000070df00000| Untracked 
| 192|0x000000070e000000, 0x000000070e000000, 0x000000070e100000|  0%| F|  |TAMS 0x000000070e000000, 0x000000070e000000| Untracked 
| 193|0x000000070e100000, 0x000000070e100000, 0x000000070e200000|  0%| F|  |TAMS 0x000000070e100000, 0x000000070e100000| Untracked 
| 194|0x000000070e200000, 0x000000070e200000, 0x000000070e300000|  0%| F|  |TAMS 0x000000070e200000, 0x000000070e200000| Untracked 
| 195|0x000000070e300000, 0x000000070e300000, 0x000000070e400000|  0%| F|  |TAMS 0x000000070e300000, 0x000000070e300000| Untracked 
| 196|0x000000070e400000, 0x000000070e400000, 0x000000070e500000|  0%| F|  |TAMS 0x000000070e400000, 0x000000070e400000| Untracked 
| 197|0x000000070e500000, 0x000000070e500000, 0x000000070e600000|  0%| F|  |TAMS 0x000000070e500000, 0x000000070e500000| Untracked 
| 198|0x000000070e600000, 0x000000070e600000, 0x000000070e700000|  0%| F|  |TAMS 0x000000070e600000, 0x000000070e600000| Untracked 
| 199|0x000000070e700000, 0x000000070e700000, 0x000000070e800000|  0%| F|  |TAMS 0x000000070e700000, 0x000000070e700000| Untracked 
| 200|0x000000070e800000, 0x000000070e800000, 0x000000070e900000|  0%| F|  |TAMS 0x000000070e800000, 0x000000070e800000| Untracked 
| 201|0x000000070e900000, 0x000000070e900000, 0x000000070ea00000|  0%| F|  |TAMS 0x000000070e900000, 0x000000070e900000| Untracked 
| 202|0x000000070ea00000, 0x000000070ea00000, 0x000000070eb00000|  0%| F|  |TAMS 0x000000070ea00000, 0x000000070ea00000| Untracked 
| 203|0x000000070eb00000, 0x000000070eb00000, 0x000000070ec00000|  0%| F|  |TAMS 0x000000070eb00000, 0x000000070eb00000| Untracked 
| 204|0x000000070ec00000, 0x000000070ec00000, 0x000000070ed00000|  0%| F|  |TAMS 0x000000070ec00000, 0x000000070ec00000| Untracked 
| 205|0x000000070ed00000, 0x000000070ed00000, 0x000000070ee00000|  0%| F|  |TAMS 0x000000070ed00000, 0x000000070ed00000| Untracked 
| 206|0x000000070ee00000, 0x000000070ee00000, 0x000000070ef00000|  0%| F|  |TAMS 0x000000070ee00000, 0x000000070ee00000| Untracked 
| 207|0x000000070ef00000, 0x000000070ef00000, 0x000000070f000000|  0%| F|  |TAMS 0x000000070ef00000, 0x000000070ef00000| Untracked 
| 208|0x000000070f000000, 0x000000070f000000, 0x000000070f100000|  0%| F|  |TAMS 0x000000070f000000, 0x000000070f000000| Untracked 
| 209|0x000000070f100000, 0x000000070f100000, 0x000000070f200000|  0%| F|  |TAMS 0x000000070f100000, 0x000000070f100000| Untracked 
| 210|0x000000070f200000, 0x000000070f200000, 0x000000070f300000|  0%| F|  |TAMS 0x000000070f200000, 0x000000070f200000| Untracked 
| 211|0x000000070f300000, 0x000000070f300000, 0x000000070f400000|  0%| F|  |TAMS 0x000000070f300000, 0x000000070f300000| Untracked 
| 212|0x000000070f400000, 0x000000070f400000, 0x000000070f500000|  0%| F|  |TAMS 0x000000070f400000, 0x000000070f400000| Untracked 
| 213|0x000000070f500000, 0x000000070f500000, 0x000000070f600000|  0%| F|  |TAMS 0x000000070f500000, 0x000000070f500000| Untracked 
| 214|0x000000070f600000, 0x000000070f600000, 0x000000070f700000|  0%| F|  |TAMS 0x000000070f600000, 0x000000070f600000| Untracked 
| 215|0x000000070f700000, 0x000000070f700000, 0x000000070f800000|  0%| F|  |TAMS 0x000000070f700000, 0x000000070f700000| Untracked 
| 216|0x000000070f800000, 0x000000070f800000, 0x000000070f900000|  0%| F|  |TAMS 0x000000070f800000, 0x000000070f800000| Untracked 
| 217|0x000000070f900000, 0x000000070f900000, 0x000000070fa00000|  0%| F|  |TAMS 0x000000070f900000, 0x000000070f900000| Untracked 
| 218|0x000000070fa00000, 0x000000070fa00000, 0x000000070fb00000|  0%| F|  |TAMS 0x000000070fa00000, 0x000000070fa00000| Untracked 
| 219|0x000000070fb00000, 0x000000070fb00000, 0x000000070fc00000|  0%| F|  |TAMS 0x000000070fb00000, 0x000000070fb00000| Untracked 
| 220|0x000000070fc00000, 0x000000070fc00000, 0x000000070fd00000|  0%| F|  |TAMS 0x000000070fc00000, 0x000000070fc00000| Untracked 
| 221|0x000000070fd00000, 0x000000070fd00000, 0x000000070fe00000|  0%| F|  |TAMS 0x000000070fd00000, 0x000000070fd00000| Untracked 
| 222|0x000000070fe00000, 0x000000070fe00000, 0x000000070ff00000|  0%| F|  |TAMS 0x000000070fe00000, 0x000000070fe00000| Untracked 
| 223|0x000000070ff00000, 0x000000070ff00000, 0x0000000710000000|  0%| F|  |TAMS 0x000000070ff00000, 0x000000070ff00000| Untracked 
| 224|0x0000000710000000, 0x0000000710000000, 0x0000000710100000|  0%| F|  |TAMS 0x0000000710000000, 0x0000000710000000| Untracked 
| 225|0x0000000710100000, 0x0000000710100000, 0x0000000710200000|  0%| F|  |TAMS 0x0000000710100000, 0x0000000710100000| Untracked 
| 226|0x0000000710200000, 0x0000000710200000, 0x0000000710300000|  0%| F|  |TAMS 0x0000000710200000, 0x0000000710200000| Untracked 
| 227|0x0000000710300000, 0x0000000710300000, 0x0000000710400000|  0%| F|  |TAMS 0x0000000710300000, 0x0000000710300000| Untracked 
| 228|0x0000000710400000, 0x0000000710400000, 0x0000000710500000|  0%| F|  |TAMS 0x0000000710400000, 0x0000000710400000| Untracked 
| 229|0x0000000710500000, 0x0000000710500000, 0x0000000710600000|  0%| F|  |TAMS 0x0000000710500000, 0x0000000710500000| Untracked 
| 230|0x0000000710600000, 0x0000000710600000, 0x0000000710700000|  0%| F|  |TAMS 0x0000000710600000, 0x0000000710600000| Untracked 
| 231|0x0000000710700000, 0x0000000710700000, 0x0000000710800000|  0%| F|  |TAMS 0x0000000710700000, 0x0000000710700000| Untracked 
| 232|0x0000000710800000, 0x0000000710800000, 0x0000000710900000|  0%| F|  |TAMS 0x0000000710800000, 0x0000000710800000| Untracked 
| 233|0x0000000710900000, 0x0000000710900000, 0x0000000710a00000|  0%| F|  |TAMS 0x0000000710900000, 0x0000000710900000| Untracked 
| 234|0x0000000710a00000, 0x0000000710a00000, 0x0000000710b00000|  0%| F|  |TAMS 0x0000000710a00000, 0x0000000710a00000| Untracked 
| 235|0x0000000710b00000, 0x0000000710b00000, 0x0000000710c00000|  0%| F|  |TAMS 0x0000000710b00000, 0x0000000710b00000| Untracked 
| 236|0x0000000710c00000, 0x0000000710c00000, 0x0000000710d00000|  0%| F|  |TAMS 0x0000000710c00000, 0x0000000710c00000| Untracked 
| 237|0x0000000710d00000, 0x0000000710d00000, 0x0000000710e00000|  0%| F|  |TAMS 0x0000000710d00000, 0x0000000710d00000| Untracked 
| 238|0x0000000710e00000, 0x0000000710e00000, 0x0000000710f00000|  0%| F|  |TAMS 0x0000000710e00000, 0x0000000710e00000| Untracked 
| 239|0x0000000710f00000, 0x0000000710f00000, 0x0000000711000000|  0%| F|  |TAMS 0x0000000710f00000, 0x0000000710f00000| Untracked 
| 240|0x0000000711000000, 0x0000000711000000, 0x0000000711100000|  0%| F|  |TAMS 0x0000000711000000, 0x0000000711000000| Untracked 
| 241|0x0000000711100000, 0x0000000711100000, 0x0000000711200000|  0%| F|  |TAMS 0x0000000711100000, 0x0000000711100000| Untracked 
| 242|0x0000000711200000, 0x0000000711200000, 0x0000000711300000|  0%| F|  |TAMS 0x0000000711200000, 0x0000000711200000| Untracked 
| 243|0x0000000711300000, 0x0000000711300000, 0x0000000711400000|  0%| F|  |TAMS 0x0000000711300000, 0x0000000711300000| Untracked 
| 244|0x0000000711400000, 0x0000000711400000, 0x0000000711500000|  0%| F|  |TAMS 0x0000000711400000, 0x0000000711400000| Untracked 
| 245|0x0000000711500000, 0x0000000711500000, 0x0000000711600000|  0%| F|  |TAMS 0x0000000711500000, 0x0000000711500000| Untracked 
| 246|0x0000000711600000, 0x000000071160a908, 0x0000000711700000|  4%| S|CS|TAMS 0x0000000711600000, 0x0000000711600000| Complete 
| 247|0x0000000711700000, 0x0000000711700000, 0x0000000711800000|  0%| F|  |TAMS 0x0000000711700000, 0x0000000711700000| Untracked 
| 248|0x0000000711800000, 0x0000000711800000, 0x0000000711900000|  0%| F|  |TAMS 0x0000000711800000, 0x0000000711800000| Untracked 
| 249|0x0000000711900000, 0x0000000711980800, 0x0000000711a00000| 50%| E|  |TAMS 0x0000000711900000, 0x0000000711900000| Complete 
| 250|0x0000000711a00000, 0x0000000711b00000, 0x0000000711b00000|100%| E|CS|TAMS 0x0000000711a00000, 0x0000000711a00000| Complete 
| 251|0x0000000711b00000, 0x0000000711c00000, 0x0000000711c00000|100%| E|CS|TAMS 0x0000000711b00000, 0x0000000711b00000| Complete 
| 252|0x0000000711c00000, 0x0000000711d00000, 0x0000000711d00000|100%| E|CS|TAMS 0x0000000711c00000, 0x0000000711c00000| Complete 
| 253|0x0000000711d00000, 0x0000000711e00000, 0x0000000711e00000|100%| E|CS|TAMS 0x0000000711d00000, 0x0000000711d00000| Complete 

Card table byte_map: [0x0000024840c80000,0x0000024841470000] _byte_map_base: 0x000002483d470000

Marking Bits (Prev, Next): (CMBitMap*) 0x0000024828abcc60, (CMBitMap*) 0x0000024828abcc28
 Prev Bits: [0x0000024845be0000, 0x0000024849b60000)
 Next Bits: [0x0000024841c60000, 0x0000024845be0000)

Polling page: 0x0000024826fd0000

Metaspace:

Usage:
  Non-class:     23.60 MB capacity,    23.15 MB ( 98%) used,   382.55 KB (  2%) free+waste,    71.31 KB ( <1%) overhead. 
      Class:      3.26 MB capacity,     3.00 MB ( 92%) used,   230.23 KB (  7%) free+waste,    34.69 KB (  1%) overhead. 
       Both:     26.86 MB capacity,    26.15 MB ( 97%) used,   612.78 KB (  2%) free+waste,   106.00 KB ( <1%) overhead. 

Virtual space:
  Non-class space:       24.00 MB reserved,      23.67 MB ( 99%) committed 
      Class space:        1.00 GB reserved,       3.38 MB ( <1%) committed 
             Both:        1.02 GB reserved,      27.05 MB (  3%) committed 

Chunk freelists:
   Non-Class:  1.63 KB
       Class:  2.75 KB
        Both:  4.38 KB

CodeHeap 'non-profiled nmethods': size=120064Kb used=1934Kb max_used=1934Kb free=118129Kb
 bounds [0x0000024838930000, 0x0000024838ba0000, 0x000002483fe70000]
CodeHeap 'profiled nmethods': size=120000Kb used=9071Kb max_used=9071Kb free=110928Kb
 bounds [0x0000024831400000, 0x0000024831ce0000, 0x0000024838930000]
CodeHeap 'non-nmethods': size=5696Kb used=1317Kb max_used=1350Kb free=4378Kb
 bounds [0x0000024830e70000, 0x00000248310e0000, 0x0000024831400000]
 total_blobs=5621 nmethods=3955 adapters=637
 compilation: enabled
              stopped_count=0, restarted_count=0
 full_count=0

Compilation events (10 events):
Event: 121.334 Thread 0x000002484ca85800 3954   !   3       java.awt.Container::isParentOf (49 bytes)
Event: 121.335 Thread 0x000002484ca2f800 3956       4       sun.util.logging.PlatformLogger::isLoggable (23 bytes)
Event: 121.335 Thread 0x000002484ca85800 nmethod 3954 0x0000024831cda310 code [0x0000024831cda500, 0x0000024831cdabf0]
Event: 121.335 Thread 0x000002484ca85800 3957   !   3       java.awt.KeyboardFocusManager::getPermanentFocusOwner (42 bytes)
Event: 121.335 Thread 0x000002484ca85800 nmethod 3957 0x0000024831cdad90 code [0x0000024831cdaf60, 0x0000024831cdb3f0]
Event: 121.335 Thread 0x000002484ca85800 3955       1       java.awt.Component::setAutoFocusTransferOnDisposal (6 bytes)
Event: 121.335 Thread 0x000002484ca85800 nmethod 3955 0x0000024838b12f10 code [0x0000024838b130a0, 0x0000024838b131b8]
Event: 121.336 Thread 0x000002484ca85800 3958       3       java.awt.Component::isFocusOwner (5 bytes)
Event: 121.336 Thread 0x000002484ca85800 nmethod 3958 0x0000024831cdb510 code [0x0000024831cdb6e0, 0x0000024831cdbb10]
Event: 121.340 Thread 0x000002484ca2f800 nmethod 3956 0x0000024838b13210 code [0x0000024838b133e0, 0x0000024838b13648]

GC Heap History (10 events):
Event: 101.092 GC heap before
{Heap before GC invocations=15 (full 0):
 garbage-first heap   total 260096K, used 123228K [0x0000000702000000, 0x0000000800000000)
  region size 1024K, 10 young (10240K), 1 survivors (1024K)
 Metaspace       used 26378K, capacity 27040K, committed 27312K, reserved 1073152K
  class space    used 3036K, capacity 3270K, committed 3328K, reserved 1048576K
}
Event: 101.094 GC heap after
{Heap after GC invocations=16 (full 0):
 garbage-first heap   total 260096K, used 67936K [0x0000000702000000, 0x0000000800000000)
  region size 1024K, 1 young (1024K), 1 survivors (1024K)
 Metaspace       used 26378K, capacity 27040K, committed 27312K, reserved 1073152K
  class space    used 3036K, capacity 3270K, committed 3328K, reserved 1048576K
}
Event: 102.007 GC heap before
{Heap before GC invocations=17 (full 0):
 garbage-first heap   total 260096K, used 120160K [0x0000000702000000, 0x0000000800000000)
  region size 1024K, 7 young (7168K), 1 survivors (1024K)
 Metaspace       used 26390K, capacity 27040K, committed 27312K, reserved 1073152K
  class space    used 3036K, capacity 3270K, committed 3328K, reserved 1048576K
}
Event: 102.008 GC heap after
{Heap after GC invocations=18 (full 0):
 garbage-first heap   total 260096K, used 39252K [0x0000000702000000, 0x0000000800000000)
  region size 1024K, 1 young (1024K), 1 survivors (1024K)
 Metaspace       used 26390K, capacity 27040K, committed 27312K, reserved 1073152K
  class space    used 3036K, capacity 3270K, committed 3328K, reserved 1048576K
}
Event: 104.118 GC heap before
{Heap before GC invocations=19 (full 0):
 garbage-first heap   total 260096K, used 122196K [0x0000000702000000, 0x0000000800000000)
  region size 1024K, 9 young (9216K), 1 survivors (1024K)
 Metaspace       used 26424K, capacity 27104K, committed 27312K, reserved 1073152K
  class space    used 3036K, capacity 3270K, committed 3328K, reserved 1048576K
}
Event: 104.120 GC heap after
{Heap after GC invocations=20 (full 0):
 garbage-first heap   total 260096K, used 41301K [0x0000000702000000, 0x0000000800000000)
  region size 1024K, 1 young (1024K), 1 survivors (1024K)
 Metaspace       used 26424K, capacity 27104K, committed 27312K, reserved 1073152K
  class space    used 3036K, capacity 3270K, committed 3328K, reserved 1048576K
}
Event: 107.247 GC heap before
{Heap before GC invocations=21 (full 0):
 garbage-first heap   total 260096K, used 120149K [0x0000000702000000, 0x0000000800000000)
  region size 1024K, 7 young (7168K), 1 survivors (1024K)
 Metaspace       used 26428K, capacity 27105K, committed 27312K, reserved 1073152K
  class space    used 3036K, capacity 3270K, committed 3328K, reserved 1048576K
}
Event: 107.248 GC heap after
{Heap after GC invocations=22 (full 0):
 garbage-first heap   total 260096K, used 37202K [0x0000000702000000, 0x0000000800000000)
  region size 1024K, 1 young (1024K), 1 survivors (1024K)
 Metaspace       used 26428K, capacity 27105K, committed 27312K, reserved 1073152K
  class space    used 3036K, capacity 3270K, committed 3328K, reserved 1048576K
}
Event: 113.776 GC heap before
{Heap before GC invocations=23 (full 0):
 garbage-first heap   total 260096K, used 120146K [0x0000000702000000, 0x0000000800000000)
  region size 1024K, 7 young (7168K), 1 survivors (1024K)
 Metaspace       used 26434K, capacity 27105K, committed 27312K, reserved 1073152K
  class space    used 3036K, capacity 3270K, committed 3328K, reserved 1048576K
}
Event: 113.777 GC heap after
{Heap after GC invocations=24 (full 0):
 garbage-first heap   total 260096K, used 45404K [0x0000000702000000, 0x0000000800000000)
  region size 1024K, 1 young (1024K), 1 survivors (1024K)
 Metaspace       used 26434K, capacity 27105K, committed 27312K, reserved 1073152K
  class space    used 3036K, capacity 3270K, committed 3328K, reserved 1048576K
}

Deoptimization events (10 events):
Event: 72.966 Thread 0x000002484fae9800 Uncommon trap: reason=class_check action=maybe_recompile pc=0x0000024838a82664 method=java.awt.EventQueue.coalesceEvent(Ljava/awt/AWTEvent;I)Z @ 77 c2
Event: 113.778 Thread 0x000002484fae9800 Uncommon trap: reason=speculate_class_check action=maybe_recompile pc=0x0000024838af062c method=sun.awt.GlobalCursorManager._updateCursor(Z)V @ 104 c2
Event: 114.807 Thread 0x000002484fae9800 Uncommon trap: reason=speculate_class_check action=maybe_recompile pc=0x0000024838af062c method=sun.awt.GlobalCursorManager._updateCursor(Z)V @ 104 c2
Event: 118.547 Thread 0x000002484fae9800 Uncommon trap: reason=class_check action=make_not_entrant pc=0x0000024838ab8c50 method=java.util.ArrayList.toArray([Ljava/lang/Object;)[Ljava/lang/Object; @ 21 c2
Event: 118.576 Thread 0x000002484fae9800 Uncommon trap: reason=speculate_class_check action=maybe_recompile pc=0x0000024838af062c method=sun.awt.GlobalCursorManager._updateCursor(Z)V @ 104 c2
Event: 118.579 Thread 0x000002484fae9800 Uncommon trap: reason=unstable_if action=reinterpret pc=0x0000024838a79e10 method=sun.java2d.marlin.MarlinTileGenerator.getAlphaRLE([BII)V @ 1631 c2
Event: 118.603 Thread 0x000002484fae9800 Uncommon trap: reason=speculate_class_check action=maybe_recompile pc=0x0000024838af062c method=sun.awt.GlobalCursorManager._updateCursor(Z)V @ 104 c2
Event: 118.609 Thread 0x000002485eca3800 Uncommon trap: reason=unstable_if action=reinterpret pc=0x0000024838a1d964 method=gpuColorGradients.GradientUtils.floor(F)I @ 6 c2
Event: 121.333 Thread 0x000002484fae9800 Uncommon trap: reason=unstable_if action=reinterpret pc=0x0000024838a9c44c method=javax.swing.RepaintManager.addDirtyRegion0(Ljava/awt/Container;IIII)V @ 69 c2
Event: 121.334 Thread 0x000002484fae9800 Uncommon trap: reason=unstable_if action=reinterpret pc=0x0000024838a92ac0 method=java.beans.ChangeListenerMap.get(Ljava/lang/String;)[Ljava/util/EventListener; @ 4 c2

Classes redefined (0 events):
No events

Internal exceptions (10 events):
Event: 1.234 Thread 0x0000024828a59000 Exception <a 'java/lang/NoSuchMethodError'{0x0000000711097c00}: java.lang.invoke.DirectMethodHandle$Holder.invokeStatic(Ljava/lang/Object;Ljava/lang/Object;IIII)Ljava/lang/Object;> (0x0000000711097c00) thrown at [./open/src/hotspot/share/interpreter/linkR
Event: 1.234 Thread 0x0000024828a59000 Exception <a 'java/lang/NoSuchMethodError'{0x000000071109af48}: java.lang.invoke.DirectMethodHandle$Holder.invokeStaticInit(Ljava/lang/Object;Ljava/lang/Object;IIII)Ljava/lang/Object;> (0x000000071109af48) thrown at [./open/src/hotspot/share/interpreter/l
Event: 1.270 Thread 0x0000024828a59000 Exception <a 'java/lang/NoSuchMethodError'{0x00000007110cf190}: java.lang.invoke.DirectMethodHandle$Holder.invokeStaticInit(Ljava/lang/Object;)V> (0x00000007110cf190) thrown at [./open/src/hotspot/share/interpreter/linkResolver.cpp, line 772]
Event: 1.280 Thread 0x0000024828a59000 Implicit null exception at 0x0000024838985cea to 0x00000248389872da
Event: 1.287 Thread 0x0000024828a59000 Exception <a 'java/lang/NoSuchMethodError'{0x0000000711d47488}: java.lang.invoke.Invokers$Holder.linkToTargetMethod(Ljava/lang/Object;ILjava/lang/Object;)Ljava/lang/Object;> (0x0000000711d47488) thrown at [./open/src/hotspot/share/interpreter/linkResolver
Event: 1.426 Thread 0x000002484fae9800 Exception <a 'java/lang/NoSuchMethodError'{0x0000000711a16798}: java.lang.invoke.DirectMethodHandle$Holder.invokeSpecial(Ljava/lang/Object;Ljava/lang/Object;Ljava/lang/Object;IIIID)V> (0x0000000711a16798) thrown at [./open/src/hotspot/share/interpreter/li
Event: 2.427 Thread 0x000002484fab1000 Exception <a 'java/lang/NoSuchMethodError'{0x00000007118105b8}: java.lang.invoke.DirectMethodHandle$Holder.invokeStaticInit(Ljava/lang/Object;Ljava/lang/Object;Ljava/lang/Object;)I> (0x00000007118105b8) thrown at [./open/src/hotspot/share/interpreter/link
Event: 3.869 Thread 0x000002484fab1000 Implicit null exception at 0x00000248389da562 to 0x00000248389dab7a
Event: 23.283 Thread 0x000002484f960000 Exception <a 'java/lang/ClassNotFoundException'{0x0000000710639848}: sun/util/logging/resources/spi/loggingProvider> (0x0000000710639848) thrown at [./open/src/hotspot/share/classfile/systemDictionary.cpp, line 228]
Event: 121.334 Thread 0x000002484fae9800 Implicit null exception at 0x0000024838a9177f to 0x0000024838a92a96

Events (10 events):
Event: 121.327 loading class java/awt/Window$1DisposeAction
Event: 121.327 loading class java/awt/Window$1DisposeAction done
Event: 121.333 Thread 0x000002484fae9800 Uncommon trap: trap_request=0xffffff4d fr.pc=0x0000024838a9c44c relative=0x00000000000031ec
Event: 121.333 Thread 0x000002484fae9800 DEOPT PACKING pc=0x0000024838a9c44c sp=0x000000d543cfa080
Event: 121.333 Thread 0x000002484fae9800 DEOPT UNPACKING pc=0x0000024830e991af sp=0x000000d543cfa078 mode 2
Event: 121.334 Thread 0x000002484fae9800 Uncommon trap: trap_request=0xffffff4d fr.pc=0x0000024838a92ac0 relative=0x00000000000017a0
Event: 121.334 Executing VM operation: RevokeBias
Event: 121.334 Executing VM operation: RevokeBias done
Event: 121.334 Thread 0x000002484fae9800 DEOPT PACKING pc=0x0000024838a92ac0 sp=0x000000d543cfa350
Event: 121.334 Thread 0x000002484fae9800 DEOPT UNPACKING pc=0x0000024830e991af sp=0x000000d543cfa1a8 mode 2


Dynamic libraries:
0x00007ff631c90000 - 0x00007ff631cd7000 	C:\Program Files\Java\jdk-11.0.7\bin\javaw.exe
0x00007ff8289f0000 - 0x00007ff828be8000 	C:\WINDOWS\SYSTEM32\ntdll.dll
0x00007ff8288f0000 - 0x00007ff8289ad000 	C:\WINDOWS\System32\KERNEL32.DLL
0x00007ff826330000 - 0x00007ff8265fe000 	C:\WINDOWS\System32\KERNELBASE.dll
0x00007ff826d00000 - 0x00007ff826dae000 	C:\WINDOWS\System32\ADVAPI32.dll
0x00007ff827f40000 - 0x00007ff827fde000 	C:\WINDOWS\System32\msvcrt.dll
0x00007ff827560000 - 0x00007ff8275fc000 	C:\WINDOWS\System32\sechost.dll
0x00007ff826fa0000 - 0x00007ff8270c5000 	C:\WINDOWS\System32\RPCRT4.dll
0x00007ff8284d0000 - 0x00007ff828670000 	C:\WINDOWS\System32\USER32.dll
0x00007ff826180000 - 0x00007ff8261a2000 	C:\WINDOWS\System32\win32u.dll
0x00007ff826af0000 - 0x00007ff826b1a000 	C:\WINDOWS\System32\GDI32.dll
0x00007ff826840000 - 0x00007ff82694b000 	C:\WINDOWS\System32\gdi32full.dll
0x00007ff826290000 - 0x00007ff82632d000 	C:\WINDOWS\System32\msvcp_win.dll
0x00007ff826950000 - 0x00007ff826a50000 	C:\WINDOWS\System32\ucrtbase.dll
0x00007ff8254f0000 - 0x00007ff82578a000 	C:\WINDOWS\WinSxS\amd64_microsoft.windows.common-controls_6595b64144ccf1df_6.0.19041.1110_none_60b5254171f9507e\COMCTL32.dll
0x00007ff81be00000 - 0x00007ff81be0a000 	C:\WINDOWS\SYSTEM32\VERSION.dll
0x00007ff826ac0000 - 0x00007ff826af0000 	C:\WINDOWS\System32\IMM32.DLL
0x00007ff81dbd0000 - 0x00007ff81dbe6000 	C:\Program Files\Java\jdk-11.0.7\bin\vcruntime140.dll
0x00007ff80ab00000 - 0x00007ff80abaa000 	C:\Program Files\Java\jdk-11.0.7\bin\msvcp140.dll
0x00007fffd3600000 - 0x00007fffd4161000 	C:\Program Files\Java\jdk-11.0.7\bin\server\jvm.dll
0x00007ff827d50000 - 0x00007ff827d58000 	C:\WINDOWS\System32\PSAPI.DLL
0x00007ff812020000 - 0x00007ff812047000 	C:\WINDOWS\SYSTEM32\WINMM.dll
0x00007ff806b70000 - 0x00007ff806b79000 	C:\WINDOWS\SYSTEM32\WSOCK32.dll
0x00007ff828880000 - 0x00007ff8288eb000 	C:\WINDOWS\System32\WS2_32.dll
0x00007ff8239c0000 - 0x00007ff8239d2000 	C:\WINDOWS\SYSTEM32\kernel.appcore.dll
0x00007ff820c70000 - 0x00007ff820c81000 	C:\Program Files\Java\jdk-11.0.7\bin\verify.dll
0x00007ff825b40000 - 0x00007ff825d24000 	C:\WINDOWS\SYSTEM32\DBGHELP.DLL
0x00007ff8258f0000 - 0x00007ff82591c000 	C:\WINDOWS\SYSTEM32\dbgcore.DLL
0x00007ff8261b0000 - 0x00007ff826232000 	C:\WINDOWS\System32\bcryptPrimitives.dll
0x00007ff80b250000 - 0x00007ff80b279000 	C:\Program Files\Java\jdk-11.0.7\bin\java.dll
0x00007ff820c00000 - 0x00007ff820c0a000 	C:\Program Files\Java\jdk-11.0.7\bin\jimage.dll
0x00007ff80b230000 - 0x00007ff80b246000 	C:\Program Files\Java\jdk-11.0.7\bin\zip.dll
0x00007ff827600000 - 0x00007ff827d44000 	C:\WINDOWS\System32\SHELL32.dll
0x00007ff823bc0000 - 0x00007ff824354000 	C:\WINDOWS\SYSTEM32\windows.storage.dll
0x00007ff828170000 - 0x00007ff8284c4000 	C:\WINDOWS\System32\combase.dll
0x00007ff825480000 - 0x00007ff8254b0000 	C:\WINDOWS\SYSTEM32\Wldp.dll
0x00007ff827d60000 - 0x00007ff827e0d000 	C:\WINDOWS\System32\SHCORE.dll
0x00007ff828110000 - 0x00007ff828165000 	C:\WINDOWS\System32\shlwapi.dll
0x00007ff826050000 - 0x00007ff82606f000 	C:\WINDOWS\SYSTEM32\profapi.dll
0x00007ff80b210000 - 0x00007ff80b229000 	C:\Program Files\Java\jdk-11.0.7\bin\net.dll
0x00007ff81cc50000 - 0x00007ff81cd5a000 	C:\WINDOWS\SYSTEM32\WINHTTP.dll
0x00007ff8253a0000 - 0x00007ff82540a000 	C:\WINDOWS\system32\mswsock.dll
0x00007ff80b1f0000 - 0x00007ff80b203000 	C:\Program Files\Java\jdk-11.0.7\bin\nio.dll
0x00007ff80a8a0000 - 0x00007ff80aa3f000 	C:\Program Files\Java\jdk-11.0.7\bin\awt.dll
0x00007ff828040000 - 0x00007ff82810d000 	C:\WINDOWS\System32\OLEAUT32.dll
0x00007ff8233e0000 - 0x00007ff823470000 	C:\WINDOWS\SYSTEM32\apphelp.dll
0x00007ff823520000 - 0x00007ff8235be000 	C:\WINDOWS\system32\uxtheme.dll
0x00007ff827e20000 - 0x00007ff827f35000 	C:\WINDOWS\System32\MSCTF.dll
0x00007ff826bd0000 - 0x00007ff826cfa000 	C:\WINDOWS\System32\ole32.dll
0x00007ff80aa70000 - 0x00007ff80aaf4000 	C:\Program Files\Java\jdk-11.0.7\bin\freetype.dll
0x00007ffff8900000 - 0x00007ffff89ab000 	C:\Program Files\Java\jdk-11.0.7\bin\fontmanager.dll
0x00007ff8237e0000 - 0x00007ff82380f000 	C:\WINDOWS\system32\DWMAPI.DLL
0x00007ff81f680000 - 0x00007ff81f7a7000 	C:\WINDOWS\system32\opengl32.dll
0x00007ff81f610000 - 0x00007ff81f63c000 	C:\WINDOWS\SYSTEM32\GLU32.dll
0x00007ff825ea0000 - 0x00007ff825eb8000 	C:\WINDOWS\SYSTEM32\CRYPTSP.dll
0x00007ff824b60000 - 0x00007ff824b94000 	C:\WINDOWS\system32\rsaenh.dll
0x00007ff826760000 - 0x00007ff826787000 	C:\WINDOWS\System32\bcrypt.dll
0x00007ff825fd0000 - 0x00007ff825ffe000 	C:\WINDOWS\SYSTEM32\USERENV.dll
0x00007ff8252c0000 - 0x00007ff8252cc000 	C:\WINDOWS\SYSTEM32\CRYPTBASE.dll
0x00007ff824eb0000 - 0x00007ff824eeb000 	C:\WINDOWS\SYSTEM32\IPHLPAPI.DLL
0x00007ff826a50000 - 0x00007ff826a58000 	C:\WINDOWS\System32\NSI.dll
0x00007ff81d170000 - 0x00007ff81d187000 	C:\WINDOWS\SYSTEM32\dhcpcsvc6.DLL
0x00007ff81d0e0000 - 0x00007ff81d0fd000 	C:\WINDOWS\SYSTEM32\dhcpcsvc.DLL
0x00007ff824ef0000 - 0x00007ff824fba000 	C:\WINDOWS\SYSTEM32\DNSAPI.dll
0x00007ff80a840000 - 0x00007ff80a846000 	C:\Users\pedro\AppData\Local\Temp\flatlaf.temp\flatlaf-windows-x86_64-2715022505032286720.dll
0x00007ff821960000 - 0x00007ff821967000 	C:\Program Files\Java\jdk-11.0.7\bin\jawt.dll
0x00007ff81b150000 - 0x00007ff81b249000 	C:\WINDOWS\SYSTEM32\textinputframework.dll
0x00007ff822e50000 - 0x00007ff8231ae000 	C:\WINDOWS\System32\CoreUIComponents.dll
0x00007ff8231b0000 - 0x00007ff8232a2000 	C:\WINDOWS\System32\CoreMessaging.dll
0x00007ff825e60000 - 0x00007ff825e93000 	C:\WINDOWS\SYSTEM32\ntmarta.dll
0x00007ff822780000 - 0x00007ff8228d4000 	C:\WINDOWS\SYSTEM32\wintypes.dll
0x0000000061440000 - 0x000000006156b000 	C:\Users\pedro\AppData\Local\Temp\Aparapi5225751504556858403\libgcc_s_seh-1.dll
0x000000006fc40000 - 0x00000000714f5000 	C:\Users\pedro\AppData\Local\Temp\Aparapi9386523773297954887\libstdc++-6.dll
0x0000000064500000 - 0x0000000064945000 	C:\Users\pedro\AppData\Local\Temp\Aparapi15061199127228838973\libaparapi.dll
0x00007ffff8170000 - 0x00007ffff82d8000 	C:\WINDOWS\SYSTEM32\OpenCL.dll
0x00007ff826240000 - 0x00007ff82628e000 	C:\WINDOWS\System32\CFGMGR32.dll
0x00007ff826b20000 - 0x00007ff826bc9000 	C:\WINDOWS\System32\clbcatq.dll
0x00007ff81e100000 - 0x00007ff81e1f7000 	C:\Windows\System32\AppXDeploymentClient.dll
0x00007ff8243c0000 - 0x00007ff8244b3000 	C:\WINDOWS\SYSTEM32\dxgi.dll
0x00007fffad790000 - 0x00007fffae852000 	C:\WINDOWS\System32\DriverStore\FileRepository\nvaci.inf_amd64_a309342b77560612\nvopencl64.dll
0x00007ff8258d0000 - 0x00007ff8258e2000 	C:\WINDOWS\SYSTEM32\msasn1.dll
0x00007ff81b590000 - 0x00007ff81b5c1000 	C:\WINDOWS\SYSTEM32\cryptnet.dll
0x00007ff826600000 - 0x00007ff826756000 	C:\WINDOWS\System32\CRYPT32.dll
0x00007ff81cd60000 - 0x00007ff81cea8000 	C:\WINDOWS\SYSTEM32\drvstore.dll
0x00007ff825ec0000 - 0x00007ff825eec000 	C:\WINDOWS\SYSTEM32\devobj.dll
0x00007ff8143d0000 - 0x00007ff814b17000 	C:\WINDOWS\SYSTEM32\nvapi64.dll
0x00007ff8270d0000 - 0x00007ff82753f000 	C:\WINDOWS\System32\SETUPAPI.dll
0x00007fffdf3b0000 - 0x00007fffdf533000 	C:\WINDOWS\System32\DriverStore\FileRepository\igdlh64.inf_amd64_ceddadac8a2b489e\IntelOpenCL64.dll
0x00007fffc2a80000 - 0x00007fffc2c5e000 	C:\Program Files (x86)\Common Files\Intel\OpenCL\bin\x64\intelocl64.dll
0x00007ffff80c0000 - 0x00007ffff816c000 	C:\Program Files (x86)\Common Files\Intel\OpenCL\bin\x64\task_executor64.dll
0x00007fffe67a0000 - 0x00007fffe688a000 	C:\Program Files (x86)\Common Files\Intel\OpenCL\bin\x64\cpu_device64.dll
0x00007ff81b3c0000 - 0x00007ff81b3fb000 	C:\WINDOWS\SYSTEM32\dxcore.dll
0x00007fffafee0000 - 0x00007fffb039d000 	C:\WINDOWS\System32\DriverStore\FileRepository\igdlh64.inf_amd64_ceddadac8a2b489e\igdrcl64.dll
0x00007ffff6080000 - 0x00007ffff6141000 	C:\WINDOWS\System32\DriverStore\FileRepository\igdlh64.inf_amd64_ceddadac8a2b489e\igdfcl64.dll
0x00007ff817a10000 - 0x00007ff8197f0000 	C:\WINDOWS\System32\DriverStore\FileRepository\igdlh64.inf_amd64_ceddadac8a2b489e\igc64.dll
0x00007fffaab50000 - 0x00007fffad788000 	C:\WINDOWS\system32\DriverStore\FileRepository\nvaci.inf_amd64_a309342b77560612\nvcompiler64.dll
0x00007ff81de90000 - 0x00007ff81e044000 	C:\WINDOWS\SYSTEM32\WindowsCodecs.dll
0x00007ff8203f0000 - 0x00007ff82042e000 	C:\WINDOWS\system32\dataexchange.dll
0x00007ff8228e0000 - 0x00007ff822ac4000 	C:\WINDOWS\system32\dcomp.dll
0x00007ff821af0000 - 0x00007ff821d53000 	C:\WINDOWS\system32\d3d11.dll
0x00007ff81e430000 - 0x00007ff81e630000 	C:\WINDOWS\system32\twinapi.appcore.dll
0x00007fffa1080000 - 0x00007fffa42ca000 	C:\WINDOWS\System32\DriverStore\FileRepository\igdlh64.inf_amd64_ceddadac8a2b489e\common_clang64.dll

dbghelp: loaded successfully - version: 4.0.5 - missing functions: none
symbol engine: initialized successfully - sym options: 0x614 - pdb path: .;C:\Program Files\Java\jdk-11.0.7\bin;C:\WINDOWS\SYSTEM32;C:\WINDOWS\WinSxS\amd64_microsoft.windows.common-controls_6595b64144ccf1df_6.0.19041.1110_none_60b5254171f9507e;C:\Program Files\Java\jdk-11.0.7\bin\server;C:\Users\pedro\AppData\Local\Temp\flatlaf.temp;C:\Users\pedro\AppData\Local\Temp\Aparapi5225751504556858403;C:\Users\pedro\AppData\Local\Temp\Aparapi9386523773297954887;C:\Users\pedro\AppData\Local\Temp\Aparapi15061199127228838973;C:\WINDOWS\System32\DriverStore\FileRepository\nvaci.inf_amd64_a309342b77560612;C:\WINDOWS\System32\DriverStore\FileRepository\igdlh64.inf_amd64_ceddadac8a2b489e;C:\Program Files (x86)\Common Files\Intel\OpenCL\bin\x64

VM Arguments:
jvm_args: -Dcom.aparapi.enableShowGeneratedOpenCL=true -ea -Dfile.encoding=Cp1252 
java_command: main.main
java_class_path (initial): C:\Users\pedro\git\Mandelbrot\MandelbrotZoomVideo\target\classes;C:\Users\pedro\.p2\pool\plugins\org.junit.jupiter.api_5.7.0.v20201026-1537.jar;C:\Users\pedro\.p2\pool\plugins\org.junit.jupiter.engine_5.7.0.v20201026-1537.jar;C:\Users\pedro\.p2\pool\plugins\org.junit.jupiter.migrationsupport_5.7.0.v20201026-1537.jar;C:\Users\pedro\.p2\pool\plugins\org.junit.jupiter.params_5.7.0.v20201026-1537.jar;C:\Users\pedro\.p2\pool\plugins\org.junit.platform.commons_1.7.0.v20201026-1537.jar;C:\Users\pedro\.p2\pool\plugins\org.junit.platform.engine_1.7.0.v20201026-1537.jar;C:\Users\pedro\.p2\pool\plugins\org.junit.platform.launcher_1.7.0.v20201026-1537.jar;C:\Users\pedro\.p2\pool\plugins\org.junit.platform.runner_1.7.0.v20201026-1537.jar;C:\Users\pedro\.p2\pool\plugins\org.junit.platform.suite.api_1.7.0.v20201026-1537.jar;C:\Users\pedro\.p2\pool\plugins\org.junit.vintage.engine_5.7.0.v20201026-1537.jar;C:\Users\pedro\.p2\pool\plugins\org.opentest4j_1.2.0.v20190826-0900.jar;C:\Users\pedro\.p2\pool\plugins\org.apiguardian_1.1.0.v20190826-0900.jar;C:\Users\pedro\.p2\pool\plugins\org.junit_4.13.0.v20200204-1500.jar;C:\Users\pedro\.p2\pool\plugins\org.hamcrest.core_1.3.0.v20180420-1519.jar;C:\Users\pedro\.m2\repository\org\jcodec\jcodec\0.2.5\jcodec-0.2.5.jar;C:\Users\pedro\.m2\repository\org\jcodec\jcodec-javase\0.2.5\jcodec-javase-0.2.5.jar;C:\Users\pedro\.m2\repository\com\formdev\flatlaf\1.1.2\flatlaf-1.1.2.jar;C:\Users\pedro\.m2\repository\com\aparapi\aparapi\3.0.0\aparapi-3.0.0.jar;C:\Users\pedro\.m2\repository\com\aparapi\aparapi-jni\1.4.3\aparapi-jni-1.4.3.jar;C:\Users\pedro\.m2\repository\org\apache\bcel\bcel\6.5.0\bcel-6.5.0.jar;C:\Users\pedro\.m2\repository\org\scala-lang\scala-library\2.13.6\scala-library-2.13.6.jar
Launcher Type: SUN_STANDARD

[Global flags]
     intx CICompilerCount                          = 3                                         {product} {ergonomic}
     uint ConcGCThreads                            = 1                                         {product} {ergonomic}
     uint G1ConcRefinementThreads                  = 4                                         {product} {ergonomic}
   size_t G1HeapRegionSize                         = 1048576                                   {product} {ergonomic}
    uintx GCDrainStackTargetSize                   = 64                                        {product} {ergonomic}
   size_t InitialHeapSize                          = 266338304                                 {product} {ergonomic}
   size_t MarkStackSize                            = 4194304                                   {product} {ergonomic}
   size_t MaxHeapSize                              = 4261412864                                {product} {ergonomic}
   size_t MaxNewSize                               = 2556428288                                {product} {ergonomic}
   size_t MinHeapDeltaBytes                        = 1048576                                   {product} {ergonomic}
    uintx NonNMethodCodeHeapSize                   = 5830732                                {pd product} {ergonomic}
    uintx NonProfiledCodeHeapSize                  = 122913754                              {pd product} {ergonomic}
    uintx ProfiledCodeHeapSize                     = 122913754                              {pd product} {ergonomic}
    uintx ReservedCodeCacheSize                    = 251658240                              {pd product} {ergonomic}
     bool SegmentedCodeCache                       = true                                      {product} {ergonomic}
     bool UseCompressedClassPointers               = true                                 {lp64_product} {ergonomic}
     bool UseCompressedOops                        = true                                 {lp64_product} {ergonomic}
     bool UseG1GC                                  = true                                      {product} {ergonomic}
     bool UseLargePagesIndividualAllocation        = false                                  {pd product} {ergonomic}

Logging:
Log output configuration:
 #0: stdout all=warning uptime,level,tags
 #1: stderr all=off uptime,level,tags

Environment Variables:
JAVA_HOME=C:\Program Files\Java\jdk1.8.0_152
CLASSPATH=C:\Program Files\JADE-all-4.5.0\JADE-bin-4.5.0\jade\lib\jade.jar;C:\Program Files\swipl\lib\jpl.jar;C:\Users\pedro\Software\InaptAgency\inapts.jar;
PATH=C:/Program Files/Java/jdk-11.0.7/bin/server;C:/Program Files/Java/jdk-11.0.7/bin;C:\Program Files\NVIDIA GPU Computing Toolkit\CUDA\v11.7\bin;C:\Program Files\NVIDIA GPU Computing Toolkit\CUDA\v11.7\libnvvp;;;;;C:\Python38\Scripts\;C:\Python38\;C:\Program Files (x86)\Common Files\Oracle\Java\javapath;C:\Program Files (x86)\Common Files\Intel\Shared Libraries\redist\intel64\compiler;C:\Program Files (x86)\Intel\iCLS Client\;C:\Program Files\Intel\iCLS Client\;C:\Windows\system32;C:\Windows;C:\Windows\System32\Wbem;C:\Windows\System32\WindowsPowerShell\v1.0\;C:\Program Files (x86)\Intel\Intel(R) Management Engine Components\DAL;C:\Program Files\Intel\Intel(R) Management Engine Components\DAL;C:\Program Files (x86)\Intel\Intel(R) Management Engine Components\IPT;C:\Program Files\Intel\Intel(R) Management Engine Components\IPT;C:\WINDOWS\system32;C:\WINDOWS;C:\WINDOWS\System32\Wbem;C:\WINDOWS\System32\WindowsPowerShell\v1.0\;C:\Program Files\Java\jdk1.8.0_271\bin;C:\Program Files\Java\jre1.8.0_271\bin;C:\WINDOWS\System32\OpenSSH\;C:\Program Files\Java\jdk-11.0.5\bin;C:\Users\pedro\Desktop\use-5.2.0\use-5.2.0\bin;C:\Program Files\nodejs\;C:\ProgramData\chocolatey\bin;D:\scala\bin;C:\Users\pedro\AppData\Local\Programs\Git\cmd;C:\Program Files\Docker\Docker\resources\bin;C:\ProgramData\DockerDesktop\version-bin;C:\Program Files\MATLAB\R2022a\bin;C:\Program Files\NVIDIA Corporation\NVIDIA NvDLISR;C:\Program Files (x86)\NVIDIA Corporation\PhysX\Common;C:\Program Files\NVIDIA Corporation\Nsight Compute 2022.2.0\;C:\Users\pedro\AppData\Local\Programs\Python\Python37\Scripts\;C:\Users\pedro\AppData\Local\Programs\Python\Python37\;C:\Users\pedro\AppData\Roaming\Dashlane\4.6.5.21982\bin\Firefox_Extension\{442718d9-475e-452a-b3e1-fb1ee16b8e9f}\components;C:\Users\pedro\AppData\Roaming\Dashlane\4.6.6.23032\bin\Firefox_Extension\{442718d9-475e-452a-b3e1-fb1ee16b8e9f}\components;C:\Users\pedro\AppData\Local\Microsoft\WindowsApps;C:\Users\pedro\AppData\Roaming\Dashlane\5.0.0.10636\b
USERNAME=pedro
OS=Windows_NT
PROCESSOR_IDENTIFIER=Intel64 Family 6 Model 142 Stepping 9, GenuineIntel



---------------  S Y S T E M  ---------------

OS: Windows 10 , 64 bit Build 19041 (10.0.19041.1889)

CPU:total 4 (initial active 4) (2 cores per cpu, 2 threads per core) family 6 model 142 stepping 9, cmov, cx8, fxsr, mmx, sse, sse2, sse3, ssse3, sse4.1, sse4.2, popcnt, avx, avx2, aes, clmul, erms, 3dnowpref, lzcnt, ht, tsc, tscinvbit, bmi1, bmi2, adx, fma

Memory: 4k page, system-wide physical 16252M (7840M free)
TotalPageFile size 32636M (AvailPageFile size 20463M)
current process WorkingSet (physical memory assigned to process): 569M, peak: 569M
current process commit charge ("private bytes"): 703M, peak: 703M

vm_info: Java HotSpot(TM) 64-Bit Server VM (11.0.7+8-LTS) for windows-amd64 JRE (11.0.7+8-LTS), built on Mar 12 2020 02:04:32 by "mach5one" with MS VC++ 15.5 (VS2017)

END.
